[2025-04-14 08:30:44] Koa 和 WebSocket 服务器已启动，监听端口 3300
[2025-04-14 08:30:45] WebSocket 广播消息成功发送到 0/0 个连接
[2025-04-14 08:31:10] GET /api/finance/news/cls - 1ms
[2025-04-14 08:31:10] WebSocket 连接已添加，当前连接数: 1
[2025-04-14 08:32:45] WebSocket 广播消息成功发送到 1/1 个连接
[2025-04-14 08:33:15] GET /api/finance/news/cls - 1ms
[2025-04-14 08:34:45] WebSocket 广播消息成功发送到 1/1 个连接
[2025-04-14 08:36:33] WebSocket 连接已关闭
[2025-04-14 08:36:33] WebSocket 连接已移除，当前连接数: 0
[2025-04-14 08:44:48] GET /api/finance/news/cls - 0ms
[2025-04-14 08:44:48] WebSocket 连接已添加，当前连接数: 1
[2025-04-14 08:44:51] GET /api/finance/news/cls - 0ms
[2025-04-14 08:48:23] GET /api/finance/news/cls - 0ms
[2025-04-14 08:48:23] WebSocket 连接已关闭
[2025-04-14 08:48:23] WebSocket 连接已移除，当前连接数: 0
[2025-04-14 08:48:23] WebSocket 连接已添加，当前连接数: 1
[2025-04-14 08:48:25] GET /api/finance/news/cls - 0ms
[2025-04-14 08:48:40] WebSocket 连接已关闭
[2025-04-14 08:48:40] WebSocket 连接已移除，当前连接数: 0
[2025-04-14 08:48:40] GET /api/finance/news/cls - 0ms
[2025-04-14 08:48:40] WebSocket 连接已添加，当前连接数: 1
[2025-04-14 08:48:45] WebSocket 广播消息成功发送到 1/1 个连接
[2025-04-14 08:52:45] WebSocket 广播消息成功发送到 1/1 个连接
[2025-04-14 08:56:45] WebSocket 广播消息成功发送到 1/1 个连接
[2025-04-14 08:58:45] WebSocket 广播消息成功发送到 1/1 个连接
[2025-04-14 09:00:45] WebSocket 广播消息成功发送到 1/1 个连接
[2025-04-14 09:02:45] WebSocket 广播消息成功发送到 1/1 个连接
[2025-04-14 09:06:45] WebSocket 广播消息成功发送到 1/1 个连接
[2025-04-14 09:08:45] WebSocket 广播消息成功发送到 1/1 个连接
[2025-04-14 09:16:45] WebSocket 广播消息成功发送到 1/1 个连接
[2025-04-14 09:22:45] WebSocket 广播消息成功发送到 1/1 个连接
[2025-04-14 09:26:45] WebSocket 广播消息成功发送到 1/1 个连接
[2025-04-14 09:28:45] WebSocket 广播消息成功发送到 1/1 个连接
[2025-04-14 09:30:45] WebSocket 广播消息成功发送到 1/1 个连接
[2025-04-14 09:30:52] GET /api/finance/news/cls - 0ms
[2025-04-14 09:31:27] GET /api/finance/news/cls - 0ms
[2025-04-14 09:32:45] WebSocket 广播消息成功发送到 1/1 个连接
[2025-04-14 09:34:45] WebSocket 广播消息成功发送到 1/1 个连接
[2025-04-14 09:36:46] WebSocket 广播消息成功发送到 1/1 个连接
[2025-04-14 09:38:45] WebSocket 广播消息成功发送到 1/1 个连接
[2025-04-14 09:40:45] WebSocket 广播消息成功发送到 1/1 个连接
[2025-04-14 09:42:45] WebSocket 广播消息成功发送到 1/1 个连接
[2025-04-14 09:44:45] WebSocket 广播消息成功发送到 1/1 个连接
[2025-04-14 09:46:45] WebSocket 广播消息成功发送到 1/1 个连接
[2025-04-14 09:48:45] WebSocket 广播消息成功发送到 1/1 个连接
[2025-04-14 09:50:45] WebSocket 广播消息成功发送到 1/1 个连接
[2025-04-14 09:52:45] WebSocket 广播消息成功发送到 1/1 个连接
[2025-04-14 10:02:45] WebSocket 广播消息成功发送到 1/1 个连接
[2025-04-14 10:06:45] WebSocket 广播消息成功发送到 1/1 个连接
[2025-04-14 10:08:45] WebSocket 广播消息成功发送到 1/1 个连接
[2025-04-14 10:10:45] WebSocket 广播消息成功发送到 1/1 个连接
[2025-04-14 10:12:45] WebSocket 广播消息成功发送到 1/1 个连接
[2025-04-14 10:16:45] WebSocket 广播消息成功发送到 1/1 个连接
[2025-04-14 10:18:45] WebSocket 广播消息成功发送到 1/1 个连接
[2025-04-14 10:20:45] WebSocket 广播消息成功发送到 1/1 个连接
[2025-04-14 10:20:56] GET /api/finance/news/cls - 1ms
[2025-04-14 10:21:24] GET /api/finance/news/cls - 0ms
[2025-04-14 10:26:45] WebSocket 广播消息成功发送到 1/1 个连接
[2025-04-14 10:28:47] WebSocket 广播消息成功发送到 1/1 个连接
[2025-04-14 10:30:45] WebSocket 广播消息成功发送到 1/1 个连接
[2025-04-14 10:32:45] WebSocket 广播消息成功发送到 1/1 个连接
[2025-04-14 10:34:45] WebSocket 广播消息成功发送到 1/1 个连接
[2025-04-14 10:36:16] GET /api/finance/news/cls - 0ms
[2025-04-14 10:36:45] WebSocket 广播消息成功发送到 1/1 个连接
[2025-04-14 10:38:45] WebSocket 广播消息成功发送到 1/1 个连接
[2025-04-14 10:42:45] WebSocket 广播消息成功发送到 1/1 个连接
[2025-04-14 10:44:45] WebSocket 广播消息成功发送到 1/1 个连接
[2025-04-14 10:48:04] GET /api/finance/news/cls - 0ms
[2025-04-14 10:48:45] WebSocket 广播消息成功发送到 1/1 个连接
[2025-04-14 10:48:48] GET /api/finance/news/cls - 0ms
[2025-04-14 10:50:45] WebSocket 广播消息成功发送到 1/1 个连接
[2025-04-14 10:52:45] WebSocket 广播消息成功发送到 1/1 个连接
[2025-04-14 10:54:45] WebSocket 广播消息成功发送到 1/1 个连接
[2025-04-14 10:56:45] WebSocket 广播消息成功发送到 1/1 个连接
[2025-04-14 10:58:47] WebSocket 广播消息成功发送到 1/1 个连接
[2025-04-14 11:00:45] WebSocket 广播消息成功发送到 1/1 个连接
[2025-04-14 11:02:45] WebSocket 广播消息成功发送到 1/1 个连接
[2025-04-14 11:04:45] WebSocket 广播消息成功发送到 1/1 个连接
[2025-04-14 11:06:45] WebSocket 广播消息成功发送到 1/1 个连接
[2025-04-14 11:08:45] WebSocket 广播消息成功发送到 1/1 个连接
[2025-04-14 11:10:45] WebSocket 广播消息成功发送到 1/1 个连接
[2025-04-14 11:18:45] WebSocket 广播消息成功发送到 1/1 个连接
[2025-04-14 11:20:45] WebSocket 广播消息成功发送到 1/1 个连接
[2025-04-14 11:30:45] WebSocket 广播消息成功发送到 1/1 个连接
[2025-04-14 11:34:45] WebSocket 广播消息成功发送到 1/1 个连接
[2025-04-14 11:42:45] WebSocket 广播消息成功发送到 1/1 个连接
[2025-04-14 11:44:45] WebSocket 广播消息成功发送到 1/1 个连接
[2025-04-14 11:46:45] WebSocket 广播消息成功发送到 1/1 个连接
[2025-04-14 11:48:45] WebSocket 广播消息成功发送到 1/1 个连接
[2025-04-14 11:54:45] WebSocket 广播消息成功发送到 1/1 个连接
[2025-04-14 11:58:45] WebSocket 广播消息成功发送到 1/1 个连接
[2025-04-14 11:59:39] GET /api/finance/news/cls - 0ms
[2025-04-14 12:00:45] WebSocket 广播消息成功发送到 1/1 个连接
[2025-04-14 12:02:45] WebSocket 广播消息成功发送到 1/1 个连接
[2025-04-14 12:04:45] WebSocket 广播消息成功发送到 1/1 个连接
[2025-04-14 12:10:45] WebSocket 广播消息成功发送到 1/1 个连接
[2025-04-14 12:12:45] WebSocket 广播消息成功发送到 1/1 个连接
[2025-04-14 12:14:45] WebSocket 广播消息成功发送到 1/1 个连接
[2025-04-14 12:22:45] WebSocket 广播消息成功发送到 1/1 个连接
[2025-04-14 12:24:45] WebSocket 广播消息成功发送到 1/1 个连接
[2025-04-14 12:32:45] WebSocket 广播消息成功发送到 1/1 个连接
[2025-04-14 12:46:45] WebSocket 广播消息成功发送到 1/1 个连接
[2025-04-14 12:52:45] WebSocket 广播消息成功发送到 1/1 个连接
[2025-04-14 12:58:45] WebSocket 广播消息成功发送到 1/1 个连接
[2025-04-14 13:00:45] WebSocket 广播消息成功发送到 1/1 个连接
[2025-04-14 13:02:45] WebSocket 广播消息成功发送到 1/1 个连接
[2025-04-14 13:08:45] WebSocket 广播消息成功发送到 1/1 个连接
[2025-04-14 13:14:45] WebSocket 广播消息成功发送到 1/1 个连接
[2025-04-14 13:20:45] WebSocket 广播消息成功发送到 1/1 个连接
[2025-04-14 13:26:45] WebSocket 广播消息成功发送到 1/1 个连接
[2025-04-14 13:30:46] WebSocket 广播消息成功发送到 1/1 个连接
[2025-04-14 13:36:46] WebSocket 广播消息成功发送到 1/1 个连接
[2025-04-14 13:40:46] WebSocket 广播消息成功发送到 1/1 个连接
[2025-04-14 13:42:46] WebSocket 广播消息成功发送到 1/1 个连接
[2025-04-14 13:44:46] WebSocket 广播消息成功发送到 1/1 个连接
[2025-04-14 13:45:37] GET /api/finance/news/cls - 0ms
[2025-04-14 13:48:46] WebSocket 广播消息成功发送到 1/1 个连接
[2025-04-14 13:58:46] WebSocket 广播消息成功发送到 1/1 个连接
[2025-04-14 14:06:46] WebSocket 广播消息成功发送到 1/1 个连接
[2025-04-14 14:08:46] WebSocket 广播消息成功发送到 1/1 个连接
[2025-04-14 14:10:46] WebSocket 广播消息成功发送到 1/1 个连接
[2025-04-14 14:12:16] GET /api/finance/news/cls - 0ms
[2025-04-14 14:12:46] WebSocket 广播消息成功发送到 1/1 个连接
[2025-04-14 14:18:46] WebSocket 广播消息成功发送到 1/1 个连接
[2025-04-14 14:22:46] WebSocket 广播消息成功发送到 1/1 个连接
[2025-04-14 14:24:08] GET /api/finance/news/cls - 1ms
[2025-04-14 14:32:46] WebSocket 广播消息成功发送到 1/1 个连接
[2025-04-14 14:34:46] WebSocket 广播消息成功发送到 1/1 个连接
[2025-04-14 14:36:46] WebSocket 广播消息成功发送到 1/1 个连接
[2025-04-14 14:38:46] WebSocket 广播消息成功发送到 1/1 个连接
[2025-04-14 14:40:46] WebSocket 广播消息成功发送到 1/1 个连接
[2025-04-14 14:46:46] WebSocket 广播消息成功发送到 1/1 个连接
[2025-04-14 14:54:46] WebSocket 广播消息成功发送到 1/1 个连接
[2025-04-14 15:00:46] WebSocket 广播消息成功发送到 1/1 个连接
[2025-04-14 15:02:46] WebSocket 广播消息成功发送到 1/1 个连接
[2025-04-14 15:04:46] WebSocket 广播消息成功发送到 1/1 个连接
[2025-04-14 15:06:46] WebSocket 广播消息成功发送到 1/1 个连接
[2025-04-14 15:14:46] WebSocket 广播消息成功发送到 1/1 个连接
[2025-04-14 15:16:46] WebSocket 广播消息成功发送到 1/1 个连接
[2025-04-14 15:18:46] WebSocket 广播消息成功发送到 1/1 个连接
[2025-04-14 15:20:46] WebSocket 广播消息成功发送到 1/1 个连接
[2025-04-14 15:22:46] WebSocket 广播消息成功发送到 1/1 个连接
[2025-04-14 15:24:46] WebSocket 广播消息成功发送到 1/1 个连接
[2025-04-14 15:26:46] WebSocket 广播消息成功发送到 1/1 个连接
[2025-04-14 15:28:46] WebSocket 广播消息成功发送到 1/1 个连接
[2025-04-14 15:30:46] WebSocket 广播消息成功发送到 1/1 个连接
[2025-04-14 15:34:46] WebSocket 广播消息成功发送到 1/1 个连接
[2025-04-14 15:36:46] WebSocket 广播消息成功发送到 1/1 个连接
[2025-04-14 15:38:46] WebSocket 广播消息成功发送到 1/1 个连接
[2025-04-14 15:40:46] WebSocket 广播消息成功发送到 1/1 个连接
[2025-04-14 15:41:51] GET /api/finance/news/cls - 0ms
[2025-04-14 15:46:46] WebSocket 广播消息成功发送到 1/1 个连接
[2025-04-14 15:47:11] GET /api/finance/news/cls - 0ms
[2025-04-14 15:48:46] WebSocket 广播消息成功发送到 1/1 个连接
[2025-04-14 15:50:46] WebSocket 广播消息成功发送到 1/1 个连接
[2025-04-14 15:52:46] WebSocket 广播消息成功发送到 1/1 个连接
[2025-04-14 16:00:46] WebSocket 广播消息成功发送到 1/1 个连接
[2025-04-14 16:02:46] WebSocket 广播消息成功发送到 1/1 个连接
[2025-04-14 16:06:46] WebSocket 广播消息成功发送到 1/1 个连接
[2025-04-14 16:08:46] WebSocket 广播消息成功发送到 1/1 个连接
[2025-04-14 16:10:46] WebSocket 广播消息成功发送到 1/1 个连接
[2025-04-14 16:12:46] WebSocket 广播消息成功发送到 1/1 个连接
[2025-04-14 16:14:46] WebSocket 广播消息成功发送到 1/1 个连接
[2025-04-14 16:20:46] WebSocket 广播消息成功发送到 1/1 个连接
[2025-04-14 16:22:46] WebSocket 广播消息成功发送到 1/1 个连接
[2025-04-14 16:24:46] WebSocket 广播消息成功发送到 1/1 个连接
[2025-04-14 16:26:46] WebSocket 广播消息成功发送到 1/1 个连接
[2025-04-14 16:28:46] WebSocket 广播消息成功发送到 1/1 个连接
[2025-04-14 16:30:46] WebSocket 广播消息成功发送到 1/1 个连接
[2025-04-14 16:32:46] WebSocket 广播消息成功发送到 1/1 个连接
[2025-04-14 16:34:46] WebSocket 广播消息成功发送到 1/1 个连接
[2025-04-14 16:36:36] WebSocket 连接已关闭
[2025-04-14 16:36:36] WebSocket 连接已移除，当前连接数: 0
