[2025-04-08 09:50:12] WebSocket 连接已添加，当前连接数: 1
[2025-04-08 09:50:29] WebSocket 广播消息成功发送到 0/0 个连接
[2025-04-08 09:50:29] WebSocket 连接已添加，当前连接数: 1
[2025-04-08 09:51:38] GET /api/finance/news/cls - 1ms
[2025-04-08 09:52:43] WebSocket 广播消息成功发送到 0/0 个连接
[2025-04-08 09:52:45] WebSocket 连接已添加，当前连接数: 1
[2025-04-08 09:52:53] Koa 和 WebSocket 服务器已启动，监听端口 3300
[2025-04-08 09:52:53] WebSocket 广播消息成功发送到 0/0 个连接
[2025-04-08 09:52:56] WebSocket 连接已添加，当前连接数: 1
[2025-04-08 09:53:10] WebSocket 连接已添加，当前连接数: 2
[2025-04-08 09:53:19] WebSocket 连接已添加，当前连接数: 3
[2025-04-08 09:53:28] WebSocket 连接已添加，当前连接数: 4
[2025-04-08 09:53:37] WebSocket 连接已添加，当前连接数: 5
[2025-04-08 09:53:46] WebSocket 连接已添加，当前连接数: 6
[2025-04-08 09:53:54] WebSocket 连接已添加，当前连接数: 7
[2025-04-08 09:53:55] GET /api/finance/news/cls - 1ms
[2025-04-08 09:54:03] WebSocket 连接已添加，当前连接数: 8
[2025-04-08 09:54:12] WebSocket 连接已添加，当前连接数: 9
[2025-04-08 09:54:20] WebSocket 连接已添加，当前连接数: 10
[2025-04-08 09:54:27] WebSocket 连接已添加，当前连接数: 11
[2025-04-08 09:54:33] WebSocket 连接已关闭
[2025-04-08 09:54:33] WebSocket 连接已移除，当前连接数: 10
[2025-04-08 09:54:33] WebSocket 连接已关闭
[2025-04-08 09:54:33] WebSocket 连接已移除，当前连接数: 9
[2025-04-08 09:54:33] WebSocket 连接已关闭
[2025-04-08 09:54:33] WebSocket 连接已移除，当前连接数: 8
[2025-04-08 09:54:33] WebSocket 连接已关闭
[2025-04-08 09:54:33] WebSocket 连接已移除，当前连接数: 7
[2025-04-08 09:54:33] WebSocket 连接已关闭
[2025-04-08 09:54:33] WebSocket 连接已移除，当前连接数: 6
[2025-04-08 09:54:33] WebSocket 连接已关闭
[2025-04-08 09:54:33] WebSocket 连接已移除，当前连接数: 5
[2025-04-08 09:54:33] WebSocket 连接已关闭
[2025-04-08 09:54:33] WebSocket 连接已移除，当前连接数: 4
[2025-04-08 09:54:33] WebSocket 连接已关闭
[2025-04-08 09:54:33] WebSocket 连接已移除，当前连接数: 3
[2025-04-08 09:54:33] WebSocket 连接已关闭
[2025-04-08 09:54:33] WebSocket 连接已移除，当前连接数: 2
[2025-04-08 09:54:33] WebSocket 连接已关闭
[2025-04-08 09:54:33] WebSocket 连接已移除，当前连接数: 1
[2025-04-08 09:54:33] WebSocket 连接已关闭
[2025-04-08 09:54:33] WebSocket 连接已移除，当前连接数: 0
[2025-04-08 09:54:34] GET /api/finance/news/cls - 1ms
[2025-04-08 09:54:34] WebSocket 连接已添加，当前连接数: 1
[2025-04-08 09:54:51] WebSocket 连接已添加，当前连接数: 2
[2025-04-08 09:54:59] WebSocket 连接已添加，当前连接数: 3
[2025-04-08 09:55:07] WebSocket 连接已添加，当前连接数: 4
[2025-04-08 09:55:15] WebSocket 连接已添加，当前连接数: 5
[2025-04-08 09:55:24] WebSocket 连接已添加，当前连接数: 6
[2025-04-08 09:55:30] Koa 和 WebSocket 服务器已启动，监听端口 3300
[2025-04-08 09:55:30] WebSocket 广播消息成功发送到 0/0 个连接
[2025-04-08 09:55:32] WebSocket 连接已添加，当前连接数: 1
[2025-04-08 09:55:34] WebSocket 连接已关闭
[2025-04-08 09:55:34] WebSocket 连接已移除，当前连接数: 0
[2025-04-08 09:55:34] GET /api/finance/news/cls - 2ms
[2025-04-08 09:55:34] WebSocket 连接已添加，当前连接数: 1
[2025-04-08 09:55:52] WebSocket 连接已添加，当前连接数: 2
[2025-04-08 09:56:06] Koa 和 WebSocket 服务器已启动，监听端口 3300
[2025-04-08 09:56:06] WebSocket 广播消息成功发送到 0/0 个连接
[2025-04-08 09:56:08] WebSocket 连接已添加，当前连接数: 1
[2025-04-08 09:56:09] Koa 和 WebSocket 服务器已启动，监听端口 3300
[2025-04-08 09:56:09] WebSocket 广播消息成功发送到 0/0 个连接
[2025-04-08 09:56:11] Koa 和 WebSocket 服务器已启动，监听端口 3300
[2025-04-08 09:56:11] WebSocket 连接已添加，当前连接数: 1
[2025-04-08 09:56:11] WebSocket 连接已添加，当前连接数: 2
[2025-04-08 09:56:12] WebSocket 广播消息成功发送到 1/2 个连接
[2025-04-08 09:56:13] GET /api/finance/news/cls - 1ms
[2025-04-08 09:56:13] WebSocket 连接已添加，当前连接数: 3
[2025-04-08 09:56:31] WebSocket 连接已添加，当前连接数: 4
[2025-04-08 09:56:41] WebSocket 连接已添加，当前连接数: 5
[2025-04-08 09:56:50] WebSocket 连接已添加，当前连接数: 6
[2025-04-08 09:56:59] WebSocket 连接已添加，当前连接数: 7
[2025-04-08 09:57:08] WebSocket 连接已添加，当前连接数: 8
[2025-04-08 09:57:17] WebSocket 连接已添加，当前连接数: 9
[2025-04-08 09:57:26] WebSocket 连接已添加，当前连接数: 10
[2025-04-08 09:57:35] WebSocket 连接已添加，当前连接数: 11
[2025-04-08 09:57:44] WebSocket 连接已添加，当前连接数: 12
[2025-04-08 09:57:53] WebSocket 连接已添加，当前连接数: 13
[2025-04-08 09:58:02] WebSocket 连接已添加，当前连接数: 14
[2025-04-08 09:58:07] Koa 和 WebSocket 服务器已启动，监听端口 3300
[2025-04-08 09:58:07] WebSocket 广播消息成功发送到 0/0 个连接
[2025-04-08 09:58:09] WebSocket 连接已添加，当前连接数: 1
[2025-04-08 09:58:10] WebSocket 连接已关闭
[2025-04-08 09:58:10] WebSocket 连接已移除，当前连接数: 0
[2025-04-08 09:58:10] GET /api/finance/news/cls - 2ms
[2025-04-08 09:58:10] WebSocket 连接已添加，当前连接数: 1
[2025-04-08 09:58:28] WebSocket 连接已添加，当前连接数: 2
[2025-04-08 09:58:43] WebSocket 连接已关闭
[2025-04-08 09:58:43] WebSocket 连接已移除，当前连接数: 1
[2025-04-08 09:58:43] WebSocket 连接已关闭
[2025-04-08 09:58:43] WebSocket 连接已移除，当前连接数: 0
[2025-04-08 09:58:43] GET /api/finance/news/cls - 1ms
[2025-04-08 09:58:43] WebSocket 连接已添加，当前连接数: 1
[2025-04-08 09:59:01] WebSocket 连接已添加，当前连接数: 2
[2025-04-08 09:59:03] WebSocket 连接已关闭
[2025-04-08 09:59:03] WebSocket 连接已移除，当前连接数: 1
[2025-04-08 09:59:03] WebSocket 连接已关闭
[2025-04-08 09:59:03] WebSocket 连接已移除，当前连接数: 0
[2025-04-08 09:59:53] GET /api/finance/news/cls - 1ms
[2025-04-08 09:59:53] WebSocket 连接已添加，当前连接数: 1
[2025-04-08 10:00:04] WebSocket 连接已关闭
[2025-04-08 10:00:04] WebSocket 连接已移除，当前连接数: 0
[2025-04-08 10:02:07] WebSocket 广播消息成功发送到 0/0 个连接
[2025-04-08 10:06:07] WebSocket 广播消息成功发送到 0/0 个连接
[2025-04-08 10:08:07] WebSocket 广播消息成功发送到 0/0 个连接
[2025-04-08 10:10:47] GET /api/finance/news/cls - 0ms
[2025-04-08 10:10:47] WebSocket 连接已添加，当前连接数: 1
[2025-04-08 10:10:48] WebSocket 连接已关闭
[2025-04-08 10:10:48] WebSocket 连接已移除，当前连接数: 0
[2025-04-08 10:10:48] GET /api/finance/news/cls - 0ms
[2025-04-08 10:10:48] WebSocket 连接已添加，当前连接数: 1
[2025-04-08 10:11:06] WebSocket 连接已添加，当前连接数: 2
[2025-04-08 10:11:25] WebSocket 连接已添加，当前连接数: 3
[2025-04-08 10:11:44] WebSocket 连接已添加，当前连接数: 4
[2025-04-08 10:11:54] WebSocket 连接已关闭
[2025-04-08 10:11:54] WebSocket 连接已移除，当前连接数: 3
[2025-04-08 10:11:54] WebSocket 连接已关闭
[2025-04-08 10:11:54] WebSocket 连接已移除，当前连接数: 2
[2025-04-08 10:11:54] WebSocket 连接已关闭
[2025-04-08 10:11:54] WebSocket 连接已移除，当前连接数: 1
[2025-04-08 10:11:54] WebSocket 连接已关闭
[2025-04-08 10:11:54] WebSocket 连接已移除，当前连接数: 0
[2025-04-08 10:11:55] GET /api/finance/news/cls - 0ms
[2025-04-08 10:11:55] WebSocket 连接已添加，当前连接数: 1
[2025-04-08 10:11:56] WebSocket 连接已关闭
[2025-04-08 10:11:56] WebSocket 连接已移除，当前连接数: 0
[2025-04-08 10:11:56] GET /api/finance/news/cls - 0ms
[2025-04-08 10:11:56] WebSocket 连接已添加，当前连接数: 1
[2025-04-08 10:12:06] WebSocket 连接已关闭
[2025-04-08 10:12:06] WebSocket 连接已移除，当前连接数: 0
[2025-04-08 10:12:07] GET /api/finance/news/cls - 0ms
[2025-04-08 10:12:07] WebSocket 连接已添加，当前连接数: 1
[2025-04-08 10:12:10] WebSocket 连接已关闭
[2025-04-08 10:12:10] WebSocket 连接已移除，当前连接数: 0
[2025-04-08 10:12:10] GET /api/finance/news/cls - 0ms
[2025-04-08 10:12:10] GET /api/finance/news/cls - 0ms
[2025-04-08 10:12:10] WebSocket 连接已添加，当前连接数: 1
[2025-04-08 10:12:11] WebSocket 连接已关闭
[2025-04-08 10:12:11] WebSocket 连接已移除，当前连接数: 0
[2025-04-08 10:12:11] GET /api/finance/news/cls - 0ms
[2025-04-08 10:12:11] WebSocket 连接已添加，当前连接数: 1
[2025-04-08 10:12:13] WebSocket 连接已关闭
[2025-04-08 10:12:13] WebSocket 连接已移除，当前连接数: 0
[2025-04-08 10:12:13] GET /api/finance/news/cls - 0ms
[2025-04-08 10:12:13] WebSocket 连接已添加，当前连接数: 1
[2025-04-08 10:12:18] WebSocket 连接已关闭
[2025-04-08 10:12:18] WebSocket 连接已移除，当前连接数: 0
[2025-04-08 10:12:19] GET /api/finance/news/cls - 0ms
[2025-04-08 10:12:19] WebSocket 连接已添加，当前连接数: 1
[2025-04-08 10:12:36] WebSocket 连接已添加，当前连接数: 2
[2025-04-08 10:12:55] WebSocket 连接已添加，当前连接数: 3
[2025-04-08 10:13:14] WebSocket 连接已添加，当前连接数: 4
[2025-04-08 10:13:33] WebSocket 连接已添加，当前连接数: 5
[2025-04-08 10:13:52] WebSocket 连接已添加，当前连接数: 6
[2025-04-08 10:14:11] WebSocket 连接已添加，当前连接数: 7
[2025-04-08 10:14:30] WebSocket 连接已添加，当前连接数: 8
[2025-04-08 10:14:49] WebSocket 连接已添加，当前连接数: 9
[2025-04-08 10:15:08] WebSocket 连接已添加，当前连接数: 10
[2025-04-08 10:15:27] WebSocket 连接已添加，当前连接数: 11
[2025-04-08 10:15:46] WebSocket 连接已添加，当前连接数: 12
[2025-04-08 10:16:05] WebSocket 连接已添加，当前连接数: 13
[2025-04-08 10:16:07] WebSocket 广播消息成功发送到 13/13 个连接
[2025-04-08 10:16:24] WebSocket 连接已添加，当前连接数: 14
[2025-04-08 10:16:43] WebSocket 连接已添加，当前连接数: 15
[2025-04-08 10:17:02] WebSocket 连接已添加，当前连接数: 16
[2025-04-08 10:17:14] WebSocket 连接已关闭
[2025-04-08 10:17:14] WebSocket 连接已移除，当前连接数: 15
[2025-04-08 10:17:14] WebSocket 连接已关闭
[2025-04-08 10:17:14] WebSocket 连接已移除，当前连接数: 14
[2025-04-08 10:17:14] GET /api/finance/news/cls - 0ms
[2025-04-08 10:17:14] WebSocket 连接已关闭
[2025-04-08 10:17:14] WebSocket 连接已移除，当前连接数: 13
[2025-04-08 10:17:14] WebSocket 连接已关闭
[2025-04-08 10:17:14] WebSocket 连接已移除，当前连接数: 12
[2025-04-08 10:17:14] WebSocket 连接已关闭
[2025-04-08 10:17:14] WebSocket 连接已移除，当前连接数: 11
[2025-04-08 10:17:14] WebSocket 连接已关闭
[2025-04-08 10:17:14] WebSocket 连接已移除，当前连接数: 10
[2025-04-08 10:17:14] WebSocket 连接已关闭
[2025-04-08 10:17:14] WebSocket 连接已移除，当前连接数: 9
[2025-04-08 10:17:14] WebSocket 连接已关闭
[2025-04-08 10:17:14] WebSocket 连接已移除，当前连接数: 8
[2025-04-08 10:17:14] WebSocket 连接已关闭
[2025-04-08 10:17:14] WebSocket 连接已移除，当前连接数: 7
[2025-04-08 10:17:14] WebSocket 连接已关闭
[2025-04-08 10:17:14] WebSocket 连接已移除，当前连接数: 6
[2025-04-08 10:17:14] WebSocket 连接已关闭
[2025-04-08 10:17:14] WebSocket 连接已移除，当前连接数: 5
[2025-04-08 10:17:14] WebSocket 连接已关闭
[2025-04-08 10:17:14] WebSocket 连接已移除，当前连接数: 4
[2025-04-08 10:17:14] WebSocket 连接已关闭
[2025-04-08 10:17:14] WebSocket 连接已移除，当前连接数: 3
[2025-04-08 10:17:14] WebSocket 连接已关闭
[2025-04-08 10:17:14] WebSocket 连接已移除，当前连接数: 2
[2025-04-08 10:17:14] WebSocket 连接已关闭
[2025-04-08 10:17:14] WebSocket 连接已移除，当前连接数: 1
[2025-04-08 10:17:14] WebSocket 连接已关闭
[2025-04-08 10:17:14] WebSocket 连接已移除，当前连接数: 0
[2025-04-08 10:17:14] GET /api/finance/news/cls - 0ms
[2025-04-08 10:17:14] WebSocket 连接已添加，当前连接数: 1
[2025-04-08 10:17:32] WebSocket 连接已添加，当前连接数: 2
[2025-04-08 10:17:50] WebSocket 连接已添加，当前连接数: 3
[2025-04-08 10:17:50] GET /api/finance/news/cls - 0ms
[2025-04-08 10:18:07] WebSocket 广播消息成功发送到 3/3 个连接
[2025-04-08 10:18:08] WebSocket 连接已添加，当前连接数: 4
[2025-04-08 10:18:26] WebSocket 连接已添加，当前连接数: 5
[2025-04-08 10:18:45] WebSocket 连接已添加，当前连接数: 6
[2025-04-08 10:19:04] WebSocket 连接已添加，当前连接数: 7
[2025-04-08 10:19:23] WebSocket 连接已添加，当前连接数: 8
[2025-04-08 10:19:42] WebSocket 连接已添加，当前连接数: 9
[2025-04-08 10:20:00] WebSocket 连接已添加，当前连接数: 10
[2025-04-08 10:20:14] WebSocket 连接已关闭
[2025-04-08 10:20:14] WebSocket 连接已移除，当前连接数: 9
[2025-04-08 10:20:14] WebSocket 连接已关闭
[2025-04-08 10:20:14] WebSocket 连接已移除，当前连接数: 8
[2025-04-08 10:20:14] WebSocket 连接已关闭
[2025-04-08 10:20:14] WebSocket 连接已移除，当前连接数: 7
[2025-04-08 10:20:14] WebSocket 连接已关闭
[2025-04-08 10:20:14] WebSocket 连接已移除，当前连接数: 6
[2025-04-08 10:20:14] WebSocket 连接已关闭
[2025-04-08 10:20:14] WebSocket 连接已移除，当前连接数: 5
[2025-04-08 10:20:14] WebSocket 连接已关闭
[2025-04-08 10:20:14] WebSocket 连接已移除，当前连接数: 4
[2025-04-08 10:20:14] WebSocket 连接已关闭
[2025-04-08 10:20:14] WebSocket 连接已移除，当前连接数: 3
[2025-04-08 10:20:14] WebSocket 连接已关闭
[2025-04-08 10:20:14] WebSocket 连接已移除，当前连接数: 2
[2025-04-08 10:20:14] WebSocket 连接已关闭
[2025-04-08 10:20:14] WebSocket 连接已移除，当前连接数: 1
[2025-04-08 10:20:14] WebSocket 连接已关闭
[2025-04-08 10:20:14] WebSocket 连接已移除，当前连接数: 0
[2025-04-08 10:20:14] GET /api/finance/news/cls - 0ms
[2025-04-08 10:20:14] WebSocket 连接已添加，当前连接数: 1
[2025-04-08 10:21:07] WebSocket 连接已添加，当前连接数: 2
[2025-04-08 10:22:47] WebSocket 连接已添加，当前连接数: 3
[2025-04-08 10:22:51] WebSocket 连接已关闭
[2025-04-08 10:22:51] WebSocket 连接已移除，当前连接数: 2
[2025-04-08 10:22:51] WebSocket 连接已关闭
[2025-04-08 10:22:51] WebSocket 连接已移除，当前连接数: 1
[2025-04-08 10:22:51] WebSocket 连接已关闭
[2025-04-08 10:22:51] WebSocket 连接已移除，当前连接数: 0
[2025-04-08 10:22:51] GET /api/finance/news/cls - 0ms
[2025-04-08 10:22:51] WebSocket 连接已添加，当前连接数: 1
[2025-04-08 10:23:43] WebSocket 连接已添加，当前连接数: 2
[2025-04-08 10:24:07] WebSocket 广播消息成功发送到 2/2 个连接
[2025-04-08 10:24:56] WebSocket 连接已添加，当前连接数: 3
[2025-04-08 10:25:45] Koa 和 WebSocket 服务器已启动，监听端口 3300
[2025-04-08 10:25:45] WebSocket 广播消息成功发送到 0/0 个连接
[2025-04-08 10:25:47] WebSocket 连接已添加，当前连接数: 1
[2025-04-08 10:25:49] WebSocket 连接已关闭
[2025-04-08 10:25:49] WebSocket 连接已移除，当前连接数: 0
[2025-04-08 10:25:49] WebSocket 连接已添加，当前连接数: 1
[2025-04-08 10:25:53] WebSocket 连接已关闭
[2025-04-08 10:25:53] WebSocket 连接已移除，当前连接数: 0
[2025-04-08 10:25:53] WebSocket 连接已添加，当前连接数: 1
[2025-04-08 10:25:58] WebSocket 连接已关闭
[2025-04-08 10:25:58] WebSocket 连接已移除，当前连接数: 0
[2025-04-08 10:25:58] GET /api/finance/news/cls - 1ms
[2025-04-08 10:25:58] WebSocket 连接已添加，当前连接数: 1
[2025-04-08 10:26:01] WebSocket 连接已关闭
[2025-04-08 10:26:01] WebSocket 连接已移除，当前连接数: 0
[2025-04-08 10:26:02] GET /api/finance/news/cls - 0ms
[2025-04-08 10:26:02] WebSocket 连接已添加，当前连接数: 1
[2025-04-08 10:26:09] WebSocket 连接已关闭
[2025-04-08 10:26:09] WebSocket 连接已移除，当前连接数: 0
[2025-04-08 10:26:09] GET /api/finance/news/cls - 1ms
[2025-04-08 10:26:09] WebSocket 连接已添加，当前连接数: 1
[2025-04-08 10:26:31] Koa 和 WebSocket 服务器已启动，监听端口 3300
[2025-04-08 10:26:31] WebSocket 广播消息成功发送到 0/0 个连接
[2025-04-08 10:26:33] WebSocket 连接已添加，当前连接数: 1
[2025-04-08 10:26:35] WebSocket 连接已关闭
[2025-04-08 10:26:35] WebSocket 连接已移除，当前连接数: 0
[2025-04-08 10:26:35] GET /api/finance/news/cls - 1ms
[2025-04-08 10:26:35] WebSocket 连接已添加，当前连接数: 1
[2025-04-08 10:27:28] WebSocket 连接已添加，当前连接数: 2
[2025-04-08 10:27:41] WebSocket 连接已添加，当前连接数: 3
[2025-04-08 10:27:54] WebSocket 连接已关闭
[2025-04-08 10:27:54] WebSocket 连接已移除，当前连接数: 2
[2025-04-08 10:27:54] WebSocket 连接已关闭
[2025-04-08 10:27:54] WebSocket 连接已移除，当前连接数: 1
[2025-04-08 10:27:54] WebSocket 连接已关闭
[2025-04-08 10:27:54] WebSocket 连接已移除，当前连接数: 0
[2025-04-08 10:27:54] GET /api/finance/news/cls - 0ms
[2025-04-08 10:27:54] WebSocket 连接已添加，当前连接数: 1
[2025-04-08 10:27:58] WebSocket 连接已关闭
[2025-04-08 10:27:58] WebSocket 连接已移除，当前连接数: 0
[2025-04-08 10:27:58] GET /api/finance/news/cls - 0ms
[2025-04-08 10:27:58] WebSocket 连接已添加，当前连接数: 1
[2025-04-08 10:28:04] WebSocket 连接已关闭
[2025-04-08 10:28:04] WebSocket 连接已移除，当前连接数: 0
[2025-04-08 10:28:08] GET /api/finance/news/cls - 0ms
[2025-04-08 10:28:08] WebSocket 连接已添加，当前连接数: 1
[2025-04-08 10:28:41] Koa 和 WebSocket 服务器已启动，监听端口 3300
[2025-04-08 10:28:41] WebSocket 广播消息成功发送到 0/0 个连接
[2025-04-08 10:28:43] WebSocket 连接已添加，当前连接数: 1
[2025-04-08 10:28:47] WebSocket 连接已关闭
[2025-04-08 10:28:47] WebSocket 连接已移除，当前连接数: 0
[2025-04-08 10:28:47] GET /api/finance/news/cls - 2ms
[2025-04-08 10:28:47] WebSocket 连接已添加，当前连接数: 1
[2025-04-08 10:29:04] WebSocket 连接已关闭
[2025-04-08 10:29:04] WebSocket 连接已移除，当前连接数: 0
[2025-04-08 10:29:04] GET /api/finance/news/cls - 0ms
[2025-04-08 10:29:04] WebSocket 连接已添加，当前连接数: 1
[2025-04-08 10:29:30] WebSocket 连接已关闭
[2025-04-08 10:29:30] WebSocket 连接已移除，当前连接数: 0
[2025-04-08 10:29:30] GET /api/finance/news/cls - 1ms
[2025-04-08 10:29:30] WebSocket 连接已添加，当前连接数: 1
[2025-04-08 10:32:41] WebSocket 广播消息成功发送到 1/1 个连接
[2025-04-08 10:34:41] WebSocket 广播消息成功发送到 1/1 个连接
[2025-04-08 10:36:41] WebSocket 广播消息成功发送到 1/1 个连接
[2025-04-08 10:38:06] GET /api/finance/news/cls - 1ms
[2025-04-08 10:38:41] WebSocket 广播消息成功发送到 1/1 个连接
[2025-04-08 10:39:00] GET /api/finance/news/cls - 0ms
[2025-04-08 10:40:41] WebSocket 广播消息成功发送到 1/1 个连接
[2025-04-08 10:42:41] WebSocket 广播消息成功发送到 1/1 个连接
[2025-04-08 10:44:41] WebSocket 广播消息成功发送到 1/1 个连接
[2025-04-08 10:46:41] WebSocket 广播消息成功发送到 1/1 个连接
[2025-04-08 10:47:03] GET /api/finance/news/cls - 0ms
[2025-04-08 10:47:04] GET /api/finance/news/cls - 0ms
[2025-04-08 10:47:05] GET /api/finance/news/cls - 0ms
[2025-04-08 10:48:41] WebSocket 广播消息成功发送到 1/1 个连接
[2025-04-08 10:50:41] WebSocket 广播消息成功发送到 1/1 个连接
[2025-04-08 10:51:09] GET /api/finance/news/cls - 0ms
[2025-04-08 10:52:41] WebSocket 广播消息成功发送到 1/1 个连接
[2025-04-08 10:54:41] WebSocket 广播消息成功发送到 1/1 个连接
[2025-04-08 10:54:58] WebSocket 连接已关闭
[2025-04-08 10:54:58] WebSocket 连接已移除，当前连接数: 0
[2025-04-08 10:54:59] GET /api/finance/news/cls - 0ms
[2025-04-08 10:54:59] WebSocket 连接已添加，当前连接数: 1
[2025-04-08 10:55:13] WebSocket 连接已关闭
[2025-04-08 10:55:13] WebSocket 连接已移除，当前连接数: 0
[2025-04-08 10:55:14] GET /api/finance/news/cls - 1ms
[2025-04-08 10:55:14] WebSocket 连接已添加，当前连接数: 1
[2025-04-08 10:56:08] GET /api/finance/news/cls - 0ms
[2025-04-08 10:56:41] WebSocket 广播消息成功发送到 1/1 个连接
[2025-04-08 10:58:41] WebSocket 广播消息成功发送到 1/1 个连接
[2025-04-08 10:59:45] Koa 和 WebSocket 服务器已启动，监听端口 3300
[2025-04-08 10:59:45] WebSocket 广播消息成功发送到 0/0 个连接
[2025-04-08 10:59:48] WebSocket 连接已添加，当前连接数: 1
[2025-04-08 11:00:04] GET /api/finance/news/cls - 2ms
[2025-04-08 11:00:28] GET /api/finance/news/cls - 0ms
[2025-04-08 11:01:45] WebSocket 广播消息成功发送到 1/1 个连接
[2025-04-08 11:02:18] GET /api/finance/news/cls - 0ms
[2025-04-08 11:03:45] WebSocket 广播消息成功发送到 1/1 个连接
[2025-04-08 11:09:45] WebSocket 广播消息成功发送到 1/1 个连接
[2025-04-08 11:11:46] WebSocket 广播消息成功发送到 1/1 个连接
[2025-04-08 11:14:53] GET /api/finance/news/cls - 0ms
[2025-04-08 11:15:20] GET /api/finance/news/cls - 0ms
[2025-04-08 11:15:46] WebSocket 广播消息成功发送到 1/1 个连接
[2025-04-08 11:17:46] WebSocket 广播消息成功发送到 1/1 个连接
[2025-04-08 11:19:14] GET /api/finance/news/cls - 0ms
[2025-04-08 11:19:46] WebSocket 广播消息成功发送到 1/1 个连接
[2025-04-08 11:21:02] GET /api/finance/news/cls - 0ms
[2025-04-08 11:21:46] WebSocket 广播消息成功发送到 1/1 个连接
[2025-04-08 11:25:46] WebSocket 广播消息成功发送到 1/1 个连接
[2025-04-08 11:29:46] WebSocket 广播消息成功发送到 1/1 个连接
[2025-04-08 11:31:46] WebSocket 广播消息成功发送到 1/1 个连接
[2025-04-08 11:33:46] WebSocket 广播消息成功发送到 1/1 个连接
[2025-04-08 11:35:46] WebSocket 广播消息成功发送到 1/1 个连接
[2025-04-08 11:41:46] WebSocket 广播消息成功发送到 1/1 个连接
[2025-04-08 11:45:46] WebSocket 广播消息成功发送到 1/1 个连接
[2025-04-08 11:47:46] WebSocket 广播消息成功发送到 1/1 个连接
[2025-04-08 11:51:46] WebSocket 广播消息成功发送到 1/1 个连接
[2025-04-08 11:55:46] WebSocket 广播消息成功发送到 1/1 个连接
[2025-04-08 11:57:46] WebSocket 广播消息成功发送到 1/1 个连接
[2025-04-08 11:59:46] WebSocket 广播消息成功发送到 1/1 个连接
[2025-04-08 12:01:46] WebSocket 广播消息成功发送到 1/1 个连接
[2025-04-08 12:03:46] WebSocket 广播消息成功发送到 1/1 个连接
[2025-04-08 12:05:46] WebSocket 广播消息成功发送到 1/1 个连接
[2025-04-08 12:09:46] WebSocket 广播消息成功发送到 1/1 个连接
[2025-04-08 12:11:46] WebSocket 广播消息成功发送到 1/1 个连接
[2025-04-08 12:13:46] WebSocket 广播消息成功发送到 1/1 个连接
[2025-04-08 12:15:46] WebSocket 广播消息成功发送到 1/1 个连接
[2025-04-08 12:17:46] WebSocket 广播消息成功发送到 1/1 个连接
[2025-04-08 12:25:46] WebSocket 广播消息成功发送到 1/1 个连接
[2025-04-08 12:27:46] WebSocket 广播消息成功发送到 1/1 个连接
[2025-04-08 12:29:46] WebSocket 广播消息成功发送到 1/1 个连接
[2025-04-08 12:31:46] WebSocket 广播消息成功发送到 1/1 个连接
[2025-04-08 12:33:46] WebSocket 广播消息成功发送到 1/1 个连接
[2025-04-08 12:35:46] WebSocket 广播消息成功发送到 1/1 个连接
[2025-04-08 12:37:46] WebSocket 广播消息成功发送到 1/1 个连接
[2025-04-08 12:39:46] WebSocket 广播消息成功发送到 1/1 个连接
[2025-04-08 12:43:46] WebSocket 广播消息成功发送到 1/1 个连接
[2025-04-08 12:47:46] WebSocket 广播消息成功发送到 1/1 个连接
[2025-04-08 12:51:46] WebSocket 广播消息成功发送到 1/1 个连接
[2025-04-08 12:55:46] WebSocket 广播消息成功发送到 1/1 个连接
[2025-04-08 12:59:46] WebSocket 广播消息成功发送到 1/1 个连接
[2025-04-08 13:01:46] WebSocket 广播消息成功发送到 1/1 个连接
[2025-04-08 13:03:46] WebSocket 广播消息成功发送到 1/1 个连接
[2025-04-08 13:07:46] WebSocket 广播消息成功发送到 1/1 个连接
[2025-04-08 13:09:46] WebSocket 广播消息成功发送到 1/1 个连接
[2025-04-08 13:13:46] WebSocket 广播消息成功发送到 1/1 个连接
[2025-04-08 13:15:46] WebSocket 广播消息成功发送到 1/1 个连接
[2025-04-08 13:19:46] WebSocket 广播消息成功发送到 1/1 个连接
[2025-04-08 13:23:46] WebSocket 广播消息成功发送到 1/1 个连接
[2025-04-08 13:27:46] WebSocket 广播消息成功发送到 1/1 个连接
[2025-04-08 13:29:46] WebSocket 广播消息成功发送到 1/1 个连接
[2025-04-08 13:31:46] WebSocket 广播消息成功发送到 1/1 个连接
[2025-04-08 13:33:46] WebSocket 广播消息成功发送到 1/1 个连接
[2025-04-08 13:35:46] WebSocket 广播消息成功发送到 1/1 个连接
[2025-04-08 13:37:46] WebSocket 广播消息成功发送到 1/1 个连接
[2025-04-08 13:39:46] WebSocket 广播消息成功发送到 1/1 个连接
[2025-04-08 13:41:46] WebSocket 广播消息成功发送到 1/1 个连接
[2025-04-08 13:47:46] WebSocket 广播消息成功发送到 1/1 个连接
[2025-04-08 13:51:46] WebSocket 广播消息成功发送到 1/1 个连接
[2025-04-08 13:53:46] WebSocket 广播消息成功发送到 1/1 个连接
[2025-04-08 13:55:48] WebSocket 广播消息成功发送到 1/1 个连接
[2025-04-08 13:57:46] WebSocket 广播消息成功发送到 1/1 个连接
[2025-04-08 14:01:46] WebSocket 广播消息成功发送到 1/1 个连接
[2025-04-08 14:03:46] WebSocket 广播消息成功发送到 1/1 个连接
[2025-04-08 14:05:46] WebSocket 广播消息成功发送到 1/1 个连接
[2025-04-08 14:07:46] WebSocket 广播消息成功发送到 1/1 个连接
[2025-04-08 14:09:48] WebSocket 广播消息成功发送到 1/1 个连接
[2025-04-08 14:11:46] WebSocket 广播消息成功发送到 1/1 个连接
[2025-04-08 14:13:46] WebSocket 广播消息成功发送到 1/1 个连接
[2025-04-08 14:15:46] WebSocket 广播消息成功发送到 1/1 个连接
[2025-04-08 14:19:46] WebSocket 广播消息成功发送到 1/1 个连接
[2025-04-08 14:21:46] WebSocket 广播消息成功发送到 1/1 个连接
[2025-04-08 14:23:46] WebSocket 广播消息成功发送到 1/1 个连接
[2025-04-08 14:25:46] WebSocket 广播消息成功发送到 1/1 个连接
[2025-04-08 14:27:46] WebSocket 广播消息成功发送到 1/1 个连接
[2025-04-08 14:31:46] WebSocket 广播消息成功发送到 1/1 个连接
[2025-04-08 14:33:46] WebSocket 广播消息成功发送到 1/1 个连接
[2025-04-08 14:35:46] WebSocket 广播消息成功发送到 1/1 个连接
[2025-04-08 14:37:46] WebSocket 广播消息成功发送到 1/1 个连接
[2025-04-08 14:39:46] WebSocket 广播消息成功发送到 1/1 个连接
[2025-04-08 14:41:46] WebSocket 广播消息成功发送到 1/1 个连接
[2025-04-08 14:43:46] WebSocket 广播消息成功发送到 1/1 个连接
[2025-04-08 14:45:46] WebSocket 广播消息成功发送到 1/1 个连接
[2025-04-08 14:47:46] WebSocket 广播消息成功发送到 1/1 个连接
[2025-04-08 14:51:46] WebSocket 广播消息成功发送到 1/1 个连接
[2025-04-08 14:55:48] WebSocket 广播消息成功发送到 1/1 个连接
[2025-04-08 14:57:46] WebSocket 广播消息成功发送到 1/1 个连接
[2025-04-08 15:01:46] WebSocket 广播消息成功发送到 1/1 个连接
[2025-04-08 15:03:05] GET /api/finance/news/cls - 0ms
[2025-04-08 15:03:46] WebSocket 广播消息成功发送到 1/1 个连接
[2025-04-08 15:05:46] WebSocket 广播消息成功发送到 1/1 个连接
[2025-04-08 15:07:46] WebSocket 广播消息成功发送到 1/1 个连接
[2025-04-08 15:09:46] WebSocket 广播消息成功发送到 1/1 个连接
[2025-04-08 15:09:50] GET /api/finance/news/cls - 1ms
[2025-04-08 15:10:17] GET /api/finance/news/cls - 0ms
[2025-04-08 15:12:32] GET /api/finance/news/cls - 0ms
[2025-04-08 15:13:46] WebSocket 广播消息成功发送到 1/1 个连接
[2025-04-08 15:15:46] WebSocket 广播消息成功发送到 1/1 个连接
[2025-04-08 15:17:46] WebSocket 广播消息成功发送到 1/1 个连接
[2025-04-08 15:19:46] WebSocket 广播消息成功发送到 1/1 个连接
[2025-04-08 15:21:46] WebSocket 广播消息成功发送到 1/1 个连接
[2025-04-08 15:23:46] WebSocket 广播消息成功发送到 1/1 个连接
[2025-04-08 15:25:46] WebSocket 广播消息成功发送到 1/1 个连接
[2025-04-08 15:27:46] WebSocket 广播消息成功发送到 1/1 个连接
[2025-04-08 15:29:47] WebSocket 广播消息成功发送到 1/1 个连接
[2025-04-08 15:31:46] WebSocket 广播消息成功发送到 1/1 个连接
[2025-04-08 15:33:48] GET /api/finance/news/cls - 0ms
[2025-04-08 15:35:22] GET /api/finance/news/cls - 0ms
[2025-04-08 15:35:24] GET /api/finance/news/cls - 0ms
[2025-04-08 15:35:47] WebSocket 广播消息成功发送到 1/1 个连接
[2025-04-08 15:36:12] GET /api/finance/news/cls - 0ms
[2025-04-08 15:39:10] GET /api/finance/news/cls - 0ms
[2025-04-08 15:39:47] WebSocket 广播消息成功发送到 1/1 个连接
[2025-04-08 15:45:47] WebSocket 广播消息成功发送到 1/1 个连接
[2025-04-08 15:47:35] GET /api/finance/news/cls - 0ms
[2025-04-08 15:47:47] WebSocket 广播消息成功发送到 1/1 个连接
[2025-04-08 15:48:28] GET /api/finance/news/cls - 0ms
[2025-04-08 15:51:47] WebSocket 广播消息成功发送到 1/1 个连接
[2025-04-08 15:55:47] WebSocket 广播消息成功发送到 1/1 个连接
[2025-04-08 15:59:47] WebSocket 广播消息成功发送到 1/1 个连接
[2025-04-08 16:01:47] WebSocket 广播消息成功发送到 1/1 个连接
[2025-04-08 16:03:47] WebSocket 广播消息成功发送到 1/1 个连接
[2025-04-08 16:04:46] GET /api/finance/news/cls - 0ms
[2025-04-08 16:05:47] WebSocket 广播消息成功发送到 1/1 个连接
[2025-04-08 16:07:47] WebSocket 广播消息成功发送到 1/1 个连接
[2025-04-08 16:09:26] GET /api/finance/news/cls - 0ms
[2025-04-08 16:09:31] GET /api/finance/news/cls - 0ms
[2025-04-08 16:09:47] WebSocket 广播消息成功发送到 1/1 个连接
[2025-04-08 16:11:47] WebSocket 广播消息成功发送到 1/1 个连接
[2025-04-08 16:13:47] WebSocket 广播消息成功发送到 1/1 个连接
[2025-04-08 16:15:45] GET /api/finance/news/cls - 0ms
[2025-04-08 16:17:47] WebSocket 广播消息成功发送到 1/1 个连接
[2025-04-08 16:19:47] WebSocket 广播消息成功发送到 1/1 个连接
[2025-04-08 16:20:47] GET /api/finance/news/cls - 0ms
[2025-04-08 16:21:47] WebSocket 广播消息成功发送到 1/1 个连接
[2025-04-08 16:23:47] WebSocket 广播消息成功发送到 1/1 个连接
[2025-04-08 16:25:47] WebSocket 广播消息成功发送到 1/1 个连接
[2025-04-08 16:27:39] GET /api/finance/news/cls - 0ms
[2025-04-08 16:27:47] WebSocket 广播消息成功发送到 1/1 个连接
[2025-04-08 16:29:47] WebSocket 广播消息成功发送到 1/1 个连接
[2025-04-08 16:31:47] WebSocket 广播消息成功发送到 1/1 个连接
[2025-04-08 16:33:47] WebSocket 广播消息成功发送到 1/1 个连接
[2025-04-08 16:35:47] WebSocket 广播消息成功发送到 1/1 个连接
[2025-04-08 16:37:47] WebSocket 广播消息成功发送到 1/1 个连接
[2025-04-08 16:39:47] WebSocket 广播消息成功发送到 1/1 个连接
[2025-04-08 16:40:35] GET /api/finance/news/cls - 0ms
[2025-04-08 16:40:43] GET /api/finance/news/cls - 0ms
[2025-04-08 16:41:12] GET /api/finance/news/cls - 0ms
[2025-04-08 16:43:47] WebSocket 广播消息成功发送到 1/1 个连接
[2025-04-08 16:45:47] WebSocket 广播消息成功发送到 1/1 个连接
[2025-04-08 16:49:47] WebSocket 广播消息成功发送到 1/1 个连接
[2025-04-08 16:49:58] GET /api/finance/news/cls - 0ms
[2025-04-08 16:50:56] GET /api/finance/news/cls - 0ms
[2025-04-08 16:51:07] GET /api/finance/news/cls - 0ms
[2025-04-08 16:51:47] WebSocket 广播消息成功发送到 1/1 个连接
[2025-04-08 16:53:47] WebSocket 广播消息成功发送到 1/1 个连接
[2025-04-08 16:55:47] WebSocket 广播消息成功发送到 1/1 个连接
[2025-04-08 16:57:47] WebSocket 广播消息成功发送到 1/1 个连接
[2025-04-08 16:59:47] WebSocket 广播消息成功发送到 1/1 个连接
[2025-04-08 17:01:47] WebSocket 广播消息成功发送到 1/1 个连接
[2025-04-08 17:03:47] WebSocket 广播消息成功发送到 1/1 个连接
[2025-04-08 17:05:47] WebSocket 广播消息成功发送到 1/1 个连接
[2025-04-08 17:07:47] WebSocket 广播消息成功发送到 1/1 个连接
[2025-04-08 17:09:47] WebSocket 广播消息成功发送到 1/1 个连接
[2025-04-08 17:11:43] GET /api/finance/news/cls - 0ms
[2025-04-08 17:11:47] WebSocket 广播消息成功发送到 1/1 个连接
[2025-04-08 17:13:47] WebSocket 广播消息成功发送到 1/1 个连接
[2025-04-08 17:14:44] GET /api/finance/news/cls - 0ms
[2025-04-08 17:15:47] WebSocket 广播消息成功发送到 1/1 个连接
[2025-04-08 17:17:47] WebSocket 广播消息成功发送到 1/1 个连接
[2025-04-08 17:19:47] WebSocket 广播消息成功发送到 1/1 个连接
