[2025-04-18 10:13:53] Koa 和 WebSocket 服务器已启动，监听端口 3300
[2025-04-18 10:14:23] Koa 和 WebSocket 服务器已启动，监听端口 3300
[2025-04-18 10:14:23] WebSocket 广播消息成功发送到 0/0 个连接
[2025-04-18 10:14:38] GET /api/finance/news/cls - 1ms
[2025-04-18 10:14:38] GET /api/finance/time - 0ms
[2025-04-18 10:14:38] WebSocket 连接已添加，当前连接数: 1
[2025-04-18 10:14:39] GET /api/finance/trade-calendar - 1254ms
[2025-04-18 10:16:23] WebSocket 广播消息成功发送到 1/1 个连接
[2025-04-18 10:20:23] WebSocket 广播消息成功发送到 1/1 个连接
[2025-04-18 10:20:56] GET /api/finance/news/cls - 0ms
[2025-04-18 10:22:23] WebSocket 广播消息成功发送到 1/1 个连接
[2025-04-18 10:28:18] WebSocket 连接已关闭
[2025-04-18 10:28:18] WebSocket 连接已移除，当前连接数: 0
[2025-04-18 10:28:18] GET /api/finance/news/cls - 0ms
[2025-04-18 10:28:18] GET /api/finance/time - 0ms
[2025-04-18 10:28:18] WebSocket 连接已添加，当前连接数: 1
[2025-04-18 10:28:18] GET /api/finance/trade-calendar - 444ms
[2025-04-18 10:28:24] GET /api/finance/news/cls - 0ms
[2025-04-18 10:28:42] GET /api/finance/news/cls - 0ms
[2025-04-18 10:28:59] WebSocket 连接已关闭
[2025-04-18 10:28:59] WebSocket 连接已移除，当前连接数: 0
[2025-04-18 10:29:00] GET /api/finance/news/cls - 0ms
[2025-04-18 10:29:00] GET /api/finance/time - 0ms
[2025-04-18 10:29:00] WebSocket 连接已添加，当前连接数: 1
[2025-04-18 10:29:00] GET /api/finance/trade-calendar - 426ms
[2025-04-18 10:30:24] WebSocket 广播消息成功发送到 1/1 个连接
[2025-04-18 10:32:24] WebSocket 广播消息成功发送到 1/1 个连接
[2025-04-18 10:34:24] WebSocket 广播消息成功发送到 1/1 个连接
[2025-04-18 10:36:24] WebSocket 广播消息成功发送到 1/1 个连接
[2025-04-18 10:37:11] WebSocket 连接已关闭
[2025-04-18 10:37:11] WebSocket 连接已移除，当前连接数: 0
[2025-04-18 10:37:12] GET /api/finance/news/cls - 0ms
[2025-04-18 10:37:12] GET /api/finance/time - 0ms
[2025-04-18 10:37:12] WebSocket 连接已添加，当前连接数: 1
[2025-04-18 10:37:12] GET /api/finance/trade-calendar - 469ms
[2025-04-18 10:37:19] WebSocket 连接已关闭
[2025-04-18 10:37:19] WebSocket 连接已移除，当前连接数: 0
[2025-04-18 10:37:20] GET /api/finance/news/cls - 0ms
[2025-04-18 10:37:20] WebSocket 连接已添加，当前连接数: 1
[2025-04-18 10:38:36] WebSocket 连接已关闭
[2025-04-18 10:38:36] WebSocket 连接已移除，当前连接数: 0
[2025-04-18 10:38:36] GET /api/finance/news/cls - 0ms
[2025-04-18 10:38:36] GET /api/finance/time - 0ms
[2025-04-18 10:38:36] WebSocket 连接已添加，当前连接数: 1
[2025-04-18 10:38:37] GET /api/finance/trade-calendar - 409ms
[2025-04-18 10:38:47] WebSocket 连接已关闭
[2025-04-18 10:38:47] WebSocket 连接已移除，当前连接数: 0
[2025-04-18 10:38:48] GET /api/finance/news/cls - 0ms
[2025-04-18 10:38:48] GET /api/finance/time - 0ms
[2025-04-18 10:38:48] WebSocket 连接已添加，当前连接数: 1
[2025-04-18 10:38:48] GET /api/finance/trade-calendar - 426ms
[2025-04-18 10:39:33] WebSocket 连接已关闭
[2025-04-18 10:39:33] WebSocket 连接已移除，当前连接数: 0
[2025-04-18 10:39:33] GET /api/finance/news/cls - 0ms
[2025-04-18 10:39:33] GET /api/finance/time - 0ms
[2025-04-18 10:39:33] WebSocket 连接已添加，当前连接数: 1
[2025-04-18 10:39:33] GET /api/finance/trade-calendar - 465ms
[2025-04-18 10:40:24] WebSocket 广播消息成功发送到 1/1 个连接
[2025-04-18 10:40:55] WebSocket 连接已关闭
[2025-04-18 10:40:55] WebSocket 连接已移除，当前连接数: 0
[2025-04-18 10:42:06] GET /api/finance/news/cls - 0ms
[2025-04-18 10:42:06] GET /api/finance/time - 0ms
[2025-04-18 10:42:06] WebSocket 连接已添加，当前连接数: 1
[2025-04-18 10:42:06] GET /api/finance/trade-calendar - 433ms
[2025-04-18 10:42:24] WebSocket 广播消息成功发送到 1/1 个连接
[2025-04-18 10:44:24] WebSocket 广播消息成功发送到 1/1 个连接
[2025-04-18 10:44:44] WebSocket 连接已关闭
[2025-04-18 10:44:44] WebSocket 连接已移除，当前连接数: 0
[2025-04-18 10:44:44] GET /api/finance/news/cls - 0ms
[2025-04-18 10:44:44] GET /api/finance/time - 0ms
[2025-04-18 10:44:44] WebSocket 连接已添加，当前连接数: 1
[2025-04-18 10:44:45] GET /api/finance/trade-calendar - 447ms
[2025-04-18 10:45:51] Koa 和 WebSocket 服务器已启动，监听端口 3300
[2025-04-18 10:45:51] WebSocket 连接已添加，当前连接数: 1
[2025-04-18 10:45:51] WebSocket 广播消息成功发送到 1/1 个连接
[2025-04-18 10:46:05] WebSocket 连接已添加，当前连接数: 2
[2025-04-18 10:46:05] WebSocket 连接已关闭
[2025-04-18 10:46:05] WebSocket 连接已移除，当前连接数: 1
[2025-04-18 10:46:16] Koa 和 WebSocket 服务器已启动，监听端口 3300
[2025-04-18 10:46:16] WebSocket 广播消息成功发送到 0/0 个连接
[2025-04-18 10:46:18] WebSocket 连接已添加，当前连接数: 1
[2025-04-18 10:46:19] WebSocket 连接已添加，当前连接数: 2
[2025-04-18 10:46:19] WebSocket 连接已关闭
[2025-04-18 10:46:19] WebSocket 连接已移除，当前连接数: 1
[2025-04-18 10:46:24] Koa 和 WebSocket 服务器已启动，监听端口 3300
[2025-04-18 10:46:24] WebSocket 广播消息成功发送到 0/0 个连接
[2025-04-18 10:46:26] WebSocket 连接已添加，当前连接数: 1
[2025-04-18 10:52:24] WebSocket 广播消息成功发送到 1/1 个连接
[2025-04-18 10:53:06] Koa 和 WebSocket 服务器已启动，监听端口 3300
[2025-04-18 10:53:06] WebSocket 广播消息成功发送到 0/0 个连接
[2025-04-18 10:53:08] WebSocket 连接已添加，当前连接数: 1
[2025-04-18 10:53:19] Koa 和 WebSocket 服务器已启动，监听端口 3300
[2025-04-18 10:53:20] WebSocket 广播消息成功发送到 0/0 个连接
[2025-04-18 10:53:22] WebSocket 连接已添加，当前连接数: 1
[2025-04-18 10:55:20] WebSocket 广播消息成功发送到 1/1 个连接
[2025-04-18 10:55:37] Koa 和 WebSocket 服务器已启动，监听端口 3300
[2025-04-18 10:55:37] WebSocket 广播消息成功发送到 0/0 个连接
[2025-04-18 10:55:38] Koa 和 WebSocket 服务器已启动，监听端口 3300
[2025-04-18 10:55:39] WebSocket 广播消息成功发送到 0/0 个连接
[2025-04-18 10:55:40] WebSocket 连接已添加，当前连接数: 1
[2025-04-18 10:55:43] Koa 和 WebSocket 服务器已启动，监听端口 3300
[2025-04-18 10:55:43] WebSocket 广播消息成功发送到 0/0 个连接
[2025-04-18 10:55:46] WebSocket 连接已添加，当前连接数: 1
[2025-04-18 10:56:22] Koa 和 WebSocket 服务器已启动，监听端口 3300
[2025-04-18 10:56:23] WebSocket 广播消息成功发送到 0/0 个连接
[2025-04-18 10:56:23] WebSocket 连接已添加，当前连接数: 1
[2025-04-18 10:56:28] Koa 和 WebSocket 服务器已启动，监听端口 3300
[2025-04-18 10:56:28] WebSocket 广播消息成功发送到 0/0 个连接
[2025-04-18 10:56:30] WebSocket 连接已添加，当前连接数: 1
[2025-04-18 10:56:37] WebSocket 连接已关闭
[2025-04-18 10:56:37] WebSocket 连接已移除，当前连接数: 0
[2025-04-18 10:56:37] WebSocket 连接已添加，当前连接数: 1
[2025-04-18 10:56:51] WebSocket 连接已关闭
[2025-04-18 10:56:51] WebSocket 连接已移除，当前连接数: 0
[2025-04-18 10:56:51] WebSocket 连接已添加，当前连接数: 1
[2025-04-18 10:57:11] Koa 和 WebSocket 服务器已启动，监听端口 3300
[2025-04-18 10:57:11] WebSocket 广播消息成功发送到 0/0 个连接
[2025-04-18 10:57:13] WebSocket 连接已添加，当前连接数: 1
[2025-04-18 10:57:14] Koa 和 WebSocket 服务器已启动，监听端口 3300
[2025-04-18 10:57:14] WebSocket 广播消息成功发送到 0/0 个连接
[2025-04-18 10:57:16] WebSocket 连接已添加，当前连接数: 1
[2025-04-18 10:57:31] Koa 和 WebSocket 服务器已启动，监听端口 3300
[2025-04-18 10:57:31] WebSocket 广播消息成功发送到 0/0 个连接
[2025-04-18 10:57:34] WebSocket 连接已添加，当前连接数: 1
[2025-04-18 10:58:13] Koa 和 WebSocket 服务器已启动，监听端口 3300
[2025-04-18 10:58:14] WebSocket 广播消息成功发送到 0/0 个连接
[2025-04-18 10:58:16] WebSocket 连接已添加，当前连接数: 1
[2025-04-18 11:06:14] WebSocket 广播消息成功发送到 1/1 个连接
[2025-04-18 11:10:08] WebSocket 连接已关闭
[2025-04-18 11:10:08] WebSocket 连接已移除，当前连接数: 0
[2025-04-18 11:10:11] GET /api/finance/news/cls - 1ms
[2025-04-18 11:10:11] GET /api/finance/time - 0ms
[2025-04-18 11:10:11] WebSocket 连接已添加，当前连接数: 1
[2025-04-18 11:10:12] GET /api/finance/trade-calendar - 474ms
[2025-04-18 11:10:12] WebSocket 连接已关闭
[2025-04-18 11:10:12] WebSocket 连接已移除，当前连接数: 0
[2025-04-18 11:10:12] GET /api/finance/news/cls - 0ms
[2025-04-18 11:10:12] GET /api/finance/time - 0ms
[2025-04-18 11:10:12] WebSocket 连接已添加，当前连接数: 1
[2025-04-18 11:10:13] GET /api/finance/trade-calendar - 289ms
[2025-04-18 11:10:14] WebSocket 广播消息成功发送到 1/1 个连接
[2025-04-18 11:10:27] WebSocket 连接已关闭
[2025-04-18 11:10:27] WebSocket 连接已移除，当前连接数: 0
[2025-04-18 11:10:28] GET /api/finance/news/cls - 0ms
[2025-04-18 11:10:28] GET /api/finance/time - 0ms
[2025-04-18 11:10:28] WebSocket 连接已添加，当前连接数: 1
[2025-04-18 11:10:28] GET /api/finance/trade-calendar - 355ms
[2025-04-18 11:11:01] WebSocket 连接已关闭
[2025-04-18 11:11:01] WebSocket 连接已移除，当前连接数: 0
[2025-04-18 11:11:02] GET /api/finance/news/cls - 0ms
[2025-04-18 11:11:02] GET /api/finance/time - 0ms
[2025-04-18 11:11:02] WebSocket 连接已添加，当前连接数: 1
[2025-04-18 11:11:02] GET /api/finance/trade-calendar - 429ms
[2025-04-18 11:12:14] WebSocket 广播消息成功发送到 1/1 个连接
[2025-04-18 11:14:14] WebSocket 广播消息成功发送到 1/1 个连接
[2025-04-18 11:18:14] WebSocket 广播消息成功发送到 1/1 个连接
[2025-04-18 11:19:31] Koa 和 WebSocket 服务器已启动，监听端口 3300
[2025-04-18 11:19:31] WebSocket 广播消息成功发送到 0/0 个连接
[2025-04-18 11:19:33] WebSocket 连接已添加，当前连接数: 1
[2025-04-18 11:22:09] Koa 和 WebSocket 服务器已启动，监听端口 3300
[2025-04-18 11:22:10] WebSocket 广播消息成功发送到 0/0 个连接
[2025-04-18 11:22:12] WebSocket 连接已添加，当前连接数: 1
[2025-04-18 11:22:31] Koa 和 WebSocket 服务器已启动，监听端口 3300
[2025-04-18 11:22:31] WebSocket 广播消息成功发送到 0/0 个连接
[2025-04-18 11:22:33] WebSocket 连接已添加，当前连接数: 1
[2025-04-18 11:22:49] Koa 和 WebSocket 服务器已启动，监听端口 3300
[2025-04-18 11:22:49] WebSocket 广播消息成功发送到 0/0 个连接
[2025-04-18 11:22:50] Koa 和 WebSocket 服务器已启动，监听端口 3300
[2025-04-18 11:22:50] WebSocket 广播消息成功发送到 0/0 个连接
[2025-04-18 11:22:51] WebSocket 连接已添加，当前连接数: 1
[2025-04-18 11:23:21] Koa 和 WebSocket 服务器已启动，监听端口 3300
[2025-04-18 11:23:21] WebSocket 广播消息成功发送到 0/0 个连接
[2025-04-18 11:23:23] WebSocket 连接已添加，当前连接数: 1
[2025-04-18 11:23:36] WebSocket 连接已关闭
[2025-04-18 11:23:36] WebSocket 连接已移除，当前连接数: 0
[2025-04-18 11:23:37] GET /api/finance/news/cls - 2ms
[2025-04-18 11:23:37] GET /api/finance/time - 0ms
[2025-04-18 11:23:37] WebSocket 连接已添加，当前连接数: 1
[2025-04-18 11:23:37] GET /api/finance/trade-calendar - 653ms
[2025-04-18 11:23:48] Koa 和 WebSocket 服务器已启动，监听端口 3300
[2025-04-18 11:23:48] WebSocket 广播消息成功发送到 0/0 个连接
[2025-04-18 11:23:50] WebSocket 连接已添加，当前连接数: 1
[2025-04-18 11:23:56] WebSocket 连接已关闭
[2025-04-18 11:23:56] WebSocket 连接已移除，当前连接数: 0
[2025-04-18 11:23:56] GET /api/finance/news/cls - 2ms
[2025-04-18 11:23:56] GET /api/finance/time - 0ms
[2025-04-18 11:23:56] WebSocket 连接已添加，当前连接数: 1
[2025-04-18 11:23:56] GET /api/finance/trade-calendar - 459ms
[2025-04-18 11:24:12] Koa 和 WebSocket 服务器已启动，监听端口 3300
[2025-04-18 11:24:13] WebSocket 广播消息成功发送到 0/0 个连接
[2025-04-18 11:24:14] WebSocket 连接已添加，当前连接数: 1
[2025-04-18 11:24:29] Koa 和 WebSocket 服务器已启动，监听端口 3300
[2025-04-18 11:24:29] WebSocket 广播消息成功发送到 0/0 个连接
[2025-04-18 11:24:31] WebSocket 连接已添加，当前连接数: 1
[2025-04-18 11:24:49] Koa 和 WebSocket 服务器已启动，监听端口 3300
[2025-04-18 11:24:50] WebSocket 广播消息成功发送到 0/0 个连接
[2025-04-18 11:24:53] GET /api/finance/news/cls - 2ms
[2025-04-18 11:24:53] GET /api/finance/time - 0ms
[2025-04-18 11:24:53] WebSocket 连接已添加，当前连接数: 1
[2025-04-18 11:24:53] GET /api/finance/trade-calendar - 512ms
[2025-04-18 11:24:59] WebSocket 广播消息成功发送到 1/1 个连接
[2025-04-18 11:25:09] WebSocket 广播消息成功发送到 1/1 个连接
[2025-04-18 11:25:19] WebSocket 广播消息成功发送到 1/1 个连接
[2025-04-18 11:25:26] Koa 和 WebSocket 服务器已启动，监听端口 3300
[2025-04-18 11:25:26] WebSocket 广播消息成功发送到 0/0 个连接
[2025-04-18 11:25:28] WebSocket 连接已添加，当前连接数: 1
[2025-04-18 11:25:33] Koa 和 WebSocket 服务器已启动，监听端口 3300
[2025-04-18 11:25:33] WebSocket 广播消息成功发送到 0/0 个连接
[2025-04-18 11:25:34] Koa 和 WebSocket 服务器已启动，监听端口 3300
[2025-04-18 11:25:34] WebSocket 广播消息成功发送到 0/0 个连接
[2025-04-18 11:25:34] WebSocket 连接已添加，当前连接数: 1
[2025-04-18 11:25:50] Koa 和 WebSocket 服务器已启动，监听端口 3300
[2025-04-18 11:25:50] WebSocket 广播消息成功发送到 0/0 个连接
[2025-04-18 11:25:51] Koa 和 WebSocket 服务器已启动，监听端口 3300
[2025-04-18 11:25:51] WebSocket 广播消息成功发送到 0/0 个连接
[2025-04-18 11:25:52] WebSocket 连接已添加，当前连接数: 1
[2025-04-18 11:25:53] WebSocket 连接已关闭
[2025-04-18 11:25:53] WebSocket 连接已移除，当前连接数: 0
[2025-04-18 11:25:53] GET /api/finance/news/cls - 2ms
[2025-04-18 11:25:53] GET /api/finance/time - 0ms
[2025-04-18 11:25:53] WebSocket 连接已添加，当前连接数: 1
[2025-04-18 11:25:53] GET /api/finance/trade-calendar - 350ms
[2025-04-18 11:26:45] Koa 和 WebSocket 服务器已启动，监听端口 3300
[2025-04-18 11:26:45] WebSocket 广播消息成功发送到 0/0 个连接
[2025-04-18 11:26:49] GET /api/finance/news/cls - 2ms
[2025-04-18 11:26:49] GET /api/finance/time - 1ms
[2025-04-18 11:26:49] WebSocket 连接已添加，当前连接数: 1
[2025-04-18 11:26:49] GET /api/finance/trade-calendar - 397ms
[2025-04-18 11:27:17] Koa 和 WebSocket 服务器已启动，监听端口 3300
[2025-04-18 11:27:17] WebSocket 广播消息成功发送到 0/0 个连接
[2025-04-18 11:27:19] GET /api/finance/news/cls - 2ms
[2025-04-18 11:27:19] GET /api/finance/time - 1ms
[2025-04-18 11:27:19] WebSocket 连接已添加，当前连接数: 1
[2025-04-18 11:27:20] GET /api/finance/trade-calendar - 370ms
[2025-04-18 11:27:46] Koa 和 WebSocket 服务器已启动，监听端口 3300
[2025-04-18 11:27:46] WebSocket 广播消息成功发送到 0/0 个连接
[2025-04-18 11:27:48] WebSocket 连接已添加，当前连接数: 1
[2025-04-18 11:27:52] Koa 和 WebSocket 服务器已启动，监听端口 3300
[2025-04-18 11:27:52] WebSocket 广播消息成功发送到 0/0 个连接
[2025-04-18 11:27:54] WebSocket 连接已添加，当前连接数: 1
[2025-04-18 11:28:18] Koa 和 WebSocket 服务器已启动，监听端口 3300
[2025-04-18 11:28:18] WebSocket 广播消息成功发送到 0/0 个连接
[2025-04-18 11:28:19] Koa 和 WebSocket 服务器已启动，监听端口 3300
[2025-04-18 11:28:19] WebSocket 连接已添加，当前连接数: 1
[2025-04-18 11:28:20] WebSocket 广播消息成功发送到 1/1 个连接
[2025-04-18 11:28:25] Koa 和 WebSocket 服务器已启动，监听端口 3300
[2025-04-18 11:28:26] WebSocket 广播消息成功发送到 0/0 个连接
[2025-04-18 11:28:26] WebSocket 连接已添加，当前连接数: 1
[2025-04-18 11:28:28] WebSocket 连接已关闭
[2025-04-18 11:28:28] WebSocket 连接已移除，当前连接数: 0
[2025-04-18 11:28:28] GET /api/finance/news/cls - 1ms
[2025-04-18 11:28:28] GET /api/finance/time - 0ms
[2025-04-18 11:28:28] WebSocket 连接已添加，当前连接数: 1
[2025-04-18 11:28:28] GET /api/finance/trade-calendar - 373ms
[2025-04-18 11:29:16] Koa 和 WebSocket 服务器已启动，监听端口 3300
[2025-04-18 11:29:16] WebSocket 广播消息成功发送到 0/0 个连接
[2025-04-18 11:29:19] WebSocket 连接已添加，当前连接数: 1
[2025-04-18 11:29:22] Koa 和 WebSocket 服务器已启动，监听端口 3300
[2025-04-18 11:29:22] WebSocket 广播消息成功发送到 0/0 个连接
[2025-04-18 11:29:25] WebSocket 连接已添加，当前连接数: 1
[2025-04-18 11:29:28] WebSocket 连接已关闭
[2025-04-18 11:29:28] WebSocket 连接已移除，当前连接数: 0
[2025-04-18 11:29:28] GET /api/finance/news/cls - 1ms
[2025-04-18 11:29:28] GET /api/finance/time - 0ms
[2025-04-18 11:29:28] WebSocket 连接已添加，当前连接数: 1
[2025-04-18 11:29:29] GET /api/finance/trade-calendar - 492ms
[2025-04-18 11:29:33] WebSocket 广播消息成功发送到 1/1 个连接
[2025-04-18 11:29:43] WebSocket 广播消息成功发送到 1/1 个连接
[2025-04-18 11:29:53] WebSocket 广播消息成功发送到 1/1 个连接
[2025-04-18 11:29:56] Koa 和 WebSocket 服务器已启动，监听端口 3300
[2025-04-18 11:29:57] WebSocket 广播消息成功发送到 0/0 个连接
[2025-04-18 11:29:59] WebSocket 连接已添加，当前连接数: 1
[2025-04-18 11:31:23] Koa 和 WebSocket 服务器已启动，监听端口 3300
[2025-04-18 11:31:24] WebSocket 广播消息成功发送到 0/0 个连接
[2025-04-18 11:31:25] WebSocket 连接已添加，当前连接数: 1
[2025-04-18 11:31:50] Koa 和 WebSocket 服务器已启动，监听端口 3300
[2025-04-18 11:31:50] WebSocket 广播消息成功发送到 0/0 个连接
[2025-04-18 11:31:52] WebSocket 连接已添加，当前连接数: 1
[2025-04-18 11:31:58] Koa 和 WebSocket 服务器已启动，监听端口 3300
[2025-04-18 11:31:58] WebSocket 广播消息成功发送到 0/0 个连接
[2025-04-18 11:32:00] Koa 和 WebSocket 服务器已启动，监听端口 3300
[2025-04-18 11:32:00] WebSocket 广播消息成功发送到 0/0 个连接
[2025-04-18 11:32:00] WebSocket 连接已添加，当前连接数: 1
[2025-04-18 11:32:11] WebSocket 连接已关闭
[2025-04-18 11:32:11] WebSocket 连接已移除，当前连接数: 0
[2025-04-18 11:32:11] GET /api/finance/news/cls - 1ms
[2025-04-18 11:32:11] GET /api/finance/time - 0ms
[2025-04-18 11:32:11] WebSocket 连接已添加，当前连接数: 1
[2025-04-18 11:32:11] GET /api/finance/trade-calendar - 335ms
[2025-04-18 11:34:00] WebSocket 广播消息成功发送到 1/1 个连接
[2025-04-18 11:36:00] WebSocket 广播消息成功发送到 1/1 个连接
[2025-04-18 11:42:00] WebSocket 广播消息成功发送到 1/1 个连接
[2025-04-18 11:54:00] WebSocket 广播消息成功发送到 1/1 个连接
[2025-04-18 11:56:00] WebSocket 广播消息成功发送到 1/1 个连接
[2025-04-18 11:58:00] WebSocket 广播消息成功发送到 1/1 个连接
[2025-04-18 12:00:00] WebSocket 广播消息成功发送到 1/1 个连接
[2025-04-18 12:01:01] GET /api/finance/news/cls - 0ms
[2025-04-18 12:02:00] WebSocket 广播消息成功发送到 1/1 个连接
[2025-04-18 12:10:00] WebSocket 广播消息成功发送到 1/1 个连接
[2025-04-18 12:18:00] WebSocket 广播消息成功发送到 1/1 个连接
[2025-04-18 12:20:00] WebSocket 广播消息成功发送到 1/1 个连接
[2025-04-18 12:22:00] WebSocket 广播消息成功发送到 1/1 个连接
[2025-04-18 12:37:01] GET /api/finance/news/cls - 0ms
[2025-04-18 12:38:00] WebSocket 广播消息成功发送到 1/1 个连接
[2025-04-18 13:57:23] Koa 和 WebSocket 服务器已启动，监听端口 3300
[2025-04-18 13:57:24] WebSocket 广播消息成功发送到 0/0 个连接
[2025-04-18 13:57:43] GET /api/finance/news/cls - 1ms
[2025-04-18 13:57:43] GET /api/finance/time - 1ms
[2025-04-18 13:57:43] WebSocket 连接已添加，当前连接数: 1
[2025-04-18 13:57:44] GET /api/finance/trade-calendar - 296ms
[2025-04-18 13:57:45] WebSocket 广播消息成功发送到 1/1 个连接
[2025-04-18 13:57:54] WebSocket 广播消息成功发送到 1/1 个连接
[2025-04-18 13:58:04] WebSocket 广播消息成功发送到 1/1 个连接
[2025-04-18 13:58:14] WebSocket 广播消息成功发送到 1/1 个连接
[2025-04-18 13:58:24] WebSocket 广播消息成功发送到 1/1 个连接
[2025-04-18 13:58:34] WebSocket 广播消息成功发送到 1/1 个连接
[2025-04-18 13:58:44] WebSocket 广播消息成功发送到 1/1 个连接
[2025-04-18 13:58:54] WebSocket 广播消息成功发送到 1/1 个连接
[2025-04-18 13:58:56] WebSocket 连接已关闭
[2025-04-18 13:58:56] WebSocket 连接已移除，当前连接数: 0
[2025-04-18 13:58:56] GET /api/finance/news/cls - 0ms
[2025-04-18 13:58:56] GET /api/finance/time - 0ms
[2025-04-18 13:58:56] WebSocket 连接已添加，当前连接数: 1
[2025-04-18 13:58:57] GET /api/finance/trade-calendar - 204ms
[2025-04-18 13:58:58] WebSocket 广播消息成功发送到 1/1 个连接
[2025-04-18 13:59:04] WebSocket 广播消息成功发送到 1/1 个连接
[2025-04-18 13:59:14] WebSocket 广播消息成功发送到 1/1 个连接
[2025-04-18 13:59:24] WebSocket 广播消息成功发送到 1/1 个连接
[2025-04-18 13:59:24] WebSocket 广播消息成功发送到 1/1 个连接
[2025-04-18 13:59:34] WebSocket 广播消息成功发送到 1/1 个连接
[2025-04-18 13:59:42] Koa 和 WebSocket 服务器已启动，监听端口 3300
[2025-04-18 13:59:42] WebSocket 广播消息成功发送到 0/0 个连接
[2025-04-18 13:59:45] GET /api/finance/news/cls - 1ms
[2025-04-18 13:59:45] GET /api/finance/time - 0ms
[2025-04-18 13:59:45] WebSocket 连接已添加，当前连接数: 1
[2025-04-18 13:59:45] GET /api/finance/trade-calendar - 259ms
[2025-04-18 13:59:47] WebSocket 广播消息成功发送到 1/1 个连接
[2025-04-18 13:59:53] WebSocket 广播消息成功发送到 1/1 个连接
[2025-04-18 14:00:03] WebSocket 广播消息成功发送到 1/1 个连接
[2025-04-18 14:00:13] WebSocket 广播消息成功发送到 1/1 个连接
[2025-04-18 14:00:23] WebSocket 广播消息成功发送到 1/1 个连接
[2025-04-18 14:00:33] WebSocket 广播消息成功发送到 1/1 个连接
[2025-04-18 14:00:43] WebSocket 广播消息成功发送到 1/1 个连接
[2025-04-18 14:00:48] Koa 和 WebSocket 服务器已启动，监听端口 3300
[2025-04-18 14:00:48] WebSocket 广播消息成功发送到 0/0 个连接
[2025-04-18 14:00:50] WebSocket 连接已添加，当前连接数: 1
[2025-04-18 14:00:51] Koa 和 WebSocket 服务器已启动，监听端口 3300
[2025-04-18 14:00:51] WebSocket 广播消息成功发送到 0/0 个连接
[2025-04-18 14:00:53] GET /api/finance/news/cls - 1ms
[2025-04-18 14:00:53] GET /api/finance/time - 0ms
[2025-04-18 14:00:53] WebSocket 连接已添加，当前连接数: 1
[2025-04-18 14:00:54] GET /api/finance/trade-calendar - 261ms
[2025-04-18 14:00:56] WebSocket 广播消息成功发送到 1/1 个连接
[2025-04-18 14:01:01] WebSocket 广播消息成功发送到 1/1 个连接
[2025-04-18 14:01:11] WebSocket 广播消息成功发送到 1/1 个连接
[2025-04-18 14:01:21] WebSocket 广播消息成功发送到 1/1 个连接
[2025-04-18 14:01:31] WebSocket 广播消息成功发送到 1/1 个连接
[2025-04-18 14:01:41] WebSocket 广播消息成功发送到 1/1 个连接
[2025-04-18 14:01:51] WebSocket 广播消息成功发送到 1/1 个连接
[2025-04-18 14:02:01] WebSocket 广播消息成功发送到 1/1 个连接
[2025-04-18 14:02:10] WebSocket 连接已关闭
[2025-04-18 14:02:10] WebSocket 连接已移除，当前连接数: 0
[2025-04-18 14:02:11] GET /api/finance/news/cls - 0ms
[2025-04-18 14:02:11] GET /api/finance/time - 0ms
[2025-04-18 14:02:11] WebSocket 连接已添加，当前连接数: 1
[2025-04-18 14:02:11] WebSocket 广播消息成功发送到 1/1 个连接
[2025-04-18 14:02:11] GET /api/finance/trade-calendar - 299ms
[2025-04-18 14:02:12] WebSocket 广播消息成功发送到 1/1 个连接
[2025-04-18 14:02:16] WebSocket 连接已关闭
[2025-04-18 14:02:16] WebSocket 连接已移除，当前连接数: 0
[2025-04-18 14:02:16] GET /api/finance/news/cls - 0ms
[2025-04-18 14:02:16] GET /api/finance/time - 0ms
[2025-04-18 14:02:16] WebSocket 连接已添加，当前连接数: 1
[2025-04-18 14:02:16] GET /api/finance/trade-calendar - 151ms
[2025-04-18 14:02:17] WebSocket 广播消息成功发送到 1/1 个连接
[2025-04-18 14:02:21] WebSocket 广播消息成功发送到 1/1 个连接
[2025-04-18 14:02:31] WebSocket 广播消息成功发送到 1/1 个连接
[2025-04-18 14:02:32] WebSocket 连接已关闭
[2025-04-18 14:02:32] WebSocket 连接已移除，当前连接数: 0
[2025-04-18 14:02:33] GET /api/finance/news/cls - 0ms
[2025-04-18 14:02:33] GET /api/finance/time - 0ms
[2025-04-18 14:02:33] WebSocket 连接已添加，当前连接数: 1
[2025-04-18 14:02:33] GET /api/finance/trade-calendar - 220ms
[2025-04-18 14:02:34] WebSocket 广播消息成功发送到 1/1 个连接
[2025-04-18 14:02:38] WebSocket 连接已关闭
[2025-04-18 14:02:38] WebSocket 连接已移除，当前连接数: 0
[2025-04-18 14:02:39] GET /api/finance/news/cls - 0ms
[2025-04-18 14:02:39] GET /api/finance/time - 0ms
[2025-04-18 14:02:39] WebSocket 连接已添加，当前连接数: 1
[2025-04-18 14:02:39] GET /api/finance/trade-calendar - 201ms
[2025-04-18 14:02:40] WebSocket 广播消息成功发送到 1/1 个连接
[2025-04-18 14:02:41] WebSocket 广播消息成功发送到 1/1 个连接
[2025-04-18 14:02:51] WebSocket 广播消息成功发送到 1/1 个连接
[2025-04-18 14:02:51] WebSocket 广播消息成功发送到 1/1 个连接
[2025-04-18 14:02:54] WebSocket 连接已关闭
[2025-04-18 14:02:54] WebSocket 连接已移除，当前连接数: 0
[2025-04-18 14:02:55] GET /api/finance/news/cls - 0ms
[2025-04-18 14:02:55] GET /api/finance/time - 0ms
[2025-04-18 14:02:55] WebSocket 连接已添加，当前连接数: 1
[2025-04-18 14:02:55] GET /api/finance/trade-calendar - 219ms
[2025-04-18 14:02:56] WebSocket 广播消息成功发送到 1/1 个连接
[2025-04-18 14:03:01] WebSocket 广播消息成功发送到 1/1 个连接
[2025-04-18 14:03:10] WebSocket 连接已关闭
[2025-04-18 14:03:10] WebSocket 连接已移除，当前连接数: 0
[2025-04-18 14:03:11] GET /api/finance/news/cls - 0ms
[2025-04-18 14:03:11] GET /api/finance/time - 1ms
[2025-04-18 14:03:11] WebSocket 连接已添加，当前连接数: 1
[2025-04-18 14:03:11] GET /api/finance/trade-calendar - 410ms
[2025-04-18 14:03:11] WebSocket 广播消息成功发送到 1/1 个连接
[2025-04-18 14:03:11] WebSocket 连接已关闭
[2025-04-18 14:03:11] WebSocket 连接已移除，当前连接数: 0
[2025-04-18 14:03:11] GET /api/finance/news/cls - 0ms
[2025-04-18 14:03:11] GET /api/finance/time - 1ms
[2025-04-18 14:03:12] WebSocket 连接已添加，当前连接数: 1
[2025-04-18 14:03:12] GET /api/finance/trade-calendar - 247ms
[2025-04-18 14:03:13] WebSocket 广播消息成功发送到 1/1 个连接
[2025-04-18 14:03:21] WebSocket 广播消息成功发送到 1/1 个连接
[2025-04-18 14:03:31] WebSocket 广播消息成功发送到 1/1 个连接
[2025-04-18 14:03:41] WebSocket 广播消息成功发送到 1/1 个连接
[2025-04-18 14:03:51] WebSocket 广播消息成功发送到 1/1 个连接
[2025-04-18 14:03:58] WebSocket 连接已关闭
[2025-04-18 14:03:58] WebSocket 连接已移除，当前连接数: 0
[2025-04-18 14:03:58] GET /api/finance/news/cls - 1ms
[2025-04-18 14:03:58] GET /api/finance/time - 0ms
[2025-04-18 14:03:58] WebSocket 连接已添加，当前连接数: 1
[2025-04-18 14:03:58] GET /api/finance/trade-calendar - 271ms
[2025-04-18 14:03:59] WebSocket 广播消息成功发送到 1/1 个连接
[2025-04-18 14:04:01] WebSocket 广播消息成功发送到 1/1 个连接
[2025-04-18 14:04:11] WebSocket 广播消息成功发送到 1/1 个连接
[2025-04-18 14:04:21] WebSocket 广播消息成功发送到 1/1 个连接
[2025-04-18 14:04:31] WebSocket 广播消息成功发送到 1/1 个连接
[2025-04-18 14:04:31] WebSocket 连接已关闭
[2025-04-18 14:04:31] WebSocket 连接已移除，当前连接数: 0
[2025-04-18 14:04:32] GET /api/finance/news/cls - 0ms
[2025-04-18 14:04:32] GET /api/finance/time - 0ms
[2025-04-18 14:04:32] WebSocket 连接已添加，当前连接数: 1
[2025-04-18 14:04:32] GET /api/finance/trade-calendar - 256ms
[2025-04-18 14:04:33] WebSocket 广播消息成功发送到 1/1 个连接
[2025-04-18 14:04:41] WebSocket 广播消息成功发送到 1/1 个连接
[2025-04-18 14:04:51] WebSocket 广播消息成功发送到 1/1 个连接
[2025-04-18 14:05:01] WebSocket 广播消息成功发送到 1/1 个连接
[2025-04-18 14:05:11] WebSocket 广播消息成功发送到 1/1 个连接
[2025-04-18 14:05:21] WebSocket 广播消息成功发送到 1/1 个连接
[2025-04-18 14:05:22] WebSocket 连接已关闭
[2025-04-18 14:05:22] WebSocket 连接已移除，当前连接数: 0
[2025-04-18 14:05:22] GET /api/finance/news/cls - 0ms
[2025-04-18 14:05:23] GET /api/finance/news/cls - 0ms
[2025-04-18 14:05:23] GET /api/finance/time - 0ms
[2025-04-18 14:05:23] WebSocket 连接已添加，当前连接数: 1
[2025-04-18 14:05:23] GET /api/finance/trade-calendar - 292ms
[2025-04-18 14:05:24] WebSocket 广播消息成功发送到 1/1 个连接
[2025-04-18 14:05:31] WebSocket 广播消息成功发送到 1/1 个连接
[2025-04-18 14:05:40] WebSocket 连接已关闭
[2025-04-18 14:05:40] WebSocket 连接已移除，当前连接数: 0
[2025-04-18 14:05:41] GET /api/finance/news/cls - 0ms
[2025-04-18 14:05:41] GET /api/finance/time - 0ms
[2025-04-18 14:05:41] WebSocket 连接已添加，当前连接数: 1
[2025-04-18 14:05:41] GET /api/finance/trade-calendar - 296ms
[2025-04-18 14:05:41] WebSocket 广播消息成功发送到 1/1 个连接
[2025-04-18 14:05:42] WebSocket 广播消息成功发送到 1/1 个连接
[2025-04-18 14:05:51] WebSocket 广播消息成功发送到 1/1 个连接
[2025-04-18 14:06:01] WebSocket 广播消息成功发送到 1/1 个连接
[2025-04-18 14:06:10] WebSocket 连接已关闭
[2025-04-18 14:06:10] WebSocket 连接已移除，当前连接数: 0
[2025-04-18 14:06:10] GET /api/finance/news/cls - 0ms
[2025-04-18 14:06:10] GET /api/finance/time - 0ms
[2025-04-18 14:06:10] WebSocket 连接已添加，当前连接数: 1
[2025-04-18 14:06:11] GET /api/finance/trade-calendar - 291ms
[2025-04-18 14:06:11] WebSocket 广播消息成功发送到 1/1 个连接
[2025-04-18 14:06:12] WebSocket 广播消息成功发送到 1/1 个连接
[2025-04-18 14:06:21] WebSocket 广播消息成功发送到 1/1 个连接
[2025-04-18 14:06:23] WebSocket 连接已关闭
[2025-04-18 14:06:23] WebSocket 连接已移除，当前连接数: 0
[2025-04-18 14:06:24] GET /api/finance/time - 0ms
[2025-04-18 14:06:24] GET /api/finance/trade-calendar - 233ms
[2025-04-18 14:06:29] GET /api/finance/time - 0ms
[2025-04-18 14:06:30] GET /api/finance/trade-calendar - 298ms
[2025-04-18 14:06:31] WebSocket 广播消息成功发送到 0/0 个连接
[2025-04-18 14:06:41] WebSocket 广播消息成功发送到 0/0 个连接
[2025-04-18 14:06:51] WebSocket 广播消息成功发送到 0/0 个连接
[2025-04-18 14:06:51] WebSocket 广播消息成功发送到 0/0 个连接
[2025-04-18 14:07:01] WebSocket 广播消息成功发送到 0/0 个连接
[2025-04-18 14:07:11] WebSocket 广播消息成功发送到 0/0 个连接
[2025-04-18 14:07:21] WebSocket 广播消息成功发送到 0/0 个连接
[2025-04-18 14:07:31] WebSocket 广播消息成功发送到 0/0 个连接
[2025-04-18 14:07:41] WebSocket 广播消息成功发送到 0/0 个连接
[2025-04-18 14:07:51] WebSocket 广播消息成功发送到 0/0 个连接
[2025-04-18 14:08:01] WebSocket 广播消息成功发送到 0/0 个连接
[2025-04-18 14:08:09] GET /api/finance/news/cls - 0ms
[2025-04-18 14:08:09] GET /api/finance/time - 0ms
[2025-04-18 14:08:09] WebSocket 连接已添加，当前连接数: 1
[2025-04-18 14:08:09] WebSocket 连接已关闭
[2025-04-18 14:08:09] WebSocket 连接已移除，当前连接数: 0
[2025-04-18 14:08:09] GET /api/finance/trade-calendar - 278ms
[2025-04-18 14:08:11] WebSocket 广播消息成功发送到 0/0 个连接
[2025-04-18 14:08:11] WebSocket 连接已添加，当前连接数: 1
[2025-04-18 14:08:13] WebSocket 连接已关闭
[2025-04-18 14:08:13] WebSocket 连接已移除，当前连接数: 0
[2025-04-18 14:08:13] WebSocket 连接已添加，当前连接数: 1
[2025-04-18 14:08:17] WebSocket 连接已关闭
[2025-04-18 14:08:17] WebSocket 连接已移除，当前连接数: 0
[2025-04-18 14:08:17] WebSocket 连接已添加，当前连接数: 1
[2025-04-18 14:08:21] WebSocket 广播消息成功发送到 1/1 个连接
[2025-04-18 14:08:25] WebSocket 连接已关闭
[2025-04-18 14:08:25] WebSocket 连接已移除，当前连接数: 0
[2025-04-18 14:08:25] WebSocket 连接已添加，当前连接数: 1
[2025-04-18 14:08:31] WebSocket 广播消息成功发送到 1/1 个连接
[2025-04-18 14:08:41] WebSocket 广播消息成功发送到 1/1 个连接
[2025-04-18 14:08:51] WebSocket 广播消息成功发送到 1/1 个连接
[2025-04-18 14:08:51] WebSocket 广播消息成功发送到 1/1 个连接
[2025-04-18 14:09:01] WebSocket 广播消息成功发送到 1/1 个连接
[2025-04-18 14:09:11] WebSocket 广播消息成功发送到 1/1 个连接
[2025-04-18 14:09:21] WebSocket 广播消息成功发送到 1/1 个连接
[2025-04-18 14:09:31] WebSocket 广播消息成功发送到 1/1 个连接
[2025-04-18 14:09:41] WebSocket 广播消息成功发送到 1/1 个连接
[2025-04-18 14:09:51] WebSocket 广播消息成功发送到 1/1 个连接
[2025-04-18 14:10:01] WebSocket 广播消息成功发送到 1/1 个连接
[2025-04-18 14:10:11] WebSocket 广播消息成功发送到 1/1 个连接
[2025-04-18 14:10:21] WebSocket 连接已关闭
[2025-04-18 14:10:21] WebSocket 连接已移除，当前连接数: 0
[2025-04-18 14:10:21] GET /api/finance/news/cls - 0ms
[2025-04-18 14:10:21] GET /api/finance/news/cls - 0ms
[2025-04-18 14:10:21] GET /api/finance/time - 0ms
[2025-04-18 14:10:21] WebSocket 连接已添加，当前连接数: 1
[2025-04-18 14:10:21] GET /api/finance/trade-calendar - 284ms
[2025-04-18 14:10:21] WebSocket 广播消息成功发送到 1/1 个连接
[2025-04-18 14:10:31] WebSocket 广播消息成功发送到 1/1 个连接
[2025-04-18 14:10:41] WebSocket 广播消息成功发送到 1/1 个连接
[2025-04-18 14:10:51] WebSocket 广播消息成功发送到 1/1 个连接
[2025-04-18 14:11:01] WebSocket 广播消息成功发送到 1/1 个连接
[2025-04-18 14:11:03] WebSocket 连接已关闭
[2025-04-18 14:11:03] WebSocket 连接已移除，当前连接数: 0
[2025-04-18 14:11:03] WebSocket 连接已添加，当前连接数: 1
[2025-04-18 14:11:03] GET /api/finance/news/cls - 0ms
[2025-04-18 14:11:03] GET /api/finance/time - 0ms
[2025-04-18 14:11:03] WebSocket 连接已关闭
[2025-04-18 14:11:03] WebSocket 连接已移除，当前连接数: 0
[2025-04-18 14:11:03] WebSocket 连接已添加，当前连接数: 1
[2025-04-18 14:11:03] GET /api/finance/trade-calendar - 235ms
[2025-04-18 14:11:05] WebSocket 广播消息成功发送到 1/1 个连接
[2025-04-18 14:11:11] WebSocket 广播消息成功发送到 1/1 个连接
[2025-04-18 14:11:21] WebSocket 广播消息成功发送到 1/1 个连接
[2025-04-18 14:11:31] WebSocket 广播消息成功发送到 1/1 个连接
[2025-04-18 14:11:38] WebSocket 连接已关闭
[2025-04-18 14:11:38] WebSocket 连接已移除，当前连接数: 0
[2025-04-18 14:11:39] WebSocket 连接已添加，当前连接数: 1
[2025-04-18 14:11:39] GET /api/finance/news/cls - 0ms
[2025-04-18 14:11:39] GET /api/finance/time - 0ms
[2025-04-18 14:11:39] WebSocket 连接已关闭
[2025-04-18 14:11:39] WebSocket 连接已移除，当前连接数: 0
[2025-04-18 14:11:39] WebSocket 连接已添加，当前连接数: 1
[2025-04-18 14:11:39] GET /api/finance/trade-calendar - 282ms
[2025-04-18 14:11:40] WebSocket 广播消息成功发送到 1/1 个连接
[2025-04-18 14:11:41] WebSocket 广播消息成功发送到 1/1 个连接
[2025-04-18 14:11:48] WebSocket 连接已关闭
[2025-04-18 14:11:48] WebSocket 连接已移除，当前连接数: 0
[2025-04-18 14:11:49] WebSocket 连接已添加，当前连接数: 1
[2025-04-18 14:11:49] GET /api/finance/news/cls - 0ms
[2025-04-18 14:11:49] GET /api/finance/time - 0ms
[2025-04-18 14:11:49] WebSocket 连接已关闭
[2025-04-18 14:11:49] WebSocket 连接已移除，当前连接数: 0
[2025-04-18 14:11:49] WebSocket 连接已添加，当前连接数: 1
[2025-04-18 14:11:49] GET /api/finance/trade-calendar - 279ms
[2025-04-18 14:11:50] WebSocket 广播消息成功发送到 1/1 个连接
[2025-04-18 14:11:51] WebSocket 广播消息成功发送到 1/1 个连接
[2025-04-18 14:11:54] WebSocket 连接已关闭
[2025-04-18 14:11:54] WebSocket 连接已移除，当前连接数: 0
[2025-04-18 14:11:54] WebSocket 连接已添加，当前连接数: 1
[2025-04-18 14:11:54] GET /api/finance/news/cls - 0ms
[2025-04-18 14:11:54] GET /api/finance/time - 0ms
[2025-04-18 14:11:54] WebSocket 连接已关闭
[2025-04-18 14:11:54] WebSocket 连接已移除，当前连接数: 0
[2025-04-18 14:11:54] WebSocket 连接已添加，当前连接数: 1
[2025-04-18 14:11:54] GET /api/finance/trade-calendar - 175ms
[2025-04-18 14:11:55] WebSocket 广播消息成功发送到 1/1 个连接
[2025-04-18 14:12:01] WebSocket 广播消息成功发送到 1/1 个连接
[2025-04-18 14:12:11] WebSocket 广播消息成功发送到 1/1 个连接
[2025-04-18 14:12:21] WebSocket 广播消息成功发送到 1/1 个连接
[2025-04-18 14:12:32] WebSocket 广播消息成功发送到 1/1 个连接
[2025-04-18 14:12:42] WebSocket 广播消息成功发送到 1/1 个连接
[2025-04-18 14:12:52] WebSocket 广播消息成功发送到 1/1 个连接
[2025-04-18 14:12:59] WebSocket 连接已关闭
[2025-04-18 14:12:59] WebSocket 连接已移除，当前连接数: 0
[2025-04-18 14:12:59] WebSocket 连接已添加，当前连接数: 1
[2025-04-18 14:12:59] GET /api/finance/news/cls - 0ms
[2025-04-18 14:12:59] WebSocket 连接已关闭
[2025-04-18 14:12:59] WebSocket 连接已移除，当前连接数: 0
[2025-04-18 14:12:59] WebSocket 连接已添加，当前连接数: 1
[2025-04-18 14:12:59] GET /api/finance/news/cls - 0ms
[2025-04-18 14:12:59] GET /api/finance/time - 0ms
[2025-04-18 14:12:59] WebSocket 连接已关闭
[2025-04-18 14:12:59] WebSocket 连接已移除，当前连接数: 0
[2025-04-18 14:12:59] WebSocket 连接已添加，当前连接数: 1
[2025-04-18 14:12:59] GET /api/finance/trade-calendar - 285ms
[2025-04-18 14:13:01] WebSocket 广播消息成功发送到 1/1 个连接
[2025-04-18 14:13:02] WebSocket 广播消息成功发送到 1/1 个连接
[2025-04-18 14:13:08] WebSocket 连接已关闭
[2025-04-18 14:13:08] WebSocket 连接已移除，当前连接数: 0
[2025-04-18 14:13:09] WebSocket 连接已添加，当前连接数: 1
[2025-04-18 14:13:09] GET /api/finance/news/cls - 0ms
[2025-04-18 14:13:09] GET /api/finance/time - 1ms
[2025-04-18 14:13:09] WebSocket 连接已关闭
[2025-04-18 14:13:09] WebSocket 连接已移除，当前连接数: 0
[2025-04-18 14:13:09] WebSocket 连接已添加，当前连接数: 1
[2025-04-18 14:13:09] GET /api/finance/trade-calendar - 276ms
[2025-04-18 14:13:11] WebSocket 广播消息成功发送到 1/1 个连接
[2025-04-18 14:13:12] WebSocket 广播消息成功发送到 1/1 个连接
[2025-04-18 14:13:22] WebSocket 广播消息成功发送到 1/1 个连接
[2025-04-18 14:13:30] WebSocket 连接已关闭
[2025-04-18 14:13:30] WebSocket 连接已移除，当前连接数: 0
[2025-04-18 14:13:30] WebSocket 连接已添加，当前连接数: 1
[2025-04-18 14:13:30] GET /api/finance/news/cls - 0ms
[2025-04-18 14:13:30] GET /api/finance/time - 0ms
[2025-04-18 14:13:30] WebSocket 连接已关闭
[2025-04-18 14:13:30] WebSocket 连接已移除，当前连接数: 0
[2025-04-18 14:13:30] WebSocket 连接已添加，当前连接数: 1
[2025-04-18 14:13:31] GET /api/finance/trade-calendar - 287ms
[2025-04-18 14:13:31] WebSocket 广播消息成功发送到 1/1 个连接
[2025-04-18 14:13:32] WebSocket 广播消息成功发送到 1/1 个连接
[2025-04-18 14:13:42] WebSocket 广播消息成功发送到 1/1 个连接
[2025-04-18 14:13:52] WebSocket 广播消息成功发送到 1/1 个连接
[2025-04-18 14:13:57] WebSocket 连接已关闭
[2025-04-18 14:13:57] WebSocket 连接已移除，当前连接数: 0
[2025-04-18 14:13:57] WebSocket 连接已添加，当前连接数: 1
[2025-04-18 14:13:57] WebSocket 连接已关闭
[2025-04-18 14:13:57] WebSocket 连接已移除，当前连接数: 0
[2025-04-18 14:13:57] GET /api/finance/news/cls - 0ms
[2025-04-18 14:13:57] WebSocket 连接已添加，当前连接数: 1
[2025-04-18 14:13:57] GET /api/finance/news/cls - 1ms
[2025-04-18 14:13:57] GET /api/finance/time - 0ms
[2025-04-18 14:13:57] WebSocket 连接已关闭
[2025-04-18 14:13:57] WebSocket 连接已移除，当前连接数: 0
[2025-04-18 14:13:57] WebSocket 连接已添加，当前连接数: 1
[2025-04-18 14:13:58] GET /api/finance/trade-calendar - 290ms
[2025-04-18 14:13:58] WebSocket 连接已关闭
[2025-04-18 14:13:58] WebSocket 连接已移除，当前连接数: 0
[2025-04-18 14:13:58] WebSocket 连接已添加，当前连接数: 1
[2025-04-18 14:13:58] GET /api/finance/news/cls - 0ms
[2025-04-18 14:13:58] GET /api/finance/time - 0ms
[2025-04-18 14:13:58] WebSocket 连接已关闭
[2025-04-18 14:13:58] WebSocket 连接已移除，当前连接数: 0
[2025-04-18 14:13:58] WebSocket 连接已添加，当前连接数: 1
[2025-04-18 14:13:59] GET /api/finance/trade-calendar - 191ms
[2025-04-18 14:14:01] WebSocket 广播消息成功发送到 1/1 个连接
[2025-04-18 14:14:01] WebSocket 广播消息成功发送到 1/1 个连接
[2025-04-18 14:14:12] WebSocket 广播消息成功发送到 1/1 个连接
[2025-04-18 14:14:22] WebSocket 广播消息成功发送到 1/1 个连接
[2025-04-18 14:14:32] WebSocket 广播消息成功发送到 1/1 个连接
[2025-04-18 14:14:42] WebSocket 广播消息成功发送到 1/1 个连接
[2025-04-18 14:14:47] WebSocket 连接已关闭
[2025-04-18 14:14:47] WebSocket 连接已移除，当前连接数: 0
[2025-04-18 14:14:47] WebSocket 连接已添加，当前连接数: 1
[2025-04-18 14:14:47] GET /api/finance/news/cls - 0ms
[2025-04-18 14:14:47] GET /api/finance/time - 0ms
[2025-04-18 14:14:47] WebSocket 连接已关闭
[2025-04-18 14:14:47] WebSocket 连接已移除，当前连接数: 0
[2025-04-18 14:14:47] WebSocket 连接已添加，当前连接数: 1
[2025-04-18 14:14:47] GET /api/finance/trade-calendar - 290ms
[2025-04-18 14:14:48] WebSocket 广播消息成功发送到 1/1 个连接
[2025-04-18 14:14:51] WebSocket 广播消息成功发送到 1/1 个连接
[2025-04-18 14:14:52] WebSocket 广播消息成功发送到 1/1 个连接
[2025-04-18 14:15:02] WebSocket 广播消息成功发送到 1/1 个连接
[2025-04-18 14:15:12] WebSocket 广播消息成功发送到 1/1 个连接
[2025-04-18 14:15:22] WebSocket 广播消息成功发送到 1/1 个连接
[2025-04-18 14:15:25] WebSocket 连接已关闭
[2025-04-18 14:15:25] WebSocket 连接已移除，当前连接数: 0
[2025-04-18 14:15:25] WebSocket 连接已添加，当前连接数: 1
[2025-04-18 14:15:25] GET /api/finance/news/cls - 0ms
[2025-04-18 14:15:25] WebSocket 连接已关闭
[2025-04-18 14:15:25] WebSocket 连接已移除，当前连接数: 0
[2025-04-18 14:15:25] WebSocket 连接已添加，当前连接数: 1
[2025-04-18 14:15:25] GET /api/finance/news/cls - 0ms
[2025-04-18 14:15:25] GET /api/finance/time - 0ms
[2025-04-18 14:15:25] WebSocket 连接已关闭
[2025-04-18 14:15:25] WebSocket 连接已移除，当前连接数: 0
[2025-04-18 14:15:25] WebSocket 连接已添加，当前连接数: 1
[2025-04-18 14:15:26] GET /api/finance/trade-calendar - 231ms
[2025-04-18 14:15:28] WebSocket 广播消息成功发送到 1/1 个连接
[2025-04-18 14:15:28] WebSocket 连接已关闭
[2025-04-18 14:15:28] WebSocket 连接已移除，当前连接数: 0
[2025-04-18 14:15:29] WebSocket 连接已添加，当前连接数: 1
[2025-04-18 14:15:29] GET /api/finance/news/cls - 0ms
[2025-04-18 14:15:29] GET /api/finance/time - 0ms
[2025-04-18 14:15:29] WebSocket 连接已关闭
[2025-04-18 14:15:29] WebSocket 连接已移除，当前连接数: 0
[2025-04-18 14:15:29] WebSocket 连接已添加，当前连接数: 1
[2025-04-18 14:15:29] GET /api/finance/trade-calendar - 150ms
[2025-04-18 14:15:30] WebSocket 广播消息成功发送到 1/1 个连接
[2025-04-18 14:15:32] WebSocket 广播消息成功发送到 1/1 个连接
[2025-04-18 14:15:42] WebSocket 广播消息成功发送到 1/1 个连接
[2025-04-18 14:15:52] WebSocket 广播消息成功发送到 1/1 个连接
[2025-04-18 14:16:02] WebSocket 广播消息成功发送到 1/1 个连接
[2025-04-18 14:16:02] WebSocket 连接已关闭
[2025-04-18 14:16:02] WebSocket 连接已移除，当前连接数: 0
[2025-04-18 14:16:02] WebSocket 连接已添加，当前连接数: 1
[2025-04-18 14:16:02] GET /api/finance/news/cls - 0ms
[2025-04-18 14:16:02] GET /api/finance/time - 0ms
[2025-04-18 14:16:02] WebSocket 连接已关闭
[2025-04-18 14:16:02] WebSocket 连接已移除，当前连接数: 0
[2025-04-18 14:16:02] WebSocket 连接已添加，当前连接数: 1
[2025-04-18 14:16:02] GET /api/finance/trade-calendar - 258ms
[2025-04-18 14:16:03] WebSocket 广播消息成功发送到 1/1 个连接
[2025-04-18 14:16:08] WebSocket 连接已关闭
[2025-04-18 14:16:08] WebSocket 连接已移除，当前连接数: 0
[2025-04-18 14:16:08] WebSocket 连接已添加，当前连接数: 1
[2025-04-18 14:16:08] GET /api/finance/news/cls - 0ms
[2025-04-18 14:16:08] GET /api/finance/time - 0ms
[2025-04-18 14:16:08] WebSocket 连接已关闭
[2025-04-18 14:16:08] WebSocket 连接已移除，当前连接数: 0
[2025-04-18 14:16:08] WebSocket 连接已添加，当前连接数: 1
[2025-04-18 14:16:08] GET /api/finance/trade-calendar - 21ms
[2025-04-18 14:16:12] WebSocket 广播消息成功发送到 1/1 个连接
[2025-04-18 14:16:22] WebSocket 广播消息成功发送到 1/1 个连接
[2025-04-18 14:16:32] WebSocket 广播消息成功发送到 1/1 个连接
[2025-04-18 14:16:42] WebSocket 广播消息成功发送到 1/1 个连接
[2025-04-18 14:16:52] WebSocket 广播消息成功发送到 1/1 个连接
[2025-04-18 14:17:02] WebSocket 广播消息成功发送到 1/1 个连接
[2025-04-18 14:17:12] WebSocket 广播消息成功发送到 1/1 个连接
[2025-04-18 14:17:22] WebSocket 广播消息成功发送到 1/1 个连接
[2025-04-18 14:17:32] WebSocket 广播消息成功发送到 1/1 个连接
[2025-04-18 14:17:42] WebSocket 广播消息成功发送到 1/1 个连接
[2025-04-18 14:17:52] WebSocket 广播消息成功发送到 1/1 个连接
[2025-04-18 14:18:02] WebSocket 广播消息成功发送到 1/1 个连接
[2025-04-18 14:18:04] WebSocket 连接已关闭
[2025-04-18 14:18:04] WebSocket 连接已移除，当前连接数: 0
[2025-04-18 14:18:05] WebSocket 连接已添加，当前连接数: 1
[2025-04-18 14:18:05] GET /api/finance/news/cls - 1ms
[2025-04-18 14:18:05] GET /api/finance/time - 0ms
[2025-04-18 14:18:05] WebSocket 连接已关闭
[2025-04-18 14:18:05] WebSocket 连接已移除，当前连接数: 0
[2025-04-18 14:18:05] WebSocket 连接已添加，当前连接数: 1
[2025-04-18 14:18:05] GET /api/finance/trade-calendar - 275ms
[2025-04-18 14:18:06] WebSocket 连接已关闭
[2025-04-18 14:18:06] WebSocket 连接已移除，当前连接数: 0
[2025-04-18 14:18:07] WebSocket 连接已添加，当前连接数: 1
[2025-04-18 14:18:07] GET /api/finance/news/cls - 0ms
[2025-04-18 14:18:07] GET /api/finance/time - 0ms
[2025-04-18 14:18:07] WebSocket 连接已关闭
[2025-04-18 14:18:07] WebSocket 连接已移除，当前连接数: 0
[2025-04-18 14:18:07] WebSocket 连接已添加，当前连接数: 1
[2025-04-18 14:18:07] GET /api/finance/trade-calendar - 222ms
[2025-04-18 14:18:08] WebSocket 广播消息成功发送到 1/1 个连接
[2025-04-18 14:18:12] WebSocket 广播消息成功发送到 1/1 个连接
[2025-04-18 14:18:22] WebSocket 广播消息成功发送到 1/1 个连接
[2025-04-18 14:18:30] WebSocket 连接已关闭
[2025-04-18 14:18:30] WebSocket 连接已移除，当前连接数: 0
[2025-04-18 14:18:30] WebSocket 连接已添加，当前连接数: 1
[2025-04-18 14:18:30] WebSocket 连接已关闭
[2025-04-18 14:18:30] WebSocket 连接已移除，当前连接数: 0
[2025-04-18 14:18:30] WebSocket 连接已添加，当前连接数: 1
[2025-04-18 14:18:30] GET /api/finance/news/cls - 1ms
[2025-04-18 14:18:30] GET /api/finance/time - 0ms
[2025-04-18 14:18:31] WebSocket 连接已关闭
[2025-04-18 14:18:31] WebSocket 连接已移除，当前连接数: 0
[2025-04-18 14:18:31] WebSocket 连接已添加，当前连接数: 1
[2025-04-18 14:18:32] WebSocket 广播消息成功发送到 1/1 个连接
[2025-04-18 14:18:32] GET /api/finance/trade-calendar - 1341ms
[2025-04-18 14:18:33] WebSocket 广播消息成功发送到 1/1 个连接
[2025-04-18 14:18:38] WebSocket 连接已关闭
[2025-04-18 14:18:38] WebSocket 连接已移除，当前连接数: 0
[2025-04-18 14:18:38] WebSocket 连接已添加，当前连接数: 1
[2025-04-18 14:18:38] GET /api/finance/news/cls - 1ms
[2025-04-18 14:18:38] WebSocket 连接已关闭
[2025-04-18 14:18:38] WebSocket 连接已移除，当前连接数: 0
[2025-04-18 14:18:38] WebSocket 连接已添加，当前连接数: 1
[2025-04-18 14:18:38] GET /api/finance/news/cls - 0ms
[2025-04-18 14:18:38] GET /api/finance/time - 1ms
[2025-04-18 14:18:42] WebSocket 广播消息成功发送到 1/1 个连接
[2025-04-18 14:18:45] WebSocket 连接已关闭
[2025-04-18 14:18:45] WebSocket 连接已移除，当前连接数: 0
[2025-04-18 14:18:45] WebSocket 连接已添加，当前连接数: 1
[2025-04-18 14:18:46] GET /api/finance/trade-calendar - 246ms
[2025-04-18 14:18:47] WebSocket 广播消息成功发送到 1/1 个连接
[2025-04-18 14:18:51] WebSocket 广播消息成功发送到 1/1 个连接
[2025-04-18 14:18:52] WebSocket 广播消息成功发送到 1/1 个连接
[2025-04-18 14:19:02] WebSocket 广播消息成功发送到 1/1 个连接
[2025-04-18 14:19:12] WebSocket 广播消息成功发送到 1/1 个连接
[2025-04-18 14:19:13] WebSocket 连接已关闭
[2025-04-18 14:19:13] WebSocket 连接已移除，当前连接数: 0
[2025-04-18 14:19:14] WebSocket 连接已添加，当前连接数: 1
[2025-04-18 14:19:14] GET /api/finance/news/cls - 0ms
[2025-04-18 14:19:14] GET /api/finance/time - 1ms
[2025-04-18 14:19:14] WebSocket 连接已关闭
[2025-04-18 14:19:14] WebSocket 连接已移除，当前连接数: 0
[2025-04-18 14:19:14] WebSocket 连接已添加，当前连接数: 1
[2025-04-18 14:19:14] GET /api/finance/trade-calendar - 259ms
[2025-04-18 14:19:16] WebSocket 广播消息成功发送到 1/1 个连接
[2025-04-18 14:19:20] WebSocket 连接已关闭
[2025-04-18 14:19:20] WebSocket 连接已移除，当前连接数: 0
[2025-04-18 14:19:21] WebSocket 连接已添加，当前连接数: 1
[2025-04-18 14:19:21] GET /api/finance/news/cls - 0ms
[2025-04-18 14:19:21] GET /api/finance/time - 0ms
[2025-04-18 14:19:21] WebSocket 连接已关闭
[2025-04-18 14:19:21] WebSocket 连接已移除，当前连接数: 0
[2025-04-18 14:19:21] WebSocket 连接已添加，当前连接数: 1
[2025-04-18 14:19:21] GET /api/finance/trade-calendar - 318ms
[2025-04-18 14:19:22] WebSocket 广播消息成功发送到 1/1 个连接
[2025-04-18 14:19:23] WebSocket 广播消息成功发送到 1/1 个连接
[2025-04-18 14:19:32] WebSocket 广播消息成功发送到 1/1 个连接
[2025-04-18 14:19:37] WebSocket 连接已关闭
[2025-04-18 14:19:37] WebSocket 连接已移除，当前连接数: 0
[2025-04-18 14:19:38] GET /api/finance/time - 1ms
[2025-04-18 14:19:38] GET /api/finance/trade-calendar - 304ms
[2025-04-18 14:19:42] WebSocket 广播消息成功发送到 0/0 个连接
[2025-04-18 14:19:51] WebSocket 连接已添加，当前连接数: 1
[2025-04-18 14:19:51] GET /api/finance/news/cls - 0ms
[2025-04-18 14:19:51] GET /api/finance/time - 0ms
[2025-04-18 14:19:51] WebSocket 连接已关闭
[2025-04-18 14:19:51] WebSocket 连接已移除，当前连接数: 0
[2025-04-18 14:19:51] WebSocket 连接已添加，当前连接数: 1
[2025-04-18 14:19:51] GET /api/finance/trade-calendar - 313ms
[2025-04-18 14:19:52] WebSocket 广播消息成功发送到 1/1 个连接
[2025-04-18 14:19:53] WebSocket 广播消息成功发送到 1/1 个连接
[2025-04-18 14:20:02] WebSocket 广播消息成功发送到 1/1 个连接
[2025-04-18 14:20:12] WebSocket 广播消息成功发送到 1/1 个连接
[2025-04-18 14:20:20] WebSocket 连接已关闭
[2025-04-18 14:20:20] WebSocket 连接已移除，当前连接数: 0
[2025-04-18 14:20:20] WebSocket 连接已添加，当前连接数: 1
[2025-04-18 14:20:20] GET /api/finance/news/cls - 0ms
[2025-04-18 14:20:20] GET /api/finance/time - 0ms
[2025-04-18 14:20:20] WebSocket 连接已关闭
[2025-04-18 14:20:20] WebSocket 连接已移除，当前连接数: 0
[2025-04-18 14:20:20] WebSocket 连接已添加，当前连接数: 1
[2025-04-18 14:20:21] GET /api/finance/trade-calendar - 314ms
[2025-04-18 14:20:22] WebSocket 广播消息成功发送到 1/1 个连接
[2025-04-18 14:20:22] WebSocket 广播消息成功发送到 1/1 个连接
[2025-04-18 14:20:32] WebSocket 广播消息成功发送到 1/1 个连接
[2025-04-18 14:20:42] WebSocket 广播消息成功发送到 1/1 个连接
[2025-04-18 14:20:51] WebSocket 广播消息成功发送到 1/1 个连接
[2025-04-18 14:20:52] WebSocket 广播消息成功发送到 1/1 个连接
[2025-04-18 14:21:02] WebSocket 广播消息成功发送到 1/1 个连接
[2025-04-18 14:21:12] WebSocket 广播消息成功发送到 1/1 个连接
[2025-04-18 14:21:22] WebSocket 广播消息成功发送到 1/1 个连接
[2025-04-18 14:21:32] WebSocket 广播消息成功发送到 1/1 个连接
[2025-04-18 14:21:42] WebSocket 广播消息成功发送到 1/1 个连接
[2025-04-18 14:21:46] WebSocket 连接已关闭
[2025-04-18 14:21:46] WebSocket 连接已移除，当前连接数: 0
[2025-04-18 14:21:46] WebSocket 连接已添加，当前连接数: 1
[2025-04-18 14:21:46] GET /api/finance/news/cls - 0ms
[2025-04-18 14:21:46] GET /api/finance/time - 0ms
[2025-04-18 14:21:47] GET /api/finance/trade-calendar - 278ms
[2025-04-18 14:21:47] WebSocket 广播消息成功发送到 1/1 个连接
[2025-04-18 14:21:52] WebSocket 广播消息成功发送到 1/1 个连接
[2025-04-18 14:22:02] WebSocket 广播消息成功发送到 1/1 个连接
[2025-04-18 14:22:05] WebSocket 连接已关闭
[2025-04-18 14:22:05] WebSocket 连接已移除，当前连接数: 0
[2025-04-18 14:22:05] WebSocket 连接已添加，当前连接数: 1
[2025-04-18 14:22:05] GET /api/finance/news/cls - 1ms
[2025-04-18 14:22:05] WebSocket 连接已添加，当前连接数: 2
[2025-04-18 14:22:05] WebSocket 连接已关闭
[2025-04-18 14:22:05] WebSocket 连接已移除，当前连接数: 1
[2025-04-18 14:22:05] WebSocket 连接已关闭
[2025-04-18 14:22:05] WebSocket 连接已移除，当前连接数: 0
[2025-04-18 14:22:05] GET /api/finance/time - 0ms
[2025-04-18 14:22:05] WebSocket 连接已添加，当前连接数: 1
[2025-04-18 14:22:05] WebSocket 连接已添加，当前连接数: 2
[2025-04-18 14:22:05] GET /api/finance/news/cls - 0ms
[2025-04-18 14:22:05] GET /api/finance/time - 0ms
[2025-04-18 14:22:05] WebSocket 连接已关闭
[2025-04-18 14:22:05] WebSocket 连接已移除，当前连接数: 1
[2025-04-18 14:22:05] WebSocket 连接已关闭
[2025-04-18 14:22:05] WebSocket 连接已移除，当前连接数: 0
[2025-04-18 14:22:05] GET /api/finance/trade-calendar - 245ms
[2025-04-18 14:22:08] WebSocket 连接已添加，当前连接数: 1
[2025-04-18 14:22:08] WebSocket 连接已添加，当前连接数: 2
[2025-04-18 14:22:08] GET /api/finance/news/cls - 0ms
[2025-04-18 14:22:08] GET /api/finance/time - 0ms
[2025-04-18 14:22:08] WebSocket 连接已关闭
[2025-04-18 14:22:08] WebSocket 连接已移除，当前连接数: 1
[2025-04-18 14:22:08] WebSocket 连接已关闭
[2025-04-18 14:22:08] WebSocket 连接已移除，当前连接数: 0
[2025-04-18 14:22:08] GET /api/finance/trade-calendar - 201ms
[2025-04-18 14:22:10] WebSocket 连接已添加，当前连接数: 1
[2025-04-18 14:22:10] WebSocket 连接已添加，当前连接数: 2
[2025-04-18 14:22:10] GET /api/finance/news/cls - 1ms
[2025-04-18 14:22:10] GET /api/finance/time - 0ms
[2025-04-18 14:22:10] WebSocket 连接已关闭
[2025-04-18 14:22:10] WebSocket 连接已移除，当前连接数: 1
[2025-04-18 14:22:10] WebSocket 连接已关闭
[2025-04-18 14:22:10] WebSocket 连接已移除，当前连接数: 0
[2025-04-18 14:22:10] GET /api/finance/trade-calendar - 191ms
[2025-04-18 14:22:12] WebSocket 广播消息成功发送到 0/0 个连接
[2025-04-18 14:22:13] WebSocket 连接已添加，当前连接数: 1
[2025-04-18 14:22:15] WebSocket 连接已关闭
[2025-04-18 14:22:15] WebSocket 连接已移除，当前连接数: 0
[2025-04-18 14:22:15] WebSocket 连接已添加，当前连接数: 1
[2025-04-18 14:22:19] WebSocket 连接已关闭
[2025-04-18 14:22:19] WebSocket 连接已移除，当前连接数: 0
[2025-04-18 14:22:19] GET /api/finance/news/cls - 0ms
[2025-04-18 14:22:19] WebSocket 连接已添加，当前连接数: 1
[2025-04-18 14:22:19] GET /api/finance/news/cls - 1ms
[2025-04-18 14:22:19] GET /api/finance/time - 0ms
[2025-04-18 14:22:20] GET /api/finance/trade-calendar - 317ms
[2025-04-18 14:22:21] WebSocket 广播消息成功发送到 1/1 个连接
[2025-04-18 14:22:22] WebSocket 广播消息成功发送到 1/1 个连接
[2025-04-18 14:22:29] WebSocket 连接已关闭
[2025-04-18 14:22:29] WebSocket 连接已移除，当前连接数: 0
[2025-04-18 14:22:29] WebSocket 连接已添加，当前连接数: 1
[2025-04-18 14:22:29] GET /api/finance/news/cls - 0ms
[2025-04-18 14:22:29] GET /api/finance/time - 0ms
[2025-04-18 14:22:30] GET /api/finance/trade-calendar - 316ms
[2025-04-18 14:22:32] WebSocket 广播消息成功发送到 1/1 个连接
[2025-04-18 14:22:32] WebSocket 广播消息成功发送到 1/1 个连接
[2025-04-18 14:22:42] WebSocket 广播消息成功发送到 1/1 个连接
[2025-04-18 14:22:51] WebSocket 广播消息成功发送到 1/1 个连接
[2025-04-18 14:22:52] WebSocket 广播消息成功发送到 1/1 个连接
[2025-04-18 14:22:59] WebSocket 连接已关闭
[2025-04-18 14:22:59] WebSocket 连接已移除，当前连接数: 0
[2025-04-18 14:22:59] WebSocket 连接已添加，当前连接数: 1
[2025-04-18 14:22:59] WebSocket 连接已关闭
[2025-04-18 14:22:59] WebSocket 连接已移除，当前连接数: 0
[2025-04-18 14:22:59] GET /api/finance/news/cls - 1ms
[2025-04-18 14:22:59] GET /api/finance/time - 0ms
[2025-04-18 14:22:59] WebSocket 连接已添加，当前连接数: 1
[2025-04-18 14:22:59] GET /api/finance/news/cls - 0ms
[2025-04-18 14:22:59] GET /api/finance/time - 1ms
[2025-04-18 14:23:00] GET /api/finance/trade-calendar - 314ms
[2025-04-18 14:23:02] WebSocket 广播消息成功发送到 1/1 个连接
[2025-04-18 14:23:02] WebSocket 广播消息成功发送到 1/1 个连接
[2025-04-18 14:23:05] WebSocket 连接已关闭
[2025-04-18 14:23:05] WebSocket 连接已移除，当前连接数: 0
[2025-04-18 14:23:05] WebSocket 连接已添加，当前连接数: 1
[2025-04-18 14:23:05] GET /api/finance/news/cls - 0ms
[2025-04-18 14:23:05] GET /api/finance/time - 0ms
[2025-04-18 14:23:05] GET /api/finance/trade-calendar - 212ms
[2025-04-18 14:23:07] WebSocket 广播消息成功发送到 1/1 个连接
[2025-04-18 14:23:12] WebSocket 广播消息成功发送到 1/1 个连接
[2025-04-18 14:23:22] WebSocket 广播消息成功发送到 1/1 个连接
[2025-04-18 14:23:32] WebSocket 广播消息成功发送到 1/1 个连接
[2025-04-18 14:23:42] WebSocket 广播消息成功发送到 1/1 个连接
[2025-04-18 14:23:52] WebSocket 广播消息成功发送到 1/1 个连接
[2025-04-18 14:24:02] WebSocket 广播消息成功发送到 1/1 个连接
[2025-04-18 14:24:12] WebSocket 广播消息成功发送到 1/1 个连接
[2025-04-18 14:24:22] WebSocket 广播消息成功发送到 1/1 个连接
[2025-04-18 14:24:32] WebSocket 广播消息成功发送到 1/1 个连接
[2025-04-18 14:24:42] WebSocket 连接已关闭
[2025-04-18 14:24:42] WebSocket 连接已移除，当前连接数: 0
[2025-04-18 14:24:42] WebSocket 广播消息成功发送到 0/0 个连接
[2025-04-18 14:24:42] WebSocket 连接已添加，当前连接数: 1
[2025-04-18 14:24:42] GET /api/finance/news/cls - 0ms
[2025-04-18 14:24:42] GET /api/finance/time - 0ms
[2025-04-18 14:24:42] GET /api/finance/trade-calendar - 251ms
[2025-04-18 14:24:43] WebSocket 广播消息成功发送到 1/1 个连接
[2025-04-18 14:24:52] WebSocket 广播消息成功发送到 1/1 个连接
[2025-04-18 14:24:52] WebSocket 广播消息成功发送到 1/1 个连接
[2025-04-18 14:24:56] WebSocket 连接已关闭
[2025-04-18 14:24:56] WebSocket 连接已移除，当前连接数: 0
[2025-04-18 14:24:56] WebSocket 连接已添加，当前连接数: 1
[2025-04-18 14:24:56] GET /api/finance/news/cls - 0ms
[2025-04-18 14:24:56] GET /api/finance/time - 0ms
[2025-04-18 14:24:57] GET /api/finance/trade-calendar - 1050ms
[2025-04-18 14:24:58] WebSocket 广播消息成功发送到 1/1 个连接
[2025-04-18 14:25:02] WebSocket 广播消息成功发送到 1/1 个连接
[2025-04-18 14:25:12] WebSocket 广播消息成功发送到 1/1 个连接
[2025-04-18 14:25:22] WebSocket 广播消息成功发送到 1/1 个连接
[2025-04-18 14:25:32] WebSocket 广播消息成功发送到 1/1 个连接
[2025-04-18 14:25:42] WebSocket 广播消息成功发送到 1/1 个连接
[2025-04-18 14:25:52] WebSocket 广播消息成功发送到 1/1 个连接
[2025-04-18 14:26:02] WebSocket 广播消息成功发送到 1/1 个连接
[2025-04-18 14:26:12] WebSocket 广播消息成功发送到 1/1 个连接
[2025-04-18 14:26:18] WebSocket 连接已关闭
[2025-04-18 14:26:18] WebSocket 连接已移除，当前连接数: 0
[2025-04-18 14:26:18] WebSocket 连接已添加，当前连接数: 1
[2025-04-18 14:26:18] GET /api/finance/news/cls - 0ms
[2025-04-18 14:26:18] GET /api/finance/time - 0ms
[2025-04-18 14:26:19] GET /api/finance/trade-calendar - 301ms
[2025-04-18 14:26:20] WebSocket 广播消息成功发送到 1/1 个连接
[2025-04-18 14:26:22] WebSocket 广播消息成功发送到 1/1 个连接
[2025-04-18 14:26:32] WebSocket 广播消息成功发送到 1/1 个连接
[2025-04-18 14:26:42] WebSocket 广播消息成功发送到 1/1 个连接
[2025-04-18 14:26:51] WebSocket 广播消息成功发送到 1/1 个连接
[2025-04-18 14:26:52] WebSocket 广播消息成功发送到 1/1 个连接
[2025-04-18 14:27:02] WebSocket 广播消息成功发送到 1/1 个连接
[2025-04-18 14:27:12] WebSocket 广播消息成功发送到 1/1 个连接
[2025-04-18 14:27:22] WebSocket 广播消息成功发送到 1/1 个连接
[2025-04-18 14:27:32] WebSocket 广播消息成功发送到 1/1 个连接
[2025-04-18 14:27:42] WebSocket 广播消息成功发送到 1/1 个连接
[2025-04-18 14:27:52] WebSocket 广播消息成功发送到 1/1 个连接
[2025-04-18 14:28:02] WebSocket 广播消息成功发送到 1/1 个连接
[2025-04-18 14:28:12] WebSocket 广播消息成功发送到 1/1 个连接
[2025-04-18 14:28:22] WebSocket 广播消息成功发送到 1/1 个连接
[2025-04-18 14:28:32] WebSocket 广播消息成功发送到 1/1 个连接
[2025-04-18 14:28:42] WebSocket 广播消息成功发送到 1/1 个连接
[2025-04-18 14:28:51] WebSocket 广播消息成功发送到 1/1 个连接
[2025-04-18 14:28:52] WebSocket 广播消息成功发送到 1/1 个连接
[2025-04-18 14:29:02] WebSocket 广播消息成功发送到 1/1 个连接
[2025-04-18 14:29:12] WebSocket 广播消息成功发送到 1/1 个连接
[2025-04-18 14:29:22] WebSocket 广播消息成功发送到 1/1 个连接
[2025-04-18 14:29:32] WebSocket 广播消息成功发送到 1/1 个连接
[2025-04-18 14:29:42] WebSocket 广播消息成功发送到 1/1 个连接
[2025-04-18 14:29:52] WebSocket 广播消息成功发送到 1/1 个连接
[2025-04-18 14:30:02] WebSocket 广播消息成功发送到 1/1 个连接
[2025-04-18 14:30:12] WebSocket 广播消息成功发送到 1/1 个连接
[2025-04-18 14:30:22] WebSocket 广播消息成功发送到 1/1 个连接
[2025-04-18 14:30:32] WebSocket 广播消息成功发送到 1/1 个连接
[2025-04-18 14:30:42] WebSocket 广播消息成功发送到 1/1 个连接
[2025-04-18 14:30:51] WebSocket 广播消息成功发送到 1/1 个连接
[2025-04-18 14:30:52] WebSocket 广播消息成功发送到 1/1 个连接
[2025-04-18 14:31:02] WebSocket 广播消息成功发送到 1/1 个连接
[2025-04-18 14:31:12] WebSocket 广播消息成功发送到 1/1 个连接
[2025-04-18 14:31:22] WebSocket 广播消息成功发送到 1/1 个连接
[2025-04-18 14:31:32] WebSocket 广播消息成功发送到 1/1 个连接
[2025-04-18 14:31:42] WebSocket 广播消息成功发送到 1/1 个连接
[2025-04-18 14:31:52] WebSocket 广播消息成功发送到 1/1 个连接
[2025-04-18 14:32:02] WebSocket 广播消息成功发送到 1/1 个连接
[2025-04-18 14:32:12] WebSocket 广播消息成功发送到 1/1 个连接
[2025-04-18 14:32:22] WebSocket 广播消息成功发送到 1/1 个连接
[2025-04-18 14:32:32] WebSocket 广播消息成功发送到 1/1 个连接
[2025-04-18 14:32:42] WebSocket 广播消息成功发送到 1/1 个连接
[2025-04-18 14:32:51] WebSocket 广播消息成功发送到 1/1 个连接
[2025-04-18 14:32:52] WebSocket 广播消息成功发送到 1/1 个连接
[2025-04-18 14:33:03] WebSocket 广播消息成功发送到 1/1 个连接
[2025-04-18 14:33:13] WebSocket 广播消息成功发送到 1/1 个连接
[2025-04-18 14:33:23] WebSocket 广播消息成功发送到 1/1 个连接
[2025-04-18 14:33:33] WebSocket 广播消息成功发送到 1/1 个连接
[2025-04-18 14:33:43] WebSocket 广播消息成功发送到 1/1 个连接
[2025-04-18 14:33:53] WebSocket 广播消息成功发送到 1/1 个连接
[2025-04-18 14:34:03] WebSocket 广播消息成功发送到 1/1 个连接
[2025-04-18 14:34:13] WebSocket 广播消息成功发送到 1/1 个连接
[2025-04-18 14:34:23] WebSocket 广播消息成功发送到 1/1 个连接
[2025-04-18 14:34:33] WebSocket 广播消息成功发送到 1/1 个连接
[2025-04-18 14:34:43] WebSocket 广播消息成功发送到 1/1 个连接
[2025-04-18 14:34:51] WebSocket 广播消息成功发送到 1/1 个连接
[2025-04-18 14:34:53] WebSocket 广播消息成功发送到 1/1 个连接
[2025-04-18 14:34:55] WebSocket 连接已关闭
[2025-04-18 14:34:55] WebSocket 连接已移除，当前连接数: 0
[2025-04-18 14:34:55] WebSocket 连接已添加，当前连接数: 1
[2025-04-18 14:34:55] WebSocket 连接已关闭
[2025-04-18 14:34:55] WebSocket 连接已移除，当前连接数: 0
[2025-04-18 14:34:55] GET /api/finance/news/cls - 0ms
[2025-04-18 14:34:55] GET /api/finance/time - 0ms
[2025-04-18 14:34:55] WebSocket 连接已添加，当前连接数: 1
[2025-04-18 14:34:55] GET /api/finance/news/cls - 1ms
[2025-04-18 14:34:55] GET /api/finance/time - 0ms
[2025-04-18 14:34:56] GET /api/finance/trade-calendar - 325ms
[2025-04-18 14:34:57] WebSocket 广播消息成功发送到 1/1 个连接
[2025-04-18 14:35:03] WebSocket 广播消息成功发送到 1/1 个连接
[2025-04-18 14:35:06] GET /api/finance/news/cls - 0ms
[2025-04-18 14:35:06] WebSocket 连接已关闭
[2025-04-18 14:35:06] WebSocket 连接已移除，当前连接数: 0
[2025-04-18 14:35:07] WebSocket 连接已添加，当前连接数: 1
[2025-04-18 14:35:07] GET /api/finance/news/cls - 0ms
[2025-04-18 14:35:07] GET /api/finance/time - 0ms
[2025-04-18 14:35:07] GET /api/finance/trade-calendar - 235ms
[2025-04-18 14:35:08] WebSocket 广播消息成功发送到 1/1 个连接
[2025-04-18 14:35:12] WebSocket 广播消息成功发送到 1/1 个连接
[2025-04-18 14:35:21] WebSocket 连接已关闭
[2025-04-18 14:35:21] WebSocket 连接已移除，当前连接数: 0
[2025-04-18 14:35:22] WebSocket 连接已添加，当前连接数: 1
[2025-04-18 14:35:22] GET /api/finance/news/cls - 0ms
[2025-04-18 14:35:22] GET /api/finance/time - 0ms
[2025-04-18 14:35:22] GET /api/finance/trade-calendar - 278ms
[2025-04-18 14:35:22] WebSocket 广播消息成功发送到 1/1 个连接
[2025-04-18 14:35:23] WebSocket 广播消息成功发送到 1/1 个连接
[2025-04-18 14:35:33] WebSocket 广播消息成功发送到 1/1 个连接
[2025-04-18 14:35:43] WebSocket 广播消息成功发送到 1/1 个连接
[2025-04-18 14:35:49] WebSocket 连接已关闭
[2025-04-18 14:35:49] WebSocket 连接已移除，当前连接数: 0
[2025-04-18 14:35:50] WebSocket 连接已添加，当前连接数: 1
[2025-04-18 14:35:50] GET /api/finance/news/cls - 0ms
[2025-04-18 14:35:50] GET /api/finance/time - 0ms
[2025-04-18 14:35:50] GET /api/finance/trade-calendar - 365ms
[2025-04-18 14:35:51] WebSocket 广播消息成功发送到 1/1 个连接
[2025-04-18 14:35:53] WebSocket 广播消息成功发送到 1/1 个连接
[2025-04-18 14:36:00] WebSocket 连接已关闭
[2025-04-18 14:36:00] WebSocket 连接已移除，当前连接数: 0
[2025-04-18 14:36:00] WebSocket 连接已添加，当前连接数: 1
[2025-04-18 14:36:00] GET /api/finance/news/cls - 0ms
[2025-04-18 14:36:00] GET /api/finance/time - 0ms
[2025-04-18 14:36:00] GET /api/finance/trade-calendar - 275ms
[2025-04-18 14:36:02] WebSocket 广播消息成功发送到 1/1 个连接
[2025-04-18 14:36:03] WebSocket 广播消息成功发送到 1/1 个连接
[2025-04-18 14:36:13] WebSocket 广播消息成功发送到 1/1 个连接
[2025-04-18 14:36:22] WebSocket 连接已关闭
[2025-04-18 14:36:22] WebSocket 连接已移除，当前连接数: 0
[2025-04-18 14:36:23] WebSocket 广播消息成功发送到 0/0 个连接
[2025-04-18 14:36:23] WebSocket 连接已添加，当前连接数: 1
[2025-04-18 14:36:23] GET /api/finance/news/cls - 0ms
[2025-04-18 14:36:23] GET /api/finance/time - 0ms
[2025-04-18 14:36:23] GET /api/finance/trade-calendar - 273ms
[2025-04-18 14:36:25] WebSocket 广播消息成功发送到 1/1 个连接
[2025-04-18 14:36:33] WebSocket 广播消息成功发送到 1/1 个连接
[2025-04-18 14:36:43] WebSocket 广播消息成功发送到 1/1 个连接
[2025-04-18 14:36:48] WebSocket 连接已关闭
[2025-04-18 14:36:48] WebSocket 连接已移除，当前连接数: 0
[2025-04-18 14:36:49] WebSocket 连接已添加，当前连接数: 1
[2025-04-18 14:36:49] GET /api/finance/news/cls - 0ms
[2025-04-18 14:36:49] GET /api/finance/time - 0ms
[2025-04-18 14:36:49] GET /api/finance/trade-calendar - 309ms
[2025-04-18 14:36:51] WebSocket 广播消息成功发送到 1/1 个连接
[2025-04-18 14:36:51] WebSocket 广播消息成功发送到 1/1 个连接
[2025-04-18 14:36:53] WebSocket 广播消息成功发送到 1/1 个连接
[2025-04-18 14:37:03] WebSocket 广播消息成功发送到 1/1 个连接
[2025-04-18 14:37:03] WebSocket 连接已关闭
[2025-04-18 14:37:03] WebSocket 连接已移除，当前连接数: 0
[2025-04-18 14:37:04] WebSocket 连接已添加，当前连接数: 1
[2025-04-18 14:37:04] GET /api/finance/news/cls - 0ms
[2025-04-18 14:37:04] GET /api/finance/time - 1ms
[2025-04-18 14:37:04] GET /api/finance/trade-calendar - 225ms
[2025-04-18 14:37:06] WebSocket 广播消息成功发送到 1/1 个连接
[2025-04-18 14:37:13] WebSocket 广播消息成功发送到 1/1 个连接
[2025-04-18 14:37:18] WebSocket 连接已关闭
[2025-04-18 14:37:18] WebSocket 连接已移除，当前连接数: 0
[2025-04-18 14:37:18] WebSocket 连接已添加，当前连接数: 1
[2025-04-18 14:37:18] GET /api/finance/news/cls - 0ms
[2025-04-18 14:37:18] GET /api/finance/time - 0ms
[2025-04-18 14:37:19] GET /api/finance/trade-calendar - 277ms
[2025-04-18 14:37:20] WebSocket 广播消息成功发送到 1/1 个连接
[2025-04-18 14:37:23] WebSocket 广播消息成功发送到 1/1 个连接
[2025-04-18 14:37:33] WebSocket 广播消息成功发送到 1/1 个连接
[2025-04-18 14:37:43] WebSocket 广播消息成功发送到 1/1 个连接
[2025-04-18 14:37:53] WebSocket 广播消息成功发送到 1/1 个连接
[2025-04-18 14:38:03] WebSocket 广播消息成功发送到 1/1 个连接
[2025-04-18 14:38:08] WebSocket 连接已关闭
[2025-04-18 14:38:08] WebSocket 连接已移除，当前连接数: 0
[2025-04-18 14:38:08] WebSocket 连接已添加，当前连接数: 1
[2025-04-18 14:38:08] GET /api/finance/news/cls - 0ms
[2025-04-18 14:38:08] GET /api/finance/time - 0ms
[2025-04-18 14:38:08] GET /api/finance/trade-calendar - 307ms
[2025-04-18 14:38:09] WebSocket 广播消息成功发送到 1/1 个连接
[2025-04-18 14:38:13] WebSocket 广播消息成功发送到 1/1 个连接
[2025-04-18 14:38:18] WebSocket 连接已关闭
[2025-04-18 14:38:18] WebSocket 连接已移除，当前连接数: 0
[2025-04-18 14:38:18] WebSocket 连接已添加，当前连接数: 1
[2025-04-18 14:38:18] GET /api/finance/news/cls - 0ms
[2025-04-18 14:38:18] GET /api/finance/time - 0ms
[2025-04-18 14:38:18] GET /api/finance/trade-calendar - 272ms
[2025-04-18 14:38:19] WebSocket 广播消息成功发送到 1/1 个连接
[2025-04-18 14:38:23] WebSocket 广播消息成功发送到 1/1 个连接
[2025-04-18 14:38:33] WebSocket 广播消息成功发送到 1/1 个连接
[2025-04-18 14:38:43] WebSocket 广播消息成功发送到 1/1 个连接
[2025-04-18 14:38:53] WebSocket 广播消息成功发送到 1/1 个连接
[2025-04-18 14:39:03] WebSocket 广播消息成功发送到 1/1 个连接
[2025-04-18 14:39:13] WebSocket 广播消息成功发送到 1/1 个连接
[2025-04-18 14:39:23] WebSocket 广播消息成功发送到 1/1 个连接
[2025-04-18 14:39:33] WebSocket 广播消息成功发送到 1/1 个连接
[2025-04-18 14:39:43] WebSocket 广播消息成功发送到 1/1 个连接
[2025-04-18 14:39:53] WebSocket 广播消息成功发送到 1/1 个连接
[2025-04-18 14:40:03] WebSocket 广播消息成功发送到 1/1 个连接
[2025-04-18 14:40:13] WebSocket 广播消息成功发送到 1/1 个连接
[2025-04-18 14:40:23] WebSocket 广播消息成功发送到 1/1 个连接
[2025-04-18 14:40:29] WebSocket 连接已关闭
[2025-04-18 14:40:29] WebSocket 连接已移除，当前连接数: 0
[2025-04-18 14:40:30] WebSocket 连接已添加，当前连接数: 1
[2025-04-18 14:40:30] GET /api/finance/news/cls - 0ms
[2025-04-18 14:40:30] GET /api/finance/time - 0ms
[2025-04-18 14:40:30] GET /api/finance/trade-calendar - 282ms
[2025-04-18 14:40:32] WebSocket 广播消息成功发送到 1/1 个连接
[2025-04-18 14:40:33] WebSocket 广播消息成功发送到 1/1 个连接
[2025-04-18 14:40:43] WebSocket 广播消息成功发送到 1/1 个连接
[2025-04-18 14:40:48] WebSocket 连接已关闭
[2025-04-18 14:40:48] WebSocket 连接已移除，当前连接数: 0
[2025-04-18 14:40:49] WebSocket 连接已添加，当前连接数: 1
[2025-04-18 14:40:49] GET /api/finance/news/cls - 0ms
[2025-04-18 14:40:49] GET /api/finance/time - 0ms
[2025-04-18 14:40:49] GET /api/finance/trade-calendar - 305ms
[2025-04-18 14:40:50] WebSocket 连接已关闭
[2025-04-18 14:40:50] WebSocket 连接已移除，当前连接数: 0
[2025-04-18 14:40:50] WebSocket 广播消息成功发送到 0/0 个连接
[2025-04-18 14:40:50] WebSocket 连接已添加，当前连接数: 1
[2025-04-18 14:40:50] GET /api/finance/news/cls - 0ms
[2025-04-18 14:40:50] GET /api/finance/time - 0ms
[2025-04-18 14:40:51] GET /api/finance/trade-calendar - 223ms
[2025-04-18 14:40:52] WebSocket 广播消息成功发送到 1/1 个连接
[2025-04-18 14:40:53] WebSocket 广播消息成功发送到 1/1 个连接
[2025-04-18 14:41:03] WebSocket 广播消息成功发送到 1/1 个连接
[2025-04-18 14:41:13] WebSocket 广播消息成功发送到 1/1 个连接
[2025-04-18 14:41:23] WebSocket 广播消息成功发送到 1/1 个连接
[2025-04-18 14:41:33] WebSocket 广播消息成功发送到 1/1 个连接
[2025-04-18 14:41:43] WebSocket 广播消息成功发送到 1/1 个连接
[2025-04-18 14:41:53] WebSocket 广播消息成功发送到 1/1 个连接
[2025-04-18 14:42:03] WebSocket 广播消息成功发送到 1/1 个连接
[2025-04-18 14:42:13] WebSocket 广播消息成功发送到 1/1 个连接
[2025-04-18 14:42:23] WebSocket 广播消息成功发送到 1/1 个连接
[2025-04-18 14:42:33] WebSocket 广播消息成功发送到 1/1 个连接
[2025-04-18 14:42:43] WebSocket 广播消息成功发送到 1/1 个连接
[2025-04-18 14:42:51] WebSocket 广播消息成功发送到 1/1 个连接
[2025-04-18 14:42:53] WebSocket 广播消息成功发送到 1/1 个连接
[2025-04-18 14:43:01] WebSocket 连接已关闭
[2025-04-18 14:43:01] WebSocket 连接已移除，当前连接数: 0
[2025-04-18 14:43:02] WebSocket 连接已添加，当前连接数: 1
[2025-04-18 14:43:02] GET /api/finance/news/cls - 1ms
[2025-04-18 14:43:02] GET /api/finance/time - 0ms
[2025-04-18 14:43:02] GET /api/finance/trade-calendar - 294ms
[2025-04-18 14:43:03] WebSocket 广播消息成功发送到 1/1 个连接
[2025-04-18 14:43:03] WebSocket 广播消息成功发送到 1/1 个连接
[2025-04-18 14:43:13] WebSocket 广播消息成功发送到 1/1 个连接
[2025-04-18 14:43:13] WebSocket 连接已关闭
[2025-04-18 14:43:13] WebSocket 连接已移除，当前连接数: 0
[2025-04-18 14:43:13] WebSocket 连接已添加，当前连接数: 1
[2025-04-18 14:43:13] GET /api/finance/news/cls - 0ms
[2025-04-18 14:43:13] GET /api/finance/time - 0ms
[2025-04-18 14:43:14] GET /api/finance/trade-calendar - 211ms
[2025-04-18 14:43:14] WebSocket 广播消息成功发送到 1/1 个连接
[2025-04-18 14:43:20] WebSocket 连接已关闭
[2025-04-18 14:43:20] WebSocket 连接已移除，当前连接数: 0
[2025-04-18 14:43:20] WebSocket 连接已添加，当前连接数: 1
[2025-04-18 14:43:20] GET /api/finance/news/cls - 0ms
[2025-04-18 14:43:20] GET /api/finance/time - 1ms
[2025-04-18 14:43:20] GET /api/finance/trade-calendar - 258ms
[2025-04-18 14:43:21] WebSocket 广播消息成功发送到 1/1 个连接
[2025-04-18 14:43:23] WebSocket 广播消息成功发送到 1/1 个连接
[2025-04-18 14:43:31] WebSocket 连接已关闭
[2025-04-18 14:43:31] WebSocket 连接已移除，当前连接数: 0
[2025-04-18 14:43:31] WebSocket 连接已添加，当前连接数: 1
[2025-04-18 14:43:31] GET /api/finance/news/cls - 0ms
[2025-04-18 14:43:31] GET /api/finance/time - 0ms
[2025-04-18 14:43:32] GET /api/finance/trade-calendar - 268ms
[2025-04-18 14:43:32] WebSocket 广播消息成功发送到 1/1 个连接
[2025-04-18 14:43:33] WebSocket 广播消息成功发送到 1/1 个连接
[2025-04-18 14:43:43] WebSocket 广播消息成功发送到 1/1 个连接
[2025-04-18 14:43:53] WebSocket 广播消息成功发送到 1/1 个连接
[2025-04-18 14:44:03] WebSocket 广播消息成功发送到 1/1 个连接
[2025-04-18 14:44:08] WebSocket 连接已关闭
[2025-04-18 14:44:08] WebSocket 连接已移除，当前连接数: 0
[2025-04-18 14:44:09] WebSocket 连接已添加，当前连接数: 1
[2025-04-18 14:44:09] GET /api/finance/news/cls - 0ms
[2025-04-18 14:44:09] GET /api/finance/time - 0ms
[2025-04-18 14:44:09] GET /api/finance/trade-calendar - 266ms
[2025-04-18 14:44:10] WebSocket 广播消息成功发送到 1/1 个连接
[2025-04-18 14:44:13] WebSocket 广播消息成功发送到 1/1 个连接
[2025-04-18 14:44:23] WebSocket 广播消息成功发送到 1/1 个连接
[2025-04-18 14:44:26] WebSocket 连接已关闭
[2025-04-18 14:44:26] WebSocket 连接已移除，当前连接数: 0
[2025-04-18 14:44:26] WebSocket 连接已添加，当前连接数: 1
[2025-04-18 14:44:26] GET /api/finance/news/cls - 0ms
[2025-04-18 14:44:26] GET /api/finance/time - 0ms
[2025-04-18 14:44:26] GET /api/finance/trade-calendar - 238ms
[2025-04-18 14:44:27] WebSocket 广播消息成功发送到 1/1 个连接
[2025-04-18 14:44:33] WebSocket 广播消息成功发送到 1/1 个连接
[2025-04-18 14:44:34] WebSocket 连接已关闭
[2025-04-18 14:44:34] WebSocket 连接已移除，当前连接数: 0
[2025-04-18 14:44:34] WebSocket 连接已添加，当前连接数: 1
[2025-04-18 14:44:34] GET /api/finance/news/cls - 0ms
[2025-04-18 14:44:34] GET /api/finance/time - 0ms
[2025-04-18 14:44:35] GET /api/finance/trade-calendar - 241ms
[2025-04-18 14:44:36] WebSocket 广播消息成功发送到 1/1 个连接
[2025-04-18 14:44:43] WebSocket 广播消息成功发送到 1/1 个连接
[2025-04-18 14:44:48] WebSocket 连接已关闭
[2025-04-18 14:44:48] WebSocket 连接已移除，当前连接数: 0
[2025-04-18 14:44:49] WebSocket 连接已添加，当前连接数: 1
[2025-04-18 14:44:49] GET /api/finance/news/cls - 1ms
[2025-04-18 14:44:49] GET /api/finance/time - 0ms
[2025-04-18 14:44:49] GET /api/finance/trade-calendar - 259ms
[2025-04-18 14:44:50] WebSocket 广播消息成功发送到 1/1 个连接
[2025-04-18 14:44:53] WebSocket 广播消息成功发送到 1/1 个连接
[2025-04-18 14:44:54] WebSocket 连接已关闭
[2025-04-18 14:44:54] WebSocket 连接已移除，当前连接数: 0
[2025-04-18 14:44:54] WebSocket 连接已添加，当前连接数: 1
[2025-04-18 14:44:54] GET /api/finance/news/cls - 0ms
[2025-04-18 14:44:54] GET /api/finance/time - 1ms
[2025-04-18 14:44:55] GET /api/finance/trade-calendar - 171ms
[2025-04-18 14:44:55] WebSocket 广播消息成功发送到 1/1 个连接
[2025-04-18 14:45:03] WebSocket 广播消息成功发送到 1/1 个连接
[2025-04-18 14:45:09] WebSocket 连接已关闭
[2025-04-18 14:45:09] WebSocket 连接已移除，当前连接数: 0
[2025-04-18 14:45:09] WebSocket 连接已添加，当前连接数: 1
[2025-04-18 14:45:09] GET /api/finance/news/cls - 1ms
[2025-04-18 14:45:09] GET /api/finance/time - 0ms
[2025-04-18 14:45:09] GET /api/finance/trade-calendar - 473ms
[2025-04-18 14:45:10] WebSocket 广播消息成功发送到 1/1 个连接
[2025-04-18 14:45:10] WebSocket 连接已关闭
[2025-04-18 14:45:10] WebSocket 连接已移除，当前连接数: 0
[2025-04-18 14:45:10] WebSocket 连接已添加，当前连接数: 1
[2025-04-18 14:45:10] GET /api/finance/news/cls - 0ms
[2025-04-18 14:45:10] GET /api/finance/time - 0ms
[2025-04-18 14:45:11] GET /api/finance/trade-calendar - 175ms
[2025-04-18 14:45:12] WebSocket 广播消息成功发送到 1/1 个连接
[2025-04-18 14:45:13] WebSocket 广播消息成功发送到 1/1 个连接
[2025-04-18 14:45:23] WebSocket 广播消息成功发送到 1/1 个连接
[2025-04-18 14:45:33] WebSocket 广播消息成功发送到 1/1 个连接
[2025-04-18 14:45:43] WebSocket 广播消息成功发送到 1/1 个连接
[2025-04-18 14:45:52] WebSocket 连接已关闭
[2025-04-18 14:45:52] WebSocket 连接已移除，当前连接数: 0
[2025-04-18 14:45:52] WebSocket 连接已添加，当前连接数: 1
[2025-04-18 14:45:52] GET /api/finance/news/cls - 0ms
[2025-04-18 14:45:52] GET /api/finance/time - 0ms
[2025-04-18 14:45:52] GET /api/finance/trade-calendar - 258ms
[2025-04-18 14:45:53] WebSocket 广播消息成功发送到 1/1 个连接
[2025-04-18 14:45:53] WebSocket 广播消息成功发送到 1/1 个连接
[2025-04-18 14:45:58] WebSocket 连接已关闭
[2025-04-18 14:45:58] WebSocket 连接已移除，当前连接数: 0
[2025-04-18 14:45:58] WebSocket 连接已添加，当前连接数: 1
[2025-04-18 14:45:58] GET /api/finance/news/cls - 0ms
[2025-04-18 14:45:58] GET /api/finance/time - 0ms
[2025-04-18 14:45:58] GET /api/finance/trade-calendar - 393ms
[2025-04-18 14:45:59] WebSocket 广播消息成功发送到 1/1 个连接
[2025-04-18 14:46:03] WebSocket 广播消息成功发送到 1/1 个连接
[2025-04-18 14:46:13] WebSocket 广播消息成功发送到 1/1 个连接
[2025-04-18 14:46:23] WebSocket 广播消息成功发送到 1/1 个连接
[2025-04-18 14:46:33] WebSocket 广播消息成功发送到 1/1 个连接
[2025-04-18 14:46:43] WebSocket 广播消息成功发送到 1/1 个连接
[2025-04-18 14:46:50] WebSocket 连接已关闭
[2025-04-18 14:46:50] WebSocket 连接已移除，当前连接数: 0
[2025-04-18 14:46:51] WebSocket 连接已添加，当前连接数: 1
[2025-04-18 14:46:51] GET /api/finance/news/cls - 1ms
[2025-04-18 14:46:51] GET /api/finance/time - 1ms
[2025-04-18 14:46:51] GET /api/finance/trade-calendar - 300ms
[2025-04-18 14:46:51] WebSocket 广播消息成功发送到 1/1 个连接
[2025-04-18 14:46:52] WebSocket 广播消息成功发送到 1/1 个连接
[2025-04-18 14:46:53] WebSocket 广播消息成功发送到 1/1 个连接
[2025-04-18 14:46:55] WebSocket 连接已关闭
[2025-04-18 14:46:55] WebSocket 连接已移除，当前连接数: 0
[2025-04-18 14:46:55] WebSocket 连接已添加，当前连接数: 1
[2025-04-18 14:46:55] GET /api/finance/news/cls - 0ms
[2025-04-18 14:46:55] GET /api/finance/time - 0ms
[2025-04-18 14:46:55] GET /api/finance/trade-calendar - 236ms
[2025-04-18 14:46:56] WebSocket 广播消息成功发送到 1/1 个连接
[2025-04-18 14:47:03] WebSocket 广播消息成功发送到 1/1 个连接
[2025-04-18 14:47:13] WebSocket 广播消息成功发送到 1/1 个连接
[2025-04-18 14:47:23] WebSocket 连接已关闭
[2025-04-18 14:47:23] WebSocket 连接已移除，当前连接数: 0
[2025-04-18 14:47:23] WebSocket 连接已添加，当前连接数: 1
[2025-04-18 14:47:23] GET /api/finance/news/cls - 0ms
[2025-04-18 14:47:23] GET /api/finance/time - 0ms
[2025-04-18 14:47:23] WebSocket 广播消息成功发送到 1/1 个连接
[2025-04-18 14:47:23] GET /api/finance/trade-calendar - 286ms
[2025-04-18 14:47:24] WebSocket 广播消息成功发送到 1/1 个连接
[2025-04-18 14:47:33] WebSocket 广播消息成功发送到 1/1 个连接
[2025-04-18 14:47:43] WebSocket 广播消息成功发送到 1/1 个连接
[2025-04-18 14:47:45] WebSocket 连接已关闭
[2025-04-18 14:47:45] WebSocket 连接已移除，当前连接数: 0
[2025-04-18 14:47:46] WebSocket 连接已添加，当前连接数: 1
[2025-04-18 14:47:46] GET /api/finance/news/cls - 0ms
[2025-04-18 14:47:46] GET /api/finance/time - 0ms
[2025-04-18 14:47:46] GET /api/finance/trade-calendar - 267ms
[2025-04-18 14:47:47] WebSocket 广播消息成功发送到 1/1 个连接
[2025-04-18 14:47:51] WebSocket 连接已关闭
[2025-04-18 14:47:51] WebSocket 连接已移除，当前连接数: 0
[2025-04-18 14:47:52] WebSocket 连接已添加，当前连接数: 1
[2025-04-18 14:47:52] GET /api/finance/news/cls - 0ms
[2025-04-18 14:47:52] GET /api/finance/time - 0ms
[2025-04-18 14:47:52] GET /api/finance/trade-calendar - 174ms
[2025-04-18 14:47:53] WebSocket 广播消息成功发送到 1/1 个连接
[2025-04-18 14:47:53] WebSocket 广播消息成功发送到 1/1 个连接
[2025-04-18 14:48:03] WebSocket 广播消息成功发送到 1/1 个连接
[2025-04-18 14:48:13] WebSocket 广播消息成功发送到 1/1 个连接
[2025-04-18 14:48:23] WebSocket 广播消息成功发送到 1/1 个连接
[2025-04-18 14:48:33] WebSocket 广播消息成功发送到 1/1 个连接
[2025-04-18 14:48:43] WebSocket 广播消息成功发送到 1/1 个连接
[2025-04-18 14:48:51] WebSocket 广播消息成功发送到 1/1 个连接
[2025-04-18 14:48:53] WebSocket 广播消息成功发送到 1/1 个连接
[2025-04-18 14:49:03] WebSocket 连接已关闭
[2025-04-18 14:49:03] WebSocket 连接已移除，当前连接数: 0
[2025-04-18 14:49:03] WebSocket 广播消息成功发送到 0/0 个连接
[2025-04-18 14:49:03] WebSocket 连接已添加，当前连接数: 1
[2025-04-18 14:49:03] GET /api/finance/news/cls - 0ms
[2025-04-18 14:49:03] GET /api/finance/time - 0ms
[2025-04-18 14:49:04] GET /api/finance/trade-calendar - 245ms
[2025-04-18 14:49:04] WebSocket 广播消息成功发送到 1/1 个连接
[2025-04-18 14:49:13] WebSocket 广播消息成功发送到 1/1 个连接
[2025-04-18 14:49:23] WebSocket 广播消息成功发送到 1/1 个连接
[2025-04-18 14:49:33] WebSocket 广播消息成功发送到 1/1 个连接
[2025-04-18 14:49:43] WebSocket 广播消息成功发送到 1/1 个连接
[2025-04-18 14:49:53] WebSocket 广播消息成功发送到 1/1 个连接
[2025-04-18 14:50:03] WebSocket 广播消息成功发送到 1/1 个连接
[2025-04-18 14:50:13] WebSocket 广播消息成功发送到 1/1 个连接
[2025-04-18 14:50:23] WebSocket 广播消息成功发送到 1/1 个连接
[2025-04-18 14:50:33] WebSocket 广播消息成功发送到 1/1 个连接
[2025-04-18 14:50:43] WebSocket 广播消息成功发送到 1/1 个连接
[2025-04-18 14:50:53] WebSocket 广播消息成功发送到 1/1 个连接
[2025-04-18 14:51:03] WebSocket 广播消息成功发送到 1/1 个连接
[2025-04-18 14:51:13] WebSocket 广播消息成功发送到 1/1 个连接
[2025-04-18 14:51:21] WebSocket 连接已关闭
[2025-04-18 14:51:21] WebSocket 连接已移除，当前连接数: 0
[2025-04-18 14:51:22] WebSocket 连接已添加，当前连接数: 1
[2025-04-18 14:51:22] GET /api/finance/news/cls - 0ms
[2025-04-18 14:51:22] GET /api/finance/time - 0ms
[2025-04-18 14:51:22] GET /api/finance/trade-calendar - 276ms
[2025-04-18 14:51:23] WebSocket 广播消息成功发送到 1/1 个连接
[2025-04-18 14:51:23] WebSocket 广播消息成功发送到 1/1 个连接
[2025-04-18 14:51:33] WebSocket 广播消息成功发送到 1/1 个连接
[2025-04-18 14:51:34] WebSocket 连接已关闭
[2025-04-18 14:51:34] WebSocket 连接已移除，当前连接数: 0
[2025-04-18 14:51:35] WebSocket 连接已添加，当前连接数: 1
[2025-04-18 14:51:35] GET /api/finance/news/cls - 0ms
[2025-04-18 14:51:35] GET /api/finance/time - 0ms
[2025-04-18 14:51:35] GET /api/finance/trade-calendar - 262ms
[2025-04-18 14:51:36] WebSocket 广播消息成功发送到 1/1 个连接
[2025-04-18 14:51:43] WebSocket 广播消息成功发送到 1/1 个连接
[2025-04-18 14:51:53] WebSocket 广播消息成功发送到 1/1 个连接
[2025-04-18 14:52:03] WebSocket 广播消息成功发送到 1/1 个连接
[2025-04-18 14:52:12] WebSocket 连接已关闭
[2025-04-18 14:52:12] WebSocket 连接已移除，当前连接数: 0
[2025-04-18 14:52:12] WebSocket 连接已添加，当前连接数: 1
[2025-04-18 14:52:12] GET /api/finance/news/cls - 0ms
[2025-04-18 14:52:12] GET /api/finance/time - 0ms
[2025-04-18 14:52:13] GET /api/finance/trade-calendar - 277ms
[2025-04-18 14:52:13] WebSocket 连接已关闭
[2025-04-18 14:52:13] WebSocket 连接已移除，当前连接数: 0
[2025-04-18 14:52:13] WebSocket 广播消息成功发送到 0/0 个连接
[2025-04-18 14:52:13] WebSocket 连接已添加，当前连接数: 1
[2025-04-18 14:52:13] GET /api/finance/news/cls - 0ms
[2025-04-18 14:52:13] GET /api/finance/time - 0ms
[2025-04-18 14:52:14] GET /api/finance/trade-calendar - 162ms
[2025-04-18 14:52:15] WebSocket 广播消息成功发送到 1/1 个连接
[2025-04-18 14:52:23] WebSocket 广播消息成功发送到 1/1 个连接
[2025-04-18 14:52:33] WebSocket 广播消息成功发送到 1/1 个连接
[2025-04-18 14:52:43] WebSocket 广播消息成功发送到 1/1 个连接
[2025-04-18 14:52:51] WebSocket 连接已关闭
[2025-04-18 14:52:51] WebSocket 连接已移除，当前连接数: 0
[2025-04-18 14:52:51] WebSocket 广播消息成功发送到 0/0 个连接
[2025-04-18 14:52:51] WebSocket 连接已添加，当前连接数: 1
[2025-04-18 14:52:51] GET /api/finance/news/cls - 0ms
[2025-04-18 14:52:51] GET /api/finance/time - 0ms
[2025-04-18 14:52:52] GET /api/finance/trade-calendar - 245ms
[2025-04-18 14:52:52] WebSocket 广播消息成功发送到 1/1 个连接
[2025-04-18 14:52:53] WebSocket 广播消息成功发送到 1/1 个连接
[2025-04-18 14:53:01] WebSocket 连接已关闭
[2025-04-18 14:53:01] WebSocket 连接已移除，当前连接数: 0
[2025-04-18 14:53:01] WebSocket 连接已添加，当前连接数: 1
[2025-04-18 14:53:01] GET /api/finance/news/cls - 0ms
[2025-04-18 14:53:01] GET /api/finance/time - 0ms
[2025-04-18 14:53:01] GET /api/finance/trade-calendar - 299ms
[2025-04-18 14:53:02] WebSocket 广播消息成功发送到 1/1 个连接
[2025-04-18 14:53:03] WebSocket 广播消息成功发送到 1/1 个连接
[2025-04-18 14:53:10] WebSocket 连接已关闭
[2025-04-18 14:53:10] WebSocket 连接已移除，当前连接数: 0
[2025-04-18 14:53:10] WebSocket 连接已添加，当前连接数: 1
[2025-04-18 14:53:10] GET /api/finance/news/cls - 0ms
[2025-04-18 14:53:10] GET /api/finance/time - 0ms
[2025-04-18 14:53:10] GET /api/finance/trade-calendar - 284ms
[2025-04-18 14:53:11] WebSocket 广播消息成功发送到 1/1 个连接
[2025-04-18 14:53:13] WebSocket 广播消息成功发送到 1/1 个连接
[2025-04-18 14:53:23] WebSocket 广播消息成功发送到 1/1 个连接
[2025-04-18 14:53:33] WebSocket 广播消息成功发送到 1/1 个连接
[2025-04-18 14:53:33] WebSocket 连接已关闭
[2025-04-18 14:53:33] WebSocket 连接已移除，当前连接数: 0
[2025-04-18 14:53:34] WebSocket 连接已添加，当前连接数: 1
[2025-04-18 14:53:34] GET /api/finance/news/cls - 0ms
[2025-04-18 14:53:34] GET /api/finance/time - 0ms
[2025-04-18 14:53:34] GET /api/finance/trade-calendar - 258ms
[2025-04-18 14:53:35] WebSocket 广播消息成功发送到 1/1 个连接
[2025-04-18 14:53:43] WebSocket 广播消息成功发送到 1/1 个连接
[2025-04-18 14:53:45] WebSocket 连接已关闭
[2025-04-18 14:53:45] WebSocket 连接已移除，当前连接数: 0
[2025-04-18 14:53:46] WebSocket 连接已添加，当前连接数: 1
[2025-04-18 14:53:46] GET /api/finance/news/cls - 0ms
[2025-04-18 14:53:46] GET /api/finance/time - 0ms
[2025-04-18 14:53:46] GET /api/finance/trade-calendar - 233ms
[2025-04-18 14:53:47] WebSocket 连接已关闭
[2025-04-18 14:53:47] WebSocket 连接已移除，当前连接数: 0
[2025-04-18 14:53:47] WebSocket 广播消息成功发送到 0/0 个连接
[2025-04-18 14:53:47] WebSocket 连接已添加，当前连接数: 1
[2025-04-18 14:53:47] GET /api/finance/news/cls - 0ms
[2025-04-18 14:53:47] GET /api/finance/time - 0ms
[2025-04-18 14:53:48] GET /api/finance/trade-calendar - 159ms
[2025-04-18 14:53:49] WebSocket 广播消息成功发送到 1/1 个连接
[2025-04-18 14:53:49] WebSocket 连接已关闭
[2025-04-18 14:53:49] WebSocket 连接已移除，当前连接数: 0
[2025-04-18 14:53:49] WebSocket 连接已添加，当前连接数: 1
[2025-04-18 14:53:49] GET /api/finance/news/cls - 0ms
[2025-04-18 14:53:49] GET /api/finance/time - 0ms
[2025-04-18 14:53:50] GET /api/finance/trade-calendar - 408ms
[2025-04-18 14:53:50] WebSocket 广播消息成功发送到 1/1 个连接
[2025-04-18 14:53:53] WebSocket 广播消息成功发送到 1/1 个连接
[2025-04-18 14:53:58] WebSocket 连接已关闭
[2025-04-18 14:53:58] WebSocket 连接已移除，当前连接数: 0
[2025-04-18 14:53:58] WebSocket 连接已添加，当前连接数: 1
[2025-04-18 14:53:58] GET /api/finance/news/cls - 0ms
[2025-04-18 14:53:58] GET /api/finance/time - 0ms
[2025-04-18 14:53:58] GET /api/finance/trade-calendar - 187ms
[2025-04-18 14:53:59] WebSocket 广播消息成功发送到 1/1 个连接
[2025-04-18 14:54:03] WebSocket 广播消息成功发送到 1/1 个连接
[2025-04-18 14:54:13] WebSocket 连接已关闭
[2025-04-18 14:54:13] WebSocket 连接已移除，当前连接数: 0
[2025-04-18 14:54:13] WebSocket 广播消息成功发送到 0/0 个连接
[2025-04-18 14:54:13] WebSocket 连接已添加，当前连接数: 1
[2025-04-18 14:54:13] GET /api/finance/news/cls - 0ms
[2025-04-18 14:54:13] GET /api/finance/time - 0ms
[2025-04-18 14:54:14] GET /api/finance/trade-calendar - 226ms
[2025-04-18 14:54:15] WebSocket 广播消息成功发送到 1/1 个连接
[2025-04-18 14:54:23] WebSocket 广播消息成功发送到 1/1 个连接
[2025-04-18 14:54:24] WebSocket 连接已关闭
[2025-04-18 14:54:24] WebSocket 连接已移除，当前连接数: 0
[2025-04-18 14:54:24] WebSocket 连接已添加，当前连接数: 1
[2025-04-18 14:54:24] GET /api/finance/news/cls - 0ms
[2025-04-18 14:54:24] GET /api/finance/time - 0ms
[2025-04-18 14:54:25] GET /api/finance/trade-calendar - 280ms
[2025-04-18 14:54:25] WebSocket 广播消息成功发送到 1/1 个连接
[2025-04-18 14:54:33] WebSocket 广播消息成功发送到 1/1 个连接
[2025-04-18 14:54:43] WebSocket 广播消息成功发送到 1/1 个连接
[2025-04-18 14:54:53] WebSocket 广播消息成功发送到 1/1 个连接
[2025-04-18 14:55:03] WebSocket 广播消息成功发送到 1/1 个连接
[2025-04-18 14:55:13] WebSocket 广播消息成功发送到 1/1 个连接
[2025-04-18 14:55:22] WebSocket 连接已关闭
[2025-04-18 14:55:22] WebSocket 连接已移除，当前连接数: 0
[2025-04-18 14:55:22] WebSocket 连接已添加，当前连接数: 1
[2025-04-18 14:55:22] GET /api/finance/news/cls - 0ms
[2025-04-18 14:55:22] GET /api/finance/time - 0ms
[2025-04-18 14:55:22] GET /api/finance/trade-calendar - 297ms
[2025-04-18 14:55:23] WebSocket 连接已关闭
[2025-04-18 14:55:23] WebSocket 连接已移除，当前连接数: 0
[2025-04-18 14:55:23] WebSocket 连接已添加，当前连接数: 1
[2025-04-18 14:55:23] GET /api/finance/news/cls - 0ms
[2025-04-18 14:55:23] GET /api/finance/time - 0ms
[2025-04-18 14:55:23] WebSocket 广播消息成功发送到 1/1 个连接
[2025-04-18 14:55:24] GET /api/finance/trade-calendar - 309ms
[2025-04-18 14:55:24] WebSocket 广播消息成功发送到 1/1 个连接
[2025-04-18 14:55:31] WebSocket 连接已关闭
[2025-04-18 14:55:31] WebSocket 连接已移除，当前连接数: 0
[2025-04-18 14:55:31] WebSocket 连接已添加，当前连接数: 1
[2025-04-18 14:55:31] GET /api/finance/news/cls - 0ms
[2025-04-18 14:55:32] GET /api/finance/time - 0ms
[2025-04-18 14:55:32] GET /api/finance/trade-calendar - 258ms
[2025-04-18 14:55:33] WebSocket 广播消息成功发送到 1/1 个连接
[2025-04-18 14:55:33] WebSocket 广播消息成功发送到 1/1 个连接
[2025-04-18 14:55:44] WebSocket 广播消息成功发送到 1/1 个连接
[2025-04-18 14:55:51] WebSocket 连接已关闭
[2025-04-18 14:55:51] WebSocket 连接已移除，当前连接数: 0
[2025-04-18 14:55:51] WebSocket 连接已添加，当前连接数: 1
[2025-04-18 14:55:51] GET /api/finance/news/cls - 0ms
[2025-04-18 14:55:51] GET /api/finance/time - 0ms
[2025-04-18 14:55:51] GET /api/finance/trade-calendar - 305ms
[2025-04-18 14:55:52] WebSocket 广播消息成功发送到 1/1 个连接
[2025-04-18 14:55:54] WebSocket 广播消息成功发送到 1/1 个连接
[2025-04-18 14:56:04] WebSocket 广播消息成功发送到 1/1 个连接
[2025-04-18 14:56:11] WebSocket 连接已关闭
[2025-04-18 14:56:11] WebSocket 连接已移除，当前连接数: 0
[2025-04-18 14:56:11] WebSocket 连接已添加，当前连接数: 1
[2025-04-18 14:56:11] GET /api/finance/news/cls - 0ms
[2025-04-18 14:56:11] GET /api/finance/time - 0ms
[2025-04-18 14:56:11] GET /api/finance/trade-calendar - 299ms
[2025-04-18 14:56:12] WebSocket 广播消息成功发送到 1/1 个连接
[2025-04-18 14:56:14] WebSocket 广播消息成功发送到 1/1 个连接
[2025-04-18 14:56:24] WebSocket 广播消息成功发送到 1/1 个连接
[2025-04-18 14:56:34] WebSocket 广播消息成功发送到 1/1 个连接
[2025-04-18 14:56:43] WebSocket 广播消息成功发送到 1/1 个连接
[2025-04-18 14:56:53] WebSocket 广播消息成功发送到 1/1 个连接
[2025-04-18 14:57:04] WebSocket 广播消息成功发送到 1/1 个连接
[2025-04-18 14:57:13] WebSocket 广播消息成功发送到 1/1 个连接
[2025-04-18 14:57:24] WebSocket 广播消息成功发送到 1/1 个连接
[2025-04-18 14:57:34] WebSocket 广播消息成功发送到 1/1 个连接
[2025-04-18 14:57:44] WebSocket 广播消息成功发送到 1/1 个连接
[2025-04-18 14:57:54] WebSocket 广播消息成功发送到 1/1 个连接
[2025-04-18 14:58:04] WebSocket 广播消息成功发送到 1/1 个连接
[2025-04-18 14:58:09] WebSocket 连接已关闭
[2025-04-18 14:58:09] WebSocket 连接已移除，当前连接数: 0
[2025-04-18 14:58:09] WebSocket 连接已添加，当前连接数: 1
[2025-04-18 14:58:09] GET /api/finance/time - 0ms
[2025-04-18 14:58:09] GET /api/finance/news/cls - 0ms
[2025-04-18 14:58:10] GET /api/finance/trade-calendar - 296ms
[2025-04-18 14:58:10] WebSocket 广播消息成功发送到 1/1 个连接
[2025-04-18 14:58:14] WebSocket 广播消息成功发送到 1/1 个连接
[2025-04-18 14:58:24] WebSocket 广播消息成功发送到 1/1 个连接
[2025-04-18 14:58:34] WebSocket 广播消息成功发送到 1/1 个连接
[2025-04-18 14:58:44] WebSocket 广播消息成功发送到 1/1 个连接
[2025-04-18 14:58:51] WebSocket 广播消息成功发送到 1/1 个连接
[2025-04-18 14:58:54] WebSocket 广播消息成功发送到 1/1 个连接
[2025-04-18 14:59:04] WebSocket 广播消息成功发送到 1/1 个连接
[2025-04-18 14:59:14] WebSocket 广播消息成功发送到 1/1 个连接
[2025-04-18 14:59:17] WebSocket 连接已关闭
[2025-04-18 14:59:17] WebSocket 连接已移除，当前连接数: 0
[2025-04-18 14:59:17] WebSocket 连接已添加，当前连接数: 1
[2025-04-18 14:59:17] GET /api/finance/time - 0ms
[2025-04-18 14:59:17] GET /api/finance/news/cls - 0ms
[2025-04-18 14:59:17] GET /api/finance/trade-calendar - 240ms
[2025-04-18 14:59:18] WebSocket 连接已关闭
[2025-04-18 14:59:18] WebSocket 连接已移除，当前连接数: 0
[2025-04-18 14:59:18] WebSocket 连接已添加，当前连接数: 1
[2025-04-18 14:59:18] GET /api/finance/news/cls - 0ms
[2025-04-18 14:59:18] GET /api/finance/time - 0ms
[2025-04-18 14:59:18] GET /api/finance/trade-calendar - 175ms
[2025-04-18 14:59:19] WebSocket 广播消息成功发送到 1/1 个连接
[2025-04-18 14:59:24] WebSocket 广播消息成功发送到 1/1 个连接
[2025-04-18 14:59:34] WebSocket 广播消息成功发送到 1/1 个连接
[2025-04-18 14:59:44] WebSocket 广播消息成功发送到 1/1 个连接
[2025-04-18 14:59:44] WebSocket 连接已关闭
[2025-04-18 14:59:44] WebSocket 连接已移除，当前连接数: 0
[2025-04-18 14:59:44] WebSocket 连接已添加，当前连接数: 1
[2025-04-18 14:59:44] GET /api/finance/news/cls - 0ms
[2025-04-18 14:59:44] GET /api/finance/time - 0ms
[2025-04-18 14:59:45] GET /api/finance/trade-calendar - 266ms
[2025-04-18 14:59:46] WebSocket 广播消息成功发送到 1/1 个连接
[2025-04-18 14:59:50] WebSocket 连接已关闭
[2025-04-18 14:59:50] WebSocket 连接已移除，当前连接数: 0
[2025-04-18 14:59:51] WebSocket 连接已添加，当前连接数: 1
[2025-04-18 14:59:51] GET /api/finance/news/cls - 1ms
[2025-04-18 14:59:51] GET /api/finance/time - 0ms
[2025-04-18 14:59:51] GET /api/finance/trade-calendar - 287ms
[2025-04-18 14:59:52] WebSocket 广播消息成功发送到 1/1 个连接
[2025-04-18 14:59:53] WebSocket 连接已关闭
[2025-04-18 14:59:53] WebSocket 连接已移除，当前连接数: 0
[2025-04-18 14:59:53] WebSocket 连接已添加，当前连接数: 1
[2025-04-18 14:59:53] GET /api/finance/news/cls - 0ms
[2025-04-18 14:59:53] GET /api/finance/time - 0ms
[2025-04-18 14:59:54] GET /api/finance/trade-calendar - 175ms
[2025-04-18 14:59:54] WebSocket 广播消息成功发送到 1/1 个连接
[2025-04-18 14:59:55] WebSocket 广播消息成功发送到 1/1 个连接
[2025-04-18 15:00:07] WebSocket 连接已关闭
[2025-04-18 15:00:07] WebSocket 连接已移除，当前连接数: 0
[2025-04-18 15:00:08] WebSocket 连接已添加，当前连接数: 1
[2025-04-18 15:00:08] GET /api/finance/news/cls - 0ms
[2025-04-18 15:00:08] GET /api/finance/time - 0ms
[2025-04-18 15:00:08] GET /api/finance/trade-calendar - 287ms
[2025-04-18 15:00:17] WebSocket 连接已关闭
[2025-04-18 15:00:17] WebSocket 连接已移除，当前连接数: 0
[2025-04-18 15:00:17] WebSocket 连接已添加，当前连接数: 1
[2025-04-18 15:00:17] GET /api/finance/news/cls - 0ms
[2025-04-18 15:00:17] GET /api/finance/time - 0ms
[2025-04-18 15:00:18] GET /api/finance/trade-calendar - 336ms
[2025-04-18 15:01:21] Koa 和 WebSocket 服务器已启动，监听端口 3300
[2025-04-18 15:01:21] WebSocket 广播消息成功发送到 0/0 个连接
[2025-04-18 15:01:23] WebSocket 连接已添加，当前连接数: 1
[2025-04-18 15:01:50] Koa 和 WebSocket 服务器已启动，监听端口 3300
[2025-04-18 15:01:50] WebSocket 广播消息成功发送到 0/0 个连接
[2025-04-18 15:01:58] WebSocket 连接已添加，当前连接数: 1
[2025-04-18 15:02:11] Koa 和 WebSocket 服务器已启动，监听端口 3300
[2025-04-18 15:02:11] WebSocket 广播消息成功发送到 0/0 个连接
[2025-04-18 15:02:12] WebSocket 连接已添加，当前连接数: 1
[2025-04-18 15:02:14] WebSocket 连接已关闭
[2025-04-18 15:02:14] WebSocket 连接已移除，当前连接数: 0
[2025-04-18 15:02:14] WebSocket 连接已添加，当前连接数: 1
[2025-04-18 15:02:15] WebSocket 连接已关闭
[2025-04-18 15:02:15] WebSocket 连接已移除，当前连接数: 0
[2025-04-18 15:02:17] WebSocket 连接已添加，当前连接数: 1
[2025-04-18 15:02:20] WebSocket 连接已关闭
[2025-04-18 15:02:20] WebSocket 连接已移除，当前连接数: 0
[2025-04-18 15:02:20] WebSocket 连接已添加，当前连接数: 1
[2025-04-18 15:02:23] WebSocket 连接已关闭
[2025-04-18 15:02:23] WebSocket 连接已移除，当前连接数: 0
[2025-04-18 15:02:23] WebSocket 连接已添加，当前连接数: 1
[2025-04-18 15:02:32] WebSocket 连接已关闭
[2025-04-18 15:02:32] WebSocket 连接已移除，当前连接数: 0
[2025-04-18 15:02:32] WebSocket 连接已添加，当前连接数: 1
[2025-04-18 15:02:52] WebSocket 连接已关闭
[2025-04-18 15:02:52] WebSocket 连接已移除，当前连接数: 0
[2025-04-18 15:02:53] WebSocket 连接已添加，当前连接数: 1
[2025-04-18 15:02:53] GET /api/finance/news/cls - 3ms
[2025-04-18 15:02:53] GET /api/finance/time - 1ms
[2025-04-18 15:02:53] GET /api/finance/trade-calendar - 288ms
[2025-04-18 15:03:07] WebSocket 连接已关闭
[2025-04-18 15:03:07] WebSocket 连接已移除，当前连接数: 0
[2025-04-18 15:03:07] WebSocket 连接已添加，当前连接数: 1
[2025-04-18 15:03:07] GET /api/finance/news/cls - 0ms
[2025-04-18 15:03:07] GET /api/finance/time - 0ms
[2025-04-18 15:03:08] GET /api/finance/trade-calendar - 275ms
[2025-04-18 15:03:10] WebSocket 连接已关闭
[2025-04-18 15:03:10] WebSocket 连接已移除，当前连接数: 0
[2025-04-18 15:03:10] WebSocket 连接已添加，当前连接数: 1
[2025-04-18 15:03:10] GET /api/finance/news/cls - 1ms
[2025-04-18 15:03:10] GET /api/finance/time - 0ms
[2025-04-18 15:03:10] GET /api/finance/trade-calendar - 190ms
[2025-04-18 15:03:27] WebSocket 连接已关闭
[2025-04-18 15:03:27] WebSocket 连接已移除，当前连接数: 0
[2025-04-18 15:03:27] WebSocket 连接已添加，当前连接数: 1
[2025-04-18 15:03:27] GET /api/finance/news/cls - 0ms
[2025-04-18 15:03:27] GET /api/finance/time - 0ms
[2025-04-18 15:03:28] GET /api/finance/trade-calendar - 268ms
[2025-04-18 15:03:45] WebSocket 连接已关闭
[2025-04-18 15:03:45] WebSocket 连接已移除，当前连接数: 0
[2025-04-18 15:03:45] WebSocket 连接已添加，当前连接数: 1
[2025-04-18 15:03:45] GET /api/finance/news/cls - 1ms
[2025-04-18 15:03:45] GET /api/finance/time - 0ms
[2025-04-18 15:03:45] GET /api/finance/trade-calendar - 301ms
[2025-04-18 15:03:54] WebSocket 连接已关闭
[2025-04-18 15:03:54] WebSocket 连接已移除，当前连接数: 0
[2025-04-18 15:03:54] GET /api/finance/quotes/all - 171ms
[2025-04-18 15:03:54] WebSocket 连接已添加，当前连接数: 1
[2025-04-18 15:03:54] GET /api/finance/news/cls - 0ms
[2025-04-18 15:03:54] GET /api/finance/time - 0ms
[2025-04-18 15:03:54] GET /api/finance/quotes/all - 126ms
[2025-04-18 15:03:54] GET /api/finance/trade-calendar - 272ms
[2025-04-18 15:04:11] WebSocket 广播消息成功发送到 1/1 个连接
[2025-04-18 15:06:11] WebSocket 广播消息成功发送到 1/1 个连接
[2025-04-18 15:10:12] WebSocket 广播消息成功发送到 1/1 个连接
