[2025-04-28 10:17:46] Koa 和 WebSocket 服务器已启动，监听端口 3300
[2025-04-28 10:17:46] WebSocket 广播消息成功发送到 0/0 个连接
[2025-04-28 10:17:46] WebSocket 广播消息成功发送到 0/0 个连接
[2025-04-28 10:17:50] Koa 和 WebSocket 服务器已启动，监听端口 3300
[2025-04-28 10:17:50] WebSocket 广播消息成功发送到 0/0 个连接
[2025-04-28 10:17:50] WebSocket 广播消息成功发送到 0/0 个连接
[2025-04-28 10:17:55] WebSocket 广播消息成功发送到 0/0 个连接
[2025-04-28 10:17:57] Koa 和 WebSocket 服务器已启动，监听端口 3300
[2025-04-28 10:17:57] WebSocket 广播消息成功发送到 0/0 个连接
[2025-04-28 10:17:57] WebSocket 广播消息成功发送到 0/0 个连接
[2025-04-28 10:19:57] WebSocket 广播消息成功发送到 0/0 个连接
[2025-04-28 10:19:58] WebSocket 广播消息成功发送到 0/0 个连接
[2025-04-28 10:21:57] WebSocket 广播消息成功发送到 0/0 个连接
[2025-04-28 10:21:57] WebSocket 广播消息成功发送到 0/0 个连接
[2025-04-28 10:23:57] WebSocket 广播消息成功发送到 0/0 个连接
[2025-04-28 10:25:57] WebSocket 广播消息成功发送到 0/0 个连接
[2025-04-28 10:25:58] WebSocket 广播消息成功发送到 0/0 个连接
[2025-04-28 10:27:57] WebSocket 广播消息成功发送到 0/0 个连接
[2025-04-28 10:27:58] WebSocket 广播消息成功发送到 0/0 个连接
[2025-04-28 10:29:57] WebSocket 广播消息成功发送到 0/0 个连接
[2025-04-28 10:31:58] WebSocket 广播消息成功发送到 0/0 个连接
[2025-04-28 10:31:58] WebSocket 广播消息成功发送到 0/0 个连接
[2025-04-28 10:33:58] WebSocket 广播消息成功发送到 0/0 个连接
[2025-04-28 10:35:57] WebSocket 广播消息成功发送到 0/0 个连接
[2025-04-28 10:37:57] WebSocket 广播消息成功发送到 0/0 个连接
[2025-04-28 10:37:58] WebSocket 广播消息成功发送到 0/0 个连接
[2025-04-28 10:39:57] WebSocket 广播消息成功发送到 0/0 个连接
[2025-04-28 10:39:58] WebSocket 广播消息成功发送到 0/0 个连接
[2025-04-28 10:41:58] WebSocket 广播消息成功发送到 0/0 个连接
[2025-04-28 10:43:57] WebSocket 广播消息成功发送到 0/0 个连接
[2025-04-28 10:43:58] WebSocket 广播消息成功发送到 0/0 个连接
[2025-04-28 10:45:57] WebSocket 广播消息成功发送到 0/0 个连接
[2025-04-28 10:47:57] WebSocket 广播消息成功发送到 0/0 个连接
[2025-04-28 10:47:58] WebSocket 广播消息成功发送到 0/0 个连接
[2025-04-28 10:49:58] WebSocket 广播消息成功发送到 0/0 个连接
[2025-04-28 10:51:58] WebSocket 广播消息成功发送到 0/0 个连接
[2025-04-28 10:51:58] WebSocket 广播消息成功发送到 0/0 个连接
[2025-04-28 10:53:57] WebSocket 广播消息成功发送到 0/0 个连接
[2025-04-28 10:53:58] WebSocket 广播消息成功发送到 0/0 个连接
[2025-04-28 10:55:58] WebSocket 广播消息成功发送到 0/0 个连接
[2025-04-28 10:55:58] WebSocket 广播消息成功发送到 0/0 个连接
[2025-04-28 10:57:58] WebSocket 广播消息成功发送到 0/0 个连接
[2025-04-28 10:59:58] WebSocket 广播消息成功发送到 0/0 个连接
[2025-04-28 10:59:58] WebSocket 广播消息成功发送到 0/0 个连接
[2025-04-28 11:01:58] WebSocket 广播消息成功发送到 0/0 个连接
[2025-04-28 11:01:58] WebSocket 广播消息成功发送到 0/0 个连接
[2025-04-28 11:03:58] WebSocket 广播消息成功发送到 0/0 个连接
[2025-04-28 11:03:58] WebSocket 广播消息成功发送到 0/0 个连接
[2025-04-28 11:05:58] WebSocket 广播消息成功发送到 0/0 个连接
[2025-04-28 11:07:58] WebSocket 广播消息成功发送到 0/0 个连接
[2025-04-28 11:07:58] WebSocket 广播消息成功发送到 0/0 个连接
[2025-04-28 11:09:58] WebSocket 广播消息成功发送到 0/0 个连接
[2025-04-28 11:09:58] WebSocket 广播消息成功发送到 0/0 个连接
[2025-04-28 11:11:58] WebSocket 广播消息成功发送到 0/0 个连接
[2025-04-28 11:12:13] WebSocket 连接已添加，当前连接数: 1
[2025-04-28 11:12:15] WebSocket 连接已关闭
[2025-04-28 11:12:15] WebSocket 连接已移除，当前连接数: 0
[2025-04-28 11:12:15] WebSocket 连接已添加，当前连接数: 1
[2025-04-28 11:12:20] WebSocket 连接已添加，当前连接数: 2
[2025-04-28 11:12:20] GET /api/finance/time - 2ms
[2025-04-28 11:12:21] GET /api/finance/trade-calendar - 900ms
[2025-04-28 11:12:35] WebSocket 连接已关闭
[2025-04-28 11:12:35] WebSocket 连接已移除，当前连接数: 1
[2025-04-28 11:12:38] WebSocket 连接已关闭
[2025-04-28 11:12:38] WebSocket 连接已移除，当前连接数: 0
[2025-04-28 11:13:58] WebSocket 广播消息成功发送到 0/0 个连接
[2025-04-28 11:13:58] WebSocket 广播消息成功发送到 0/0 个连接
[2025-04-28 11:15:58] WebSocket 广播消息成功发送到 0/0 个连接
[2025-04-28 11:15:58] WebSocket 广播消息成功发送到 0/0 个连接
[2025-04-28 11:17:58] WebSocket 广播消息成功发送到 0/0 个连接
[2025-04-28 11:17:58] WebSocket 广播消息成功发送到 0/0 个连接
[2025-04-28 11:19:58] WebSocket 广播消息成功发送到 0/0 个连接
[2025-04-28 11:19:58] WebSocket 广播消息成功发送到 0/0 个连接
[2025-04-28 11:21:58] WebSocket 广播消息成功发送到 0/0 个连接
[2025-04-28 11:21:58] WebSocket 广播消息成功发送到 0/0 个连接
[2025-04-28 11:24:44] WebSocket 连接已添加，当前连接数: 1
[2025-04-28 11:24:44] GET /api/finance/time - 0ms
[2025-04-28 11:24:44] GET /api/finance/news/cls - 0ms
[2025-04-28 11:24:44] GET /api/finance/quotes/all - 140ms
[2025-04-28 11:24:44] GET /api/finance/trade-calendar - 283ms
[2025-04-28 11:24:45] WebSocket 广播消息成功发送到 1/1 个连接
[2025-04-28 11:24:46] Koa 和 WebSocket 服务器已启动，监听端口 3300
[2025-04-28 11:24:46] WebSocket 广播消息成功发送到 0/0 个连接
[2025-04-28 11:24:46] WebSocket 广播消息成功发送到 0/0 个连接
[2025-04-28 11:24:48] WebSocket 连接已添加，当前连接数: 1
[2025-04-28 11:24:49] WebSocket 连接已关闭
[2025-04-28 11:24:49] WebSocket 连接已移除，当前连接数: 0
[2025-04-28 11:24:51] WebSocket 广播消息成功发送到 0/0 个连接
[2025-04-28 11:24:55] WebSocket 连接已添加，当前连接数: 1
[2025-04-28 11:24:55] GET /api/finance/time - 1ms
[2025-04-28 11:24:55] GET /api/finance/news/cls - 1ms
[2025-04-28 11:24:55] GET /api/finance/quotes/all - 116ms
[2025-04-28 11:24:55] GET /api/finance/trade-calendar - 299ms
[2025-04-28 11:24:56] WebSocket 广播消息成功发送到 1/1 个连接
[2025-04-28 11:24:56] Koa 和 WebSocket 服务器已启动，监听端口 3300
[2025-04-28 11:24:56] WebSocket 广播消息成功发送到 0/0 个连接
[2025-04-28 11:24:56] WebSocket 广播消息成功发送到 0/0 个连接
[2025-04-28 11:24:58] WebSocket 连接已添加，当前连接数: 1
[2025-04-28 11:25:01] WebSocket 广播消息成功发送到 1/1 个连接
[2025-04-28 11:25:06] WebSocket 广播消息成功发送到 1/1 个连接
[2025-04-28 11:25:11] WebSocket 广播消息成功发送到 1/1 个连接
[2025-04-28 11:25:16] WebSocket 广播消息成功发送到 1/1 个连接
[2025-04-28 11:25:21] WebSocket 广播消息成功发送到 1/1 个连接
[2025-04-28 11:25:26] WebSocket 广播消息成功发送到 1/1 个连接
[2025-04-28 11:25:31] WebSocket 广播消息成功发送到 1/1 个连接
[2025-04-28 11:25:36] WebSocket 广播消息成功发送到 1/1 个连接
[2025-04-28 11:25:41] WebSocket 广播消息成功发送到 1/1 个连接
[2025-04-28 11:25:46] WebSocket 广播消息成功发送到 1/1 个连接
[2025-04-28 11:25:51] WebSocket 广播消息成功发送到 1/1 个连接
[2025-04-28 11:25:56] WebSocket 广播消息成功发送到 1/1 个连接
[2025-04-28 11:26:01] WebSocket 广播消息成功发送到 1/1 个连接
[2025-04-28 11:26:06] WebSocket 广播消息成功发送到 1/1 个连接
[2025-04-28 11:26:11] WebSocket 广播消息成功发送到 1/1 个连接
[2025-04-28 11:26:16] WebSocket 广播消息成功发送到 1/1 个连接
[2025-04-28 11:26:21] WebSocket 广播消息成功发送到 1/1 个连接
[2025-04-28 11:26:26] WebSocket 广播消息成功发送到 1/1 个连接
[2025-04-28 11:26:32] WebSocket 广播消息成功发送到 1/1 个连接
[2025-04-28 11:26:37] WebSocket 广播消息成功发送到 1/1 个连接
[2025-04-28 11:26:42] WebSocket 广播消息成功发送到 1/1 个连接
[2025-04-28 11:26:47] WebSocket 广播消息成功发送到 1/1 个连接
[2025-04-28 11:26:52] WebSocket 广播消息成功发送到 1/1 个连接
[2025-04-28 11:26:56] WebSocket 广播消息成功发送到 1/1 个连接
[2025-04-28 11:26:57] WebSocket 广播消息成功发送到 1/1 个连接
[2025-04-28 11:27:02] WebSocket 广播消息成功发送到 1/1 个连接
[2025-04-28 11:27:07] WebSocket 广播消息成功发送到 1/1 个连接
[2025-04-28 11:27:12] WebSocket 广播消息成功发送到 1/1 个连接
[2025-04-28 11:27:17] WebSocket 广播消息成功发送到 1/1 个连接
[2025-04-28 11:27:22] WebSocket 广播消息成功发送到 1/1 个连接
[2025-04-28 11:27:27] WebSocket 广播消息成功发送到 1/1 个连接
[2025-04-28 11:27:32] WebSocket 广播消息成功发送到 1/1 个连接
[2025-04-28 11:27:37] WebSocket 广播消息成功发送到 1/1 个连接
[2025-04-28 11:27:42] WebSocket 广播消息成功发送到 1/1 个连接
[2025-04-28 11:27:47] WebSocket 广播消息成功发送到 1/1 个连接
[2025-04-28 11:27:52] WebSocket 广播消息成功发送到 1/1 个连接
[2025-04-28 11:27:57] WebSocket 广播消息成功发送到 1/1 个连接
[2025-04-28 11:28:02] WebSocket 广播消息成功发送到 1/1 个连接
[2025-04-28 11:28:07] WebSocket 广播消息成功发送到 1/1 个连接
[2025-04-28 11:28:12] WebSocket 广播消息成功发送到 1/1 个连接
[2025-04-28 11:28:17] WebSocket 广播消息成功发送到 1/1 个连接
[2025-04-28 11:28:22] WebSocket 广播消息成功发送到 1/1 个连接
[2025-04-28 11:28:23] GET /api/finance/news/sina - 1ms
[2025-04-28 11:28:24] GET /api/finance/news/cls - 0ms
[2025-04-28 11:28:27] WebSocket 广播消息成功发送到 1/1 个连接
[2025-04-28 11:28:31] GET /api/finance/quotes/all - 241ms
[2025-04-28 11:28:32] WebSocket 广播消息成功发送到 1/1 个连接
[2025-04-28 11:28:37] WebSocket 广播消息成功发送到 1/1 个连接
[2025-04-28 11:28:42] WebSocket 广播消息成功发送到 1/1 个连接
[2025-04-28 11:28:47] WebSocket 广播消息成功发送到 1/1 个连接
[2025-04-28 11:28:52] WebSocket 广播消息成功发送到 1/1 个连接
[2025-04-28 11:28:56] WebSocket 广播消息成功发送到 1/1 个连接
[2025-04-28 11:28:56] WebSocket 广播消息成功发送到 1/1 个连接
[2025-04-28 11:28:57] WebSocket 广播消息成功发送到 1/1 个连接
[2025-04-28 11:29:02] WebSocket 广播消息成功发送到 1/1 个连接
[2025-04-28 11:29:07] WebSocket 广播消息成功发送到 1/1 个连接
[2025-04-28 11:29:12] WebSocket 广播消息成功发送到 1/1 个连接
[2025-04-28 11:29:17] WebSocket 广播消息成功发送到 1/1 个连接
[2025-04-28 11:29:22] WebSocket 广播消息成功发送到 1/1 个连接
[2025-04-28 11:29:27] WebSocket 广播消息成功发送到 1/1 个连接
[2025-04-28 11:29:32] WebSocket 广播消息成功发送到 1/1 个连接
[2025-04-28 11:29:37] WebSocket 广播消息成功发送到 1/1 个连接
[2025-04-28 11:29:42] WebSocket 广播消息成功发送到 1/1 个连接
[2025-04-28 11:29:47] WebSocket 广播消息成功发送到 1/1 个连接
[2025-04-28 11:29:52] WebSocket 广播消息成功发送到 1/1 个连接
[2025-04-28 11:29:57] WebSocket 广播消息成功发送到 1/1 个连接
[2025-04-28 11:30:00] Koa 和 WebSocket 服务器已启动，监听端口 3300
[2025-04-28 11:30:00] WebSocket 广播消息成功发送到 0/0 个连接
[2025-04-28 11:30:00] WebSocket 广播消息成功发送到 0/0 个连接
[2025-04-28 11:30:03] WebSocket 连接已添加，当前连接数: 1
[2025-04-28 11:30:13] WebSocket 连接已关闭
[2025-04-28 11:30:13] WebSocket 连接已移除，当前连接数: 0
[2025-04-28 11:30:14] WebSocket 连接已添加，当前连接数: 1
[2025-04-28 11:30:14] GET /api/finance/time - 1ms
[2025-04-28 11:30:14] GET /api/finance/news/cls - 0ms
[2025-04-28 11:30:14] GET /api/finance/quotes/all - 220ms
[2025-04-28 11:30:14] GET /api/finance/trade-calendar - 264ms
[2025-04-28 11:30:15] Koa 和 WebSocket 服务器已启动，监听端口 3300
[2025-04-28 11:30:15] WebSocket 广播消息成功发送到 0/0 个连接
[2025-04-28 11:30:15] WebSocket 广播消息成功发送到 0/0 个连接
[2025-04-28 11:30:18] WebSocket 连接已添加，当前连接数: 1
[2025-04-28 11:32:15] WebSocket 广播消息成功发送到 1/1 个连接
[2025-04-28 11:32:15] WebSocket 广播消息成功发送到 1/1 个连接
[2025-04-28 11:34:15] WebSocket 广播消息成功发送到 1/1 个连接
[2025-04-28 11:34:15] WebSocket 广播消息成功发送到 1/1 个连接
[2025-04-28 11:36:15] WebSocket 广播消息成功发送到 1/1 个连接
[2025-04-28 11:36:16] WebSocket 广播消息成功发送到 1/1 个连接
[2025-04-28 11:38:15] WebSocket 广播消息成功发送到 1/1 个连接
[2025-04-28 11:38:15] WebSocket 广播消息成功发送到 1/1 个连接
[2025-04-28 11:40:15] WebSocket 广播消息成功发送到 1/1 个连接
[2025-04-28 11:42:15] WebSocket 广播消息成功发送到 1/1 个连接
[2025-04-28 11:42:15] WebSocket 广播消息成功发送到 1/1 个连接
[2025-04-28 11:44:15] WebSocket 广播消息成功发送到 1/1 个连接
[2025-04-28 11:44:15] WebSocket 广播消息成功发送到 1/1 个连接
[2025-04-28 11:46:15] WebSocket 广播消息成功发送到 1/1 个连接
[2025-04-28 11:46:16] WebSocket 广播消息成功发送到 1/1 个连接
[2025-04-28 11:47:12] WebSocket 连接已关闭
[2025-04-28 11:47:12] WebSocket 连接已移除，当前连接数: 0
[2025-04-28 11:48:15] WebSocket 广播消息成功发送到 0/0 个连接
[2025-04-28 11:50:15] WebSocket 广播消息成功发送到 0/0 个连接
[2025-04-28 11:50:16] WebSocket 广播消息成功发送到 0/0 个连接
[2025-04-28 11:52:15] WebSocket 广播消息成功发送到 0/0 个连接
[2025-04-28 11:54:15] WebSocket 广播消息成功发送到 0/0 个连接
[2025-04-28 11:56:16] WebSocket 广播消息成功发送到 0/0 个连接
[2025-04-28 11:56:16] WebSocket 广播消息成功发送到 0/0 个连接
[2025-04-28 11:58:15] WebSocket 广播消息成功发送到 0/0 个连接
[2025-04-28 12:00:15] WebSocket 广播消息成功发送到 0/0 个连接
[2025-04-28 12:02:15] WebSocket 广播消息成功发送到 0/0 个连接
[2025-04-28 12:04:16] WebSocket 广播消息成功发送到 0/0 个连接
[2025-04-28 12:06:15] WebSocket 广播消息成功发送到 0/0 个连接
[2025-04-28 12:06:16] WebSocket 广播消息成功发送到 0/0 个连接
[2025-04-28 12:08:16] WebSocket 广播消息成功发送到 0/0 个连接
[2025-04-28 12:12:15] WebSocket 广播消息成功发送到 0/0 个连接
[2025-04-28 12:14:16] WebSocket 广播消息成功发送到 0/0 个连接
[2025-04-28 12:14:16] WebSocket 广播消息成功发送到 0/0 个连接
[2025-04-28 12:16:16] WebSocket 广播消息成功发送到 0/0 个连接
[2025-04-28 12:16:16] WebSocket 广播消息成功发送到 0/0 个连接
[2025-04-28 12:18:16] WebSocket 广播消息成功发送到 0/0 个连接
[2025-04-28 12:18:16] WebSocket 广播消息成功发送到 0/0 个连接
[2025-04-28 12:20:16] WebSocket 广播消息成功发送到 0/0 个连接
[2025-04-28 12:22:16] WebSocket 广播消息成功发送到 0/0 个连接
[2025-04-28 12:24:16] WebSocket 广播消息成功发送到 0/0 个连接
[2025-04-28 12:24:16] WebSocket 广播消息成功发送到 0/0 个连接
[2025-04-28 12:26:16] WebSocket 广播消息成功发送到 0/0 个连接
[2025-04-28 12:26:16] WebSocket 广播消息成功发送到 0/0 个连接
[2025-04-28 12:28:16] WebSocket 广播消息成功发送到 0/0 个连接
[2025-04-28 12:30:16] WebSocket 广播消息成功发送到 0/0 个连接
[2025-04-28 12:30:16] WebSocket 广播消息成功发送到 0/0 个连接
[2025-04-28 12:32:16] WebSocket 广播消息成功发送到 0/0 个连接
[2025-04-28 12:32:16] WebSocket 广播消息成功发送到 0/0 个连接
[2025-04-28 12:34:16] WebSocket 广播消息成功发送到 0/0 个连接
[2025-04-28 12:36:16] WebSocket 广播消息成功发送到 0/0 个连接
[2025-04-28 12:38:16] WebSocket 广播消息成功发送到 0/0 个连接
[2025-04-28 12:38:16] WebSocket 广播消息成功发送到 0/0 个连接
[2025-04-28 12:39:45] WebSocket 连接已添加，当前连接数: 1
[2025-04-28 12:40:16] WebSocket 广播消息成功发送到 1/1 个连接
[2025-04-28 12:42:16] WebSocket 广播消息成功发送到 1/1 个连接
[2025-04-28 12:44:16] WebSocket 广播消息成功发送到 1/1 个连接
[2025-04-28 12:44:16] WebSocket 广播消息成功发送到 1/1 个连接
[2025-04-28 12:46:16] WebSocket 广播消息成功发送到 1/1 个连接
[2025-04-28 12:46:16] WebSocket 广播消息成功发送到 1/1 个连接
[2025-04-28 12:48:16] WebSocket 广播消息成功发送到 1/1 个连接
[2025-04-28 12:48:16] WebSocket 广播消息成功发送到 1/1 个连接
[2025-04-28 12:50:16] WebSocket 广播消息成功发送到 1/1 个连接
[2025-04-28 12:52:16] WebSocket 广播消息成功发送到 1/1 个连接
[2025-04-28 12:52:16] WebSocket 广播消息成功发送到 1/1 个连接
[2025-04-28 12:54:16] WebSocket 广播消息成功发送到 1/1 个连接
[2025-04-28 12:54:16] WebSocket 广播消息成功发送到 1/1 个连接
[2025-04-28 12:56:16] WebSocket 广播消息成功发送到 1/1 个连接
[2025-04-28 12:58:16] WebSocket 广播消息成功发送到 1/1 个连接
[2025-04-28 13:00:16] WebSocket 广播消息成功发送到 1/1 个连接
[2025-04-28 13:00:16] WebSocket 广播消息成功发送到 1/1 个连接
[2025-04-28 13:02:16] WebSocket 广播消息成功发送到 1/1 个连接
[2025-04-28 13:04:16] WebSocket 广播消息成功发送到 1/1 个连接
[2025-04-28 13:04:16] WebSocket 广播消息成功发送到 1/1 个连接
[2025-04-28 13:06:16] WebSocket 广播消息成功发送到 1/1 个连接
[2025-04-28 13:08:16] WebSocket 广播消息成功发送到 1/1 个连接
[2025-04-28 13:10:16] WebSocket 广播消息成功发送到 1/1 个连接
[2025-04-28 13:12:16] WebSocket 广播消息成功发送到 1/1 个连接
[2025-04-28 13:12:16] WebSocket 广播消息成功发送到 1/1 个连接
[2025-04-28 13:14:16] WebSocket 广播消息成功发送到 1/1 个连接
[2025-04-28 13:14:16] WebSocket 广播消息成功发送到 1/1 个连接
[2025-04-28 13:16:16] WebSocket 广播消息成功发送到 1/1 个连接
[2025-04-28 13:18:16] WebSocket 广播消息成功发送到 1/1 个连接
[2025-04-28 13:18:16] WebSocket 广播消息成功发送到 1/1 个连接
[2025-04-28 13:20:16] WebSocket 广播消息成功发送到 1/1 个连接
[2025-04-28 13:20:16] WebSocket 广播消息成功发送到 1/1 个连接
[2025-04-28 13:22:16] WebSocket 广播消息成功发送到 1/1 个连接
[2025-04-28 13:26:16] WebSocket 广播消息成功发送到 1/1 个连接
[2025-04-28 13:26:16] WebSocket 广播消息成功发送到 1/1 个连接
[2025-04-28 13:28:16] WebSocket 广播消息成功发送到 1/1 个连接
[2025-04-28 13:28:16] WebSocket 广播消息成功发送到 1/1 个连接
[2025-04-28 13:30:16] WebSocket 广播消息成功发送到 1/1 个连接
[2025-04-28 13:30:16] WebSocket 广播消息成功发送到 1/1 个连接
[2025-04-28 13:32:16] WebSocket 广播消息成功发送到 1/1 个连接
[2025-04-28 13:34:16] WebSocket 广播消息成功发送到 1/1 个连接
[2025-04-28 13:34:16] WebSocket 广播消息成功发送到 1/1 个连接
[2025-04-28 13:36:16] WebSocket 广播消息成功发送到 1/1 个连接
[2025-04-28 13:36:16] WebSocket 广播消息成功发送到 1/1 个连接
[2025-04-28 13:38:16] WebSocket 广播消息成功发送到 1/1 个连接
[2025-04-28 13:40:16] WebSocket 广播消息成功发送到 1/1 个连接
[2025-04-28 13:42:16] WebSocket 广播消息成功发送到 1/1 个连接
[2025-04-28 13:44:16] WebSocket 广播消息成功发送到 1/1 个连接
[2025-04-28 13:44:16] WebSocket 广播消息成功发送到 1/1 个连接
[2025-04-28 13:46:16] WebSocket 广播消息成功发送到 1/1 个连接
[2025-04-28 13:48:16] WebSocket 广播消息成功发送到 1/1 个连接
[2025-04-28 13:48:16] WebSocket 广播消息成功发送到 1/1 个连接
[2025-04-28 13:50:16] WebSocket 广播消息成功发送到 1/1 个连接
[2025-04-28 13:50:16] WebSocket 广播消息成功发送到 1/1 个连接
[2025-04-28 13:52:16] WebSocket 广播消息成功发送到 1/1 个连接
[2025-04-28 13:52:16] WebSocket 广播消息成功发送到 1/1 个连接
[2025-04-28 13:54:16] WebSocket 广播消息成功发送到 1/1 个连接
[2025-04-28 13:54:16] WebSocket 广播消息成功发送到 1/1 个连接
[2025-04-28 13:56:16] WebSocket 广播消息成功发送到 1/1 个连接
[2025-04-28 13:58:16] WebSocket 广播消息成功发送到 1/1 个连接
[2025-04-28 14:00:16] WebSocket 广播消息成功发送到 1/1 个连接
[2025-04-28 14:00:16] WebSocket 广播消息成功发送到 1/1 个连接
[2025-04-28 14:02:16] WebSocket 广播消息成功发送到 1/1 个连接
[2025-04-28 14:04:16] WebSocket 广播消息成功发送到 1/1 个连接
[2025-04-28 14:04:16] WebSocket 广播消息成功发送到 1/1 个连接
[2025-04-28 14:06:16] WebSocket 广播消息成功发送到 1/1 个连接
[2025-04-28 14:08:16] WebSocket 广播消息成功发送到 1/1 个连接
[2025-04-28 14:10:16] WebSocket 广播消息成功发送到 1/1 个连接
[2025-04-28 14:10:16] WebSocket 广播消息成功发送到 1/1 个连接
[2025-04-28 14:12:16] WebSocket 广播消息成功发送到 1/1 个连接
[2025-04-28 14:14:16] WebSocket 广播消息成功发送到 1/1 个连接
[2025-04-28 14:14:16] WebSocket 广播消息成功发送到 1/1 个连接
[2025-04-28 14:16:16] WebSocket 广播消息成功发送到 1/1 个连接
[2025-04-28 14:16:16] WebSocket 广播消息成功发送到 1/1 个连接
[2025-04-28 14:18:16] WebSocket 广播消息成功发送到 1/1 个连接
[2025-04-28 14:20:16] WebSocket 广播消息成功发送到 1/1 个连接
[2025-04-28 14:20:16] WebSocket 广播消息成功发送到 1/1 个连接
[2025-04-28 14:22:16] WebSocket 广播消息成功发送到 1/1 个连接
[2025-04-28 14:24:16] WebSocket 广播消息成功发送到 1/1 个连接
[2025-04-28 14:25:19] WebSocket 连接已关闭
[2025-04-28 14:25:19] WebSocket 连接已移除，当前连接数: 0
[2025-04-28 14:26:16] WebSocket 广播消息成功发送到 0/0 个连接
[2025-04-28 14:26:16] WebSocket 广播消息成功发送到 0/0 个连接
[2025-04-28 14:28:16] WebSocket 广播消息成功发送到 0/0 个连接
[2025-04-28 14:28:16] WebSocket 广播消息成功发送到 0/0 个连接
[2025-04-28 14:30:16] WebSocket 广播消息成功发送到 0/0 个连接
[2025-04-28 14:30:16] WebSocket 广播消息成功发送到 0/0 个连接
[2025-04-28 14:32:16] WebSocket 广播消息成功发送到 0/0 个连接
[2025-04-28 14:32:16] WebSocket 广播消息成功发送到 0/0 个连接
[2025-04-28 14:34:16] WebSocket 广播消息成功发送到 0/0 个连接
[2025-04-28 14:34:16] WebSocket 广播消息成功发送到 0/0 个连接
[2025-04-28 14:35:11] WebSocket 连接已添加，当前连接数: 1
[2025-04-28 14:35:11] GET /finance/quotes/all - 1ms
[2025-04-28 14:35:11] GET /finance/time - 1ms
[2025-04-28 14:35:11] GET /finance/trade-calendar - 0ms
[2025-04-28 14:35:11] GET /finance/news/cls - 0ms
[2025-04-28 14:35:23] WebSocket 连接已关闭
[2025-04-28 14:35:23] WebSocket 连接已移除，当前连接数: 0
[2025-04-28 14:35:23] WebSocket 连接已添加，当前连接数: 1
[2025-04-28 14:35:23] GET /finance/quotes/all - 0ms
[2025-04-28 14:35:23] GET /finance/time - 0ms
[2025-04-28 14:35:23] GET /finance/trade-calendar - 0ms
[2025-04-28 14:35:23] GET /finance/news/cls - 0ms
[2025-04-28 14:35:45] GET /finance/news/cls - 0ms
[2025-04-28 14:35:58] WebSocket 连接已关闭
[2025-04-28 14:35:58] WebSocket 连接已移除，当前连接数: 0
[2025-04-28 14:36:16] WebSocket 广播消息成功发送到 0/0 个连接
[2025-04-28 14:38:16] WebSocket 广播消息成功发送到 0/0 个连接
[2025-04-28 14:38:16] WebSocket 广播消息成功发送到 0/0 个连接
[2025-04-28 14:39:03] WebSocket 连接已添加，当前连接数: 1
[2025-04-28 14:39:03] GET /api/finance/time - 0ms
[2025-04-28 14:39:03] GET /api/finance/news/cls - 0ms
[2025-04-28 14:39:03] GET /api/finance/quotes/all - 199ms
[2025-04-28 14:39:03] GET /api/finance/trade-calendar - 254ms
[2025-04-28 14:39:04] WebSocket 广播消息成功发送到 1/1 个连接
[2025-04-28 14:39:05] Koa 和 WebSocket 服务器已启动，监听端口 3300
[2025-04-28 14:39:05] WebSocket 广播消息成功发送到 0/0 个连接
[2025-04-28 14:39:05] WebSocket 广播消息成功发送到 0/0 个连接
[2025-04-28 14:39:07] WebSocket 连接已添加，当前连接数: 1
[2025-04-28 14:39:10] WebSocket 广播消息成功发送到 1/1 个连接
[2025-04-28 14:39:15] WebSocket 广播消息成功发送到 1/1 个连接
[2025-04-28 14:39:20] WebSocket 广播消息成功发送到 1/1 个连接
[2025-04-28 14:39:25] WebSocket 广播消息成功发送到 1/1 个连接
[2025-04-28 14:39:30] WebSocket 广播消息成功发送到 1/1 个连接
[2025-04-28 14:39:35] WebSocket 广播消息成功发送到 1/1 个连接
[2025-04-28 14:39:35] WebSocket 连接已关闭
[2025-04-28 14:39:35] WebSocket 连接已移除，当前连接数: 0
[2025-04-28 14:39:40] WebSocket 广播消息成功发送到 0/0 个连接
[2025-04-28 14:39:45] WebSocket 广播消息成功发送到 0/0 个连接
[2025-04-28 14:39:50] WebSocket 广播消息成功发送到 0/0 个连接
[2025-04-28 14:39:55] WebSocket 广播消息成功发送到 0/0 个连接
[2025-04-28 14:40:00] WebSocket 广播消息成功发送到 0/0 个连接
[2025-04-28 14:40:05] WebSocket 广播消息成功发送到 0/0 个连接
[2025-04-28 14:40:10] WebSocket 广播消息成功发送到 0/0 个连接
[2025-04-28 14:40:15] WebSocket 广播消息成功发送到 0/0 个连接
[2025-04-28 14:40:20] WebSocket 广播消息成功发送到 0/0 个连接
[2025-04-28 14:40:25] WebSocket 广播消息成功发送到 0/0 个连接
[2025-04-28 14:40:30] WebSocket 广播消息成功发送到 0/0 个连接
[2025-04-28 14:40:35] WebSocket 广播消息成功发送到 0/0 个连接
[2025-04-28 14:40:40] WebSocket 广播消息成功发送到 0/0 个连接
[2025-04-28 14:40:45] WebSocket 广播消息成功发送到 0/0 个连接
[2025-04-28 14:40:50] WebSocket 广播消息成功发送到 0/0 个连接
[2025-04-28 14:40:55] WebSocket 广播消息成功发送到 0/0 个连接
[2025-04-28 14:41:00] WebSocket 广播消息成功发送到 0/0 个连接
[2025-04-28 14:41:03] WebSocket 连接已添加，当前连接数: 1
[2025-04-28 14:41:03] GET /api/finance/time - 1ms
[2025-04-28 14:41:03] GET /api/finance/news/cls - 0ms
[2025-04-28 14:41:03] GET /api/finance/quotes/all - 213ms
[2025-04-28 14:41:03] GET /api/finance/trade-calendar - 286ms
[2025-04-28 14:41:04] WebSocket 广播消息成功发送到 1/1 个连接
[2025-04-28 14:41:05] Koa 和 WebSocket 服务器已启动，监听端口 3300
[2025-04-28 14:41:05] WebSocket 广播消息成功发送到 0/0 个连接
[2025-04-28 14:41:05] WebSocket 广播消息成功发送到 0/0 个连接
[2025-04-28 14:41:07] WebSocket 连接已添加，当前连接数: 1
[2025-04-28 14:41:10] WebSocket 广播消息成功发送到 1/1 个连接
[2025-04-28 14:41:15] WebSocket 广播消息成功发送到 1/1 个连接
[2025-04-28 14:41:20] WebSocket 广播消息成功发送到 1/1 个连接
[2025-04-28 14:41:25] WebSocket 广播消息成功发送到 1/1 个连接
[2025-04-28 14:41:30] WebSocket 广播消息成功发送到 1/1 个连接
[2025-04-28 14:41:35] WebSocket 广播消息成功发送到 1/1 个连接
[2025-04-28 14:41:40] WebSocket 广播消息成功发送到 1/1 个连接
[2025-04-28 14:41:45] WebSocket 广播消息成功发送到 1/1 个连接
[2025-04-28 14:41:50] WebSocket 广播消息成功发送到 1/1 个连接
[2025-04-28 14:41:55] WebSocket 广播消息成功发送到 1/1 个连接
[2025-04-28 14:42:00] WebSocket 广播消息成功发送到 1/1 个连接
[2025-04-28 14:42:05] WebSocket 广播消息成功发送到 1/1 个连接
[2025-04-28 14:42:10] WebSocket 广播消息成功发送到 1/1 个连接
[2025-04-28 14:42:15] WebSocket 广播消息成功发送到 1/1 个连接
[2025-04-28 14:42:20] WebSocket 广播消息成功发送到 1/1 个连接
[2025-04-28 14:42:25] WebSocket 广播消息成功发送到 1/1 个连接
[2025-04-28 14:42:30] WebSocket 广播消息成功发送到 1/1 个连接
[2025-04-28 14:42:35] WebSocket 广播消息成功发送到 1/1 个连接
[2025-04-28 14:42:40] WebSocket 广播消息成功发送到 1/1 个连接
[2025-04-28 14:42:44] WebSocket 连接已关闭
[2025-04-28 14:42:44] WebSocket 连接已移除，当前连接数: 0
[2025-04-28 14:42:45] WebSocket 广播消息成功发送到 0/0 个连接
[2025-04-28 14:42:50] WebSocket 广播消息成功发送到 0/0 个连接
[2025-04-28 14:42:55] WebSocket 广播消息成功发送到 0/0 个连接
[2025-04-28 14:43:00] WebSocket 广播消息成功发送到 0/0 个连接
[2025-04-28 14:43:05] WebSocket 广播消息成功发送到 0/0 个连接
[2025-04-28 14:43:05] WebSocket 广播消息成功发送到 0/0 个连接
[2025-04-28 14:43:05] WebSocket 广播消息成功发送到 0/0 个连接
[2025-04-28 14:43:10] WebSocket 广播消息成功发送到 0/0 个连接
[2025-04-28 14:43:15] WebSocket 广播消息成功发送到 0/0 个连接
[2025-04-28 14:43:20] WebSocket 广播消息成功发送到 0/0 个连接
[2025-04-28 14:43:25] WebSocket 广播消息成功发送到 0/0 个连接
[2025-04-28 14:43:30] WebSocket 广播消息成功发送到 0/0 个连接
[2025-04-28 14:43:35] WebSocket 广播消息成功发送到 0/0 个连接
[2025-04-28 14:43:40] WebSocket 广播消息成功发送到 0/0 个连接
[2025-04-28 14:43:45] WebSocket 广播消息成功发送到 0/0 个连接
[2025-04-28 14:43:50] WebSocket 广播消息成功发送到 0/0 个连接
[2025-04-28 14:43:55] WebSocket 广播消息成功发送到 0/0 个连接
[2025-04-28 14:44:00] WebSocket 广播消息成功发送到 0/0 个连接
[2025-04-28 14:44:05] WebSocket 广播消息成功发送到 0/0 个连接
[2025-04-28 14:44:10] WebSocket 广播消息成功发送到 0/0 个连接
[2025-04-28 14:44:15] WebSocket 广播消息成功发送到 0/0 个连接
[2025-04-28 14:44:20] WebSocket 广播消息成功发送到 0/0 个连接
[2025-04-28 14:44:25] WebSocket 广播消息成功发送到 0/0 个连接
[2025-04-28 14:44:30] WebSocket 广播消息成功发送到 0/0 个连接
[2025-04-28 14:44:35] WebSocket 广播消息成功发送到 0/0 个连接
[2025-04-28 14:44:40] WebSocket 广播消息成功发送到 0/0 个连接
[2025-04-28 14:44:45] WebSocket 广播消息成功发送到 0/0 个连接
[2025-04-28 14:44:50] WebSocket 广播消息成功发送到 0/0 个连接
[2025-04-28 14:44:55] WebSocket 广播消息成功发送到 0/0 个连接
[2025-04-28 14:45:00] WebSocket 广播消息成功发送到 0/0 个连接
[2025-04-28 14:45:05] WebSocket 广播消息成功发送到 0/0 个连接
[2025-04-28 14:45:05] WebSocket 广播消息成功发送到 0/0 个连接
[2025-04-28 14:45:10] WebSocket 广播消息成功发送到 0/0 个连接
[2025-04-28 14:45:15] WebSocket 广播消息成功发送到 0/0 个连接
[2025-04-28 14:45:20] WebSocket 广播消息成功发送到 0/0 个连接
[2025-04-28 14:45:25] WebSocket 广播消息成功发送到 0/0 个连接
[2025-04-28 14:45:30] WebSocket 广播消息成功发送到 0/0 个连接
[2025-04-28 14:45:35] WebSocket 广播消息成功发送到 0/0 个连接
[2025-04-28 14:45:40] WebSocket 广播消息成功发送到 0/0 个连接
[2025-04-28 14:45:45] WebSocket 广播消息成功发送到 0/0 个连接
[2025-04-28 14:45:50] WebSocket 广播消息成功发送到 0/0 个连接
[2025-04-28 14:45:55] WebSocket 广播消息成功发送到 0/0 个连接
[2025-04-28 14:46:00] WebSocket 广播消息成功发送到 0/0 个连接
[2025-04-28 14:46:05] WebSocket 广播消息成功发送到 0/0 个连接
[2025-04-28 14:46:06] WebSocket 连接已添加，当前连接数: 1
[2025-04-28 14:46:06] GET /api/finance/time - 0ms
[2025-04-28 14:46:06] GET /api/finance/quotes/all - 115ms
[2025-04-28 14:46:06] GET /api/finance/news/cls - 0ms
[2025-04-28 14:46:06] GET /api/finance/trade-calendar - 271ms
[2025-04-28 14:46:07] WebSocket 广播消息成功发送到 1/1 个连接
[2025-04-28 14:46:08] Koa 和 WebSocket 服务器已启动，监听端口 3300
[2025-04-28 14:46:08] WebSocket 广播消息成功发送到 0/0 个连接
[2025-04-28 14:46:08] WebSocket 广播消息成功发送到 0/0 个连接
[2025-04-28 14:46:09] WebSocket 连接已添加，当前连接数: 1
[2025-04-28 14:46:13] WebSocket 广播消息成功发送到 1/1 个连接
[2025-04-28 14:46:18] WebSocket 广播消息成功发送到 1/1 个连接
[2025-04-28 14:46:23] WebSocket 广播消息成功发送到 1/1 个连接
[2025-04-28 14:46:25] WebSocket 连接已关闭
[2025-04-28 14:46:25] WebSocket 连接已移除，当前连接数: 0
[2025-04-28 14:46:28] WebSocket 广播消息成功发送到 0/0 个连接
[2025-04-28 14:46:33] WebSocket 广播消息成功发送到 0/0 个连接
[2025-04-28 14:46:38] WebSocket 广播消息成功发送到 0/0 个连接
[2025-04-28 14:46:43] WebSocket 广播消息成功发送到 0/0 个连接
[2025-04-28 14:46:48] WebSocket 广播消息成功发送到 0/0 个连接
[2025-04-28 14:46:53] WebSocket 广播消息成功发送到 0/0 个连接
[2025-04-28 14:46:58] WebSocket 广播消息成功发送到 0/0 个连接
[2025-04-28 14:47:03] WebSocket 广播消息成功发送到 0/0 个连接
[2025-04-28 14:47:08] WebSocket 广播消息成功发送到 0/0 个连接
[2025-04-28 14:47:13] WebSocket 广播消息成功发送到 0/0 个连接
[2025-04-28 14:47:18] WebSocket 广播消息成功发送到 0/0 个连接
[2025-04-28 14:47:23] WebSocket 广播消息成功发送到 0/0 个连接
[2025-04-28 14:47:28] WebSocket 广播消息成功发送到 0/0 个连接
[2025-04-28 14:47:33] WebSocket 广播消息成功发送到 0/0 个连接
[2025-04-28 14:47:38] WebSocket 广播消息成功发送到 0/0 个连接
[2025-04-28 14:47:43] WebSocket 广播消息成功发送到 0/0 个连接
[2025-04-28 14:47:48] WebSocket 广播消息成功发送到 0/0 个连接
[2025-04-28 14:47:53] WebSocket 广播消息成功发送到 0/0 个连接
[2025-04-28 14:47:58] WebSocket 广播消息成功发送到 0/0 个连接
[2025-04-28 14:48:03] WebSocket 广播消息成功发送到 0/0 个连接
[2025-04-28 14:48:08] WebSocket 广播消息成功发送到 0/0 个连接
[2025-04-28 14:48:08] WebSocket 广播消息成功发送到 0/0 个连接
[2025-04-28 14:48:13] WebSocket 广播消息成功发送到 0/0 个连接
[2025-04-28 14:48:18] WebSocket 广播消息成功发送到 0/0 个连接
[2025-04-28 14:48:23] WebSocket 广播消息成功发送到 0/0 个连接
[2025-04-28 14:48:28] WebSocket 广播消息成功发送到 0/0 个连接
[2025-04-28 14:48:33] WebSocket 广播消息成功发送到 0/0 个连接
[2025-04-28 14:48:38] WebSocket 广播消息成功发送到 0/0 个连接
[2025-04-28 14:48:43] WebSocket 广播消息成功发送到 0/0 个连接
[2025-04-28 14:48:48] WebSocket 广播消息成功发送到 0/0 个连接
[2025-04-28 14:48:53] WebSocket 广播消息成功发送到 0/0 个连接
[2025-04-28 14:48:58] WebSocket 广播消息成功发送到 0/0 个连接
[2025-04-28 14:49:03] WebSocket 广播消息成功发送到 0/0 个连接
[2025-04-28 14:49:08] WebSocket 广播消息成功发送到 0/0 个连接
[2025-04-28 14:49:13] WebSocket 广播消息成功发送到 0/0 个连接
[2025-04-28 14:49:18] WebSocket 广播消息成功发送到 0/0 个连接
[2025-04-28 14:49:23] WebSocket 广播消息成功发送到 0/0 个连接
[2025-04-28 14:49:28] WebSocket 广播消息成功发送到 0/0 个连接
[2025-04-28 14:49:33] WebSocket 广播消息成功发送到 0/0 个连接
[2025-04-28 14:49:38] WebSocket 广播消息成功发送到 0/0 个连接
[2025-04-28 14:49:43] WebSocket 广播消息成功发送到 0/0 个连接
[2025-04-28 14:49:48] WebSocket 广播消息成功发送到 0/0 个连接
[2025-04-28 14:49:53] WebSocket 广播消息成功发送到 0/0 个连接
[2025-04-28 14:49:58] WebSocket 广播消息成功发送到 0/0 个连接
[2025-04-28 14:50:03] WebSocket 广播消息成功发送到 0/0 个连接
[2025-04-28 14:50:08] WebSocket 广播消息成功发送到 0/0 个连接
[2025-04-28 14:50:13] WebSocket 广播消息成功发送到 0/0 个连接
[2025-04-28 14:50:18] WebSocket 广播消息成功发送到 0/0 个连接
[2025-04-28 14:50:23] WebSocket 广播消息成功发送到 0/0 个连接
[2025-04-28 14:50:28] WebSocket 广播消息成功发送到 0/0 个连接
[2025-04-28 14:50:33] WebSocket 广播消息成功发送到 0/0 个连接
[2025-04-28 14:50:38] WebSocket 广播消息成功发送到 0/0 个连接
[2025-04-28 14:50:43] WebSocket 广播消息成功发送到 0/0 个连接
[2025-04-28 14:50:48] WebSocket 广播消息成功发送到 0/0 个连接
[2025-04-28 14:50:53] WebSocket 广播消息成功发送到 0/0 个连接
[2025-04-28 14:50:58] WebSocket 广播消息成功发送到 0/0 个连接
[2025-04-28 14:51:03] WebSocket 广播消息成功发送到 0/0 个连接
[2025-04-28 14:51:08] WebSocket 广播消息成功发送到 0/0 个连接
[2025-04-28 14:51:13] WebSocket 广播消息成功发送到 0/0 个连接
[2025-04-28 14:51:18] WebSocket 广播消息成功发送到 0/0 个连接
[2025-04-28 14:51:23] WebSocket 广播消息成功发送到 0/0 个连接
[2025-04-28 14:51:28] WebSocket 广播消息成功发送到 0/0 个连接
[2025-04-28 14:51:33] WebSocket 广播消息成功发送到 0/0 个连接
[2025-04-28 14:51:38] WebSocket 广播消息成功发送到 0/0 个连接
[2025-04-28 14:51:43] WebSocket 广播消息成功发送到 0/0 个连接
[2025-04-28 14:51:48] WebSocket 广播消息成功发送到 0/0 个连接
[2025-04-28 14:51:53] WebSocket 广播消息成功发送到 0/0 个连接
[2025-04-28 14:51:58] WebSocket 广播消息成功发送到 0/0 个连接
[2025-04-28 14:52:03] WebSocket 广播消息成功发送到 0/0 个连接
[2025-04-28 14:52:08] WebSocket 广播消息成功发送到 0/0 个连接
[2025-04-28 14:52:08] WebSocket 广播消息成功发送到 0/0 个连接
[2025-04-28 14:52:13] WebSocket 广播消息成功发送到 0/0 个连接
[2025-04-28 14:52:18] WebSocket 广播消息成功发送到 0/0 个连接
[2025-04-28 14:52:23] WebSocket 广播消息成功发送到 0/0 个连接
[2025-04-28 14:52:28] WebSocket 广播消息成功发送到 0/0 个连接
[2025-04-28 14:52:33] WebSocket 广播消息成功发送到 0/0 个连接
[2025-04-28 14:52:38] WebSocket 广播消息成功发送到 0/0 个连接
[2025-04-28 14:52:43] WebSocket 广播消息成功发送到 0/0 个连接
[2025-04-28 14:52:48] WebSocket 广播消息成功发送到 0/0 个连接
[2025-04-28 14:52:53] WebSocket 广播消息成功发送到 0/0 个连接
[2025-04-28 14:52:58] WebSocket 广播消息成功发送到 0/0 个连接
[2025-04-28 14:53:03] WebSocket 广播消息成功发送到 0/0 个连接
[2025-04-28 14:53:08] WebSocket 广播消息成功发送到 0/0 个连接
[2025-04-28 14:53:13] WebSocket 广播消息成功发送到 0/0 个连接
[2025-04-28 14:53:18] WebSocket 广播消息成功发送到 0/0 个连接
[2025-04-28 14:53:23] WebSocket 广播消息成功发送到 0/0 个连接
[2025-04-28 14:53:29] WebSocket 广播消息成功发送到 0/0 个连接
[2025-04-28 14:53:33] WebSocket 广播消息成功发送到 0/0 个连接
[2025-04-28 14:53:39] WebSocket 广播消息成功发送到 0/0 个连接
[2025-04-28 14:53:43] WebSocket 广播消息成功发送到 0/0 个连接
[2025-04-28 14:53:48] WebSocket 广播消息成功发送到 0/0 个连接
[2025-04-28 14:53:53] WebSocket 广播消息成功发送到 0/0 个连接
[2025-04-28 14:53:58] WebSocket 广播消息成功发送到 0/0 个连接
[2025-04-28 14:54:03] WebSocket 广播消息成功发送到 0/0 个连接
[2025-04-28 14:54:08] WebSocket 广播消息成功发送到 0/0 个连接
[2025-04-28 14:54:08] WebSocket 广播消息成功发送到 0/0 个连接
[2025-04-28 14:54:08] WebSocket 广播消息成功发送到 0/0 个连接
[2025-04-28 14:54:14] WebSocket 广播消息成功发送到 0/0 个连接
[2025-04-28 14:54:19] WebSocket 广播消息成功发送到 0/0 个连接
[2025-04-28 14:54:24] WebSocket 广播消息成功发送到 0/0 个连接
[2025-04-28 14:54:29] WebSocket 广播消息成功发送到 0/0 个连接
[2025-04-28 14:54:34] WebSocket 广播消息成功发送到 0/0 个连接
[2025-04-28 14:54:39] WebSocket 广播消息成功发送到 0/0 个连接
[2025-04-28 14:54:44] WebSocket 广播消息成功发送到 0/0 个连接
[2025-04-28 14:54:49] WebSocket 广播消息成功发送到 0/0 个连接
[2025-04-28 14:54:54] WebSocket 广播消息成功发送到 0/0 个连接
[2025-04-28 14:54:59] WebSocket 广播消息成功发送到 0/0 个连接
[2025-04-28 14:55:04] WebSocket 广播消息成功发送到 0/0 个连接
[2025-04-28 14:55:09] WebSocket 广播消息成功发送到 0/0 个连接
[2025-04-28 14:55:14] WebSocket 广播消息成功发送到 0/0 个连接
[2025-04-28 14:55:19] WebSocket 广播消息成功发送到 0/0 个连接
[2025-04-28 14:55:24] WebSocket 广播消息成功发送到 0/0 个连接
[2025-04-28 14:55:29] WebSocket 广播消息成功发送到 0/0 个连接
[2025-04-28 14:55:34] WebSocket 广播消息成功发送到 0/0 个连接
[2025-04-28 14:55:39] WebSocket 广播消息成功发送到 0/0 个连接
[2025-04-28 14:55:44] WebSocket 广播消息成功发送到 0/0 个连接
[2025-04-28 14:55:49] WebSocket 广播消息成功发送到 0/0 个连接
[2025-04-28 14:55:54] WebSocket 广播消息成功发送到 0/0 个连接
[2025-04-28 14:55:59] WebSocket 广播消息成功发送到 0/0 个连接
[2025-04-28 14:56:04] WebSocket 广播消息成功发送到 0/0 个连接
[2025-04-28 14:56:08] WebSocket 广播消息成功发送到 0/0 个连接
[2025-04-28 14:56:09] WebSocket 广播消息成功发送到 0/0 个连接
[2025-04-28 14:56:14] WebSocket 广播消息成功发送到 0/0 个连接
[2025-04-28 14:56:19] WebSocket 广播消息成功发送到 0/0 个连接
[2025-04-28 14:56:24] WebSocket 广播消息成功发送到 0/0 个连接
[2025-04-28 14:56:29] WebSocket 广播消息成功发送到 0/0 个连接
[2025-04-28 14:56:34] WebSocket 广播消息成功发送到 0/0 个连接
[2025-04-28 14:56:39] WebSocket 广播消息成功发送到 0/0 个连接
[2025-04-28 14:56:44] WebSocket 广播消息成功发送到 0/0 个连接
[2025-04-28 14:56:49] WebSocket 广播消息成功发送到 0/0 个连接
[2025-04-28 14:56:54] WebSocket 广播消息成功发送到 0/0 个连接
[2025-04-28 14:56:59] WebSocket 广播消息成功发送到 0/0 个连接
[2025-04-28 14:57:04] WebSocket 广播消息成功发送到 0/0 个连接
[2025-04-28 14:57:09] WebSocket 广播消息成功发送到 0/0 个连接
[2025-04-28 14:57:14] WebSocket 广播消息成功发送到 0/0 个连接
[2025-04-28 14:57:19] WebSocket 广播消息成功发送到 0/0 个连接
[2025-04-28 14:57:24] WebSocket 广播消息成功发送到 0/0 个连接
[2025-04-28 14:57:29] WebSocket 广播消息成功发送到 0/0 个连接
[2025-04-28 14:57:34] WebSocket 广播消息成功发送到 0/0 个连接
[2025-04-28 14:57:39] WebSocket 广播消息成功发送到 0/0 个连接
[2025-04-28 14:57:44] WebSocket 广播消息成功发送到 0/0 个连接
[2025-04-28 14:57:49] WebSocket 广播消息成功发送到 0/0 个连接
[2025-04-28 14:57:54] WebSocket 广播消息成功发送到 0/0 个连接
[2025-04-28 14:57:59] WebSocket 广播消息成功发送到 0/0 个连接
[2025-04-28 14:58:04] WebSocket 广播消息成功发送到 0/0 个连接
[2025-04-28 14:58:08] WebSocket 广播消息成功发送到 0/0 个连接
[2025-04-28 14:58:08] WebSocket 广播消息成功发送到 0/0 个连接
[2025-04-28 14:58:09] WebSocket 广播消息成功发送到 0/0 个连接
[2025-04-28 14:58:14] WebSocket 广播消息成功发送到 0/0 个连接
[2025-04-28 14:58:19] WebSocket 广播消息成功发送到 0/0 个连接
[2025-04-28 14:58:24] WebSocket 广播消息成功发送到 0/0 个连接
[2025-04-28 14:58:29] WebSocket 广播消息成功发送到 0/0 个连接
[2025-04-28 14:58:34] WebSocket 广播消息成功发送到 0/0 个连接
[2025-04-28 14:58:39] WebSocket 广播消息成功发送到 0/0 个连接
[2025-04-28 14:58:44] WebSocket 广播消息成功发送到 0/0 个连接
[2025-04-28 14:58:49] WebSocket 广播消息成功发送到 0/0 个连接
[2025-04-28 14:58:54] WebSocket 广播消息成功发送到 0/0 个连接
[2025-04-28 14:58:59] WebSocket 广播消息成功发送到 0/0 个连接
[2025-04-28 14:59:04] WebSocket 广播消息成功发送到 0/0 个连接
[2025-04-28 14:59:09] WebSocket 广播消息成功发送到 0/0 个连接
[2025-04-28 14:59:14] WebSocket 广播消息成功发送到 0/0 个连接
[2025-04-28 14:59:19] WebSocket 广播消息成功发送到 0/0 个连接
[2025-04-28 14:59:24] WebSocket 广播消息成功发送到 0/0 个连接
[2025-04-28 14:59:29] WebSocket 广播消息成功发送到 0/0 个连接
[2025-04-28 14:59:34] WebSocket 广播消息成功发送到 0/0 个连接
[2025-04-28 14:59:39] WebSocket 广播消息成功发送到 0/0 个连接
[2025-04-28 14:59:44] WebSocket 广播消息成功发送到 0/0 个连接
[2025-04-28 14:59:49] WebSocket 广播消息成功发送到 0/0 个连接
[2025-04-28 14:59:54] WebSocket 广播消息成功发送到 0/0 个连接
[2025-04-28 14:59:59] WebSocket 广播消息成功发送到 0/0 个连接
[2025-04-28 15:00:04] WebSocket 广播消息成功发送到 0/0 个连接
[2025-04-28 15:00:08] WebSocket 广播消息成功发送到 0/0 个连接
[2025-04-28 15:00:09] WebSocket 广播消息成功发送到 0/0 个连接
[2025-04-28 15:00:14] WebSocket 广播消息成功发送到 0/0 个连接
[2025-04-28 15:00:19] WebSocket 广播消息成功发送到 0/0 个连接
[2025-04-28 15:00:24] WebSocket 广播消息成功发送到 0/0 个连接
[2025-04-28 15:00:29] WebSocket 广播消息成功发送到 0/0 个连接
[2025-04-28 15:00:34] WebSocket 广播消息成功发送到 0/0 个连接
[2025-04-28 15:00:39] WebSocket 广播消息成功发送到 0/0 个连接
[2025-04-28 15:00:44] WebSocket 广播消息成功发送到 0/0 个连接
[2025-04-28 15:00:49] WebSocket 广播消息成功发送到 0/0 个连接
[2025-04-28 15:00:54] WebSocket 广播消息成功发送到 0/0 个连接
[2025-04-28 15:00:59] WebSocket 广播消息成功发送到 0/0 个连接
[2025-04-28 15:01:04] WebSocket 广播消息成功发送到 0/0 个连接
[2025-04-28 15:01:09] WebSocket 广播消息成功发送到 0/0 个连接
[2025-04-28 15:01:14] WebSocket 广播消息成功发送到 0/0 个连接
[2025-04-28 15:01:19] WebSocket 广播消息成功发送到 0/0 个连接
[2025-04-28 15:01:24] WebSocket 广播消息成功发送到 0/0 个连接
[2025-04-28 15:01:29] WebSocket 广播消息成功发送到 0/0 个连接
[2025-04-28 15:01:34] WebSocket 广播消息成功发送到 0/0 个连接
[2025-04-28 15:01:39] WebSocket 广播消息成功发送到 0/0 个连接
[2025-04-28 15:01:44] WebSocket 广播消息成功发送到 0/0 个连接
[2025-04-28 15:01:49] WebSocket 广播消息成功发送到 0/0 个连接
[2025-04-28 15:01:54] WebSocket 广播消息成功发送到 0/0 个连接
[2025-04-28 15:01:59] WebSocket 广播消息成功发送到 0/0 个连接
[2025-04-28 15:02:04] WebSocket 广播消息成功发送到 0/0 个连接
[2025-04-28 15:02:08] WebSocket 广播消息成功发送到 0/0 个连接
[2025-04-28 15:02:08] WebSocket 广播消息成功发送到 0/0 个连接
[2025-04-28 15:02:09] WebSocket 广播消息成功发送到 0/0 个连接
[2025-04-28 15:02:14] WebSocket 广播消息成功发送到 0/0 个连接
[2025-04-28 15:02:19] WebSocket 广播消息成功发送到 0/0 个连接
[2025-04-28 15:02:25] WebSocket 广播消息成功发送到 0/0 个连接
[2025-04-28 15:02:29] WebSocket 广播消息成功发送到 0/0 个连接
[2025-04-28 15:02:34] WebSocket 广播消息成功发送到 0/0 个连接
[2025-04-28 15:02:39] WebSocket 广播消息成功发送到 0/0 个连接
[2025-04-28 15:02:44] WebSocket 广播消息成功发送到 0/0 个连接
[2025-04-28 15:02:49] WebSocket 广播消息成功发送到 0/0 个连接
[2025-04-28 15:02:54] WebSocket 广播消息成功发送到 0/0 个连接
[2025-04-28 15:02:59] WebSocket 广播消息成功发送到 0/0 个连接
[2025-04-28 15:03:04] WebSocket 广播消息成功发送到 0/0 个连接
[2025-04-28 15:03:09] WebSocket 广播消息成功发送到 0/0 个连接
[2025-04-28 15:03:14] WebSocket 广播消息成功发送到 0/0 个连接
[2025-04-28 15:03:19] WebSocket 广播消息成功发送到 0/0 个连接
[2025-04-28 15:03:24] WebSocket 广播消息成功发送到 0/0 个连接
[2025-04-28 15:03:29] WebSocket 广播消息成功发送到 0/0 个连接
[2025-04-28 15:03:34] WebSocket 广播消息成功发送到 0/0 个连接
[2025-04-28 15:03:39] WebSocket 广播消息成功发送到 0/0 个连接
[2025-04-28 15:03:44] WebSocket 广播消息成功发送到 0/0 个连接
[2025-04-28 15:03:49] WebSocket 广播消息成功发送到 0/0 个连接
[2025-04-28 15:03:54] WebSocket 广播消息成功发送到 0/0 个连接
[2025-04-28 15:03:59] WebSocket 广播消息成功发送到 0/0 个连接
[2025-04-28 15:04:04] WebSocket 广播消息成功发送到 0/0 个连接
[2025-04-28 15:04:08] WebSocket 广播消息成功发送到 0/0 个连接
[2025-04-28 15:04:08] WebSocket 广播消息成功发送到 0/0 个连接
[2025-04-28 15:04:09] WebSocket 广播消息成功发送到 0/0 个连接
[2025-04-28 15:04:15] WebSocket 广播消息成功发送到 0/0 个连接
[2025-04-28 15:04:20] WebSocket 广播消息成功发送到 0/0 个连接
[2025-04-28 15:04:25] WebSocket 广播消息成功发送到 0/0 个连接
[2025-04-28 15:04:30] WebSocket 广播消息成功发送到 0/0 个连接
[2025-04-28 15:04:35] WebSocket 广播消息成功发送到 0/0 个连接
[2025-04-28 15:04:40] WebSocket 广播消息成功发送到 0/0 个连接
[2025-04-28 15:04:45] WebSocket 广播消息成功发送到 0/0 个连接
[2025-04-28 15:04:50] WebSocket 广播消息成功发送到 0/0 个连接
[2025-04-28 15:04:55] WebSocket 广播消息成功发送到 0/0 个连接
[2025-04-28 15:05:00] WebSocket 广播消息成功发送到 0/0 个连接
[2025-04-28 15:05:05] WebSocket 广播消息成功发送到 0/0 个连接
[2025-04-28 15:05:10] WebSocket 广播消息成功发送到 0/0 个连接
[2025-04-28 15:05:15] WebSocket 广播消息成功发送到 0/0 个连接
[2025-04-28 15:05:20] WebSocket 广播消息成功发送到 0/0 个连接
[2025-04-28 15:05:25] WebSocket 广播消息成功发送到 0/0 个连接
[2025-04-28 15:05:30] WebSocket 广播消息成功发送到 0/0 个连接
[2025-04-28 15:05:35] WebSocket 广播消息成功发送到 0/0 个连接
[2025-04-28 15:05:40] WebSocket 广播消息成功发送到 0/0 个连接
[2025-04-28 15:05:45] WebSocket 广播消息成功发送到 0/0 个连接
[2025-04-28 15:05:50] WebSocket 广播消息成功发送到 0/0 个连接
[2025-04-28 15:05:55] WebSocket 广播消息成功发送到 0/0 个连接
[2025-04-28 15:06:00] WebSocket 广播消息成功发送到 0/0 个连接
[2025-04-28 15:06:05] WebSocket 广播消息成功发送到 0/0 个连接
[2025-04-28 15:06:08] WebSocket 广播消息成功发送到 0/0 个连接
[2025-04-28 15:06:08] WebSocket 广播消息成功发送到 0/0 个连接
[2025-04-28 15:06:10] WebSocket 广播消息成功发送到 0/0 个连接
[2025-04-28 15:06:15] WebSocket 广播消息成功发送到 0/0 个连接
[2025-04-28 15:06:20] WebSocket 广播消息成功发送到 0/0 个连接
[2025-04-28 15:06:25] WebSocket 广播消息成功发送到 0/0 个连接
[2025-04-28 15:06:30] WebSocket 广播消息成功发送到 0/0 个连接
[2025-04-28 15:06:35] WebSocket 广播消息成功发送到 0/0 个连接
[2025-04-28 15:06:40] WebSocket 广播消息成功发送到 0/0 个连接
[2025-04-28 15:06:45] WebSocket 广播消息成功发送到 0/0 个连接
[2025-04-28 15:06:50] WebSocket 广播消息成功发送到 0/0 个连接
[2025-04-28 15:06:55] WebSocket 广播消息成功发送到 0/0 个连接
[2025-04-28 15:07:00] WebSocket 广播消息成功发送到 0/0 个连接
[2025-04-28 15:07:05] WebSocket 广播消息成功发送到 0/0 个连接
[2025-04-28 15:07:10] WebSocket 广播消息成功发送到 0/0 个连接
[2025-04-28 15:07:15] WebSocket 广播消息成功发送到 0/0 个连接
[2025-04-28 15:07:20] WebSocket 广播消息成功发送到 0/0 个连接
[2025-04-28 15:07:25] WebSocket 广播消息成功发送到 0/0 个连接
[2025-04-28 15:07:30] WebSocket 广播消息成功发送到 0/0 个连接
[2025-04-28 15:07:35] WebSocket 广播消息成功发送到 0/0 个连接
[2025-04-28 15:07:40] WebSocket 广播消息成功发送到 0/0 个连接
[2025-04-28 15:07:45] WebSocket 广播消息成功发送到 0/0 个连接
[2025-04-28 15:07:50] WebSocket 广播消息成功发送到 0/0 个连接
[2025-04-28 15:07:55] WebSocket 广播消息成功发送到 0/0 个连接
[2025-04-28 15:08:00] WebSocket 广播消息成功发送到 0/0 个连接
[2025-04-28 15:08:05] WebSocket 广播消息成功发送到 0/0 个连接
[2025-04-28 15:08:08] WebSocket 广播消息成功发送到 0/0 个连接
[2025-04-28 15:08:10] WebSocket 广播消息成功发送到 0/0 个连接
[2025-04-28 15:08:15] WebSocket 广播消息成功发送到 0/0 个连接
[2025-04-28 15:08:20] WebSocket 广播消息成功发送到 0/0 个连接
[2025-04-28 15:08:25] WebSocket 广播消息成功发送到 0/0 个连接
[2025-04-28 15:08:30] WebSocket 广播消息成功发送到 0/0 个连接
[2025-04-28 15:08:35] WebSocket 广播消息成功发送到 0/0 个连接
[2025-04-28 15:08:40] WebSocket 广播消息成功发送到 0/0 个连接
[2025-04-28 15:08:45] WebSocket 广播消息成功发送到 0/0 个连接
[2025-04-28 15:08:50] WebSocket 广播消息成功发送到 0/0 个连接
[2025-04-28 15:08:55] WebSocket 广播消息成功发送到 0/0 个连接
[2025-04-28 15:09:00] WebSocket 广播消息成功发送到 0/0 个连接
[2025-04-28 15:09:05] WebSocket 广播消息成功发送到 0/0 个连接
[2025-04-28 15:09:10] WebSocket 广播消息成功发送到 0/0 个连接
[2025-04-28 15:09:15] WebSocket 广播消息成功发送到 0/0 个连接
[2025-04-28 15:09:20] WebSocket 广播消息成功发送到 0/0 个连接
[2025-04-28 15:09:25] WebSocket 广播消息成功发送到 0/0 个连接
[2025-04-28 15:09:30] WebSocket 广播消息成功发送到 0/0 个连接
[2025-04-28 15:09:35] WebSocket 广播消息成功发送到 0/0 个连接
[2025-04-28 15:09:40] WebSocket 广播消息成功发送到 0/0 个连接
[2025-04-28 15:09:45] WebSocket 广播消息成功发送到 0/0 个连接
[2025-04-28 15:09:50] WebSocket 广播消息成功发送到 0/0 个连接
[2025-04-28 15:09:55] WebSocket 广播消息成功发送到 0/0 个连接
[2025-04-28 15:10:00] WebSocket 广播消息成功发送到 0/0 个连接
[2025-04-28 15:10:05] WebSocket 广播消息成功发送到 0/0 个连接
[2025-04-28 15:10:08] WebSocket 广播消息成功发送到 0/0 个连接
[2025-04-28 15:10:08] WebSocket 广播消息成功发送到 0/0 个连接
[2025-04-28 15:10:10] WebSocket 广播消息成功发送到 0/0 个连接
[2025-04-28 15:10:15] WebSocket 广播消息成功发送到 0/0 个连接
[2025-04-28 15:10:20] WebSocket 广播消息成功发送到 0/0 个连接
[2025-04-28 15:10:25] WebSocket 广播消息成功发送到 0/0 个连接
[2025-04-28 15:10:30] WebSocket 广播消息成功发送到 0/0 个连接
[2025-04-28 15:10:35] WebSocket 广播消息成功发送到 0/0 个连接
[2025-04-28 15:10:40] WebSocket 广播消息成功发送到 0/0 个连接
[2025-04-28 15:10:45] WebSocket 广播消息成功发送到 0/0 个连接
[2025-04-28 15:10:50] WebSocket 广播消息成功发送到 0/0 个连接
[2025-04-28 15:10:55] WebSocket 广播消息成功发送到 0/0 个连接
[2025-04-28 15:11:00] WebSocket 广播消息成功发送到 0/0 个连接
[2025-04-28 15:11:05] WebSocket 广播消息成功发送到 0/0 个连接
[2025-04-28 15:11:10] WebSocket 广播消息成功发送到 0/0 个连接
[2025-04-28 15:11:15] WebSocket 广播消息成功发送到 0/0 个连接
[2025-04-28 15:11:20] WebSocket 广播消息成功发送到 0/0 个连接
[2025-04-28 15:11:25] WebSocket 广播消息成功发送到 0/0 个连接
[2025-04-28 15:11:30] WebSocket 广播消息成功发送到 0/0 个连接
[2025-04-28 15:11:35] WebSocket 广播消息成功发送到 0/0 个连接
[2025-04-28 15:11:40] WebSocket 广播消息成功发送到 0/0 个连接
[2025-04-28 15:11:45] WebSocket 广播消息成功发送到 0/0 个连接
[2025-04-28 15:11:50] WebSocket 广播消息成功发送到 0/0 个连接
[2025-04-28 15:11:55] WebSocket 广播消息成功发送到 0/0 个连接
[2025-04-28 15:12:00] WebSocket 广播消息成功发送到 0/0 个连接
[2025-04-28 15:12:05] WebSocket 广播消息成功发送到 0/0 个连接
[2025-04-28 15:12:10] WebSocket 广播消息成功发送到 0/0 个连接
[2025-04-28 15:12:15] WebSocket 广播消息成功发送到 0/0 个连接
[2025-04-28 15:12:20] WebSocket 广播消息成功发送到 0/0 个连接
[2025-04-28 15:12:25] WebSocket 广播消息成功发送到 0/0 个连接
[2025-04-28 15:12:30] WebSocket 广播消息成功发送到 0/0 个连接
[2025-04-28 15:12:35] WebSocket 广播消息成功发送到 0/0 个连接
[2025-04-28 15:12:40] WebSocket 广播消息成功发送到 0/0 个连接
[2025-04-28 15:12:45] WebSocket 广播消息成功发送到 0/0 个连接
[2025-04-28 15:12:50] WebSocket 广播消息成功发送到 0/0 个连接
[2025-04-28 15:12:55] WebSocket 广播消息成功发送到 0/0 个连接
[2025-04-28 15:13:00] WebSocket 广播消息成功发送到 0/0 个连接
[2025-04-28 15:13:05] WebSocket 广播消息成功发送到 0/0 个连接
[2025-04-28 15:13:10] WebSocket 广播消息成功发送到 0/0 个连接
[2025-04-28 15:13:15] WebSocket 广播消息成功发送到 0/0 个连接
[2025-04-28 15:13:20] WebSocket 广播消息成功发送到 0/0 个连接
[2025-04-28 15:13:25] WebSocket 广播消息成功发送到 0/0 个连接
[2025-04-28 15:13:30] WebSocket 广播消息成功发送到 0/0 个连接
[2025-04-28 15:13:35] WebSocket 广播消息成功发送到 0/0 个连接
[2025-04-28 15:13:40] WebSocket 广播消息成功发送到 0/0 个连接
[2025-04-28 15:13:45] WebSocket 广播消息成功发送到 0/0 个连接
[2025-04-28 15:13:50] WebSocket 广播消息成功发送到 0/0 个连接
[2025-04-28 15:13:55] WebSocket 广播消息成功发送到 0/0 个连接
[2025-04-28 15:14:00] WebSocket 广播消息成功发送到 0/0 个连接
[2025-04-28 15:14:05] WebSocket 广播消息成功发送到 0/0 个连接
[2025-04-28 15:14:08] WebSocket 广播消息成功发送到 0/0 个连接
[2025-04-28 15:14:08] WebSocket 广播消息成功发送到 0/0 个连接
[2025-04-28 15:14:10] WebSocket 广播消息成功发送到 0/0 个连接
[2025-04-28 15:14:15] WebSocket 广播消息成功发送到 0/0 个连接
[2025-04-28 15:14:20] WebSocket 广播消息成功发送到 0/0 个连接
[2025-04-28 15:14:25] WebSocket 广播消息成功发送到 0/0 个连接
[2025-04-28 15:14:31] WebSocket 广播消息成功发送到 0/0 个连接
[2025-04-28 15:14:36] WebSocket 广播消息成功发送到 0/0 个连接
[2025-04-28 15:14:41] WebSocket 广播消息成功发送到 0/0 个连接
[2025-04-28 15:14:46] WebSocket 广播消息成功发送到 0/0 个连接
[2025-04-28 15:14:51] WebSocket 广播消息成功发送到 0/0 个连接
[2025-04-28 15:14:56] WebSocket 广播消息成功发送到 0/0 个连接
[2025-04-28 15:15:01] WebSocket 广播消息成功发送到 0/0 个连接
[2025-04-28 15:15:06] WebSocket 广播消息成功发送到 0/0 个连接
[2025-04-28 15:15:11] WebSocket 广播消息成功发送到 0/0 个连接
[2025-04-28 15:15:16] WebSocket 广播消息成功发送到 0/0 个连接
[2025-04-28 15:15:21] WebSocket 广播消息成功发送到 0/0 个连接
[2025-04-28 15:15:26] WebSocket 广播消息成功发送到 0/0 个连接
[2025-04-28 15:15:31] WebSocket 广播消息成功发送到 0/0 个连接
[2025-04-28 15:15:36] WebSocket 广播消息成功发送到 0/0 个连接
[2025-04-28 15:15:41] WebSocket 广播消息成功发送到 0/0 个连接
[2025-04-28 15:15:46] WebSocket 广播消息成功发送到 0/0 个连接
[2025-04-28 15:15:51] WebSocket 广播消息成功发送到 0/0 个连接
[2025-04-28 15:15:56] WebSocket 广播消息成功发送到 0/0 个连接
[2025-04-28 15:16:01] WebSocket 广播消息成功发送到 0/0 个连接
[2025-04-28 15:16:06] WebSocket 广播消息成功发送到 0/0 个连接
[2025-04-28 15:16:08] WebSocket 广播消息成功发送到 0/0 个连接
[2025-04-28 15:16:08] WebSocket 广播消息成功发送到 0/0 个连接
[2025-04-28 15:16:11] WebSocket 广播消息成功发送到 0/0 个连接
[2025-04-28 15:16:16] WebSocket 广播消息成功发送到 0/0 个连接
[2025-04-28 15:16:21] WebSocket 广播消息成功发送到 0/0 个连接
[2025-04-28 15:16:26] WebSocket 广播消息成功发送到 0/0 个连接
[2025-04-28 15:16:31] WebSocket 广播消息成功发送到 0/0 个连接
[2025-04-28 15:16:36] WebSocket 广播消息成功发送到 0/0 个连接
[2025-04-28 15:16:41] WebSocket 广播消息成功发送到 0/0 个连接
[2025-04-28 15:16:46] WebSocket 广播消息成功发送到 0/0 个连接
[2025-04-28 15:16:51] WebSocket 广播消息成功发送到 0/0 个连接
[2025-04-28 15:16:56] WebSocket 广播消息成功发送到 0/0 个连接
[2025-04-28 15:17:01] WebSocket 广播消息成功发送到 0/0 个连接
[2025-04-28 15:17:03] WebSocket 连接已添加，当前连接数: 1
[2025-04-28 15:17:03] GET /api/finance/time - 2ms
[2025-04-28 15:17:03] GET /api/finance/news/cls - 1ms
[2025-04-28 15:17:04] GET /api/finance/trade-calendar - 273ms
[2025-04-28 15:17:05] Koa 和 WebSocket 服务器已启动，监听端口 3300
[2025-04-28 15:17:05] WebSocket 广播消息成功发送到 0/0 个连接
[2025-04-28 15:17:05] WebSocket 广播消息成功发送到 0/0 个连接
[2025-04-28 15:17:07] WebSocket 连接已添加，当前连接数: 1
[2025-04-28 15:19:39] WebSocket 连接已关闭
[2025-04-28 15:19:39] WebSocket 连接已移除，当前连接数: 0
[2025-04-28 15:21:05] WebSocket 广播消息成功发送到 0/0 个连接
[2025-04-28 15:21:05] WebSocket 广播消息成功发送到 0/0 个连接
[2025-04-28 15:23:05] WebSocket 广播消息成功发送到 0/0 个连接
[2025-04-28 15:23:05] WebSocket 广播消息成功发送到 0/0 个连接
[2025-04-28 15:25:05] WebSocket 广播消息成功发送到 0/0 个连接
[2025-04-28 15:27:05] WebSocket 广播消息成功发送到 0/0 个连接
[2025-04-28 15:27:05] WebSocket 广播消息成功发送到 0/0 个连接
[2025-04-28 15:29:05] WebSocket 广播消息成功发送到 0/0 个连接
[2025-04-28 15:29:05] WebSocket 广播消息成功发送到 0/0 个连接
[2025-04-28 15:31:05] WebSocket 广播消息成功发送到 0/0 个连接
[2025-04-28 15:31:05] WebSocket 广播消息成功发送到 0/0 个连接
[2025-04-28 15:33:05] WebSocket 广播消息成功发送到 0/0 个连接
[2025-04-28 15:35:05] WebSocket 广播消息成功发送到 0/0 个连接
[2025-04-28 15:35:05] WebSocket 广播消息成功发送到 0/0 个连接
[2025-04-28 15:37:05] WebSocket 广播消息成功发送到 0/0 个连接
[2025-04-28 15:37:05] WebSocket 广播消息成功发送到 0/0 个连接
[2025-04-28 15:39:05] WebSocket 广播消息成功发送到 0/0 个连接
[2025-04-28 15:39:05] WebSocket 广播消息成功发送到 0/0 个连接
[2025-04-28 15:41:05] WebSocket 广播消息成功发送到 0/0 个连接
[2025-04-28 15:41:05] WebSocket 广播消息成功发送到 0/0 个连接
