[2025-04-09 08:51:52] Koa 和 WebSocket 服务器已启动，监听端口 3300
[2025-04-09 08:51:53] WebSocket 广播消息成功发送到 0/0 个连接
[2025-04-09 08:52:15] GET /api/finance/news/cls - 1ms
[2025-04-09 08:52:15] WebSocket 连接已添加，当前连接数: 1
[2025-04-09 08:57:53] WebSocket 广播消息成功发送到 1/1 个连接
[2025-04-09 08:59:53] WebSocket 广播消息成功发送到 1/1 个连接
[2025-04-09 09:01:53] WebSocket 广播消息成功发送到 1/1 个连接
[2025-04-09 09:03:53] WebSocket 广播消息成功发送到 1/1 个连接
[2025-04-09 09:05:53] WebSocket 广播消息成功发送到 1/1 个连接
[2025-04-09 09:07:53] WebSocket 广播消息成功发送到 1/1 个连接
[2025-04-09 09:09:53] WebSocket 广播消息成功发送到 1/1 个连接
[2025-04-09 09:11:53] WebSocket 广播消息成功发送到 1/1 个连接
[2025-04-09 09:13:53] WebSocket 广播消息成功发送到 1/1 个连接
[2025-04-09 09:15:53] WebSocket 广播消息成功发送到 1/1 个连接
[2025-04-09 09:16:27] WebSocket 连接已关闭
[2025-04-09 09:16:27] WebSocket 连接已移除，当前连接数: 0
[2025-04-09 09:16:29] GET /api/finance/news/cls - 1ms
[2025-04-09 09:16:29] WebSocket 连接已添加，当前连接数: 1
[2025-04-09 09:16:39] WebSocket 连接已关闭
[2025-04-09 09:16:39] WebSocket 连接已移除，当前连接数: 0
[2025-04-09 09:16:43] GET /api/finance/news/cls - 0ms
[2025-04-09 09:16:43] WebSocket 连接已添加，当前连接数: 1
[2025-04-09 09:17:53] WebSocket 广播消息成功发送到 1/1 个连接
[2025-04-09 09:18:07] WebSocket 连接已关闭
[2025-04-09 09:18:07] WebSocket 连接已移除，当前连接数: 0
[2025-04-09 09:18:55] GET /api/finance/news/cls - 0ms
[2025-04-09 09:18:55] WebSocket 连接已添加，当前连接数: 1
[2025-04-09 09:19:53] WebSocket 广播消息成功发送到 1/1 个连接
[2025-04-09 09:21:53] WebSocket 广播消息成功发送到 1/1 个连接
[2025-04-09 09:26:16] WebSocket 连接已关闭
[2025-04-09 09:26:16] WebSocket 连接已移除，当前连接数: 0
[2025-04-09 09:26:17] GET /api/finance/news/cls - 0ms
[2025-04-09 09:26:17] WebSocket 连接已添加，当前连接数: 1
[2025-04-09 09:26:19] WebSocket 连接已关闭
[2025-04-09 09:26:19] WebSocket 连接已移除，当前连接数: 0
[2025-04-09 09:26:24] GET /api/finance/news/cls - 0ms
[2025-04-09 09:26:24] WebSocket 连接已添加，当前连接数: 1
[2025-04-09 09:26:44] WebSocket 连接已关闭
[2025-04-09 09:26:44] WebSocket 连接已移除，当前连接数: 0
[2025-04-09 09:26:45] GET /api/finance/news/cls - 0ms
[2025-04-09 09:26:45] WebSocket 连接已添加，当前连接数: 1
[2025-04-09 09:26:45] WebSocket 连接已关闭
[2025-04-09 09:26:45] WebSocket 连接已移除，当前连接数: 0
[2025-04-09 09:26:48] GET /api/finance/news/cls - 0ms
[2025-04-09 09:26:48] WebSocket 连接已添加，当前连接数: 1
[2025-04-09 09:26:53] WebSocket 连接已关闭
[2025-04-09 09:26:53] WebSocket 连接已移除，当前连接数: 0
[2025-04-09 09:27:06] GET /api/finance/news/cls - 0ms
[2025-04-09 09:27:06] WebSocket 连接已添加，当前连接数: 1
[2025-04-09 09:27:53] WebSocket 广播消息成功发送到 1/1 个连接
[2025-04-09 09:28:44] WebSocket 连接已关闭
[2025-04-09 09:28:44] WebSocket 连接已移除，当前连接数: 0
[2025-04-09 09:28:44] GET /api/finance/news/cls - 0ms
[2025-04-09 09:28:44] WebSocket 连接已添加，当前连接数: 1
[2025-04-09 09:28:45] WebSocket 连接已关闭
[2025-04-09 09:28:45] WebSocket 连接已移除，当前连接数: 0
[2025-04-09 09:28:48] GET /api/finance/news/cls - 0ms
[2025-04-09 09:28:48] WebSocket 连接已添加，当前连接数: 1
[2025-04-09 09:29:53] WebSocket 广播消息成功发送到 1/1 个连接
[2025-04-09 09:30:53] WebSocket 连接已关闭
[2025-04-09 09:30:53] WebSocket 连接已移除，当前连接数: 0
[2025-04-09 09:30:54] GET /api/finance/news/cls - 1ms
[2025-04-09 09:30:54] WebSocket 连接已添加，当前连接数: 1
[2025-04-09 09:31:00] WebSocket 连接已关闭
[2025-04-09 09:31:00] WebSocket 连接已移除，当前连接数: 0
[2025-04-09 09:31:09] GET /api/finance/news/cls - 0ms
[2025-04-09 09:31:09] WebSocket 连接已添加，当前连接数: 1
[2025-04-09 09:31:53] WebSocket 广播消息成功发送到 1/1 个连接
[2025-04-09 09:32:10] WebSocket 连接已关闭
[2025-04-09 09:32:10] WebSocket 连接已移除，当前连接数: 0
[2025-04-09 09:32:10] GET /api/finance/news/cls - 0ms
[2025-04-09 09:32:10] WebSocket 连接已添加，当前连接数: 1
[2025-04-09 09:32:11] WebSocket 连接已关闭
[2025-04-09 09:32:11] WebSocket 连接已移除，当前连接数: 0
[2025-04-09 09:32:14] GET /api/finance/news/cls - 0ms
[2025-04-09 09:32:14] WebSocket 连接已添加，当前连接数: 1
[2025-04-09 09:32:37] WebSocket 连接已关闭
[2025-04-09 09:32:37] WebSocket 连接已移除，当前连接数: 0
[2025-04-09 09:32:39] GET /api/finance/news/cls - 0ms
[2025-04-09 09:32:39] WebSocket 连接已添加，当前连接数: 1
[2025-04-09 09:32:43] WebSocket 连接已关闭
[2025-04-09 09:32:43] WebSocket 连接已移除，当前连接数: 0
[2025-04-09 09:32:49] GET /api/finance/news/cls - 0ms
[2025-04-09 09:32:49] WebSocket 连接已添加，当前连接数: 1
[2025-04-09 09:33:53] WebSocket 广播消息成功发送到 1/1 个连接
[2025-04-09 09:34:11] GET /api/finance/news/cls - 0ms
[2025-04-09 09:35:40] GET /api/finance/news/cls - 0ms
[2025-04-09 09:35:43] GET /api/finance/news/cls - 0ms
[2025-04-09 09:35:49] GET /api/finance/news/cls - 0ms
[2025-04-09 09:35:53] WebSocket 广播消息成功发送到 1/1 个连接
[2025-04-09 09:37:47] GET /api/finance/news/cls - 0ms
[2025-04-09 09:37:53] WebSocket 广播消息成功发送到 1/1 个连接
[2025-04-09 09:39:53] WebSocket 广播消息成功发送到 1/1 个连接
[2025-04-09 09:40:46] GET /api/finance/news/cls - 1ms
[2025-04-09 09:41:38] GET /api/finance/news/cls - 0ms
[2025-04-09 09:41:53] WebSocket 广播消息成功发送到 1/1 个连接
[2025-04-09 09:42:02] WebSocket 连接已关闭
[2025-04-09 09:42:02] WebSocket 连接已移除，当前连接数: 0
[2025-04-09 09:42:02] GET /api/finance/news/cls - 0ms
[2025-04-09 09:42:02] WebSocket 连接已添加，当前连接数: 1
[2025-04-09 09:45:53] WebSocket 广播消息成功发送到 1/1 个连接
[2025-04-09 09:46:40] GET /api/finance/news/cls - 0ms
[2025-04-09 09:46:57] GET /api/finance/news/cls - 0ms
[2025-04-09 09:49:53] WebSocket 广播消息成功发送到 1/1 个连接
[2025-04-09 09:53:53] WebSocket 广播消息成功发送到 1/1 个连接
[2025-04-09 09:55:53] WebSocket 广播消息成功发送到 1/1 个连接
[2025-04-09 09:59:53] WebSocket 广播消息成功发送到 1/1 个连接
[2025-04-09 10:01:53] WebSocket 广播消息成功发送到 1/1 个连接
[2025-04-09 10:05:44] GET /api/finance/news/cls - 0ms
[2025-04-09 10:05:53] WebSocket 广播消息成功发送到 1/1 个连接
[2025-04-09 10:06:59] GET /api/finance/news/cls - 0ms
[2025-04-09 10:07:53] WebSocket 广播消息成功发送到 1/1 个连接
[2025-04-09 10:10:13] WebSocket 连接已关闭
[2025-04-09 10:10:13] WebSocket 连接已移除，当前连接数: 0
[2025-04-09 10:10:17] GET /api/finance/news/cls - 0ms
[2025-04-09 10:10:18] GET /api/finance/news/cls - 0ms
[2025-04-09 10:10:18] WebSocket 连接已添加，当前连接数: 1
[2025-04-09 10:11:53] WebSocket 广播消息成功发送到 1/1 个连接
[2025-04-09 10:13:55] WebSocket 广播消息成功发送到 1/1 个连接
[2025-04-09 10:15:53] WebSocket 广播消息成功发送到 1/1 个连接
[2025-04-09 10:15:53] GET /api/finance/news/cls - 0ms
[2025-04-09 10:16:17] WebSocket 连接已关闭
[2025-04-09 10:16:17] WebSocket 连接已移除，当前连接数: 0
[2025-04-09 10:16:17] GET /api/finance/news/cls - 0ms
[2025-04-09 10:16:17] WebSocket 连接已添加，当前连接数: 1
[2025-04-09 10:17:53] WebSocket 广播消息成功发送到 1/1 个连接
[2025-04-09 10:19:10] WebSocket 连接已关闭
[2025-04-09 10:19:10] WebSocket 连接已移除，当前连接数: 0
[2025-04-09 10:19:10] GET /api/finance/news/cls - 0ms
[2025-04-09 10:19:10] WebSocket 连接已添加，当前连接数: 1
[2025-04-09 10:19:15] GET /api/finance/news/cls - 0ms
[2025-04-09 10:19:53] WebSocket 广播消息成功发送到 1/1 个连接
[2025-04-09 10:21:55] WebSocket 广播消息成功发送到 1/1 个连接
[2025-04-09 10:22:02] WebSocket 连接已关闭
[2025-04-09 10:22:02] WebSocket 连接已移除，当前连接数: 0
[2025-04-09 10:22:02] GET /api/finance/news/cls - 0ms
[2025-04-09 10:22:02] WebSocket 连接已添加，当前连接数: 1
[2025-04-09 10:23:53] WebSocket 广播消息成功发送到 1/1 个连接
[2025-04-09 10:25:53] WebSocket 广播消息成功发送到 1/1 个连接
[2025-04-09 10:27:53] WebSocket 广播消息成功发送到 1/1 个连接
[2025-04-09 10:29:53] WebSocket 广播消息成功发送到 1/1 个连接
[2025-04-09 10:31:53] WebSocket 广播消息成功发送到 1/1 个连接
[2025-04-09 10:31:54] GET /api/finance/news/cls - 0ms
[2025-04-09 10:33:53] WebSocket 广播消息成功发送到 1/1 个连接
[2025-04-09 10:35:53] WebSocket 广播消息成功发送到 1/1 个连接
[2025-04-09 10:36:52] WebSocket 连接已关闭
[2025-04-09 10:36:52] WebSocket 连接已移除，当前连接数: 0
[2025-04-09 10:36:53] GET /api/finance/news/cls - 0ms
[2025-04-09 10:36:53] WebSocket 连接已添加，当前连接数: 1
[2025-04-09 10:37:55] WebSocket 广播消息成功发送到 1/1 个连接
[2025-04-09 10:39:53] WebSocket 广播消息成功发送到 1/1 个连接
[2025-04-09 10:41:53] WebSocket 广播消息成功发送到 1/1 个连接
[2025-04-09 10:43:53] WebSocket 广播消息成功发送到 1/1 个连接
[2025-04-09 10:49:53] WebSocket 广播消息成功发送到 1/1 个连接
[2025-04-09 10:50:39] WebSocket 连接已关闭
[2025-04-09 10:50:39] WebSocket 连接已移除，当前连接数: 0
[2025-04-09 10:50:39] GET /api/finance/news/cls - 0ms
[2025-04-09 10:50:39] WebSocket 连接已添加，当前连接数: 1
[2025-04-09 10:50:54] WebSocket 连接已关闭
[2025-04-09 10:50:54] WebSocket 连接已移除，当前连接数: 0
[2025-04-09 10:50:54] GET /api/finance/news/cls - 0ms
[2025-04-09 10:50:54] WebSocket 连接已添加，当前连接数: 1
[2025-04-09 10:50:55] WebSocket 连接已关闭
[2025-04-09 10:50:55] WebSocket 连接已移除，当前连接数: 0
[2025-04-09 10:50:55] GET /api/finance/news/cls - 0ms
[2025-04-09 10:50:56] WebSocket 连接已添加，当前连接数: 1
[2025-04-09 10:53:53] WebSocket 广播消息成功发送到 1/1 个连接
[2025-04-09 10:55:53] WebSocket 广播消息成功发送到 1/1 个连接
[2025-04-09 10:59:53] WebSocket 广播消息成功发送到 1/1 个连接
[2025-04-09 11:01:53] WebSocket 广播消息成功发送到 1/1 个连接
[2025-04-09 11:03:53] WebSocket 广播消息成功发送到 1/1 个连接
[2025-04-09 11:07:53] WebSocket 广播消息成功发送到 1/1 个连接
[2025-04-09 11:09:53] WebSocket 广播消息成功发送到 1/1 个连接
[2025-04-09 11:13:28] GET /api/finance/news/cls - 1ms
[2025-04-09 11:13:53] WebSocket 广播消息成功发送到 1/1 个连接
[2025-04-09 11:15:53] WebSocket 广播消息成功发送到 1/1 个连接
[2025-04-09 11:17:53] WebSocket 广播消息成功发送到 1/1 个连接
[2025-04-09 11:19:53] WebSocket 广播消息成功发送到 1/1 个连接
[2025-04-09 11:19:56] GET /api/finance/news/cls - 1ms
[2025-04-09 11:21:53] WebSocket 广播消息成功发送到 1/1 个连接
[2025-04-09 11:23:53] WebSocket 广播消息成功发送到 1/1 个连接
[2025-04-09 11:25:53] WebSocket 广播消息成功发送到 1/1 个连接
[2025-04-09 11:29:53] WebSocket 广播消息成功发送到 1/1 个连接
[2025-04-09 11:30:51] GET /api/finance/news/cls - 0ms
[2025-04-09 11:31:40] GET /api/finance/news/cls - 0ms
[2025-04-09 11:32:54] GET /api/finance/news/cls - 0ms
[2025-04-09 11:33:53] WebSocket 广播消息成功发送到 1/1 个连接
[2025-04-09 11:35:55] WebSocket 广播消息成功发送到 1/1 个连接
[2025-04-09 11:37:53] WebSocket 广播消息成功发送到 1/1 个连接
[2025-04-09 11:39:53] WebSocket 广播消息成功发送到 1/1 个连接
[2025-04-09 11:43:25] GET /api/finance/news/cls - 0ms
[2025-04-09 11:43:53] WebSocket 广播消息成功发送到 1/1 个连接
[2025-04-09 11:44:27] GET /api/finance/news/cls - 0ms
[2025-04-09 11:45:53] WebSocket 广播消息成功发送到 1/1 个连接
[2025-04-09 11:47:53] WebSocket 广播消息成功发送到 1/1 个连接
[2025-04-09 11:49:42] GET /api/finance/news/cls - 0ms
[2025-04-09 11:49:53] WebSocket 广播消息成功发送到 1/1 个连接
[2025-04-09 11:50:15] WebSocket 连接已关闭
[2025-04-09 11:50:15] WebSocket 连接已移除，当前连接数: 0
[2025-04-09 11:50:15] GET /api/finance/news/cls - 0ms
[2025-04-09 11:50:15] WebSocket 连接已添加，当前连接数: 1
[2025-04-09 11:50:27] WebSocket 连接已关闭
[2025-04-09 11:50:27] WebSocket 连接已移除，当前连接数: 0
[2025-04-09 11:50:28] GET /api/finance/news/cls - 0ms
[2025-04-09 11:50:28] WebSocket 连接已添加，当前连接数: 1
[2025-04-09 11:50:39] WebSocket 连接已关闭
[2025-04-09 11:50:39] WebSocket 连接已移除，当前连接数: 0
[2025-04-09 11:50:39] GET /api/finance/news/cls - 0ms
[2025-04-09 11:50:39] WebSocket 连接已添加，当前连接数: 1
[2025-04-09 11:50:46] WebSocket 连接已关闭
[2025-04-09 11:50:46] WebSocket 连接已移除，当前连接数: 0
[2025-04-09 11:50:46] GET /api/finance/news/cls - 1ms
[2025-04-09 11:50:47] WebSocket 连接已添加，当前连接数: 1
[2025-04-09 11:50:56] WebSocket 连接已关闭
[2025-04-09 11:50:56] WebSocket 连接已移除，当前连接数: 0
[2025-04-09 11:50:56] GET /api/finance/news/cls - 0ms
[2025-04-09 11:50:56] WebSocket 连接已添加，当前连接数: 1
[2025-04-09 11:51:09] WebSocket 连接已关闭
[2025-04-09 11:51:09] WebSocket 连接已移除，当前连接数: 0
[2025-04-09 11:51:10] GET /api/finance/news/cls - 0ms
[2025-04-09 11:51:10] WebSocket 连接已添加，当前连接数: 1
[2025-04-09 11:51:14] WebSocket 连接已关闭
[2025-04-09 11:51:14] WebSocket 连接已移除，当前连接数: 0
[2025-04-09 11:51:14] GET /api/finance/news/cls - 0ms
[2025-04-09 11:51:14] WebSocket 连接已添加，当前连接数: 1
[2025-04-09 11:51:50] WebSocket 连接已关闭
[2025-04-09 11:51:50] WebSocket 连接已移除，当前连接数: 0
[2025-04-09 11:51:50] GET /api/finance/news/cls - 0ms
[2025-04-09 11:51:50] WebSocket 连接已添加，当前连接数: 1
[2025-04-09 11:51:53] WebSocket 广播消息成功发送到 1/1 个连接
[2025-04-09 11:52:00] WebSocket 连接已关闭
[2025-04-09 11:52:00] WebSocket 连接已移除，当前连接数: 0
[2025-04-09 11:52:00] GET /api/finance/news/cls - 0ms
[2025-04-09 11:52:00] WebSocket 连接已添加，当前连接数: 1
[2025-04-09 11:52:28] WebSocket 连接已关闭
[2025-04-09 11:52:28] WebSocket 连接已移除，当前连接数: 0
[2025-04-09 11:52:29] GET /api/finance/news/cls - 0ms
[2025-04-09 11:52:29] WebSocket 连接已添加，当前连接数: 1
[2025-04-09 11:52:56] WebSocket 连接已关闭
[2025-04-09 11:52:56] WebSocket 连接已移除，当前连接数: 0
[2025-04-09 11:52:56] GET /api/finance/news/cls - 0ms
[2025-04-09 11:52:56] WebSocket 连接已添加，当前连接数: 1
[2025-04-09 11:53:26] WebSocket 连接已关闭
[2025-04-09 11:53:26] WebSocket 连接已移除，当前连接数: 0
[2025-04-09 11:53:27] GET /api/finance/news/cls - 0ms
[2025-04-09 11:53:27] WebSocket 连接已添加，当前连接数: 1
[2025-04-09 11:53:36] WebSocket 连接已关闭
[2025-04-09 11:53:36] WebSocket 连接已移除，当前连接数: 0
[2025-04-09 11:53:36] GET /api/finance/news/cls - 0ms
[2025-04-09 11:53:36] WebSocket 连接已添加，当前连接数: 1
[2025-04-09 11:53:42] WebSocket 连接已关闭
[2025-04-09 11:53:42] WebSocket 连接已移除，当前连接数: 0
[2025-04-09 11:53:42] GET /api/finance/news/cls - 0ms
[2025-04-09 11:53:42] WebSocket 连接已添加，当前连接数: 1
[2025-04-09 11:53:46] WebSocket 连接已关闭
[2025-04-09 11:53:46] WebSocket 连接已移除，当前连接数: 0
[2025-04-09 11:53:46] GET /api/finance/news/cls - 0ms
[2025-04-09 11:53:46] WebSocket 连接已添加，当前连接数: 1
[2025-04-09 11:53:47] WebSocket 连接已关闭
[2025-04-09 11:53:47] WebSocket 连接已移除，当前连接数: 0
[2025-04-09 11:53:58] GET /api/finance/news/cls - 0ms
[2025-04-09 11:53:58] WebSocket 连接已添加，当前连接数: 1
[2025-04-09 11:54:00] WebSocket 连接已关闭
[2025-04-09 11:54:00] WebSocket 连接已移除，当前连接数: 0
[2025-04-09 11:55:29] GET /api/finance/news/cls - 0ms
[2025-04-09 11:55:31] GET /api/finance/news/cls - 0ms
[2025-04-09 11:55:53] WebSocket 广播消息成功发送到 0/0 个连接
[2025-04-09 11:56:03] GET /api/finance/news/cls - 0ms
[2025-04-09 11:56:49] GET /api/finance/news/cls - 0ms
[2025-04-09 11:56:49] WebSocket 连接已添加，当前连接数: 1
[2025-04-09 11:56:51] WebSocket 连接已关闭
[2025-04-09 11:56:51] WebSocket 连接已移除，当前连接数: 0
[2025-04-09 11:56:51] GET /api/finance/news/cls - 0ms
[2025-04-09 11:56:51] WebSocket 连接已添加，当前连接数: 1
[2025-04-09 11:56:53] WebSocket 连接已关闭
[2025-04-09 11:56:53] WebSocket 连接已移除，当前连接数: 0
[2025-04-09 11:56:54] GET /api/finance/news/cls - 0ms
[2025-04-09 11:56:54] WebSocket 连接已添加，当前连接数: 1
[2025-04-09 11:57:06] GET /api/finance/news/cls - 0ms
[2025-04-09 11:57:06] WebSocket 连接已关闭
[2025-04-09 11:57:06] WebSocket 连接已移除，当前连接数: 0
[2025-04-09 11:57:06] WebSocket 连接已添加，当前连接数: 1
[2025-04-09 11:57:23] GET /api/finance/news/cls - 0ms
[2025-04-09 11:57:23] WebSocket 连接已关闭
[2025-04-09 11:57:23] WebSocket 连接已移除，当前连接数: 0
[2025-04-09 11:57:23] WebSocket 连接已添加，当前连接数: 1
[2025-04-09 11:57:53] WebSocket 广播消息成功发送到 1/1 个连接
[2025-04-09 12:03:53] WebSocket 广播消息成功发送到 1/1 个连接
[2025-04-09 12:05:53] WebSocket 广播消息成功发送到 1/1 个连接
[2025-04-09 12:07:53] WebSocket 广播消息成功发送到 1/1 个连接
[2025-04-09 12:09:54] WebSocket 广播消息成功发送到 1/1 个连接
[2025-04-09 12:11:53] WebSocket 广播消息成功发送到 1/1 个连接
[2025-04-09 12:15:53] WebSocket 广播消息成功发送到 1/1 个连接
[2025-04-09 12:17:53] WebSocket 广播消息成功发送到 1/1 个连接
[2025-04-09 12:21:53] WebSocket 广播消息成功发送到 1/1 个连接
[2025-04-09 12:23:53] WebSocket 广播消息成功发送到 1/1 个连接
[2025-04-09 12:25:53] WebSocket 广播消息成功发送到 1/1 个连接
[2025-04-09 12:27:53] WebSocket 广播消息成功发送到 1/1 个连接
[2025-04-09 12:29:53] WebSocket 广播消息成功发送到 1/1 个连接
[2025-04-09 12:33:53] WebSocket 广播消息成功发送到 1/1 个连接
[2025-04-09 12:35:54] WebSocket 广播消息成功发送到 1/1 个连接
[2025-04-09 12:37:54] WebSocket 广播消息成功发送到 1/1 个连接
[2025-04-09 12:39:54] WebSocket 广播消息成功发送到 1/1 个连接
[2025-04-09 12:43:54] WebSocket 广播消息成功发送到 1/1 个连接
[2025-04-09 12:45:54] WebSocket 广播消息成功发送到 1/1 个连接
[2025-04-09 12:49:54] WebSocket 广播消息成功发送到 1/1 个连接
[2025-04-09 12:53:54] WebSocket 广播消息成功发送到 1/1 个连接
[2025-04-09 12:55:54] WebSocket 广播消息成功发送到 1/1 个连接
[2025-04-09 12:59:54] WebSocket 广播消息成功发送到 1/1 个连接
[2025-04-09 13:03:54] WebSocket 广播消息成功发送到 1/1 个连接
[2025-04-09 13:05:54] WebSocket 广播消息成功发送到 1/1 个连接
[2025-04-09 13:07:54] WebSocket 广播消息成功发送到 1/1 个连接
[2025-04-09 13:09:54] WebSocket 广播消息成功发送到 1/1 个连接
[2025-04-09 13:11:55] WebSocket 广播消息成功发送到 1/1 个连接
[2025-04-09 13:13:54] WebSocket 广播消息成功发送到 1/1 个连接
[2025-04-09 13:15:54] WebSocket 广播消息成功发送到 1/1 个连接
[2025-04-09 13:17:54] WebSocket 广播消息成功发送到 1/1 个连接
[2025-04-09 13:19:55] WebSocket 广播消息成功发送到 1/1 个连接
[2025-04-09 13:21:54] WebSocket 广播消息成功发送到 1/1 个连接
[2025-04-09 13:25:54] WebSocket 广播消息成功发送到 1/1 个连接
[2025-04-09 13:31:54] WebSocket 广播消息成功发送到 1/1 个连接
[2025-04-09 13:35:18] GET /api/finance/news/cls - 0ms
[2025-04-09 13:35:54] WebSocket 广播消息成功发送到 1/1 个连接
[2025-04-09 13:37:24] GET /api/finance/news/cls - 0ms
[2025-04-09 13:37:29] GET /api/finance/news/cls - 0ms
[2025-04-09 13:37:29] WebSocket 连接已关闭
[2025-04-09 13:37:29] WebSocket 连接已移除，当前连接数: 0
[2025-04-09 13:37:29] WebSocket 连接已添加，当前连接数: 1
[2025-04-09 13:37:31] GET /api/finance/news/cls - 0ms
[2025-04-09 13:37:31] WebSocket 连接已关闭
[2025-04-09 13:37:31] WebSocket 连接已移除，当前连接数: 0
[2025-04-09 13:37:31] WebSocket 连接已添加，当前连接数: 1
[2025-04-09 13:37:54] WebSocket 广播消息成功发送到 1/1 个连接
[2025-04-09 13:39:54] WebSocket 广播消息成功发送到 1/1 个连接
[2025-04-09 13:41:54] WebSocket 广播消息成功发送到 1/1 个连接
[2025-04-09 13:43:54] WebSocket 广播消息成功发送到 1/1 个连接
[2025-04-09 13:45:54] WebSocket 广播消息成功发送到 1/1 个连接
[2025-04-09 13:47:54] WebSocket 广播消息成功发送到 1/1 个连接
[2025-04-09 13:49:54] WebSocket 广播消息成功发送到 1/1 个连接
[2025-04-09 13:53:46] GET /api/finance/news/cls - 0ms
[2025-04-09 13:53:54] WebSocket 广播消息成功发送到 1/1 个连接
[2025-04-09 13:55:54] WebSocket 广播消息成功发送到 1/1 个连接
[2025-04-09 13:57:54] WebSocket 广播消息成功发送到 1/1 个连接
[2025-04-09 14:01:54] WebSocket 广播消息成功发送到 1/1 个连接
[2025-04-09 14:03:54] WebSocket 广播消息成功发送到 1/1 个连接
[2025-04-09 14:05:54] WebSocket 广播消息成功发送到 1/1 个连接
[2025-04-09 14:07:54] WebSocket 广播消息成功发送到 1/1 个连接
[2025-04-09 14:09:54] WebSocket 广播消息成功发送到 1/1 个连接
[2025-04-09 14:11:54] WebSocket 广播消息成功发送到 1/1 个连接
[2025-04-09 14:12:14] GET /api/finance/news/cls - 0ms
[2025-04-09 14:12:55] GET /api/finance/news/cls - 0ms
[2025-04-09 14:13:54] WebSocket 广播消息成功发送到 1/1 个连接
[2025-04-09 14:15:54] WebSocket 广播消息成功发送到 1/1 个连接
[2025-04-09 14:17:54] WebSocket 广播消息成功发送到 1/1 个连接
[2025-04-09 14:18:28] GET /api/finance/news/cls - 0ms
[2025-04-09 14:18:28] WebSocket 连接已关闭
[2025-04-09 14:18:28] WebSocket 连接已移除，当前连接数: 0
[2025-04-09 14:18:28] WebSocket 连接已添加，当前连接数: 1
[2025-04-09 14:19:54] WebSocket 广播消息成功发送到 1/1 个连接
[2025-04-09 14:21:54] WebSocket 广播消息成功发送到 1/1 个连接
[2025-04-09 14:23:54] WebSocket 广播消息成功发送到 1/1 个连接
[2025-04-09 14:25:54] WebSocket 广播消息成功发送到 1/1 个连接
[2025-04-09 14:27:54] WebSocket 广播消息成功发送到 1/1 个连接
[2025-04-09 14:29:54] WebSocket 广播消息成功发送到 1/1 个连接
[2025-04-09 14:33:54] WebSocket 广播消息成功发送到 1/1 个连接
[2025-04-09 14:35:54] WebSocket 广播消息成功发送到 1/1 个连接
[2025-04-09 14:36:26] WebSocket 连接已关闭
[2025-04-09 14:36:26] WebSocket 连接已移除，当前连接数: 0
[2025-04-09 14:36:26] GET /api/finance/news/cls - 0ms
[2025-04-09 14:36:26] WebSocket 连接已添加，当前连接数: 1
[2025-04-09 14:36:36] WebSocket 连接已关闭
[2025-04-09 14:36:36] WebSocket 连接已移除，当前连接数: 0
[2025-04-09 14:36:36] GET /api/finance/news/cls - 0ms
[2025-04-09 14:36:36] WebSocket 连接已添加，当前连接数: 1
[2025-04-09 14:36:45] WebSocket 连接已关闭
[2025-04-09 14:36:45] WebSocket 连接已移除，当前连接数: 0
[2025-04-09 14:36:46] GET /api/finance/news/cls - 0ms
[2025-04-09 14:36:46] WebSocket 连接已添加，当前连接数: 1
[2025-04-09 14:36:51] WebSocket 连接已关闭
[2025-04-09 14:36:51] WebSocket 连接已移除，当前连接数: 0
[2025-04-09 14:36:51] GET /api/finance/news/cls - 0ms
[2025-04-09 14:36:51] WebSocket 连接已添加，当前连接数: 1
[2025-04-09 14:36:54] WebSocket 连接已关闭
[2025-04-09 14:36:54] WebSocket 连接已移除，当前连接数: 0
[2025-04-09 14:36:54] GET /api/finance/news/cls - 0ms
[2025-04-09 14:36:55] WebSocket 连接已添加，当前连接数: 1
[2025-04-09 14:36:57] WebSocket 连接已关闭
[2025-04-09 14:36:57] WebSocket 连接已移除，当前连接数: 0
[2025-04-09 14:36:58] GET /api/finance/news/cls - 0ms
[2025-04-09 14:36:58] WebSocket 连接已添加，当前连接数: 1
[2025-04-09 14:37:02] GET /api/finance/news/cls - 1ms
[2025-04-09 14:37:26] WebSocket 连接已关闭
[2025-04-09 14:37:26] WebSocket 连接已移除，当前连接数: 0
[2025-04-09 14:37:27] GET /api/finance/news/cls - 0ms
[2025-04-09 14:37:27] WebSocket 连接已添加，当前连接数: 1
[2025-04-09 14:37:38] WebSocket 连接已关闭
[2025-04-09 14:37:38] WebSocket 连接已移除，当前连接数: 0
[2025-04-09 14:37:39] GET /api/finance/news/cls - 0ms
[2025-04-09 14:37:39] WebSocket 连接已添加，当前连接数: 1
[2025-04-09 14:37:47] GET /api/finance/news/cls - 0ms
[2025-04-09 14:37:47] WebSocket 连接已关闭
[2025-04-09 14:37:47] WebSocket 连接已移除，当前连接数: 0
[2025-04-09 14:37:47] WebSocket 连接已添加，当前连接数: 1
[2025-04-09 14:37:55] WebSocket 广播消息成功发送到 1/1 个连接
[2025-04-09 14:41:54] WebSocket 广播消息成功发送到 1/1 个连接
[2025-04-09 14:43:54] WebSocket 广播消息成功发送到 1/1 个连接
[2025-04-09 14:44:24] GET /api/finance/news/cls - 0ms
[2025-04-09 14:45:54] WebSocket 广播消息成功发送到 1/1 个连接
[2025-04-09 14:49:54] WebSocket 广播消息成功发送到 1/1 个连接
[2025-04-09 14:51:54] WebSocket 广播消息成功发送到 1/1 个连接
[2025-04-09 14:53:54] WebSocket 广播消息成功发送到 1/1 个连接
[2025-04-09 14:55:54] WebSocket 广播消息成功发送到 1/1 个连接
[2025-04-09 14:57:54] WebSocket 广播消息成功发送到 1/1 个连接
[2025-04-09 14:59:54] WebSocket 广播消息成功发送到 1/1 个连接
[2025-04-09 15:01:54] WebSocket 广播消息成功发送到 1/1 个连接
[2025-04-09 15:03:55] WebSocket 广播消息成功发送到 1/1 个连接
[2025-04-09 15:05:54] WebSocket 广播消息成功发送到 1/1 个连接
[2025-04-09 15:06:29] GET /api/finance/news/cls - 0ms
[2025-04-09 15:07:54] WebSocket 广播消息成功发送到 1/1 个连接
[2025-04-09 15:08:46] GET /api/finance/news/cls - 0ms
[2025-04-09 15:09:54] WebSocket 广播消息成功发送到 1/1 个连接
[2025-04-09 15:10:27] GET /api/finance/news/cls - 0ms
[2025-04-09 15:11:54] WebSocket 广播消息成功发送到 1/1 个连接
[2025-04-09 15:13:27] GET /api/finance/news/cls - 0ms
[2025-04-09 15:13:54] WebSocket 广播消息成功发送到 1/1 个连接
[2025-04-09 15:15:54] WebSocket 广播消息成功发送到 1/1 个连接
[2025-04-09 15:15:56] GET /api/finance/news/cls - 0ms
[2025-04-09 15:16:27] GET /api/finance/news/cls - 0ms
[2025-04-09 15:17:54] WebSocket 广播消息成功发送到 1/1 个连接
[2025-04-09 15:19:50] Koa 和 WebSocket 服务器已启动，监听端口 3300
[2025-04-09 15:19:50] WebSocket 广播消息成功发送到 0/0 个连接
[2025-04-09 15:20:03] Koa 和 WebSocket 服务器已启动，监听端口 3300
[2025-04-09 15:20:03] WebSocket 广播消息成功发送到 0/0 个连接
[2025-04-09 15:20:17] GET /api/finance/news/cls - 2ms
[2025-04-09 15:24:24] Koa 和 WebSocket 服务器已启动，监听端口 3300
[2025-04-09 15:24:24] WebSocket 广播消息成功发送到 0/0 个连接
[2025-04-09 15:24:38] Koa 和 WebSocket 服务器已启动，监听端口 3300
[2025-04-09 15:24:38] WebSocket 广播消息成功发送到 0/0 个连接
[2025-04-09 15:43:09] Koa 和 WebSocket 服务器已启动，监听端口 3300
[2025-04-09 15:43:09] WebSocket 广播消息成功发送到 0/0 个连接
[2025-04-09 15:44:10] Koa 和 WebSocket 服务器已启动，监听端口 3300
[2025-04-09 15:44:10] WebSocket 广播消息成功发送到 0/0 个连接
[2025-04-09 15:44:30] Koa 和 WebSocket 服务器已启动，监听端口 3300
[2025-04-09 15:44:30] WebSocket 广播消息成功发送到 0/0 个连接
[2025-04-09 15:46:30] WebSocket 广播消息成功发送到 0/0 个连接
[2025-04-09 15:48:30] WebSocket 广播消息成功发送到 0/0 个连接
[2025-04-09 15:49:41] Koa 和 WebSocket 服务器已启动，监听端口 3300
[2025-04-09 15:49:41] WebSocket 广播消息成功发送到 0/0 个连接
[2025-04-09 15:50:01] GET /api/finance/news/cls - 1ms
[2025-04-09 15:50:01] WebSocket 连接已添加，当前连接数: 1
[2025-04-09 15:51:41] WebSocket 广播消息成功发送到 1/1 个连接
[2025-04-09 15:52:13] GET /api/finance/news/cls - 0ms
[2025-04-09 15:53:41] WebSocket 广播消息成功发送到 1/1 个连接
[2025-04-09 15:55:41] WebSocket 广播消息成功发送到 1/1 个连接
[2025-04-09 15:57:41] WebSocket 广播消息成功发送到 1/1 个连接
[2025-04-09 15:59:41] WebSocket 广播消息成功发送到 1/1 个连接
[2025-04-09 16:01:41] WebSocket 广播消息成功发送到 1/1 个连接
[2025-04-09 16:03:41] WebSocket 广播消息成功发送到 1/1 个连接
[2025-04-09 16:03:45] GET /api/finance/news/cls - 0ms
[2025-04-09 16:05:41] WebSocket 广播消息成功发送到 1/1 个连接
[2025-04-09 16:07:41] WebSocket 广播消息成功发送到 1/1 个连接
[2025-04-09 16:08:26] Koa 和 WebSocket 服务器已启动，监听端口 3300
[2025-04-09 16:08:26] WebSocket 广播消息成功发送到 0/0 个连接
[2025-04-09 16:08:28] WebSocket 连接已添加，当前连接数: 1
[2025-04-09 16:10:26] WebSocket 广播消息成功发送到 1/1 个连接
[2025-04-09 16:12:26] WebSocket 广播消息成功发送到 1/1 个连接
[2025-04-09 16:14:26] WebSocket 广播消息成功发送到 1/1 个连接
[2025-04-09 16:18:26] WebSocket 广播消息成功发送到 1/1 个连接
[2025-04-09 16:19:44] GET /api/finance/news/cls - 1ms
[2025-04-09 16:20:26] WebSocket 广播消息成功发送到 1/1 个连接
[2025-04-09 16:22:26] WebSocket 广播消息成功发送到 1/1 个连接
[2025-04-09 16:24:26] WebSocket 广播消息成功发送到 1/1 个连接
[2025-04-09 16:26:26] WebSocket 广播消息成功发送到 1/1 个连接
[2025-04-09 16:26:49] Koa 和 WebSocket 服务器已启动，监听端口 3300
[2025-04-09 16:26:49] WebSocket 广播消息成功发送到 0/0 个连接
[2025-04-09 16:26:51] WebSocket 连接已添加，当前连接数: 1
[2025-04-09 16:28:04] Koa 和 WebSocket 服务器已启动，监听端口 3300
[2025-04-09 16:28:04] WebSocket 广播消息成功发送到 0/0 个连接
[2025-04-09 16:28:06] WebSocket 连接已添加，当前连接数: 1
[2025-04-09 16:28:42] Koa 和 WebSocket 服务器已启动，监听端口 3300
[2025-04-09 16:28:42] WebSocket 广播消息成功发送到 0/0 个连接
[2025-04-09 16:28:44] WebSocket 连接已添加，当前连接数: 1
[2025-04-09 16:29:02] Koa 和 WebSocket 服务器已启动，监听端口 3300
[2025-04-09 16:29:02] WebSocket 广播消息成功发送到 0/0 个连接
[2025-04-09 16:29:04] WebSocket 连接已添加，当前连接数: 1
[2025-04-09 16:29:08] Koa 和 WebSocket 服务器已启动，监听端口 3300
[2025-04-09 16:29:08] WebSocket 广播消息成功发送到 0/0 个连接
[2025-04-09 16:29:11] WebSocket 连接已添加，当前连接数: 1
[2025-04-09 16:29:22] Koa 和 WebSocket 服务器已启动，监听端口 3300
[2025-04-09 16:29:22] WebSocket 广播消息成功发送到 0/0 个连接
[2025-04-09 16:29:24] WebSocket 连接已添加，当前连接数: 1
[2025-04-09 16:29:53] Koa 和 WebSocket 服务器已启动，监听端口 3300
[2025-04-09 16:29:53] WebSocket 广播消息成功发送到 0/0 个连接
[2025-04-09 16:29:55] WebSocket 连接已添加，当前连接数: 1
[2025-04-09 16:30:42] Koa 和 WebSocket 服务器已启动，监听端口 3300
[2025-04-09 16:30:42] WebSocket 广播消息成功发送到 0/0 个连接
[2025-04-09 16:30:44] WebSocket 连接已添加，当前连接数: 1
[2025-04-09 16:30:47] Koa 和 WebSocket 服务器已启动，监听端口 3300
[2025-04-09 16:30:47] WebSocket 广播消息成功发送到 0/0 个连接
[2025-04-09 16:30:50] WebSocket 连接已添加，当前连接数: 1
[2025-04-09 16:32:20] Koa 和 WebSocket 服务器已启动，监听端口 3300
[2025-04-09 16:32:20] WebSocket 广播消息成功发送到 0/0 个连接
[2025-04-09 16:32:23] WebSocket 连接已添加，当前连接数: 1
[2025-04-09 16:32:28] Koa 和 WebSocket 服务器已启动，监听端口 3300
[2025-04-09 16:32:28] WebSocket 广播消息成功发送到 0/0 个连接
[2025-04-09 16:32:30] WebSocket 连接已添加，当前连接数: 1
[2025-04-09 16:32:32] WebSocket 连接已关闭
[2025-04-09 16:32:32] WebSocket 连接已移除，当前连接数: 0
[2025-04-09 16:32:32] WebSocket 连接已添加，当前连接数: 1
[2025-04-09 16:32:36] WebSocket 连接已关闭
[2025-04-09 16:32:36] WebSocket 连接已移除，当前连接数: 0
[2025-04-09 16:32:36] WebSocket 连接已添加，当前连接数: 1
[2025-04-09 16:32:42] WebSocket 连接已关闭
[2025-04-09 16:32:42] WebSocket 连接已移除，当前连接数: 0
[2025-04-09 16:32:44] WebSocket 连接已添加，当前连接数: 1
[2025-04-09 16:32:45] WebSocket 连接已关闭
[2025-04-09 16:32:45] WebSocket 连接已移除，当前连接数: 0
[2025-04-09 16:32:45] WebSocket 连接已添加，当前连接数: 1
[2025-04-09 16:32:46] Koa 和 WebSocket 服务器已启动，监听端口 3300
[2025-04-09 16:32:46] WebSocket 广播消息成功发送到 0/0 个连接
[2025-04-09 16:32:47] WebSocket 连接已添加，当前连接数: 1
[2025-04-09 16:32:48] WebSocket 连接已关闭
[2025-04-09 16:32:48] WebSocket 连接已移除，当前连接数: 0
[2025-04-09 16:32:48] WebSocket 连接已添加，当前连接数: 1
[2025-04-09 16:32:51] WebSocket 连接已关闭
[2025-04-09 16:32:51] WebSocket 连接已移除，当前连接数: 0
[2025-04-09 16:32:51] WebSocket 连接已添加，当前连接数: 1
[2025-04-09 16:32:58] WebSocket 连接已关闭
[2025-04-09 16:32:58] WebSocket 连接已移除，当前连接数: 0
[2025-04-09 16:32:58] WebSocket 连接已添加，当前连接数: 1
[2025-04-09 16:32:59] WebSocket 连接已关闭
[2025-04-09 16:32:59] WebSocket 连接已移除，当前连接数: 0
[2025-04-09 16:32:59] WebSocket 连接已添加，当前连接数: 1
[2025-04-09 16:33:21] Koa 和 WebSocket 服务器已启动，监听端口 3300
[2025-04-09 16:33:21] WebSocket 广播消息成功发送到 0/0 个连接
[2025-04-09 16:33:23] WebSocket 连接已添加，当前连接数: 1
[2025-04-09 16:33:33] Koa 和 WebSocket 服务器已启动，监听端口 3300
[2025-04-09 16:33:34] WebSocket 广播消息成功发送到 0/0 个连接
[2025-04-09 16:33:36] WebSocket 连接已添加，当前连接数: 1
[2025-04-09 16:34:05] Koa 和 WebSocket 服务器已启动，监听端口 3300
[2025-04-09 16:34:05] WebSocket 广播消息成功发送到 0/0 个连接
[2025-04-09 16:34:07] WebSocket 连接已添加，当前连接数: 1
[2025-04-09 16:34:18] Koa 和 WebSocket 服务器已启动，监听端口 3300
[2025-04-09 16:34:18] WebSocket 广播消息成功发送到 0/0 个连接
[2025-04-09 16:34:20] WebSocket 连接已添加，当前连接数: 1
[2025-04-09 16:38:18] WebSocket 广播消息成功发送到 1/1 个连接
[2025-04-09 16:40:18] WebSocket 广播消息成功发送到 1/1 个连接
[2025-04-09 16:41:03] Koa 和 WebSocket 服务器已启动，监听端口 3300
[2025-04-09 16:41:04] WebSocket 广播消息成功发送到 0/0 个连接
[2025-04-09 16:41:06] WebSocket 连接已添加，当前连接数: 1
[2025-04-09 16:43:04] WebSocket 广播消息成功发送到 1/1 个连接
[2025-04-09 16:45:04] WebSocket 广播消息成功发送到 1/1 个连接
[2025-04-09 16:47:04] WebSocket 广播消息成功发送到 1/1 个连接
[2025-04-09 16:49:04] WebSocket 广播消息成功发送到 1/1 个连接
[2025-04-09 16:49:08] Koa 和 WebSocket 服务器已启动，监听端口 3300
[2025-04-09 16:49:09] WebSocket 广播消息成功发送到 0/0 个连接
[2025-04-09 16:49:10] Koa 和 WebSocket 服务器已启动，监听端口 3300
[2025-04-09 16:49:10] WebSocket 广播消息成功发送到 0/0 个连接
[2025-04-09 16:49:11] WebSocket 连接已添加，当前连接数: 1
[2025-04-09 16:51:10] WebSocket 广播消息成功发送到 1/1 个连接
[2025-04-09 16:51:14] Koa 和 WebSocket 服务器已启动，监听端口 3300
[2025-04-09 16:51:15] WebSocket 广播消息成功发送到 0/0 个连接
[2025-04-09 16:51:17] WebSocket 连接已添加，当前连接数: 1
[2025-04-09 16:51:34] Koa 和 WebSocket 服务器已启动，监听端口 3300
[2025-04-09 16:51:34] WebSocket 广播消息成功发送到 0/0 个连接
[2025-04-09 16:51:36] WebSocket 连接已添加，当前连接数: 1
[2025-04-09 16:53:13] Koa 和 WebSocket 服务器已启动，监听端口 3300
[2025-04-09 16:53:13] WebSocket 广播消息成功发送到 0/0 个连接
[2025-04-09 16:53:13] WebSocket 连接已添加，当前连接数: 1
[2025-04-09 16:53:26] WebSocket 连接已关闭
[2025-04-09 16:53:26] WebSocket 连接已移除，当前连接数: 0
[2025-04-09 16:53:26] WebSocket 连接已添加，当前连接数: 1
[2025-04-09 16:53:27] Koa 和 WebSocket 服务器已启动，监听端口 3300
[2025-04-09 16:53:27] WebSocket 广播消息成功发送到 0/0 个连接
[2025-04-09 16:53:36] Koa 和 WebSocket 服务器已启动，监听端口 3300
[2025-04-09 16:53:36] WebSocket 广播消息成功发送到 0/0 个连接
[2025-04-09 16:53:36] WebSocket 连接已添加，当前连接数: 1
[2025-04-09 16:53:40] WebSocket 连接已关闭
[2025-04-09 16:53:40] WebSocket 连接已移除，当前连接数: 0
[2025-04-09 16:53:43] WebSocket 连接已添加，当前连接数: 1
[2025-04-09 16:53:45] WebSocket 连接已关闭
[2025-04-09 16:53:45] WebSocket 连接已移除，当前连接数: 0
[2025-04-09 16:53:45] WebSocket 连接已添加，当前连接数: 1
[2025-04-09 16:53:49] WebSocket 连接已关闭
[2025-04-09 16:53:49] WebSocket 连接已移除，当前连接数: 0
[2025-04-09 16:53:49] WebSocket 连接已添加，当前连接数: 1
[2025-04-09 16:53:53] Koa 和 WebSocket 服务器已启动，监听端口 3300
[2025-04-09 16:53:53] WebSocket 广播消息成功发送到 0/0 个连接
[2025-04-09 16:53:56] WebSocket 连接已添加，当前连接数: 1
[2025-04-09 16:53:57] WebSocket 连接已添加，当前连接数: 2
[2025-04-09 16:53:57] WebSocket 连接已关闭
[2025-04-09 16:53:57] WebSocket 连接已移除，当前连接数: 1
[2025-04-09 16:53:59] Koa 和 WebSocket 服务器已启动，监听端口 3300
[2025-04-09 16:53:59] WebSocket 广播消息成功发送到 0/0 个连接
[2025-04-09 16:54:01] WebSocket 连接已添加，当前连接数: 1
[2025-04-09 16:54:02] Koa 和 WebSocket 服务器已启动，监听端口 3300
[2025-04-09 16:54:02] WebSocket 广播消息成功发送到 0/0 个连接
[2025-04-09 16:54:04] WebSocket 连接已添加，当前连接数: 1
[2025-04-09 16:54:30] Koa 和 WebSocket 服务器已启动，监听端口 3300
[2025-04-09 16:54:30] WebSocket 广播消息成功发送到 0/0 个连接
[2025-04-09 16:54:31] Koa 和 WebSocket 服务器已启动，监听端口 3300
[2025-04-09 16:54:32] WebSocket 广播消息成功发送到 0/0 个连接
[2025-04-09 16:54:32] WebSocket 连接已添加，当前连接数: 1
[2025-04-09 16:56:32] WebSocket 广播消息成功发送到 1/1 个连接
[2025-04-09 16:58:32] WebSocket 广播消息成功发送到 1/1 个连接
[2025-04-09 17:00:32] WebSocket 广播消息成功发送到 1/1 个连接
[2025-04-09 17:04:32] WebSocket 广播消息成功发送到 1/1 个连接
[2025-04-09 17:06:32] WebSocket 广播消息成功发送到 1/1 个连接
[2025-04-09 17:10:32] WebSocket 广播消息成功发送到 1/1 个连接
[2025-04-09 17:11:34] GET /api/finance/news/cls - 1ms
[2025-04-09 17:12:32] WebSocket 广播消息成功发送到 1/1 个连接
[2025-04-09 17:12:34] GET /api/finance/news/cls - 0ms
[2025-04-09 17:14:32] WebSocket 广播消息成功发送到 1/1 个连接
[2025-04-09 17:18:32] WebSocket 广播消息成功发送到 1/1 个连接
[2025-04-09 17:20:32] WebSocket 广播消息成功发送到 1/1 个连接
[2025-04-09 17:22:32] WebSocket 广播消息成功发送到 1/1 个连接
[2025-04-09 17:26:32] WebSocket 广播消息成功发送到 1/1 个连接
[2025-04-09 17:28:32] WebSocket 广播消息成功发送到 1/1 个连接
[2025-04-09 17:30:32] WebSocket 广播消息成功发送到 1/1 个连接
