[2025-05-06 09:30:07] 处理WebSocket消息失败:
[2025-05-06 09:32:07] 处理WebSocket消息失败:
[2025-05-06 09:53:59] 处理WebSocket消息失败:
[2025-05-06 09:54:20] 处理WebSocket消息失败:
[2025-05-06 09:54:47] 处理WebSocket消息失败:
[2025-05-06 09:56:03] 处理WebSocket消息失败:
[2025-05-06 13:58:33] 处理WebSocket消息失败:
[2025-05-06 13:58:39] 处理WebSocket消息失败:
[2025-05-06 13:58:45] 处理WebSocket消息失败:
[2025-05-06 14:06:19] 处理WebSocket消息失败:
[2025-05-06 14:29:30] 处理WebSocket消息失败:
[2025-05-06 14:29:53] 处理WebSocket消息失败:
[2025-05-06 14:30:03] 处理WebSocket消息失败:
[2025-05-06 14:32:38] 处理WebSocket消息失败:
[2025-05-06 14:38:44] 处理WebSocket消息失败:
[2025-05-06 16:20:50] [GET /api/finance/quotes/intraday] AxiosError: Request failed with status code 500
    at settle (D:\KaKaRoot\kaka-koa-service\node_modules\axios\dist\node\axios.cjs:2026:12)
    at IncomingMessage.handleStreamEnd (D:\KaKaRoot\kaka-koa-service\node_modules\axios\dist\node\axios.cjs:3142:11)
    at IncomingMessage.emit (node:events:536:35)
    at endReadableNT (node:internal/streams/readable:1698:12)
    at process.processTicksAndRejections (node:internal/process/task_queues:90:21)
    at Axios.request (D:\KaKaRoot\kaka-koa-service\node_modules\axios\dist\node\axios.cjs:4252:41)
    at process.processTicksAndRejections (node:internal/process/task_queues:105:5)
    at async getPublicQuotesHistory (D:\KaKaRoot\kaka-koa-service\routes\route\Finance\quotesService.js:28:20)
    at async D:\KaKaRoot\kaka-koa-service\routes\route\Finance\index.js:77:16
    at async D:\KaKaRoot\kaka-koa-service\app.js:25:5
    at async D:\KaKaRoot\kaka-koa-service\app.js:17:3
    at async bodyParser (D:\KaKaRoot\kaka-koa-service\node_modules\koa-bodyparser\index.js:78:5)
[2025-05-06 16:22:12] [GET /api/finance/quotes/intraday] AxiosError: Request failed with status code 500
    at settle (D:\KaKaRoot\kaka-koa-service\node_modules\axios\dist\node\axios.cjs:2026:12)
    at IncomingMessage.handleStreamEnd (D:\KaKaRoot\kaka-koa-service\node_modules\axios\dist\node\axios.cjs:3142:11)
    at IncomingMessage.emit (node:events:536:35)
    at endReadableNT (node:internal/streams/readable:1698:12)
    at process.processTicksAndRejections (node:internal/process/task_queues:90:21)
    at Axios.request (D:\KaKaRoot\kaka-koa-service\node_modules\axios\dist\node\axios.cjs:4252:41)
    at process.processTicksAndRejections (node:internal/process/task_queues:105:5)
    at async getPublicQuotesHistory (D:\KaKaRoot\kaka-koa-service\routes\route\Finance\quotesService.js:29:20)
    at async D:\KaKaRoot\kaka-koa-service\routes\route\Finance\index.js:77:16
    at async D:\KaKaRoot\kaka-koa-service\app.js:25:5
    at async D:\KaKaRoot\kaka-koa-service\app.js:17:3
    at async bodyParser (D:\KaKaRoot\kaka-koa-service\node_modules\koa-bodyparser\index.js:78:5)
[2025-05-06 16:22:26] [GET /api/finance/quotes/intraday] AxiosError: Request failed with status code 500
    at settle (D:\KaKaRoot\kaka-koa-service\node_modules\axios\dist\node\axios.cjs:2026:12)
    at IncomingMessage.handleStreamEnd (D:\KaKaRoot\kaka-koa-service\node_modules\axios\dist\node\axios.cjs:3142:11)
    at IncomingMessage.emit (node:events:536:35)
    at endReadableNT (node:internal/streams/readable:1698:12)
    at process.processTicksAndRejections (node:internal/process/task_queues:90:21)
    at Axios.request (D:\KaKaRoot\kaka-koa-service\node_modules\axios\dist\node\axios.cjs:4252:41)
    at process.processTicksAndRejections (node:internal/process/task_queues:105:5)
    at async getPublicQuotesHistory (D:\KaKaRoot\kaka-koa-service\routes\route\Finance\quotesService.js:29:20)
    at async D:\KaKaRoot\kaka-koa-service\routes\route\Finance\index.js:77:16
    at async D:\KaKaRoot\kaka-koa-service\app.js:25:5
    at async D:\KaKaRoot\kaka-koa-service\app.js:17:3
    at async bodyParser (D:\KaKaRoot\kaka-koa-service\node_modules\koa-bodyparser\index.js:78:5)
[2025-05-06 16:27:25] [GET /api/finance/trade-calendar] TypeError: Assignment to constant variable.
    at getTradeCalendar (D:\KaKaRoot\kaka-koa-service\routes\route\Finance\common.js:11:17)
    at D:\KaKaRoot\kaka-koa-service\routes\route\Finance\index.js:31:17
    at dispatch (D:\KaKaRoot\kaka-koa-service\node_modules\koa-compose\index.js:42:32)
    at D:\KaKaRoot\kaka-koa-service\node_modules\koa-router\lib\router.js:261:18
    at dispatch (D:\KaKaRoot\kaka-koa-service\node_modules\koa-compose\index.js:42:32)
    at D:\KaKaRoot\kaka-koa-service\node_modules\koa-compose\index.js:34:12
    at dispatch (D:\KaKaRoot\kaka-koa-service\node_modules\koa-router\lib\router.js:266:33)
    at dispatch (D:\KaKaRoot\kaka-koa-service\node_modules\koa-compose\index.js:42:32)
    at D:\KaKaRoot\kaka-koa-service\app.js:25:11
    at dispatch (D:\KaKaRoot\kaka-koa-service\node_modules\koa-compose\index.js:42:32)
[2025-05-06 16:27:37] [GET /api/finance/trade-calendar] TypeError: Assignment to constant variable.
    at getTradeCalendar (D:\KaKaRoot\kaka-koa-service\routes\route\Finance\common.js:11:17)
    at D:\KaKaRoot\kaka-koa-service\routes\route\Finance\index.js:31:17
    at dispatch (D:\KaKaRoot\kaka-koa-service\node_modules\koa-compose\index.js:42:32)
    at D:\KaKaRoot\kaka-koa-service\node_modules\koa-router\lib\router.js:261:18
    at dispatch (D:\KaKaRoot\kaka-koa-service\node_modules\koa-compose\index.js:42:32)
    at D:\KaKaRoot\kaka-koa-service\node_modules\koa-compose\index.js:34:12
    at dispatch (D:\KaKaRoot\kaka-koa-service\node_modules\koa-router\lib\router.js:266:33)
    at dispatch (D:\KaKaRoot\kaka-koa-service\node_modules\koa-compose\index.js:42:32)
    at D:\KaKaRoot\kaka-koa-service\app.js:25:11
    at dispatch (D:\KaKaRoot\kaka-koa-service\node_modules\koa-compose\index.js:42:32)
