[2025-04-29 12:54:40] [GET /api/finance/quotes/public] ReferenceError: resetPublicQuotesUpdateCount is not defined
    at D:\KaKaRoot\kaka-koa-service\routes\route\Finance\index.js:81:3
    at process.processTicksAndRejections (node:internal/process/task_queues:105:5)
    at async D:\KaKaRoot\kaka-koa-service\app.js:25:5
    at async D:\KaKaRoot\kaka-koa-service\app.js:17:3
    at async bodyParser (D:\KaKaRoot\kaka-koa-service\node_modules\koa-bodyparser\index.js:78:5)
[2025-04-29 12:55:40] [GET /api/finance/quotes/public] ReferenceError: resetPublicQuotesUpdateCount is not defined
    at D:\KaKaRoot\kaka-koa-service\routes\route\Finance\index.js:82:3
    at process.processTicksAndRejections (node:internal/process/task_queues:105:5)
    at async D:\KaKaRoot\kaka-koa-service\app.js:25:5
    at async D:\KaKaRoot\kaka-koa-service\app.js:17:3
    at async bodyParser (D:\KaKaRoot\kaka-koa-service\node_modules\koa-bodyparser\index.js:78:5)
[2025-04-29 13:11:11] 处理WebSocket消息失败:
[2025-04-29 13:11:42] 处理WebSocket消息失败:
[2025-04-29 13:12:02] 处理WebSocket消息失败:
[2025-04-29 13:12:33] 处理WebSocket消息失败:
[2025-04-29 13:13:33] 处理WebSocket消息失败:
[2025-04-29 13:14:16] 处理WebSocket消息失败:
[2025-04-29 13:14:56] 处理WebSocket消息失败:
[2025-04-29 13:15:33] 处理WebSocket消息失败:
[2025-04-29 13:18:45] 处理WebSocket消息失败:
[2025-04-29 13:23:57] 处理WebSocket消息失败:
[2025-04-29 13:36:59] 处理WebSocket消息失败:
[2025-04-29 14:31:36] 处理WebSocket消息失败:
