[2025-04-16 15:30:43] Koa 和 WebSocket 服务器已启动，监听端口 3300
[2025-04-16 15:30:43] WebSocket 广播消息成功发送到 0/0 个连接
[2025-04-16 15:31:23] GET /api/finance/news/cls - 1ms
[2025-04-16 15:31:23] WebSocket 连接已添加，当前连接数: 1
[2025-04-16 15:32:43] WebSocket 广播消息成功发送到 1/1 个连接
[2025-04-16 15:32:46] GET /api/finance/news/cls - 0ms
[2025-04-16 15:34:43] WebSocket 广播消息成功发送到 1/1 个连接
[2025-04-16 15:35:29] Koa 和 WebSocket 服务器已启动，监听端口 3300
[2025-04-16 15:35:30] WebSocket 广播消息成功发送到 0/0 个连接
[2025-04-16 15:35:31] WebSocket 连接已添加，当前连接数: 1
[2025-04-16 15:35:49] Koa 和 WebSocket 服务器已启动，监听端口 3300
[2025-04-16 15:35:49] WebSocket 广播消息成功发送到 0/0 个连接
[2025-04-16 15:35:52] WebSocket 连接已添加，当前连接数: 1
[2025-04-16 15:35:53] Koa 和 WebSocket 服务器已启动，监听端口 3300
[2025-04-16 15:35:53] WebSocket 广播消息成功发送到 0/0 个连接
[2025-04-16 15:35:55] WebSocket 连接已添加，当前连接数: 1
[2025-04-16 15:36:29] GET /api/finance/news/cls - 1ms
[2025-04-16 15:37:46] WebSocket 连接已关闭
[2025-04-16 15:37:46] WebSocket 连接已移除，当前连接数: 0
[2025-04-16 15:37:46] GET /api/finance/news/cls - 0ms
[2025-04-16 15:37:46] WebSocket 连接已添加，当前连接数: 1
[2025-04-16 15:37:53] WebSocket 广播消息成功发送到 1/1 个连接
[2025-04-16 15:38:09] WebSocket 连接已关闭
[2025-04-16 15:38:09] WebSocket 连接已移除，当前连接数: 0
[2025-04-16 15:38:09] GET /api/finance/news/cls - 0ms
[2025-04-16 15:38:09] WebSocket 连接已添加，当前连接数: 1
[2025-04-16 15:38:10] WebSocket 连接已关闭
[2025-04-16 15:38:10] WebSocket 连接已移除，当前连接数: 0
[2025-04-16 15:38:10] GET /api/finance/news/cls - 0ms
[2025-04-16 15:38:10] WebSocket 连接已添加，当前连接数: 1
[2025-04-16 15:38:37] WebSocket 连接已关闭
[2025-04-16 15:38:37] WebSocket 连接已移除，当前连接数: 0
[2025-04-16 15:38:38] GET /api/finance/news/cls - 1ms
[2025-04-16 15:38:38] WebSocket 连接已添加，当前连接数: 1
[2025-04-16 15:38:39] WebSocket 连接已关闭
[2025-04-16 15:38:39] WebSocket 连接已移除，当前连接数: 0
[2025-04-16 15:38:39] GET /api/finance/news/cls - 0ms
[2025-04-16 15:38:39] WebSocket 连接已添加，当前连接数: 1
[2025-04-16 15:38:42] WebSocket 连接已关闭
[2025-04-16 15:38:42] WebSocket 连接已移除，当前连接数: 0
[2025-04-16 15:38:42] GET /api/finance/news/cls - 0ms
[2025-04-16 15:38:42] WebSocket 连接已添加，当前连接数: 1
[2025-04-16 15:39:08] WebSocket 连接已关闭
[2025-04-16 15:39:08] WebSocket 连接已移除，当前连接数: 0
[2025-04-16 15:39:53] WebSocket 广播消息成功发送到 0/0 个连接
[2025-04-16 15:40:29] GET /api/finance/news/cls - 0ms
[2025-04-16 15:40:29] WebSocket 连接已添加，当前连接数: 1
[2025-04-16 15:40:47] WebSocket 连接已关闭
[2025-04-16 15:40:47] WebSocket 连接已移除，当前连接数: 0
[2025-04-16 15:40:47] GET /api/finance/news/cls - 0ms
[2025-04-16 15:40:47] WebSocket 连接已添加，当前连接数: 1
[2025-04-16 15:40:54] WebSocket 连接已关闭
[2025-04-16 15:40:54] WebSocket 连接已移除，当前连接数: 0
[2025-04-16 15:40:55] GET /api/finance/news/cls - 0ms
[2025-04-16 15:40:55] WebSocket 连接已添加，当前连接数: 1
[2025-04-16 15:41:45] WebSocket 连接已关闭
[2025-04-16 15:41:45] WebSocket 连接已移除，当前连接数: 0
[2025-04-16 15:41:45] GET /api/finance/news/cls - 0ms
[2025-04-16 15:41:45] WebSocket 连接已添加，当前连接数: 1
[2025-04-16 15:42:51] WebSocket 连接已关闭
[2025-04-16 15:42:51] WebSocket 连接已移除，当前连接数: 0
[2025-04-16 15:42:52] GET /api/finance/news/cls - 0ms
[2025-04-16 15:42:52] WebSocket 连接已添加，当前连接数: 1
[2025-04-16 15:42:54] WebSocket 连接已关闭
[2025-04-16 15:42:54] WebSocket 连接已移除，当前连接数: 0
[2025-04-16 15:42:55] GET /api/finance/news/cls - 0ms
[2025-04-16 15:42:55] WebSocket 连接已添加，当前连接数: 1
[2025-04-16 15:43:12] WebSocket 连接已关闭
[2025-04-16 15:43:12] WebSocket 连接已移除，当前连接数: 0
[2025-04-16 15:43:12] GET /api/finance/news/cls - 0ms
[2025-04-16 15:43:12] GET /api/finance/time - 1ms
[2025-04-16 15:43:12] WebSocket 连接已添加，当前连接数: 1
[2025-04-16 15:43:49] WebSocket 连接已关闭
[2025-04-16 15:43:49] WebSocket 连接已移除，当前连接数: 0
[2025-04-16 15:43:50] GET /api/finance/news/cls - 0ms
[2025-04-16 15:43:50] GET /api/finance/time - 0ms
[2025-04-16 15:43:50] WebSocket 连接已添加，当前连接数: 1
[2025-04-16 15:44:34] WebSocket 连接已关闭
[2025-04-16 15:44:34] WebSocket 连接已移除，当前连接数: 0
[2025-04-16 15:44:34] GET /api/finance/news/cls - 0ms
[2025-04-16 15:44:34] GET /api/finance/time - 0ms
[2025-04-16 15:44:34] WebSocket 连接已添加，当前连接数: 1
[2025-04-16 15:44:36] WebSocket 连接已关闭
[2025-04-16 15:44:36] WebSocket 连接已移除，当前连接数: 0
[2025-04-16 15:44:36] GET /api/finance/news/cls - 0ms
[2025-04-16 15:44:36] GET /api/finance/time - 0ms
[2025-04-16 15:44:36] WebSocket 连接已添加，当前连接数: 1
[2025-04-16 15:44:52] WebSocket 连接已关闭
[2025-04-16 15:44:52] WebSocket 连接已移除，当前连接数: 0
[2025-04-16 15:44:53] GET /api/finance/news/cls - 0ms
[2025-04-16 15:44:53] GET /api/finance/time - 0ms
[2025-04-16 15:44:53] WebSocket 连接已添加，当前连接数: 1
[2025-04-16 15:45:22] WebSocket 连接已关闭
[2025-04-16 15:45:22] WebSocket 连接已移除，当前连接数: 0
[2025-04-16 15:45:22] GET /api/finance/time - 0ms
[2025-04-16 15:45:22] GET /api/finance/news/cls - 0ms
[2025-04-16 15:45:22] GET /api/finance/time - 0ms
[2025-04-16 15:45:22] WebSocket 连接已添加，当前连接数: 1
[2025-04-16 15:45:32] WebSocket 连接已关闭
[2025-04-16 15:45:32] WebSocket 连接已移除，当前连接数: 0
[2025-04-16 15:45:34] GET /api/finance/news/cls - 0ms
[2025-04-16 15:45:34] GET /api/finance/time - 0ms
[2025-04-16 15:45:34] WebSocket 连接已添加，当前连接数: 1
[2025-04-16 15:45:45] WebSocket 连接已关闭
[2025-04-16 15:45:45] WebSocket 连接已移除，当前连接数: 0
[2025-04-16 15:45:46] GET /api/finance/news/cls - 0ms
[2025-04-16 15:45:46] GET /api/finance/time - 0ms
[2025-04-16 15:45:46] WebSocket 连接已添加，当前连接数: 1
[2025-04-16 15:46:00] Koa 和 WebSocket 服务器已启动，监听端口 3300
[2025-04-16 15:46:01] WebSocket 广播消息成功发送到 0/0 个连接
[2025-04-16 15:46:02] WebSocket 连接已添加，当前连接数: 1
[2025-04-16 15:46:09] WebSocket 连接已关闭
[2025-04-16 15:46:09] WebSocket 连接已移除，当前连接数: 0
[2025-04-16 15:46:09] GET /api/finance/news/cls - 2ms
[2025-04-16 15:46:09] GET /api/finance/time - 0ms
[2025-04-16 15:46:09] WebSocket 连接已添加，当前连接数: 1
[2025-04-16 15:46:18] WebSocket 连接已关闭
[2025-04-16 15:46:18] WebSocket 连接已移除，当前连接数: 0
[2025-04-16 15:46:18] GET /api/finance/time - 0ms
[2025-04-16 15:46:19] GET /api/finance/news/cls - 0ms
[2025-04-16 15:46:19] GET /api/finance/time - 0ms
[2025-04-16 15:46:19] WebSocket 连接已添加，当前连接数: 1
[2025-04-16 15:47:26] Koa 和 WebSocket 服务器已启动，监听端口 3300
[2025-04-16 15:47:26] WebSocket 广播消息成功发送到 0/0 个连接
[2025-04-16 15:47:28] WebSocket 连接已添加，当前连接数: 1
[2025-04-16 15:47:41] WebSocket 连接已关闭
[2025-04-16 15:47:41] WebSocket 连接已移除，当前连接数: 0
[2025-04-16 15:47:42] GET /api/finance/news/cls - 2ms
[2025-04-16 15:47:42] GET /api/finance/time - 1ms
[2025-04-16 15:47:42] WebSocket 连接已添加，当前连接数: 1
[2025-04-16 15:48:01] WebSocket 连接已关闭
[2025-04-16 15:48:01] WebSocket 连接已移除，当前连接数: 0
[2025-04-16 15:48:02] GET /api/finance/news/cls - 0ms
[2025-04-16 15:48:02] WebSocket 连接已添加，当前连接数: 1
[2025-04-16 15:48:03] GET /api/finance/news/cls - 0ms
[2025-04-16 15:48:03] WebSocket 连接已关闭
[2025-04-16 15:48:03] WebSocket 连接已移除，当前连接数: 0
[2025-04-16 15:48:03] WebSocket 连接已添加，当前连接数: 1
[2025-04-16 15:48:05] GET /api/finance/news/cls - 0ms
[2025-04-16 15:48:05] WebSocket 连接已关闭
[2025-04-16 15:48:05] WebSocket 连接已移除，当前连接数: 0
[2025-04-16 15:48:05] WebSocket 连接已添加，当前连接数: 1
[2025-04-16 15:51:26] WebSocket 广播消息成功发送到 1/1 个连接
[2025-04-16 15:53:00] WebSocket 连接已关闭
[2025-04-16 15:53:00] WebSocket 连接已移除，当前连接数: 0
[2025-04-16 15:53:00] GET /api/finance/news/cls - 0ms
[2025-04-16 15:53:00] GET /api/finance/time - 0ms
[2025-04-16 15:53:01] WebSocket 连接已添加，当前连接数: 1
[2025-04-16 15:53:12] GET /api/finance/time - 0ms
[2025-04-16 15:53:12] WebSocket 连接已关闭
[2025-04-16 15:53:12] WebSocket 连接已移除，当前连接数: 0
[2025-04-16 15:53:13] GET /api/finance/news/cls - 0ms
[2025-04-16 15:53:13] GET /api/finance/time - 0ms
[2025-04-16 15:53:13] WebSocket 连接已添加，当前连接数: 1
[2025-04-16 15:53:26] WebSocket 广播消息成功发送到 1/1 个连接
[2025-04-16 15:57:26] WebSocket 广播消息成功发送到 1/1 个连接
[2025-04-16 15:59:26] WebSocket 广播消息成功发送到 1/1 个连接
[2025-04-16 15:59:49] WebSocket 连接已关闭
[2025-04-16 15:59:49] WebSocket 连接已移除，当前连接数: 0
[2025-04-16 20:04:20] WebSocket 广播消息成功发送到 0/0 个连接
[2025-04-16 20:04:21] WebSocket 连接已添加，当前连接数: 1
[2025-04-16 20:04:22] WebSocket 连接已关闭
[2025-04-16 20:04:22] WebSocket 连接已移除，当前连接数: 0
[2025-04-16 20:04:22] GET /api/finance/news/cls - 0ms
[2025-04-16 20:04:22] GET /api/finance/time - 0ms
[2025-04-16 20:04:22] WebSocket 连接已添加，当前连接数: 1
[2025-04-16 20:04:49] Koa 和 WebSocket 服务器已启动，监听端口 3300
[2025-04-16 20:04:49] WebSocket 广播消息成功发送到 0/0 个连接
[2025-04-16 20:04:51] WebSocket 连接已添加，当前连接数: 1
[2025-04-16 20:05:57] WebSocket 连接已关闭
[2025-04-16 20:05:57] WebSocket 连接已移除，当前连接数: 0
[2025-04-16 20:05:57] GET /api/finance/news/cls - 2ms
[2025-04-16 20:05:57] GET /api/finance/time - 0ms
[2025-04-16 20:05:57] WebSocket 连接已添加，当前连接数: 1
[2025-04-16 20:06:16] WebSocket 连接已关闭
[2025-04-16 20:06:16] WebSocket 连接已移除，当前连接数: 0
[2025-04-16 20:06:17] GET /api/finance/news/cls - 0ms
[2025-04-16 20:06:17] GET /api/finance/time - 0ms
[2025-04-16 20:06:17] GET /api/finance/time - 0ms
[2025-04-16 20:06:17] WebSocket 连接已添加，当前连接数: 1
[2025-04-16 20:06:19] WebSocket 连接已关闭
[2025-04-16 20:06:19] WebSocket 连接已移除，当前连接数: 0
[2025-04-16 20:06:19] GET /api/finance/news/cls - 0ms
[2025-04-16 20:06:19] GET /api/finance/time - 0ms
[2025-04-16 20:06:19] GET /api/finance/time - 0ms
[2025-04-16 20:06:19] WebSocket 连接已添加，当前连接数: 1
[2025-04-16 20:06:27] WebSocket 连接已关闭
[2025-04-16 20:06:27] WebSocket 连接已移除，当前连接数: 0
[2025-04-16 20:06:27] GET /api/finance/news/cls - 1ms
[2025-04-16 20:06:27] GET /api/finance/time - 0ms
[2025-04-16 20:06:27] GET /api/finance/time - 0ms
[2025-04-16 20:06:27] WebSocket 连接已添加，当前连接数: 1
[2025-04-16 20:06:28] WebSocket 连接已关闭
[2025-04-16 20:06:28] WebSocket 连接已移除，当前连接数: 0
[2025-04-16 20:06:28] GET /api/finance/news/cls - 0ms
[2025-04-16 20:06:28] GET /api/finance/time - 0ms
[2025-04-16 20:06:28] GET /api/finance/time - 0ms
[2025-04-16 20:06:28] WebSocket 连接已添加，当前连接数: 1
[2025-04-16 20:06:53] WebSocket 连接已关闭
[2025-04-16 20:06:53] WebSocket 连接已移除，当前连接数: 0
[2025-04-16 20:06:53] GET /api/finance/news/cls - 0ms
[2025-04-16 20:06:53] GET /api/finance/time - 0ms
[2025-04-16 20:06:53] WebSocket 连接已添加，当前连接数: 1
[2025-04-16 20:08:49] WebSocket 广播消息成功发送到 1/1 个连接
[2025-04-16 20:11:19] WebSocket 连接已关闭
[2025-04-16 20:11:19] WebSocket 连接已移除，当前连接数: 0
[2025-04-16 20:11:19] GET /api/finance/news/cls - 1ms
[2025-04-16 20:11:19] GET /api/finance/time - 0ms
[2025-04-16 20:11:19] WebSocket 连接已添加，当前连接数: 1
[2025-04-16 20:12:22] GET /api/finance/news/cls - 0ms
[2025-04-16 20:12:49] WebSocket 广播消息成功发送到 1/1 个连接
[2025-04-16 20:12:51] GET /api/finance/news/cls - 0ms
[2025-04-16 20:13:32] WebSocket 连接已关闭
[2025-04-16 20:13:32] WebSocket 连接已移除，当前连接数: 0
[2025-04-16 20:13:32] GET /api/finance/news/cls - 0ms
[2025-04-16 20:13:32] GET /api/finance/time - 0ms
[2025-04-16 20:13:32] WebSocket 连接已添加，当前连接数: 1
[2025-04-16 20:14:49] WebSocket 广播消息成功发送到 1/1 个连接
[2025-04-16 20:15:35] WebSocket 连接已关闭
[2025-04-16 20:15:35] WebSocket 连接已移除，当前连接数: 0
[2025-04-16 20:15:36] GET /api/finance/news/cls - 0ms
[2025-04-16 20:15:36] GET /api/finance/time - 1ms
[2025-04-16 20:15:36] WebSocket 连接已添加，当前连接数: 1
[2025-04-16 20:17:13] WebSocket 连接已关闭
[2025-04-16 20:17:13] WebSocket 连接已移除，当前连接数: 0
[2025-04-16 20:17:14] GET /api/finance/news/cls - 0ms
[2025-04-16 20:17:14] GET /api/finance/time - 0ms
[2025-04-16 20:17:14] WebSocket 连接已添加，当前连接数: 1
[2025-04-16 20:20:49] WebSocket 广播消息成功发送到 1/1 个连接
[2025-04-16 20:21:16] WebSocket 连接已关闭
[2025-04-16 20:21:16] WebSocket 连接已移除，当前连接数: 0
[2025-04-16 20:21:17] GET /api/finance/news/cls - 0ms
[2025-04-16 20:21:17] GET /api/finance/time - 0ms
[2025-04-16 20:21:17] WebSocket 连接已添加，当前连接数: 1
[2025-04-16 20:21:32] WebSocket 连接已关闭
[2025-04-16 20:21:32] WebSocket 连接已移除，当前连接数: 0
[2025-04-16 20:21:33] GET /api/finance/news/cls - 0ms
[2025-04-16 20:21:33] GET /api/finance/time - 0ms
[2025-04-16 20:21:33] WebSocket 连接已添加，当前连接数: 1
[2025-04-16 20:24:49] WebSocket 广播消息成功发送到 1/1 个连接
[2025-04-16 20:26:49] WebSocket 广播消息成功发送到 1/1 个连接
[2025-04-16 20:28:49] WebSocket 广播消息成功发送到 1/1 个连接
[2025-04-16 20:29:10] WebSocket 连接已关闭
[2025-04-16 20:29:10] WebSocket 连接已移除，当前连接数: 0
[2025-04-16 20:55:10] WebSocket 连接已添加，当前连接数: 1
[2025-04-16 20:55:10] WebSocket 广播消息成功发送到 1/1 个连接
[2025-04-16 20:57:10] WebSocket 广播消息成功发送到 1/1 个连接
[2025-04-16 20:59:10] WebSocket 广播消息成功发送到 1/1 个连接
[2025-04-16 21:00:40] WebSocket 连接已关闭
[2025-04-16 21:00:40] WebSocket 连接已移除，当前连接数: 0
[2025-04-16 22:37:21] WebSocket 广播消息成功发送到 0/0 个连接
[2025-04-16 22:37:21] WebSocket 连接已添加，当前连接数: 1
[2025-04-16 22:37:37] WebSocket 连接已关闭
[2025-04-16 22:37:37] WebSocket 连接已移除，当前连接数: 0
[2025-04-16 22:37:37] GET /api/finance/news/cls - 0ms
[2025-04-16 22:37:37] GET /api/finance/time - 0ms
[2025-04-16 22:37:37] WebSocket 连接已添加，当前连接数: 1
[2025-04-16 22:39:05] GET /api/finance/news/cls - 0ms
[2025-04-16 22:39:21] WebSocket 广播消息成功发送到 1/1 个连接
[2025-04-16 22:39:48] WebSocket 连接已关闭
[2025-04-16 22:39:48] WebSocket 连接已移除，当前连接数: 0
[2025-04-16 22:39:48] GET /api/finance/news/cls - 0ms
[2025-04-16 22:39:49] GET /api/finance/news/cls - 0ms
[2025-04-16 22:39:49] GET /api/finance/time - 0ms
[2025-04-16 22:39:49] WebSocket 连接已添加，当前连接数: 1
[2025-04-16 22:40:01] WebSocket 连接已关闭
[2025-04-16 22:40:01] WebSocket 连接已移除，当前连接数: 0
[2025-04-16 22:40:02] GET /api/finance/news/cls - 0ms
[2025-04-16 22:40:02] GET /api/finance/time - 0ms
[2025-04-16 22:40:02] WebSocket 连接已添加，当前连接数: 1
[2025-04-16 22:40:05] WebSocket 连接已关闭
[2025-04-16 22:40:05] WebSocket 连接已移除，当前连接数: 0
[2025-04-16 22:40:06] GET /api/finance/news/cls - 1ms
[2025-04-16 22:40:06] GET /api/finance/time - 0ms
[2025-04-16 22:40:06] WebSocket 连接已添加，当前连接数: 1
[2025-04-16 22:41:21] WebSocket 广播消息成功发送到 1/1 个连接
[2025-04-16 22:43:21] WebSocket 广播消息成功发送到 1/1 个连接
[2025-04-16 22:45:01] WebSocket 连接已关闭
[2025-04-16 22:45:01] WebSocket 连接已移除，当前连接数: 0
[2025-04-16 22:45:01] GET /api/finance/news/cls - 1ms
[2025-04-16 22:45:01] GET /api/finance/time - 0ms
[2025-04-16 22:45:01] WebSocket 连接已添加，当前连接数: 1
[2025-04-16 22:45:18] WebSocket 连接已关闭
[2025-04-16 22:45:18] WebSocket 连接已移除，当前连接数: 0
[2025-04-16 22:45:18] GET /api/finance/news/cls - 0ms
[2025-04-16 22:45:18] GET /api/finance/time - 0ms
[2025-04-16 22:45:18] WebSocket 连接已添加，当前连接数: 1
[2025-04-16 22:47:21] WebSocket 广播消息成功发送到 1/1 个连接
[2025-04-16 22:48:43] WebSocket 连接已关闭
[2025-04-16 22:48:43] WebSocket 连接已移除，当前连接数: 0
[2025-04-16 22:48:44] GET /api/finance/news/cls - 0ms
[2025-04-16 22:48:44] GET /api/finance/time - 0ms
[2025-04-16 22:48:44] WebSocket 连接已添加，当前连接数: 1
[2025-04-16 22:49:21] WebSocket 广播消息成功发送到 1/1 个连接
[2025-04-16 22:51:21] WebSocket 广播消息成功发送到 1/1 个连接
[2025-04-16 22:53:21] WebSocket 广播消息成功发送到 1/1 个连接
[2025-04-16 22:55:21] WebSocket 广播消息成功发送到 1/1 个连接
[2025-04-16 23:01:21] WebSocket 广播消息成功发送到 1/1 个连接
[2025-04-16 23:03:21] WebSocket 广播消息成功发送到 1/1 个连接
[2025-04-16 23:05:21] WebSocket 广播消息成功发送到 1/1 个连接
[2025-04-16 23:09:21] WebSocket 广播消息成功发送到 1/1 个连接
[2025-04-16 23:13:21] WebSocket 广播消息成功发送到 1/1 个连接
[2025-04-16 23:17:21] WebSocket 广播消息成功发送到 1/1 个连接
[2025-04-16 23:19:21] WebSocket 广播消息成功发送到 1/1 个连接
[2025-04-16 23:31:21] WebSocket 广播消息成功发送到 1/1 个连接
[2025-04-16 23:33:40] WebSocket 连接已关闭
[2025-04-16 23:33:40] WebSocket 连接已移除，当前连接数: 0
