[2025-04-21 13:30:59] Koa 和 WebSocket 服务器已启动，监听端口 3300
[2025-04-21 13:31:01] WebSocket 广播消息成功发送到 0/0 个连接
[2025-04-21 13:31:17] WebSocket 连接已添加，当前连接数: 1
[2025-04-21 13:31:17] GET /api/finance/news/cls - 1ms
[2025-04-21 13:31:17] GET /api/finance/time - 1ms
[2025-04-21 13:31:18] GET /api/finance/quotes/all - 834ms
[2025-04-21 13:31:18] GET /api/finance/trade-calendar - 1234ms
[2025-04-21 13:31:19] WebSocket 广播消息成功发送到 1/1 个连接
[2025-04-21 13:31:19] WebSocket 广播消息成功发送到 1/1 个连接
[2025-04-21 13:31:30] WebSocket 广播消息成功发送到 1/1 个连接
[2025-04-21 13:31:40] WebSocket 广播消息成功发送到 1/1 个连接
[2025-04-21 13:31:50] WebSocket 广播消息成功发送到 1/1 个连接
[2025-04-21 13:32:00] WebSocket 广播消息成功发送到 1/1 个连接
[2025-04-21 13:32:10] WebSocket 广播消息成功发送到 1/1 个连接
[2025-04-21 13:32:10] GET /api/finance/news/cls - 0ms
[2025-04-21 13:32:20] WebSocket 广播消息成功发送到 1/1 个连接
[2025-04-21 13:32:26] GET /api/finance/quotes/all - 498ms
[2025-04-21 13:32:27] GET /api/finance/quotes/all - 206ms
[2025-04-21 13:32:30] WebSocket 广播消息成功发送到 1/1 个连接
[2025-04-21 13:32:36] GET /api/finance/quotes/all - 464ms
[2025-04-21 13:32:40] WebSocket 广播消息成功发送到 1/1 个连接
[2025-04-21 13:32:50] WebSocket 广播消息成功发送到 1/1 个连接
[2025-04-21 13:33:00] WebSocket 广播消息成功发送到 1/1 个连接
[2025-04-21 13:33:00] WebSocket 广播消息成功发送到 1/1 个连接
[2025-04-21 13:33:10] WebSocket 广播消息成功发送到 1/1 个连接
[2025-04-21 13:33:20] WebSocket 广播消息成功发送到 1/1 个连接
[2025-04-21 13:33:30] WebSocket 广播消息成功发送到 1/1 个连接
[2025-04-21 13:33:40] WebSocket 广播消息成功发送到 1/1 个连接
[2025-04-21 13:33:50] WebSocket 广播消息成功发送到 1/1 个连接
[2025-04-21 13:34:00] WebSocket 广播消息成功发送到 1/1 个连接
[2025-04-21 13:34:10] WebSocket 广播消息成功发送到 1/1 个连接
[2025-04-21 13:34:20] WebSocket 广播消息成功发送到 1/1 个连接
[2025-04-21 13:34:30] WebSocket 广播消息成功发送到 1/1 个连接
[2025-04-21 13:34:40] WebSocket 广播消息成功发送到 1/1 个连接
[2025-04-21 13:34:50] WebSocket 广播消息成功发送到 1/1 个连接
[2025-04-21 13:35:00] WebSocket 广播消息成功发送到 1/1 个连接
[2025-04-21 13:35:10] WebSocket 广播消息成功发送到 1/1 个连接
[2025-04-21 13:35:20] WebSocket 广播消息成功发送到 1/1 个连接
[2025-04-21 13:35:30] WebSocket 广播消息成功发送到 1/1 个连接
[2025-04-21 13:35:40] WebSocket 广播消息成功发送到 1/1 个连接
[2025-04-21 13:35:50] WebSocket 广播消息成功发送到 1/1 个连接
[2025-04-21 13:36:00] WebSocket 广播消息成功发送到 1/1 个连接
[2025-04-21 13:36:10] WebSocket 广播消息成功发送到 1/1 个连接
[2025-04-21 13:36:20] WebSocket 广播消息成功发送到 1/1 个连接
[2025-04-21 13:36:30] WebSocket 广播消息成功发送到 1/1 个连接
[2025-04-21 13:36:40] WebSocket 广播消息成功发送到 1/1 个连接
[2025-04-21 13:36:50] WebSocket 广播消息成功发送到 1/1 个连接
[2025-04-21 13:37:00] WebSocket 广播消息成功发送到 1/1 个连接
[2025-04-21 13:37:00] WebSocket 广播消息成功发送到 1/1 个连接
[2025-04-21 13:37:10] WebSocket 广播消息成功发送到 1/1 个连接
[2025-04-21 13:37:20] WebSocket 广播消息成功发送到 1/1 个连接
[2025-04-21 13:37:30] WebSocket 广播消息成功发送到 1/1 个连接
[2025-04-21 13:37:40] WebSocket 广播消息成功发送到 1/1 个连接
[2025-04-21 13:37:50] WebSocket 广播消息成功发送到 1/1 个连接
[2025-04-21 13:38:00] WebSocket 广播消息成功发送到 1/1 个连接
[2025-04-21 13:38:10] WebSocket 广播消息成功发送到 1/1 个连接
[2025-04-21 13:38:20] WebSocket 广播消息成功发送到 1/1 个连接
[2025-04-21 13:38:30] WebSocket 广播消息成功发送到 1/1 个连接
[2025-04-21 13:38:40] WebSocket 广播消息成功发送到 1/1 个连接
[2025-04-21 13:38:50] WebSocket 广播消息成功发送到 1/1 个连接
[2025-04-21 13:39:00] WebSocket 广播消息成功发送到 1/1 个连接
[2025-04-21 13:39:10] WebSocket 广播消息成功发送到 1/1 个连接
[2025-04-21 13:39:20] WebSocket 广播消息成功发送到 1/1 个连接
[2025-04-21 13:39:30] WebSocket 广播消息成功发送到 1/1 个连接
[2025-04-21 13:39:40] WebSocket 广播消息成功发送到 1/1 个连接
[2025-04-21 13:39:45] WebSocket 连接已关闭
[2025-04-21 13:39:45] WebSocket 连接已移除，当前连接数: 0
[2025-04-21 13:39:50] WebSocket 广播消息成功发送到 0/0 个连接
[2025-04-21 13:40:00] WebSocket 广播消息成功发送到 0/0 个连接
[2025-04-21 13:40:10] WebSocket 广播消息成功发送到 0/0 个连接
[2025-04-21 13:40:20] WebSocket 广播消息成功发送到 0/0 个连接
[2025-04-21 13:40:30] WebSocket 广播消息成功发送到 0/0 个连接
[2025-04-21 13:40:40] WebSocket 广播消息成功发送到 0/0 个连接
[2025-04-21 13:40:44] WebSocket 连接已添加，当前连接数: 1
[2025-04-21 13:40:44] GET /api/finance/news/cls - 0ms
[2025-04-21 13:40:44] GET /api/finance/time - 0ms
[2025-04-21 13:40:44] GET /api/finance/quotes/all - 107ms
[2025-04-21 13:40:44] GET /api/finance/trade-calendar - 338ms
[2025-04-21 13:40:45] WebSocket 广播消息成功发送到 1/1 个连接
[2025-04-21 13:40:50] WebSocket 广播消息成功发送到 1/1 个连接
[2025-04-21 13:41:00] WebSocket 广播消息成功发送到 1/1 个连接
[2025-04-21 13:41:00] WebSocket 广播消息成功发送到 1/1 个连接
[2025-04-21 13:41:10] WebSocket 广播消息成功发送到 1/1 个连接
[2025-04-21 13:41:20] WebSocket 广播消息成功发送到 1/1 个连接
[2025-04-21 13:41:30] WebSocket 广播消息成功发送到 1/1 个连接
[2025-04-21 13:41:40] WebSocket 广播消息成功发送到 1/1 个连接
[2025-04-21 13:41:50] WebSocket 广播消息成功发送到 1/1 个连接
[2025-04-21 13:42:00] WebSocket 广播消息成功发送到 1/1 个连接
[2025-04-21 13:42:03] WebSocket 连接已关闭
[2025-04-21 13:42:03] WebSocket 连接已移除，当前连接数: 0
[2025-04-21 13:42:03] GET /api/finance/news/cls - 1ms
[2025-04-21 13:42:03] GET /api/finance/time - 0ms
[2025-04-21 13:42:03] GET /api/finance/quotes/all - 98ms
[2025-04-21 13:42:03] GET /api/finance/trade-calendar - 301ms
[2025-04-21 13:42:04] GET /api/finance/news/cls - 0ms
[2025-04-21 13:42:04] GET /api/finance/time - 0ms
[2025-04-21 13:42:04] GET /api/finance/quotes/all - 102ms
[2025-04-21 13:42:04] GET /api/finance/trade-calendar - 316ms
[2025-04-21 13:42:10] WebSocket 广播消息成功发送到 0/0 个连接
[2025-04-21 13:42:20] WebSocket 广播消息成功发送到 0/0 个连接
[2025-04-21 13:42:21] WebSocket 连接已添加，当前连接数: 1
[2025-04-21 13:42:21] GET /api/finance/news/cls - 0ms
[2025-04-21 13:42:21] GET /api/finance/time - 0ms
[2025-04-21 13:42:21] GET /api/finance/quotes/all - 198ms
[2025-04-21 13:42:21] GET /api/finance/trade-calendar - 278ms
[2025-04-21 13:42:25] WebSocket 连接已关闭
[2025-04-21 13:42:25] WebSocket 连接已移除，当前连接数: 0
[2025-04-21 13:42:25] WebSocket 连接已添加，当前连接数: 1
[2025-04-21 13:42:25] GET /api/finance/news/cls - 1ms
[2025-04-21 13:42:25] GET /api/finance/time - 0ms
[2025-04-21 13:42:25] GET /api/finance/quotes/all - 181ms
[2025-04-21 13:42:25] GET /api/finance/trade-calendar - 245ms
[2025-04-21 13:42:30] WebSocket 广播消息成功发送到 1/1 个连接
[2025-04-21 13:42:40] WebSocket 广播消息成功发送到 1/1 个连接
[2025-04-21 13:42:50] WebSocket 广播消息成功发送到 1/1 个连接
[2025-04-21 13:43:00] WebSocket 广播消息成功发送到 1/1 个连接
[2025-04-21 13:43:03] WebSocket 连接已关闭
[2025-04-21 13:43:03] WebSocket 连接已移除，当前连接数: 0
[2025-04-21 13:43:04] WebSocket 连接已添加，当前连接数: 1
[2025-04-21 13:43:04] GET /api/finance/news/cls - 0ms
[2025-04-21 13:43:04] GET /api/finance/time - 1ms
[2025-04-21 13:43:04] GET /api/finance/quotes/all - 129ms
[2025-04-21 13:43:04] GET /api/finance/trade-calendar - 268ms
[2025-04-21 13:43:10] WebSocket 广播消息成功发送到 1/1 个连接
[2025-04-21 13:43:20] WebSocket 广播消息成功发送到 1/1 个连接
[2025-04-21 13:43:23] WebSocket 连接已关闭
[2025-04-21 13:43:23] WebSocket 连接已移除，当前连接数: 0
[2025-04-21 13:43:23] GET /api/finance/news/cls - 0ms
[2025-04-21 13:43:23] GET /api/finance/time - 0ms
[2025-04-21 13:43:23] GET /api/finance/quotes/all - 202ms
[2025-04-21 13:43:24] WebSocket 连接已添加，当前连接数: 1
[2025-04-21 13:43:24] GET /api/finance/news/cls - 0ms
[2025-04-21 13:43:24] GET /api/finance/time - 0ms
[2025-04-21 13:43:24] GET /api/finance/quotes/all - 220ms
[2025-04-21 13:43:24] GET /api/finance/trade-calendar - 249ms
[2025-04-21 13:43:25] GET /api/finance/news/cls - 0ms
[2025-04-21 13:43:25] WebSocket 连接已关闭
[2025-04-21 13:43:25] WebSocket 连接已移除，当前连接数: 0
[2025-04-21 13:43:25] GET /api/finance/quotes/all - 202ms
[2025-04-21 13:43:25] WebSocket 连接已添加，当前连接数: 1
[2025-04-21 13:43:25] GET /api/finance/news/cls - 0ms
[2025-04-21 13:43:25] GET /api/finance/time - 0ms
[2025-04-21 13:43:25] GET /api/finance/trade-calendar - 195ms
[2025-04-21 13:43:25] GET /api/finance/quotes/all - 213ms
[2025-04-21 13:43:30] WebSocket 广播消息成功发送到 1/1 个连接
[2025-04-21 13:43:37] WebSocket 连接已关闭
[2025-04-21 13:43:37] WebSocket 连接已移除，当前连接数: 0
[2025-04-21 13:43:37] WebSocket 连接已添加，当前连接数: 1
[2025-04-21 13:43:37] GET /api/finance/news/cls - 0ms
[2025-04-21 13:43:37] GET /api/finance/time - 0ms
[2025-04-21 13:43:37] GET /api/finance/quotes/all - 228ms
[2025-04-21 13:43:37] GET /api/finance/trade-calendar - 309ms
[2025-04-21 13:43:40] WebSocket 广播消息成功发送到 1/1 个连接
[2025-04-21 13:43:50] WebSocket 广播消息成功发送到 1/1 个连接
[2025-04-21 13:44:00] WebSocket 广播消息成功发送到 1/1 个连接
[2025-04-21 13:44:10] WebSocket 广播消息成功发送到 1/1 个连接
[2025-04-21 13:44:20] WebSocket 广播消息成功发送到 1/1 个连接
[2025-04-21 13:44:30] WebSocket 广播消息成功发送到 1/1 个连接
[2025-04-21 13:44:40] WebSocket 广播消息成功发送到 1/1 个连接
[2025-04-21 13:44:50] WebSocket 广播消息成功发送到 1/1 个连接
[2025-04-21 13:45:00] WebSocket 广播消息成功发送到 1/1 个连接
[2025-04-21 13:45:00] WebSocket 广播消息成功发送到 1/1 个连接
[2025-04-21 13:45:06] GET /api/finance/news/cls - 0ms
[2025-04-21 13:45:06] WebSocket 连接已关闭
[2025-04-21 13:45:06] WebSocket 连接已移除，当前连接数: 0
[2025-04-21 13:45:06] GET /api/finance/quotes/all - 169ms
[2025-04-21 13:45:06] WebSocket 连接已添加，当前连接数: 1
[2025-04-21 13:45:06] GET /api/finance/news/cls - 0ms
[2025-04-21 13:45:06] GET /api/finance/time - 0ms
[2025-04-21 13:45:06] GET /api/finance/quotes/all - 143ms
[2025-04-21 13:45:06] GET /api/finance/trade-calendar - 296ms
[2025-04-21 13:45:10] WebSocket 广播消息成功发送到 1/1 个连接
[2025-04-21 13:45:20] WebSocket 广播消息成功发送到 1/1 个连接
[2025-04-21 13:45:30] WebSocket 广播消息成功发送到 1/1 个连接
[2025-04-21 13:45:40] WebSocket 广播消息成功发送到 1/1 个连接
[2025-04-21 13:45:50] WebSocket 广播消息成功发送到 1/1 个连接
[2025-04-21 13:46:00] WebSocket 广播消息成功发送到 1/1 个连接
[2025-04-21 13:46:10] WebSocket 广播消息成功发送到 1/1 个连接
[2025-04-21 13:46:20] WebSocket 广播消息成功发送到 1/1 个连接
[2025-04-21 13:46:30] WebSocket 广播消息成功发送到 1/1 个连接
[2025-04-21 13:46:40] WebSocket 广播消息成功发送到 1/1 个连接
[2025-04-21 13:46:50] WebSocket 广播消息成功发送到 1/1 个连接
[2025-04-21 13:47:00] WebSocket 广播消息成功发送到 1/1 个连接
[2025-04-21 13:47:00] WebSocket 广播消息成功发送到 1/1 个连接
[2025-04-21 13:47:10] WebSocket 广播消息成功发送到 1/1 个连接
[2025-04-21 13:47:20] WebSocket 广播消息成功发送到 1/1 个连接
[2025-04-21 13:47:30] WebSocket 广播消息成功发送到 1/1 个连接
[2025-04-21 13:47:40] WebSocket 广播消息成功发送到 1/1 个连接
[2025-04-21 13:47:50] WebSocket 广播消息成功发送到 1/1 个连接
[2025-04-21 13:48:00] WebSocket 广播消息成功发送到 1/1 个连接
[2025-04-21 13:48:10] WebSocket 广播消息成功发送到 1/1 个连接
[2025-04-21 13:48:20] WebSocket 广播消息成功发送到 1/1 个连接
[2025-04-21 13:48:30] WebSocket 广播消息成功发送到 1/1 个连接
[2025-04-21 13:48:40] WebSocket 广播消息成功发送到 1/1 个连接
[2025-04-21 13:48:50] WebSocket 广播消息成功发送到 1/1 个连接
[2025-04-21 13:49:00] WebSocket 广播消息成功发送到 1/1 个连接
[2025-04-21 13:49:10] WebSocket 广播消息成功发送到 1/1 个连接
[2025-04-21 13:49:20] WebSocket 广播消息成功发送到 1/1 个连接
[2025-04-21 13:49:30] WebSocket 广播消息成功发送到 1/1 个连接
[2025-04-21 13:49:40] WebSocket 广播消息成功发送到 1/1 个连接
[2025-04-21 13:49:50] WebSocket 广播消息成功发送到 1/1 个连接
[2025-04-21 13:50:00] WebSocket 广播消息成功发送到 1/1 个连接
[2025-04-21 13:50:02] GET /api/finance/news/cls - 0ms
[2025-04-21 13:50:10] WebSocket 广播消息成功发送到 1/1 个连接
[2025-04-21 13:50:20] WebSocket 广播消息成功发送到 1/1 个连接
[2025-04-21 13:50:30] WebSocket 广播消息成功发送到 1/1 个连接
[2025-04-21 13:50:40] WebSocket 广播消息成功发送到 1/1 个连接
[2025-04-21 13:50:50] WebSocket 广播消息成功发送到 1/1 个连接
[2025-04-21 13:51:00] WebSocket 广播消息成功发送到 1/1 个连接
[2025-04-21 13:51:10] WebSocket 广播消息成功发送到 1/1 个连接
[2025-04-21 13:51:20] WebSocket 广播消息成功发送到 1/1 个连接
[2025-04-21 13:51:30] WebSocket 广播消息成功发送到 1/1 个连接
[2025-04-21 13:51:40] WebSocket 广播消息成功发送到 1/1 个连接
[2025-04-21 13:51:51] WebSocket 广播消息成功发送到 1/1 个连接
[2025-04-21 13:52:01] WebSocket 广播消息成功发送到 1/1 个连接
[2025-04-21 13:52:11] WebSocket 广播消息成功发送到 1/1 个连接
[2025-04-21 13:52:21] WebSocket 广播消息成功发送到 1/1 个连接
[2025-04-21 13:52:31] WebSocket 广播消息成功发送到 1/1 个连接
[2025-04-21 13:52:41] WebSocket 广播消息成功发送到 1/1 个连接
[2025-04-21 13:52:51] WebSocket 广播消息成功发送到 1/1 个连接
[2025-04-21 13:53:01] WebSocket 广播消息成功发送到 1/1 个连接
[2025-04-21 13:53:11] WebSocket 广播消息成功发送到 1/1 个连接
[2025-04-21 13:53:21] WebSocket 广播消息成功发送到 1/1 个连接
[2025-04-21 13:53:31] WebSocket 广播消息成功发送到 1/1 个连接
[2025-04-21 13:53:41] WebSocket 广播消息成功发送到 1/1 个连接
[2025-04-21 13:53:51] WebSocket 广播消息成功发送到 1/1 个连接
[2025-04-21 13:54:01] WebSocket 广播消息成功发送到 1/1 个连接
[2025-04-21 13:54:11] WebSocket 广播消息成功发送到 1/1 个连接
[2025-04-21 13:54:21] WebSocket 广播消息成功发送到 1/1 个连接
[2025-04-21 13:54:31] WebSocket 广播消息成功发送到 1/1 个连接
[2025-04-21 13:54:41] WebSocket 广播消息成功发送到 1/1 个连接
[2025-04-21 13:54:51] WebSocket 广播消息成功发送到 1/1 个连接
[2025-04-21 13:55:00] WebSocket 广播消息成功发送到 1/1 个连接
[2025-04-21 13:55:01] WebSocket 广播消息成功发送到 1/1 个连接
[2025-04-21 13:55:11] WebSocket 广播消息成功发送到 1/1 个连接
[2025-04-21 13:55:21] WebSocket 广播消息成功发送到 1/1 个连接
[2025-04-21 13:55:31] WebSocket 广播消息成功发送到 1/1 个连接
[2025-04-21 13:55:41] WebSocket 广播消息成功发送到 1/1 个连接
[2025-04-21 13:55:51] WebSocket 广播消息成功发送到 1/1 个连接
[2025-04-21 13:56:01] WebSocket 广播消息成功发送到 1/1 个连接
[2025-04-21 13:56:11] WebSocket 广播消息成功发送到 1/1 个连接
[2025-04-21 13:56:21] WebSocket 广播消息成功发送到 1/1 个连接
[2025-04-21 13:56:31] WebSocket 广播消息成功发送到 1/1 个连接
[2025-04-21 13:56:41] WebSocket 广播消息成功发送到 1/1 个连接
[2025-04-21 13:56:51] WebSocket 广播消息成功发送到 1/1 个连接
[2025-04-21 13:56:58] WebSocket 连接已关闭
[2025-04-21 13:56:58] WebSocket 连接已移除，当前连接数: 0
[2025-04-21 13:56:58] WebSocket 连接已添加，当前连接数: 1
[2025-04-21 13:56:59] GET /api/finance/news/cls - 0ms
[2025-04-21 13:56:59] GET /api/finance/time - 1ms
[2025-04-21 13:56:59] GET /api/finance/quotes/all - 140ms
[2025-04-21 13:56:59] GET /api/finance/trade-calendar - 417ms
[2025-04-21 13:57:01] WebSocket 广播消息成功发送到 1/1 个连接
[2025-04-21 13:57:11] WebSocket 广播消息成功发送到 1/1 个连接
[2025-04-21 13:57:19] WebSocket 连接已关闭
[2025-04-21 13:57:19] WebSocket 连接已移除，当前连接数: 0
[2025-04-21 13:57:19] WebSocket 连接已添加，当前连接数: 1
[2025-04-21 13:57:19] GET /api/finance/news/cls - 0ms
[2025-04-21 13:57:19] GET /api/finance/time - 0ms
[2025-04-21 13:57:19] GET /api/finance/quotes/all - 189ms
[2025-04-21 13:57:19] GET /api/finance/trade-calendar - 268ms
[2025-04-21 13:57:21] WebSocket 广播消息成功发送到 1/1 个连接
[2025-04-21 13:57:31] WebSocket 广播消息成功发送到 1/1 个连接
[2025-04-21 13:57:41] WebSocket 广播消息成功发送到 1/1 个连接
[2025-04-21 13:57:51] WebSocket 广播消息成功发送到 1/1 个连接
[2025-04-21 13:58:01] WebSocket 广播消息成功发送到 1/1 个连接
[2025-04-21 13:58:11] WebSocket 广播消息成功发送到 1/1 个连接
[2025-04-21 13:58:21] WebSocket 广播消息成功发送到 1/1 个连接
[2025-04-21 13:58:31] WebSocket 广播消息成功发送到 1/1 个连接
[2025-04-21 13:58:41] WebSocket 广播消息成功发送到 1/1 个连接
[2025-04-21 13:58:51] WebSocket 广播消息成功发送到 1/1 个连接
[2025-04-21 13:59:00] WebSocket 广播消息成功发送到 1/1 个连接
[2025-04-21 13:59:01] WebSocket 广播消息成功发送到 1/1 个连接
[2025-04-21 13:59:01] WebSocket 连接已关闭
[2025-04-21 13:59:01] WebSocket 连接已移除，当前连接数: 0
[2025-04-21 13:59:01] WebSocket 连接已添加，当前连接数: 1
[2025-04-21 13:59:01] GET /api/finance/news/cls - 0ms
[2025-04-21 13:59:01] GET /api/finance/time - 0ms
[2025-04-21 13:59:02] GET /api/finance/quotes/all - 136ms
[2025-04-21 13:59:02] GET /api/finance/trade-calendar - 277ms
[2025-04-21 13:59:08] WebSocket 连接已关闭
[2025-04-21 13:59:08] WebSocket 连接已移除，当前连接数: 0
[2025-04-21 13:59:08] WebSocket 连接已添加，当前连接数: 1
[2025-04-21 13:59:08] GET /api/finance/news/cls - 0ms
[2025-04-21 13:59:08] GET /api/finance/time - 0ms
[2025-04-21 13:59:08] GET /api/finance/quotes/all - 206ms
[2025-04-21 13:59:08] GET /api/finance/trade-calendar - 291ms
[2025-04-21 13:59:11] WebSocket 广播消息成功发送到 1/1 个连接
[2025-04-21 13:59:12] WebSocket 连接已关闭
[2025-04-21 13:59:12] WebSocket 连接已移除，当前连接数: 0
[2025-04-21 13:59:12] WebSocket 连接已添加，当前连接数: 1
[2025-04-21 13:59:12] GET /api/finance/time - 0ms
[2025-04-21 13:59:12] GET /api/finance/news/cls - 0ms
[2025-04-21 13:59:13] GET /api/finance/quotes/all - 161ms
[2025-04-21 13:59:13] GET /api/finance/trade-calendar - 250ms
[2025-04-21 13:59:21] WebSocket 广播消息成功发送到 1/1 个连接
[2025-04-21 13:59:31] WebSocket 广播消息成功发送到 1/1 个连接
[2025-04-21 13:59:37] WebSocket 连接已关闭
[2025-04-21 13:59:37] WebSocket 连接已移除，当前连接数: 0
[2025-04-21 13:59:37] WebSocket 连接已添加，当前连接数: 1
[2025-04-21 13:59:37] GET /api/finance/news/cls - 0ms
[2025-04-21 13:59:37] GET /api/finance/time - 0ms
[2025-04-21 13:59:38] GET /api/finance/quotes/all - 224ms
[2025-04-21 13:59:38] GET /api/finance/trade-calendar - 312ms
[2025-04-21 13:59:41] WebSocket 广播消息成功发送到 1/1 个连接
[2025-04-21 13:59:43] WebSocket 连接已关闭
[2025-04-21 13:59:43] WebSocket 连接已移除，当前连接数: 0
[2025-04-21 13:59:44] GET /api/finance/quotes/all - 141ms
[2025-04-21 13:59:44] WebSocket 连接已添加，当前连接数: 1
[2025-04-21 13:59:44] GET /api/finance/news/cls - 0ms
[2025-04-21 13:59:44] GET /api/finance/time - 0ms
[2025-04-21 13:59:44] GET /api/finance/quotes/all - 196ms
[2025-04-21 13:59:44] GET /api/finance/trade-calendar - 285ms
[2025-04-21 13:59:51] WebSocket 广播消息成功发送到 1/1 个连接
[2025-04-21 14:00:01] WebSocket 广播消息成功发送到 1/1 个连接
[2025-04-21 14:00:11] WebSocket 广播消息成功发送到 1/1 个连接
[2025-04-21 14:00:21] WebSocket 广播消息成功发送到 1/1 个连接
[2025-04-21 14:00:31] WebSocket 广播消息成功发送到 1/1 个连接
[2025-04-21 14:00:41] WebSocket 广播消息成功发送到 1/1 个连接
[2025-04-21 14:00:46] WebSocket 连接已关闭
[2025-04-21 14:00:46] WebSocket 连接已移除，当前连接数: 0
[2025-04-21 14:00:46] GET /api/finance/quotes/all - 185ms
[2025-04-21 14:00:46] WebSocket 连接已添加，当前连接数: 1
[2025-04-21 14:00:46] GET /api/finance/news/cls - 0ms
[2025-04-21 14:00:46] GET /api/finance/time - 0ms
[2025-04-21 14:00:47] GET /api/finance/quotes/all - 141ms
[2025-04-21 14:00:47] GET /api/finance/trade-calendar - 292ms
[2025-04-21 14:00:51] WebSocket 广播消息成功发送到 1/1 个连接
[2025-04-21 14:01:00] WebSocket 广播消息成功发送到 1/1 个连接
[2025-04-21 14:01:01] WebSocket 广播消息成功发送到 1/1 个连接
[2025-04-21 14:01:11] WebSocket 广播消息成功发送到 1/1 个连接
[2025-04-21 14:01:21] WebSocket 广播消息成功发送到 1/1 个连接
[2025-04-21 14:01:31] WebSocket 广播消息成功发送到 1/1 个连接
[2025-04-21 14:01:41] WebSocket 广播消息成功发送到 1/1 个连接
[2025-04-21 14:01:51] WebSocket 广播消息成功发送到 1/1 个连接
[2025-04-21 14:02:01] WebSocket 广播消息成功发送到 1/1 个连接
[2025-04-21 14:02:11] WebSocket 广播消息成功发送到 1/1 个连接
[2025-04-21 14:02:21] WebSocket 广播消息成功发送到 1/1 个连接
[2025-04-21 14:02:31] WebSocket 广播消息成功发送到 1/1 个连接
[2025-04-21 14:02:41] WebSocket 广播消息成功发送到 1/1 个连接
[2025-04-21 14:02:51] WebSocket 广播消息成功发送到 1/1 个连接
[2025-04-21 14:03:00] WebSocket 广播消息成功发送到 1/1 个连接
[2025-04-21 14:03:01] WebSocket 广播消息成功发送到 1/1 个连接
[2025-04-21 14:03:11] WebSocket 广播消息成功发送到 1/1 个连接
[2025-04-21 14:03:21] WebSocket 广播消息成功发送到 1/1 个连接
[2025-04-21 14:03:31] WebSocket 广播消息成功发送到 1/1 个连接
[2025-04-21 14:03:41] WebSocket 广播消息成功发送到 1/1 个连接
[2025-04-21 14:03:51] WebSocket 广播消息成功发送到 1/1 个连接
[2025-04-21 14:04:01] WebSocket 广播消息成功发送到 1/1 个连接
[2025-04-21 14:04:11] WebSocket 广播消息成功发送到 1/1 个连接
[2025-04-21 14:04:21] WebSocket 广播消息成功发送到 1/1 个连接
[2025-04-21 14:04:31] WebSocket 广播消息成功发送到 1/1 个连接
[2025-04-21 14:04:41] WebSocket 广播消息成功发送到 1/1 个连接
[2025-04-21 14:04:51] WebSocket 广播消息成功发送到 1/1 个连接
[2025-04-21 14:05:00] WebSocket 广播消息成功发送到 1/1 个连接
[2025-04-21 14:05:01] WebSocket 广播消息成功发送到 1/1 个连接
[2025-04-21 14:05:11] WebSocket 广播消息成功发送到 1/1 个连接
[2025-04-21 14:05:21] WebSocket 广播消息成功发送到 1/1 个连接
[2025-04-21 14:05:31] WebSocket 广播消息成功发送到 1/1 个连接
[2025-04-21 14:05:41] WebSocket 广播消息成功发送到 1/1 个连接
[2025-04-21 14:05:51] WebSocket 广播消息成功发送到 1/1 个连接
[2025-04-21 14:06:01] WebSocket 广播消息成功发送到 1/1 个连接
[2025-04-21 14:06:11] WebSocket 广播消息成功发送到 1/1 个连接
[2025-04-21 14:06:21] WebSocket 广播消息成功发送到 1/1 个连接
[2025-04-21 14:06:23] GET /api/finance/news/cls - 1ms
[2025-04-21 14:06:31] WebSocket 广播消息成功发送到 1/1 个连接
[2025-04-21 14:06:41] WebSocket 广播消息成功发送到 1/1 个连接
[2025-04-21 14:06:51] WebSocket 广播消息成功发送到 1/1 个连接
[2025-04-21 14:07:00] WebSocket 广播消息成功发送到 1/1 个连接
[2025-04-21 14:07:01] WebSocket 广播消息成功发送到 1/1 个连接
[2025-04-21 14:07:11] WebSocket 广播消息成功发送到 1/1 个连接
[2025-04-21 14:07:21] WebSocket 广播消息成功发送到 1/1 个连接
[2025-04-21 14:07:31] WebSocket 广播消息成功发送到 1/1 个连接
[2025-04-21 14:07:41] WebSocket 广播消息成功发送到 1/1 个连接
[2025-04-21 14:07:51] WebSocket 广播消息成功发送到 1/1 个连接
[2025-04-21 14:08:01] WebSocket 广播消息成功发送到 1/1 个连接
[2025-04-21 14:08:11] WebSocket 广播消息成功发送到 1/1 个连接
[2025-04-21 14:08:21] WebSocket 广播消息成功发送到 1/1 个连接
[2025-04-21 14:08:31] WebSocket 广播消息成功发送到 1/1 个连接
[2025-04-21 14:08:36] WebSocket 连接已关闭
[2025-04-21 14:08:36] WebSocket 连接已移除，当前连接数: 0
[2025-04-21 14:08:36] GET /api/finance/quotes/all - 111ms
[2025-04-21 14:08:36] WebSocket 连接已添加，当前连接数: 1
[2025-04-21 14:08:36] GET /api/finance/news/cls - 0ms
[2025-04-21 14:08:36] GET /api/finance/time - 0ms
[2025-04-21 14:08:36] GET /api/finance/quotes/all - 124ms
[2025-04-21 14:08:36] GET /api/finance/trade-calendar - 277ms
[2025-04-21 14:08:38] WebSocket 连接已关闭
[2025-04-21 14:08:38] WebSocket 连接已移除，当前连接数: 0
[2025-04-21 14:08:39] WebSocket 连接已添加，当前连接数: 1
[2025-04-21 14:08:39] GET /api/finance/news/cls - 0ms
[2025-04-21 14:08:39] GET /api/finance/time - 0ms
[2025-04-21 14:08:39] GET /api/finance/quotes/all - 100ms
[2025-04-21 14:08:39] GET /api/finance/trade-calendar - 247ms
[2025-04-21 14:08:41] WebSocket 广播消息成功发送到 1/1 个连接
[2025-04-21 14:08:51] WebSocket 广播消息成功发送到 1/1 个连接
[2025-04-21 14:08:55] WebSocket 连接已关闭
[2025-04-21 14:08:55] WebSocket 连接已移除，当前连接数: 0
[2025-04-21 14:08:56] WebSocket 连接已添加，当前连接数: 1
[2025-04-21 14:08:56] GET /api/finance/news/cls - 0ms
[2025-04-21 14:08:56] GET /api/finance/time - 0ms
[2025-04-21 14:08:56] GET /api/finance/quotes/all - 223ms
[2025-04-21 14:08:56] GET /api/finance/trade-calendar - 299ms
[2025-04-21 14:09:00] WebSocket 广播消息成功发送到 1/1 个连接
[2025-04-21 14:09:01] WebSocket 广播消息成功发送到 1/1 个连接
[2025-04-21 14:09:06] WebSocket 连接已关闭
[2025-04-21 14:09:06] WebSocket 连接已移除，当前连接数: 0
[2025-04-21 14:09:06] GET /api/finance/quotes/all - 117ms
[2025-04-21 14:09:06] WebSocket 连接已添加，当前连接数: 1
[2025-04-21 14:09:06] GET /api/finance/news/cls - 0ms
[2025-04-21 14:09:06] GET /api/finance/time - 0ms
[2025-04-21 14:09:06] GET /api/finance/quotes/all - 104ms
[2025-04-21 14:09:07] GET /api/finance/trade-calendar - 284ms
[2025-04-21 14:09:07] WebSocket 连接已关闭
[2025-04-21 14:09:07] WebSocket 连接已移除，当前连接数: 0
[2025-04-21 14:09:08] WebSocket 连接已添加，当前连接数: 1
[2025-04-21 14:09:08] GET /api/finance/news/cls - 0ms
[2025-04-21 14:09:08] GET /api/finance/time - 0ms
[2025-04-21 14:09:08] GET /api/finance/quotes/all - 174ms
[2025-04-21 14:09:08] GET /api/finance/trade-calendar - 171ms
[2025-04-21 14:09:11] WebSocket 广播消息成功发送到 1/1 个连接
[2025-04-21 14:09:21] WebSocket 广播消息成功发送到 1/1 个连接
[2025-04-21 14:09:29] WebSocket 连接已关闭
[2025-04-21 14:09:29] WebSocket 连接已移除，当前连接数: 0
[2025-04-21 14:09:29] WebSocket 连接已添加，当前连接数: 1
[2025-04-21 14:09:29] GET /api/finance/news/cls - 0ms
[2025-04-21 14:09:29] GET /api/finance/time - 1ms
[2025-04-21 14:09:29] GET /api/finance/quotes/all - 187ms
[2025-04-21 14:09:30] GET /api/finance/trade-calendar - 278ms
[2025-04-21 14:09:31] WebSocket 广播消息成功发送到 1/1 个连接
[2025-04-21 14:09:41] WebSocket 广播消息成功发送到 1/1 个连接
[2025-04-21 14:09:51] WebSocket 广播消息成功发送到 1/1 个连接
[2025-04-21 14:10:01] WebSocket 广播消息成功发送到 1/1 个连接
[2025-04-21 14:10:11] WebSocket 广播消息成功发送到 1/1 个连接
[2025-04-21 14:10:21] WebSocket 广播消息成功发送到 1/1 个连接
[2025-04-21 14:10:31] WebSocket 广播消息成功发送到 1/1 个连接
[2025-04-21 14:10:41] WebSocket 广播消息成功发送到 1/1 个连接
[2025-04-21 14:10:51] WebSocket 广播消息成功发送到 1/1 个连接
[2025-04-21 14:11:00] WebSocket 广播消息成功发送到 1/1 个连接
[2025-04-21 14:11:01] WebSocket 广播消息成功发送到 1/1 个连接
[2025-04-21 14:11:11] WebSocket 广播消息成功发送到 1/1 个连接
[2025-04-21 14:11:21] WebSocket 广播消息成功发送到 1/1 个连接
[2025-04-21 14:11:31] WebSocket 广播消息成功发送到 1/1 个连接
[2025-04-21 14:11:41] WebSocket 广播消息成功发送到 1/1 个连接
[2025-04-21 14:11:51] WebSocket 广播消息成功发送到 1/1 个连接
[2025-04-21 14:12:01] WebSocket 广播消息成功发送到 1/1 个连接
[2025-04-21 14:12:11] WebSocket 广播消息成功发送到 1/1 个连接
[2025-04-21 14:12:21] WebSocket 广播消息成功发送到 1/1 个连接
[2025-04-21 14:12:31] WebSocket 广播消息成功发送到 1/1 个连接
[2025-04-21 14:12:41] WebSocket 广播消息成功发送到 1/1 个连接
[2025-04-21 14:12:52] WebSocket 广播消息成功发送到 1/1 个连接
[2025-04-21 14:13:00] WebSocket 广播消息成功发送到 1/1 个连接
[2025-04-21 14:13:01] WebSocket 广播消息成功发送到 1/1 个连接
[2025-04-21 14:13:12] WebSocket 广播消息成功发送到 1/1 个连接
[2025-04-21 14:13:22] WebSocket 广播消息成功发送到 1/1 个连接
[2025-04-21 14:13:32] WebSocket 广播消息成功发送到 1/1 个连接
[2025-04-21 14:13:42] WebSocket 广播消息成功发送到 1/1 个连接
[2025-04-21 14:13:52] WebSocket 广播消息成功发送到 1/1 个连接
[2025-04-21 14:14:02] WebSocket 广播消息成功发送到 1/1 个连接
[2025-04-21 14:14:12] WebSocket 广播消息成功发送到 1/1 个连接
[2025-04-21 14:14:22] WebSocket 广播消息成功发送到 1/1 个连接
[2025-04-21 14:14:32] WebSocket 广播消息成功发送到 1/1 个连接
[2025-04-21 14:14:42] WebSocket 广播消息成功发送到 1/1 个连接
[2025-04-21 14:14:52] WebSocket 广播消息成功发送到 1/1 个连接
[2025-04-21 14:15:02] WebSocket 广播消息成功发送到 1/1 个连接
[2025-04-21 14:15:12] WebSocket 广播消息成功发送到 1/1 个连接
[2025-04-21 14:15:22] WebSocket 广播消息成功发送到 1/1 个连接
[2025-04-21 14:15:32] WebSocket 广播消息成功发送到 1/1 个连接
[2025-04-21 14:15:42] WebSocket 广播消息成功发送到 1/1 个连接
[2025-04-21 14:15:52] WebSocket 广播消息成功发送到 1/1 个连接
[2025-04-21 14:16:02] WebSocket 广播消息成功发送到 1/1 个连接
[2025-04-21 14:16:12] WebSocket 广播消息成功发送到 1/1 个连接
[2025-04-21 14:16:22] WebSocket 广播消息成功发送到 1/1 个连接
[2025-04-21 14:16:32] WebSocket 广播消息成功发送到 1/1 个连接
[2025-04-21 14:16:42] WebSocket 广播消息成功发送到 1/1 个连接
[2025-04-21 14:16:52] WebSocket 广播消息成功发送到 1/1 个连接
[2025-04-21 14:17:00] WebSocket 广播消息成功发送到 1/1 个连接
[2025-04-21 14:17:02] WebSocket 广播消息成功发送到 1/1 个连接
[2025-04-21 14:17:12] WebSocket 广播消息成功发送到 1/1 个连接
[2025-04-21 14:17:22] WebSocket 广播消息成功发送到 1/1 个连接
[2025-04-21 14:17:32] WebSocket 广播消息成功发送到 1/1 个连接
[2025-04-21 14:17:42] WebSocket 广播消息成功发送到 1/1 个连接
[2025-04-21 14:17:52] WebSocket 广播消息成功发送到 1/1 个连接
[2025-04-21 14:18:02] WebSocket 广播消息成功发送到 1/1 个连接
[2025-04-21 14:18:12] WebSocket 广播消息成功发送到 1/1 个连接
[2025-04-21 14:18:22] WebSocket 广播消息成功发送到 1/1 个连接
[2025-04-21 14:18:32] WebSocket 广播消息成功发送到 1/1 个连接
[2025-04-21 14:18:42] WebSocket 广播消息成功发送到 1/1 个连接
[2025-04-21 14:18:52] WebSocket 广播消息成功发送到 1/1 个连接
[2025-04-21 14:19:00] WebSocket 广播消息成功发送到 1/1 个连接
[2025-04-21 14:19:02] WebSocket 广播消息成功发送到 1/1 个连接
[2025-04-21 14:19:12] WebSocket 广播消息成功发送到 1/1 个连接
[2025-04-21 14:19:22] WebSocket 广播消息成功发送到 1/1 个连接
[2025-04-21 14:19:32] WebSocket 广播消息成功发送到 1/1 个连接
[2025-04-21 14:19:42] WebSocket 广播消息成功发送到 1/1 个连接
[2025-04-21 14:19:52] WebSocket 广播消息成功发送到 1/1 个连接
[2025-04-21 14:20:02] WebSocket 广播消息成功发送到 1/1 个连接
[2025-04-21 14:20:12] WebSocket 广播消息成功发送到 1/1 个连接
[2025-04-21 14:20:22] WebSocket 广播消息成功发送到 1/1 个连接
[2025-04-21 14:20:32] WebSocket 广播消息成功发送到 1/1 个连接
[2025-04-21 14:20:42] WebSocket 广播消息成功发送到 1/1 个连接
[2025-04-21 14:20:52] WebSocket 广播消息成功发送到 1/1 个连接
[2025-04-21 14:21:02] WebSocket 广播消息成功发送到 1/1 个连接
[2025-04-21 14:21:12] WebSocket 广播消息成功发送到 1/1 个连接
[2025-04-21 14:21:22] WebSocket 广播消息成功发送到 1/1 个连接
[2025-04-21 14:21:32] WebSocket 广播消息成功发送到 1/1 个连接
[2025-04-21 14:21:42] WebSocket 广播消息成功发送到 1/1 个连接
[2025-04-21 14:21:52] WebSocket 广播消息成功发送到 1/1 个连接
[2025-04-21 14:22:02] WebSocket 广播消息成功发送到 1/1 个连接
[2025-04-21 14:22:12] WebSocket 广播消息成功发送到 1/1 个连接
[2025-04-21 14:22:22] WebSocket 广播消息成功发送到 1/1 个连接
[2025-04-21 14:22:32] WebSocket 广播消息成功发送到 1/1 个连接
[2025-04-21 14:22:42] WebSocket 广播消息成功发送到 1/1 个连接
[2025-04-21 14:22:52] WebSocket 广播消息成功发送到 1/1 个连接
[2025-04-21 14:23:00] WebSocket 广播消息成功发送到 1/1 个连接
[2025-04-21 14:23:02] WebSocket 广播消息成功发送到 1/1 个连接
[2025-04-21 14:23:12] WebSocket 广播消息成功发送到 1/1 个连接
[2025-04-21 14:23:22] WebSocket 广播消息成功发送到 1/1 个连接
[2025-04-21 14:23:32] WebSocket 广播消息成功发送到 1/1 个连接
[2025-04-21 14:23:42] WebSocket 广播消息成功发送到 1/1 个连接
[2025-04-21 14:23:52] WebSocket 广播消息成功发送到 1/1 个连接
[2025-04-21 14:24:02] WebSocket 广播消息成功发送到 1/1 个连接
[2025-04-21 14:24:12] WebSocket 广播消息成功发送到 1/1 个连接
[2025-04-21 14:24:22] WebSocket 广播消息成功发送到 1/1 个连接
[2025-04-21 14:24:32] WebSocket 广播消息成功发送到 1/1 个连接
[2025-04-21 14:24:42] WebSocket 广播消息成功发送到 1/1 个连接
[2025-04-21 14:24:52] WebSocket 广播消息成功发送到 1/1 个连接
[2025-04-21 14:25:00] WebSocket 广播消息成功发送到 1/1 个连接
[2025-04-21 14:25:02] WebSocket 广播消息成功发送到 1/1 个连接
[2025-04-21 14:25:12] WebSocket 广播消息成功发送到 1/1 个连接
[2025-04-21 14:25:22] WebSocket 广播消息成功发送到 1/1 个连接
[2025-04-21 14:25:32] WebSocket 广播消息成功发送到 1/1 个连接
[2025-04-21 14:25:42] WebSocket 广播消息成功发送到 1/1 个连接
[2025-04-21 14:25:52] WebSocket 广播消息成功发送到 1/1 个连接
[2025-04-21 14:26:02] WebSocket 广播消息成功发送到 1/1 个连接
[2025-04-21 14:26:12] WebSocket 广播消息成功发送到 1/1 个连接
[2025-04-21 14:26:22] WebSocket 广播消息成功发送到 1/1 个连接
[2025-04-21 14:26:32] WebSocket 广播消息成功发送到 1/1 个连接
[2025-04-21 14:26:42] WebSocket 广播消息成功发送到 1/1 个连接
[2025-04-21 14:26:52] WebSocket 广播消息成功发送到 1/1 个连接
[2025-04-21 14:27:00] WebSocket 广播消息成功发送到 1/1 个连接
[2025-04-21 14:27:02] WebSocket 广播消息成功发送到 1/1 个连接
[2025-04-21 14:27:12] WebSocket 广播消息成功发送到 1/1 个连接
[2025-04-21 14:27:22] WebSocket 广播消息成功发送到 1/1 个连接
[2025-04-21 14:27:32] WebSocket 广播消息成功发送到 1/1 个连接
[2025-04-21 14:27:42] WebSocket 广播消息成功发送到 1/1 个连接
[2025-04-21 14:27:52] WebSocket 广播消息成功发送到 1/1 个连接
[2025-04-21 14:28:02] WebSocket 广播消息成功发送到 1/1 个连接
[2025-04-21 14:28:12] WebSocket 广播消息成功发送到 1/1 个连接
[2025-04-21 14:28:22] WebSocket 广播消息成功发送到 1/1 个连接
[2025-04-21 14:28:32] WebSocket 广播消息成功发送到 1/1 个连接
[2025-04-21 14:28:42] WebSocket 广播消息成功发送到 1/1 个连接
[2025-04-21 14:28:52] WebSocket 广播消息成功发送到 1/1 个连接
[2025-04-21 14:29:02] WebSocket 广播消息成功发送到 1/1 个连接
[2025-04-21 14:29:12] WebSocket 广播消息成功发送到 1/1 个连接
[2025-04-21 14:29:22] WebSocket 广播消息成功发送到 1/1 个连接
[2025-04-21 14:29:32] WebSocket 广播消息成功发送到 1/1 个连接
[2025-04-21 14:29:42] WebSocket 广播消息成功发送到 1/1 个连接
[2025-04-21 14:29:52] WebSocket 广播消息成功发送到 1/1 个连接
[2025-04-21 14:30:02] WebSocket 广播消息成功发送到 1/1 个连接
[2025-04-21 14:30:12] WebSocket 广播消息成功发送到 1/1 个连接
[2025-04-21 14:30:22] WebSocket 广播消息成功发送到 1/1 个连接
[2025-04-21 14:30:32] WebSocket 广播消息成功发送到 1/1 个连接
[2025-04-21 14:30:42] WebSocket 广播消息成功发送到 1/1 个连接
[2025-04-21 14:30:52] WebSocket 广播消息成功发送到 1/1 个连接
[2025-04-21 14:30:54] GET /api/finance/news/cls - 0ms
[2025-04-21 14:31:02] WebSocket 广播消息成功发送到 1/1 个连接
[2025-04-21 14:31:12] WebSocket 广播消息成功发送到 1/1 个连接
[2025-04-21 14:31:22] WebSocket 广播消息成功发送到 1/1 个连接
[2025-04-21 14:31:32] WebSocket 广播消息成功发送到 1/1 个连接
[2025-04-21 14:31:42] WebSocket 广播消息成功发送到 1/1 个连接
[2025-04-21 14:31:52] WebSocket 广播消息成功发送到 1/1 个连接
[2025-04-21 14:32:02] WebSocket 广播消息成功发送到 1/1 个连接
[2025-04-21 14:32:12] WebSocket 广播消息成功发送到 1/1 个连接
[2025-04-21 14:32:22] WebSocket 广播消息成功发送到 1/1 个连接
[2025-04-21 14:32:32] WebSocket 广播消息成功发送到 1/1 个连接
[2025-04-21 14:32:42] WebSocket 广播消息成功发送到 1/1 个连接
[2025-04-21 14:32:52] WebSocket 广播消息成功发送到 1/1 个连接
[2025-04-21 14:33:00] WebSocket 广播消息成功发送到 1/1 个连接
[2025-04-21 14:33:02] WebSocket 广播消息成功发送到 1/1 个连接
[2025-04-21 14:33:12] WebSocket 广播消息成功发送到 1/1 个连接
[2025-04-21 14:33:22] WebSocket 广播消息成功发送到 1/1 个连接
[2025-04-21 14:33:32] WebSocket 广播消息成功发送到 1/1 个连接
[2025-04-21 14:33:43] WebSocket 广播消息成功发送到 1/1 个连接
[2025-04-21 14:33:52] WebSocket 广播消息成功发送到 1/1 个连接
[2025-04-21 14:34:02] WebSocket 广播消息成功发送到 1/1 个连接
[2025-04-21 14:34:12] WebSocket 广播消息成功发送到 1/1 个连接
[2025-04-21 14:34:22] WebSocket 广播消息成功发送到 1/1 个连接
[2025-04-21 14:34:32] WebSocket 广播消息成功发送到 1/1 个连接
[2025-04-21 14:34:42] WebSocket 广播消息成功发送到 1/1 个连接
[2025-04-21 14:34:52] WebSocket 广播消息成功发送到 1/1 个连接
[2025-04-21 14:35:00] WebSocket 广播消息成功发送到 1/1 个连接
[2025-04-21 14:35:02] WebSocket 广播消息成功发送到 1/1 个连接
[2025-04-21 14:35:12] WebSocket 广播消息成功发送到 1/1 个连接
[2025-04-21 14:35:22] WebSocket 广播消息成功发送到 1/1 个连接
[2025-04-21 14:35:32] WebSocket 广播消息成功发送到 1/1 个连接
[2025-04-21 14:35:42] WebSocket 广播消息成功发送到 1/1 个连接
[2025-04-21 14:35:53] WebSocket 广播消息成功发送到 1/1 个连接
[2025-04-21 14:36:03] WebSocket 广播消息成功发送到 1/1 个连接
[2025-04-21 14:36:13] WebSocket 广播消息成功发送到 1/1 个连接
[2025-04-21 14:36:23] WebSocket 广播消息成功发送到 1/1 个连接
[2025-04-21 14:36:33] WebSocket 广播消息成功发送到 1/1 个连接
[2025-04-21 14:36:43] WebSocket 广播消息成功发送到 1/1 个连接
[2025-04-21 14:36:53] WebSocket 广播消息成功发送到 1/1 个连接
[2025-04-21 14:37:00] WebSocket 广播消息成功发送到 1/1 个连接
[2025-04-21 14:37:03] WebSocket 广播消息成功发送到 1/1 个连接
[2025-04-21 14:37:13] WebSocket 广播消息成功发送到 1/1 个连接
[2025-04-21 14:37:23] WebSocket 广播消息成功发送到 1/1 个连接
[2025-04-21 14:37:33] WebSocket 广播消息成功发送到 1/1 个连接
[2025-04-21 14:37:43] WebSocket 广播消息成功发送到 1/1 个连接
[2025-04-21 14:37:53] WebSocket 广播消息成功发送到 1/1 个连接
[2025-04-21 14:38:03] WebSocket 广播消息成功发送到 1/1 个连接
[2025-04-21 14:38:13] WebSocket 广播消息成功发送到 1/1 个连接
[2025-04-21 14:38:23] WebSocket 广播消息成功发送到 1/1 个连接
[2025-04-21 14:38:33] WebSocket 广播消息成功发送到 1/1 个连接
[2025-04-21 14:38:43] WebSocket 广播消息成功发送到 1/1 个连接
[2025-04-21 14:38:53] WebSocket 广播消息成功发送到 1/1 个连接
[2025-04-21 14:39:03] WebSocket 广播消息成功发送到 1/1 个连接
[2025-04-21 14:39:13] WebSocket 广播消息成功发送到 1/1 个连接
[2025-04-21 14:39:23] WebSocket 广播消息成功发送到 1/1 个连接
[2025-04-21 14:39:33] WebSocket 广播消息成功发送到 1/1 个连接
[2025-04-21 14:39:43] WebSocket 广播消息成功发送到 1/1 个连接
[2025-04-21 14:39:53] WebSocket 广播消息成功发送到 1/1 个连接
[2025-04-21 14:40:03] WebSocket 广播消息成功发送到 1/1 个连接
[2025-04-21 14:40:13] WebSocket 广播消息成功发送到 1/1 个连接
[2025-04-21 14:40:20] WebSocket 连接已关闭
[2025-04-21 14:40:20] WebSocket 连接已移除，当前连接数: 0
[2025-04-21 14:40:53] WebSocket 连接已添加，当前连接数: 1
[2025-04-21 14:40:53] WebSocket 广播消息成功发送到 1/1 个连接
[2025-04-21 14:41:03] WebSocket 广播消息成功发送到 1/1 个连接
[2025-04-21 14:41:13] WebSocket 广播消息成功发送到 1/1 个连接
[2025-04-21 14:41:23] WebSocket 广播消息成功发送到 1/1 个连接
[2025-04-21 14:41:33] WebSocket 广播消息成功发送到 1/1 个连接
[2025-04-21 14:41:43] WebSocket 广播消息成功发送到 1/1 个连接
[2025-04-21 14:41:53] WebSocket 广播消息成功发送到 1/1 个连接
[2025-04-21 14:42:03] WebSocket 广播消息成功发送到 1/1 个连接
[2025-04-21 14:42:13] WebSocket 广播消息成功发送到 1/1 个连接
[2025-04-21 14:42:23] WebSocket 广播消息成功发送到 1/1 个连接
[2025-04-21 14:42:33] WebSocket 广播消息成功发送到 1/1 个连接
[2025-04-21 14:42:40] WebSocket 连接已关闭
[2025-04-21 14:42:40] WebSocket 连接已移除，当前连接数: 0
[2025-04-21 14:42:41] WebSocket 连接已添加，当前连接数: 1
[2025-04-21 14:42:41] GET /api/finance/news/cls - 0ms
[2025-04-21 14:42:41] GET /api/finance/time - 0ms
[2025-04-21 14:42:41] GET /api/finance/quotes/all - 252ms
[2025-04-21 14:42:41] GET /api/finance/trade-calendar - 318ms
[2025-04-21 14:42:43] WebSocket 广播消息成功发送到 1/1 个连接
[2025-04-21 14:42:53] WebSocket 广播消息成功发送到 1/1 个连接
[2025-04-21 14:43:03] WebSocket 广播消息成功发送到 1/1 个连接
[2025-04-21 14:43:13] WebSocket 广播消息成功发送到 1/1 个连接
[2025-04-21 14:43:23] WebSocket 广播消息成功发送到 1/1 个连接
[2025-04-21 14:43:33] WebSocket 广播消息成功发送到 1/1 个连接
[2025-04-21 14:43:43] WebSocket 广播消息成功发送到 1/1 个连接
[2025-04-21 14:43:53] WebSocket 广播消息成功发送到 1/1 个连接
[2025-04-21 14:44:03] WebSocket 广播消息成功发送到 1/1 个连接
[2025-04-21 14:44:13] WebSocket 广播消息成功发送到 1/1 个连接
[2025-04-21 14:44:23] WebSocket 广播消息成功发送到 1/1 个连接
[2025-04-21 14:44:33] WebSocket 广播消息成功发送到 1/1 个连接
[2025-04-21 14:44:43] WebSocket 广播消息成功发送到 1/1 个连接
[2025-04-21 14:44:53] WebSocket 广播消息成功发送到 1/1 个连接
[2025-04-21 14:45:00] WebSocket 广播消息成功发送到 1/1 个连接
[2025-04-21 14:45:03] WebSocket 广播消息成功发送到 1/1 个连接
[2025-04-21 14:45:13] WebSocket 广播消息成功发送到 1/1 个连接
[2025-04-21 14:45:23] WebSocket 广播消息成功发送到 1/1 个连接
[2025-04-21 14:45:33] WebSocket 广播消息成功发送到 1/1 个连接
[2025-04-21 14:45:43] WebSocket 广播消息成功发送到 1/1 个连接
[2025-04-21 14:45:53] WebSocket 广播消息成功发送到 1/1 个连接
[2025-04-21 14:46:03] WebSocket 广播消息成功发送到 1/1 个连接
[2025-04-21 14:46:13] WebSocket 广播消息成功发送到 1/1 个连接
[2025-04-21 14:46:23] WebSocket 广播消息成功发送到 1/1 个连接
[2025-04-21 14:46:33] WebSocket 广播消息成功发送到 1/1 个连接
[2025-04-21 14:46:43] WebSocket 广播消息成功发送到 1/1 个连接
[2025-04-21 14:46:53] WebSocket 广播消息成功发送到 1/1 个连接
[2025-04-21 14:47:03] WebSocket 广播消息成功发送到 1/1 个连接
[2025-04-21 14:47:13] WebSocket 广播消息成功发送到 1/1 个连接
[2025-04-21 14:47:23] WebSocket 广播消息成功发送到 1/1 个连接
[2025-04-21 14:47:33] WebSocket 广播消息成功发送到 1/1 个连接
[2025-04-21 14:47:43] WebSocket 广播消息成功发送到 1/1 个连接
[2025-04-21 14:47:53] WebSocket 广播消息成功发送到 1/1 个连接
[2025-04-21 14:48:03] WebSocket 广播消息成功发送到 1/1 个连接
[2025-04-21 14:48:13] WebSocket 广播消息成功发送到 1/1 个连接
[2025-04-21 14:48:23] WebSocket 广播消息成功发送到 1/1 个连接
[2025-04-21 14:48:33] WebSocket 广播消息成功发送到 1/1 个连接
[2025-04-21 14:48:43] WebSocket 广播消息成功发送到 1/1 个连接
[2025-04-21 14:48:53] WebSocket 广播消息成功发送到 1/1 个连接
[2025-04-21 14:49:00] WebSocket 广播消息成功发送到 1/1 个连接
[2025-04-21 14:49:03] WebSocket 广播消息成功发送到 1/1 个连接
[2025-04-21 14:49:13] WebSocket 广播消息成功发送到 1/1 个连接
[2025-04-21 14:49:23] WebSocket 广播消息成功发送到 1/1 个连接
[2025-04-21 14:49:33] WebSocket 广播消息成功发送到 1/1 个连接
[2025-04-21 14:49:43] WebSocket 广播消息成功发送到 1/1 个连接
[2025-04-21 14:49:53] WebSocket 广播消息成功发送到 1/1 个连接
[2025-04-21 14:50:04] WebSocket 广播消息成功发送到 1/1 个连接
[2025-04-21 14:50:13] WebSocket 广播消息成功发送到 1/1 个连接
[2025-04-21 14:50:23] WebSocket 广播消息成功发送到 1/1 个连接
[2025-04-21 14:50:33] WebSocket 广播消息成功发送到 1/1 个连接
[2025-04-21 14:50:43] WebSocket 广播消息成功发送到 1/1 个连接
[2025-04-21 14:50:53] WebSocket 广播消息成功发送到 1/1 个连接
[2025-04-21 14:51:00] WebSocket 广播消息成功发送到 1/1 个连接
[2025-04-21 14:51:03] WebSocket 广播消息成功发送到 1/1 个连接
[2025-04-21 14:51:13] WebSocket 广播消息成功发送到 1/1 个连接
[2025-04-21 14:51:23] WebSocket 广播消息成功发送到 1/1 个连接
[2025-04-21 14:51:31] WebSocket 连接已关闭
[2025-04-21 14:51:31] WebSocket 连接已移除，当前连接数: 0
[2025-04-21 14:51:31] WebSocket 连接已添加，当前连接数: 1
[2025-04-21 14:51:31] GET /api/finance/news/cls - 1ms
[2025-04-21 14:51:31] GET /api/finance/time - 0ms
[2025-04-21 14:51:31] GET /api/finance/quotes/all - 210ms
[2025-04-21 14:51:32] GET /api/finance/trade-calendar - 291ms
[2025-04-21 14:51:33] WebSocket 连接已关闭
[2025-04-21 14:51:33] WebSocket 连接已移除，当前连接数: 0
[2025-04-21 14:51:33] WebSocket 广播消息成功发送到 0/0 个连接
[2025-04-21 14:51:34] WebSocket 连接已添加，当前连接数: 1
[2025-04-21 14:51:34] GET /api/finance/news/cls - 0ms
[2025-04-21 14:51:34] GET /api/finance/time - 0ms
[2025-04-21 14:51:34] GET /api/finance/quotes/all - 153ms
[2025-04-21 14:51:35] GET /api/finance/trade-calendar - 1541ms
[2025-04-21 14:51:43] WebSocket 广播消息成功发送到 1/1 个连接
[2025-04-21 14:51:53] WebSocket 广播消息成功发送到 1/1 个连接
[2025-04-21 14:52:04] WebSocket 广播消息成功发送到 1/1 个连接
[2025-04-21 14:52:14] WebSocket 广播消息成功发送到 1/1 个连接
[2025-04-21 14:52:24] WebSocket 广播消息成功发送到 1/1 个连接
[2025-04-21 14:52:34] WebSocket 广播消息成功发送到 1/1 个连接
[2025-04-21 14:52:44] WebSocket 广播消息成功发送到 1/1 个连接
[2025-04-21 14:52:54] WebSocket 广播消息成功发送到 1/1 个连接
[2025-04-21 14:53:00] WebSocket 广播消息成功发送到 1/1 个连接
[2025-04-21 14:53:04] WebSocket 广播消息成功发送到 1/1 个连接
[2025-04-21 14:53:14] WebSocket 广播消息成功发送到 1/1 个连接
[2025-04-21 14:53:24] WebSocket 广播消息成功发送到 1/1 个连接
[2025-04-21 14:53:34] WebSocket 广播消息成功发送到 1/1 个连接
[2025-04-21 14:53:44] WebSocket 广播消息成功发送到 1/1 个连接
[2025-04-21 14:53:54] WebSocket 广播消息成功发送到 1/1 个连接
[2025-04-21 14:54:04] WebSocket 广播消息成功发送到 1/1 个连接
[2025-04-21 14:54:14] WebSocket 广播消息成功发送到 1/1 个连接
[2025-04-21 14:54:24] WebSocket 广播消息成功发送到 1/1 个连接
[2025-04-21 14:54:34] WebSocket 广播消息成功发送到 1/1 个连接
[2025-04-21 14:54:44] WebSocket 广播消息成功发送到 1/1 个连接
[2025-04-21 14:54:47] WebSocket 连接已关闭
[2025-04-21 14:54:47] WebSocket 连接已移除，当前连接数: 0
[2025-04-21 14:54:48] WebSocket 连接已添加，当前连接数: 1
[2025-04-21 14:54:48] GET /api/finance/time - 1ms
[2025-04-21 14:54:48] GET /api/finance/news/cls - 0ms
[2025-04-21 14:54:48] GET /api/finance/quotes/all - 141ms
[2025-04-21 14:54:48] GET /api/finance/trade-calendar - 299ms
[2025-04-21 14:54:51] WebSocket 连接已关闭
[2025-04-21 14:54:51] WebSocket 连接已移除，当前连接数: 0
[2025-04-21 14:54:51] WebSocket 连接已添加，当前连接数: 1
[2025-04-21 14:54:51] GET /api/finance/news/cls - 0ms
[2025-04-21 14:54:51] GET /api/finance/time - 0ms
[2025-04-21 14:54:51] GET /api/finance/quotes/all - 178ms
[2025-04-21 14:54:51] GET /api/finance/trade-calendar - 331ms
[2025-04-21 14:54:54] WebSocket 广播消息成功发送到 1/1 个连接
[2025-04-21 14:54:57] WebSocket 连接已关闭
[2025-04-21 14:54:57] WebSocket 连接已移除，当前连接数: 0
[2025-04-21 14:54:57] WebSocket 连接已添加，当前连接数: 1
[2025-04-21 14:54:57] GET /api/finance/news/cls - 0ms
[2025-04-21 14:54:57] GET /api/finance/time - 0ms
[2025-04-21 14:54:58] GET /api/finance/quotes/all - 131ms
[2025-04-21 14:54:58] GET /api/finance/trade-calendar - 284ms
[2025-04-21 14:55:00] WebSocket 广播消息成功发送到 1/1 个连接
[2025-04-21 14:55:04] WebSocket 广播消息成功发送到 1/1 个连接
[2025-04-21 14:55:14] WebSocket 广播消息成功发送到 1/1 个连接
[2025-04-21 14:55:24] WebSocket 广播消息成功发送到 1/1 个连接
[2025-04-21 14:55:34] WebSocket 广播消息成功发送到 1/1 个连接
[2025-04-21 14:55:44] WebSocket 广播消息成功发送到 1/1 个连接
[2025-04-21 14:55:54] WebSocket 广播消息成功发送到 1/1 个连接
[2025-04-21 14:56:04] WebSocket 广播消息成功发送到 1/1 个连接
[2025-04-21 14:56:08] GET /api/finance/news/cls - 0ms
[2025-04-21 14:56:14] WebSocket 广播消息成功发送到 1/1 个连接
[2025-04-21 14:56:24] WebSocket 广播消息成功发送到 1/1 个连接
[2025-04-21 14:56:34] WebSocket 广播消息成功发送到 1/1 个连接
[2025-04-21 14:56:44] WebSocket 广播消息成功发送到 1/1 个连接
[2025-04-21 14:56:54] WebSocket 广播消息成功发送到 1/1 个连接
[2025-04-21 14:57:00] WebSocket 广播消息成功发送到 1/1 个连接
[2025-04-21 14:57:04] WebSocket 广播消息成功发送到 1/1 个连接
[2025-04-21 14:57:14] WebSocket 广播消息成功发送到 1/1 个连接
[2025-04-21 14:57:24] WebSocket 广播消息成功发送到 1/1 个连接
[2025-04-21 14:57:34] WebSocket 广播消息成功发送到 1/1 个连接
[2025-04-21 14:57:44] WebSocket 广播消息成功发送到 1/1 个连接
[2025-04-21 14:57:54] WebSocket 广播消息成功发送到 1/1 个连接
[2025-04-21 14:58:04] WebSocket 广播消息成功发送到 1/1 个连接
[2025-04-21 14:58:14] WebSocket 广播消息成功发送到 1/1 个连接
[2025-04-21 14:58:24] WebSocket 广播消息成功发送到 1/1 个连接
[2025-04-21 14:58:34] WebSocket 广播消息成功发送到 1/1 个连接
[2025-04-21 14:58:44] WebSocket 广播消息成功发送到 1/1 个连接
[2025-04-21 14:58:54] WebSocket 广播消息成功发送到 1/1 个连接
[2025-04-21 14:59:00] WebSocket 广播消息成功发送到 1/1 个连接
[2025-04-21 14:59:04] WebSocket 广播消息成功发送到 1/1 个连接
[2025-04-21 14:59:14] WebSocket 广播消息成功发送到 1/1 个连接
[2025-04-21 14:59:24] WebSocket 广播消息成功发送到 1/1 个连接
[2025-04-21 14:59:34] WebSocket 广播消息成功发送到 1/1 个连接
[2025-04-21 14:59:44] WebSocket 广播消息成功发送到 1/1 个连接
[2025-04-21 14:59:54] WebSocket 广播消息成功发送到 1/1 个连接
[2025-04-21 15:00:04] WebSocket 广播消息成功发送到 1/1 个连接
[2025-04-21 15:00:14] WebSocket 广播消息成功发送到 1/1 个连接
[2025-04-21 15:00:22] WebSocket 连接已关闭
[2025-04-21 15:00:22] WebSocket 连接已移除，当前连接数: 0
[2025-04-21 15:00:22] WebSocket 连接已添加，当前连接数: 1
[2025-04-21 15:00:22] GET /api/finance/news/cls - 0ms
[2025-04-21 15:00:22] GET /api/finance/time - 0ms
[2025-04-21 15:00:23] GET /api/finance/quotes/all - 133ms
[2025-04-21 15:00:23] GET /api/finance/trade-calendar - 269ms
[2025-04-21 15:00:24] WebSocket 广播消息成功发送到 1/1 个连接
[2025-04-21 15:00:34] WebSocket 广播消息成功发送到 1/1 个连接
[2025-04-21 15:00:38] WebSocket 连接已关闭
[2025-04-21 15:00:38] WebSocket 连接已移除，当前连接数: 0
[2025-04-21 15:00:39] WebSocket 连接已添加，当前连接数: 1
[2025-04-21 15:00:39] GET /api/finance/news/cls - 0ms
[2025-04-21 15:00:39] GET /api/finance/time - 0ms
[2025-04-21 15:00:39] GET /api/finance/quotes/all - 109ms
[2025-04-21 15:00:39] GET /api/finance/trade-calendar - 283ms
[2025-04-21 15:00:41] WebSocket 连接已关闭
[2025-04-21 15:00:41] WebSocket 连接已移除，当前连接数: 0
[2025-04-21 15:00:42] WebSocket 连接已添加，当前连接数: 1
[2025-04-21 15:00:42] GET /api/finance/news/cls - 0ms
[2025-04-21 15:00:42] GET /api/finance/time - 0ms
[2025-04-21 15:00:42] GET /api/finance/quotes/all - 99ms
[2025-04-21 15:00:42] GET /api/finance/trade-calendar - 330ms
[2025-04-21 15:00:44] WebSocket 广播消息成功发送到 1/1 个连接
[2025-04-21 15:00:54] WebSocket 广播消息成功发送到 1/1 个连接
[2025-04-21 15:00:56] WebSocket 连接已关闭
[2025-04-21 15:00:56] WebSocket 连接已移除，当前连接数: 0
[2025-04-21 15:00:56] WebSocket 连接已添加，当前连接数: 1
[2025-04-21 15:00:56] GET /api/finance/news/cls - 0ms
[2025-04-21 15:00:56] GET /api/finance/time - 0ms
[2025-04-21 15:00:56] GET /api/finance/quotes/all - 104ms
[2025-04-21 15:00:56] GET /api/finance/trade-calendar - 296ms
[2025-04-21 15:00:57] WebSocket 连接已关闭
[2025-04-21 15:00:57] WebSocket 连接已移除，当前连接数: 0
[2025-04-21 15:00:58] WebSocket 连接已添加，当前连接数: 1
[2025-04-21 15:00:58] GET /api/finance/news/cls - 0ms
[2025-04-21 15:00:58] GET /api/finance/time - 0ms
[2025-04-21 15:00:58] GET /api/finance/quotes/all - 98ms
[2025-04-21 15:00:58] GET /api/finance/trade-calendar - 329ms
[2025-04-21 15:01:04] WebSocket 连接已关闭
[2025-04-21 15:01:04] WebSocket 连接已移除，当前连接数: 0
[2025-04-21 15:01:04] WebSocket 广播消息成功发送到 0/0 个连接
[2025-04-21 15:01:04] WebSocket 连接已添加，当前连接数: 1
[2025-04-21 15:01:04] GET /api/finance/news/cls - 0ms
[2025-04-21 15:01:04] GET /api/finance/time - 0ms
[2025-04-21 15:01:04] GET /api/finance/quotes/all - 137ms
[2025-04-21 15:01:05] GET /api/finance/trade-calendar - 277ms
[2025-04-21 15:01:14] WebSocket 广播消息成功发送到 1/1 个连接
[2025-04-21 15:01:24] WebSocket 广播消息成功发送到 1/1 个连接
[2025-04-21 15:01:32] WebSocket 连接已关闭
[2025-04-21 15:01:32] WebSocket 连接已移除，当前连接数: 0
[2025-04-21 15:01:33] WebSocket 连接已添加，当前连接数: 1
[2025-04-21 15:01:33] GET /api/finance/news/cls - 0ms
[2025-04-21 15:01:33] GET /api/finance/time - 0ms
[2025-04-21 15:01:33] GET /api/finance/quotes/all - 219ms
[2025-04-21 15:01:33] GET /api/finance/trade-calendar - 308ms
[2025-04-21 15:01:34] WebSocket 广播消息成功发送到 1/1 个连接
[2025-04-21 15:01:43] WebSocket 连接已关闭
[2025-04-21 15:01:43] WebSocket 连接已移除，当前连接数: 0
[2025-04-21 15:01:43] WebSocket 连接已添加，当前连接数: 1
[2025-04-21 15:01:43] GET /api/finance/news/cls - 0ms
[2025-04-21 15:01:43] GET /api/finance/time - 0ms
[2025-04-21 15:01:43] GET /api/finance/quotes/all - 215ms
[2025-04-21 15:01:43] GET /api/finance/trade-calendar - 317ms
[2025-04-21 15:01:44] WebSocket 广播消息成功发送到 1/1 个连接
[2025-04-21 15:01:54] WebSocket 广播消息成功发送到 1/1 个连接
[2025-04-21 15:02:04] WebSocket 广播消息成功发送到 1/1 个连接
[2025-04-21 15:02:14] WebSocket 广播消息成功发送到 1/1 个连接
[2025-04-21 15:02:24] WebSocket 广播消息成功发送到 1/1 个连接
[2025-04-21 15:02:34] WebSocket 广播消息成功发送到 1/1 个连接
[2025-04-21 15:02:44] WebSocket 广播消息成功发送到 1/1 个连接
[2025-04-21 15:02:54] WebSocket 广播消息成功发送到 1/1 个连接
[2025-04-21 15:02:54] WebSocket 连接已关闭
[2025-04-21 15:02:54] WebSocket 连接已移除，当前连接数: 0
[2025-04-21 15:02:55] WebSocket 连接已添加，当前连接数: 1
[2025-04-21 15:02:55] GET /api/finance/news/cls - 0ms
[2025-04-21 15:02:55] GET /api/finance/time - 0ms
[2025-04-21 15:02:55] GET /api/finance/quotes/all - 140ms
[2025-04-21 15:02:55] GET /api/finance/trade-calendar - 337ms
[2025-04-21 15:03:00] WebSocket 广播消息成功发送到 1/1 个连接
[2025-04-21 15:03:00] WebSocket 连接已关闭
[2025-04-21 15:03:00] WebSocket 连接已移除，当前连接数: 0
[2025-04-21 15:03:01] WebSocket 连接已添加，当前连接数: 1
[2025-04-21 15:03:01] GET /api/finance/news/cls - 0ms
[2025-04-21 15:03:01] GET /api/finance/time - 0ms
[2025-04-21 15:03:01] GET /api/finance/quotes/all - 142ms
[2025-04-21 15:03:01] GET /api/finance/trade-calendar - 303ms
[2025-04-21 15:03:04] WebSocket 广播消息成功发送到 1/1 个连接
[2025-04-21 15:03:14] WebSocket 广播消息成功发送到 1/1 个连接
[2025-04-21 15:03:24] WebSocket 广播消息成功发送到 1/1 个连接
[2025-04-21 15:03:34] WebSocket 广播消息成功发送到 1/1 个连接
[2025-04-21 15:03:44] WebSocket 广播消息成功发送到 1/1 个连接
[2025-04-21 15:03:54] WebSocket 广播消息成功发送到 1/1 个连接
[2025-04-21 15:04:04] WebSocket 广播消息成功发送到 1/1 个连接
[2025-04-21 15:04:14] WebSocket 广播消息成功发送到 1/1 个连接
[2025-04-21 15:04:24] WebSocket 广播消息成功发送到 1/1 个连接
[2025-04-21 15:04:34] WebSocket 广播消息成功发送到 1/1 个连接
[2025-04-21 15:04:44] WebSocket 广播消息成功发送到 1/1 个连接
[2025-04-21 15:04:54] WebSocket 广播消息成功发送到 1/1 个连接
[2025-04-21 15:05:04] WebSocket 广播消息成功发送到 1/1 个连接
[2025-04-21 15:05:14] WebSocket 广播消息成功发送到 1/1 个连接
[2025-04-21 15:05:24] WebSocket 广播消息成功发送到 1/1 个连接
[2025-04-21 15:05:34] WebSocket 广播消息成功发送到 1/1 个连接
[2025-04-21 15:05:44] WebSocket 广播消息成功发送到 1/1 个连接
[2025-04-21 15:05:54] WebSocket 广播消息成功发送到 1/1 个连接
[2025-04-21 15:06:04] WebSocket 广播消息成功发送到 1/1 个连接
[2025-04-21 15:06:14] WebSocket 广播消息成功发送到 1/1 个连接
[2025-04-21 15:06:17] WebSocket 连接已关闭
[2025-04-21 15:06:17] WebSocket 连接已移除，当前连接数: 0
[2025-04-21 15:06:17] WebSocket 连接已添加，当前连接数: 1
[2025-04-21 15:06:17] GET /api/finance/news/cls - 0ms
[2025-04-21 15:06:17] GET /api/finance/time - 0ms
[2025-04-21 15:06:17] GET /api/finance/quotes/all - 191ms
[2025-04-21 15:06:17] GET /api/finance/trade-calendar - 346ms
[2025-04-21 15:06:24] WebSocket 广播消息成功发送到 1/1 个连接
[2025-04-21 15:06:34] WebSocket 广播消息成功发送到 1/1 个连接
[2025-04-21 15:06:41] WebSocket 连接已关闭
[2025-04-21 15:06:41] WebSocket 连接已移除，当前连接数: 0
[2025-04-21 15:06:42] WebSocket 连接已添加，当前连接数: 1
[2025-04-21 15:06:42] GET /api/finance/news/cls - 0ms
[2025-04-21 15:06:42] GET /api/finance/time - 0ms
[2025-04-21 15:06:42] GET /api/finance/quotes/all - 203ms
[2025-04-21 15:06:42] GET /api/finance/trade-calendar - 290ms
[2025-04-21 15:06:44] WebSocket 广播消息成功发送到 1/1 个连接
[2025-04-21 15:06:54] WebSocket 广播消息成功发送到 1/1 个连接
[2025-04-21 15:06:58] WebSocket 连接已关闭
[2025-04-21 15:06:58] WebSocket 连接已移除，当前连接数: 0
[2025-04-21 15:06:58] WebSocket 连接已添加，当前连接数: 1
[2025-04-21 15:06:58] GET /api/finance/news/cls - 0ms
[2025-04-21 15:06:58] GET /api/finance/time - 0ms
[2025-04-21 15:06:59] GET /api/finance/quotes/all - 199ms
[2025-04-21 15:06:59] GET /api/finance/trade-calendar - 293ms
[2025-04-21 15:07:00] WebSocket 广播消息成功发送到 1/1 个连接
[2025-04-21 15:07:04] WebSocket 广播消息成功发送到 1/1 个连接
[2025-04-21 15:07:14] WebSocket 广播消息成功发送到 1/1 个连接
[2025-04-21 15:07:24] WebSocket 广播消息成功发送到 1/1 个连接
[2025-04-21 15:07:34] WebSocket 广播消息成功发送到 1/1 个连接
[2025-04-21 15:07:44] WebSocket 广播消息成功发送到 1/1 个连接
[2025-04-21 15:07:54] WebSocket 广播消息成功发送到 1/1 个连接
[2025-04-21 15:07:56] WebSocket 连接已关闭
[2025-04-21 15:07:56] WebSocket 连接已移除，当前连接数: 0
[2025-04-21 15:07:57] WebSocket 连接已添加，当前连接数: 1
[2025-04-21 15:07:57] GET /api/finance/news/cls - 1ms
[2025-04-21 15:07:57] GET /api/finance/time - 0ms
[2025-04-21 15:07:57] GET /api/finance/quotes/all - 103ms
[2025-04-21 15:07:57] GET /api/finance/trade-calendar - 279ms
[2025-04-21 15:08:02] WebSocket 连接已关闭
[2025-04-21 15:08:02] WebSocket 连接已移除，当前连接数: 0
[2025-04-21 15:08:02] WebSocket 连接已添加，当前连接数: 1
[2025-04-21 15:08:02] GET /api/finance/news/cls - 0ms
[2025-04-21 15:08:02] GET /api/finance/time - 0ms
[2025-04-21 15:08:02] GET /api/finance/quotes/all - 137ms
[2025-04-21 15:08:03] GET /api/finance/trade-calendar - 288ms
[2025-04-21 15:08:04] WebSocket 广播消息成功发送到 1/1 个连接
[2025-04-21 15:08:14] WebSocket 广播消息成功发送到 1/1 个连接
[2025-04-21 15:08:24] WebSocket 广播消息成功发送到 1/1 个连接
[2025-04-21 15:08:34] WebSocket 广播消息成功发送到 1/1 个连接
[2025-04-21 15:08:44] WebSocket 广播消息成功发送到 1/1 个连接
[2025-04-21 15:08:54] WebSocket 广播消息成功发送到 1/1 个连接
[2025-04-21 15:09:00] WebSocket 广播消息成功发送到 1/1 个连接
[2025-04-21 15:09:04] WebSocket 广播消息成功发送到 1/1 个连接
[2025-04-21 15:09:14] WebSocket 广播消息成功发送到 1/1 个连接
[2025-04-21 15:09:24] WebSocket 广播消息成功发送到 1/1 个连接
[2025-04-21 15:09:34] WebSocket 广播消息成功发送到 1/1 个连接
[2025-04-21 15:09:42] WebSocket 连接已关闭
[2025-04-21 15:09:42] WebSocket 连接已移除，当前连接数: 0
[2025-04-21 15:09:42] WebSocket 连接已添加，当前连接数: 1
[2025-04-21 15:09:42] GET /api/finance/news/cls - 0ms
[2025-04-21 15:09:42] GET /api/finance/time - 0ms
[2025-04-21 15:09:42] GET /api/finance/quotes/all - 239ms
[2025-04-21 15:09:42] GET /api/finance/trade-calendar - 324ms
[2025-04-21 15:09:44] WebSocket 广播消息成功发送到 1/1 个连接
[2025-04-21 15:09:54] WebSocket 广播消息成功发送到 1/1 个连接
[2025-04-21 15:10:04] WebSocket 广播消息成功发送到 1/1 个连接
[2025-04-21 15:10:14] WebSocket 广播消息成功发送到 1/1 个连接
[2025-04-21 15:10:24] WebSocket 广播消息成功发送到 1/1 个连接
[2025-04-21 15:10:25] WebSocket 连接已关闭
[2025-04-21 15:10:25] WebSocket 连接已移除，当前连接数: 0
[2025-04-21 15:10:26] WebSocket 连接已添加，当前连接数: 1
[2025-04-21 15:10:26] GET /api/finance/news/cls - 0ms
[2025-04-21 15:10:26] GET /api/finance/time - 0ms
[2025-04-21 15:10:26] GET /api/finance/quotes/all - 232ms
[2025-04-21 15:10:26] GET /api/finance/trade-calendar - 282ms
[2025-04-21 15:10:34] WebSocket 广播消息成功发送到 1/1 个连接
[2025-04-21 15:10:44] WebSocket 广播消息成功发送到 1/1 个连接
[2025-04-21 15:10:54] WebSocket 广播消息成功发送到 1/1 个连接
[2025-04-21 15:10:55] WebSocket 连接已关闭
[2025-04-21 15:10:55] WebSocket 连接已移除，当前连接数: 0
[2025-04-21 15:10:56] WebSocket 连接已添加，当前连接数: 1
[2025-04-21 15:10:56] GET /api/finance/news/cls - 0ms
[2025-04-21 15:10:56] GET /api/finance/time - 0ms
[2025-04-21 15:10:56] GET /api/finance/quotes/all - 99ms
[2025-04-21 15:10:56] GET /api/finance/trade-calendar - 268ms
[2025-04-21 15:11:00] WebSocket 广播消息成功发送到 1/1 个连接
[2025-04-21 15:11:04] WebSocket 广播消息成功发送到 1/1 个连接
[2025-04-21 15:11:14] WebSocket 广播消息成功发送到 1/1 个连接
[2025-04-21 15:11:21] WebSocket 连接已关闭
[2025-04-21 15:11:21] WebSocket 连接已移除，当前连接数: 0
[2025-04-21 15:11:21] WebSocket 连接已添加，当前连接数: 1
[2025-04-21 15:11:21] GET /api/finance/news/cls - 0ms
[2025-04-21 15:11:21] GET /api/finance/time - 0ms
[2025-04-21 15:11:21] GET /api/finance/quotes/all - 123ms
[2025-04-21 15:11:21] GET /api/finance/trade-calendar - 288ms
[2025-04-21 15:11:24] WebSocket 广播消息成功发送到 1/1 个连接
[2025-04-21 15:11:34] WebSocket 连接已关闭
[2025-04-21 15:11:34] WebSocket 连接已移除，当前连接数: 0
[2025-04-21 15:11:34] WebSocket 广播消息成功发送到 0/0 个连接
[2025-04-21 15:11:34] WebSocket 连接已添加，当前连接数: 1
[2025-04-21 15:11:34] GET /api/finance/news/cls - 0ms
[2025-04-21 15:11:34] GET /api/finance/time - 0ms
[2025-04-21 15:11:34] GET /api/finance/quotes/all - 101ms
[2025-04-21 15:11:35] GET /api/finance/trade-calendar - 308ms
[2025-04-21 15:11:44] WebSocket 广播消息成功发送到 1/1 个连接
[2025-04-21 15:11:48] WebSocket 连接已关闭
[2025-04-21 15:11:48] WebSocket 连接已移除，当前连接数: 0
[2025-04-21 15:11:48] WebSocket 连接已添加，当前连接数: 1
[2025-04-21 15:11:48] GET /api/finance/news/cls - 0ms
[2025-04-21 15:11:48] GET /api/finance/time - 0ms
[2025-04-21 15:11:48] GET /api/finance/quotes/all - 97ms
[2025-04-21 15:11:48] GET /api/finance/trade-calendar - 337ms
[2025-04-21 15:11:54] WebSocket 广播消息成功发送到 1/1 个连接
[2025-04-21 15:12:04] WebSocket 广播消息成功发送到 1/1 个连接
[2025-04-21 15:12:14] WebSocket 广播消息成功发送到 1/1 个连接
[2025-04-21 15:12:24] WebSocket 广播消息成功发送到 1/1 个连接
[2025-04-21 15:12:30] WebSocket 连接已关闭
[2025-04-21 15:12:30] WebSocket 连接已移除，当前连接数: 0
[2025-04-21 15:12:30] WebSocket 连接已添加，当前连接数: 1
[2025-04-21 15:12:30] GET /api/finance/news/cls - 0ms
[2025-04-21 15:12:30] GET /api/finance/time - 0ms
[2025-04-21 15:12:30] GET /api/finance/quotes/all - 221ms
[2025-04-21 15:12:30] GET /api/finance/trade-calendar - 300ms
[2025-04-21 15:12:34] WebSocket 广播消息成功发送到 1/1 个连接
[2025-04-21 15:12:42] WebSocket 连接已关闭
[2025-04-21 15:12:42] WebSocket 连接已移除，当前连接数: 0
[2025-04-21 15:12:42] WebSocket 连接已添加，当前连接数: 1
[2025-04-21 15:12:42] GET /api/finance/news/cls - 0ms
[2025-04-21 15:12:42] GET /api/finance/time - 0ms
[2025-04-21 15:12:42] GET /api/finance/quotes/all - 149ms
[2025-04-21 15:12:42] GET /api/finance/trade-calendar - 288ms
[2025-04-21 15:12:44] WebSocket 广播消息成功发送到 1/1 个连接
[2025-04-21 15:12:54] WebSocket 广播消息成功发送到 1/1 个连接
[2025-04-21 15:13:00] WebSocket 广播消息成功发送到 1/1 个连接
[2025-04-21 15:13:04] WebSocket 连接已关闭
[2025-04-21 15:13:04] WebSocket 连接已移除，当前连接数: 0
[2025-04-21 15:13:04] WebSocket 连接已添加，当前连接数: 1
[2025-04-21 15:13:04] GET /api/finance/news/cls - 0ms
[2025-04-21 15:13:04] GET /api/finance/time - 1ms
[2025-04-21 15:13:04] GET /api/finance/quotes/all - 265ms
[2025-04-21 15:13:04] GET /api/finance/trade-calendar - 279ms
[2025-04-21 15:13:04] WebSocket 广播消息成功发送到 1/1 个连接
[2025-04-21 15:13:14] WebSocket 广播消息成功发送到 1/1 个连接
[2025-04-21 15:13:24] WebSocket 广播消息成功发送到 1/1 个连接
[2025-04-21 15:13:25] WebSocket 连接已关闭
[2025-04-21 15:13:25] WebSocket 连接已移除，当前连接数: 0
[2025-04-21 15:13:26] WebSocket 连接已添加，当前连接数: 1
[2025-04-21 15:13:26] GET /api/finance/news/cls - 0ms
[2025-04-21 15:13:26] GET /api/finance/time - 0ms
[2025-04-21 15:13:26] GET /api/finance/quotes/all - 115ms
[2025-04-21 15:13:26] GET /api/finance/trade-calendar - 354ms
[2025-04-21 15:13:34] WebSocket 广播消息成功发送到 1/1 个连接
[2025-04-21 15:13:41] WebSocket 连接已关闭
[2025-04-21 15:13:41] WebSocket 连接已移除，当前连接数: 0
[2025-04-21 15:13:41] WebSocket 连接已添加，当前连接数: 1
[2025-04-21 15:13:41] GET /api/finance/time - 0ms
[2025-04-21 15:13:41] GET /api/finance/news/cls - 0ms
[2025-04-21 15:13:41] GET /api/finance/quotes/all - 198ms
[2025-04-21 15:13:41] GET /api/finance/trade-calendar - 290ms
[2025-04-21 15:13:44] WebSocket 广播消息成功发送到 1/1 个连接
[2025-04-21 15:13:54] WebSocket 广播消息成功发送到 1/1 个连接
[2025-04-21 15:14:04] WebSocket 广播消息成功发送到 1/1 个连接
[2025-04-21 15:14:15] WebSocket 广播消息成功发送到 1/1 个连接
[2025-04-21 15:14:24] WebSocket 广播消息成功发送到 1/1 个连接
[2025-04-21 15:14:35] WebSocket 广播消息成功发送到 1/1 个连接
[2025-04-21 15:14:44] WebSocket 广播消息成功发送到 1/1 个连接
[2025-04-21 15:14:55] WebSocket 广播消息成功发送到 1/1 个连接
[2025-04-21 15:15:00] WebSocket 广播消息成功发送到 1/1 个连接
[2025-04-21 15:15:05] WebSocket 广播消息成功发送到 1/1 个连接
[2025-04-21 15:15:15] WebSocket 广播消息成功发送到 1/1 个连接
[2025-04-21 15:15:25] WebSocket 广播消息成功发送到 1/1 个连接
[2025-04-21 15:15:35] WebSocket 广播消息成功发送到 1/1 个连接
[2025-04-21 15:15:45] WebSocket 广播消息成功发送到 1/1 个连接
[2025-04-21 15:15:55] WebSocket 广播消息成功发送到 1/1 个连接
[2025-04-21 15:16:05] WebSocket 广播消息成功发送到 1/1 个连接
[2025-04-21 15:16:15] WebSocket 广播消息成功发送到 1/1 个连接
[2025-04-21 15:16:25] WebSocket 广播消息成功发送到 1/1 个连接
[2025-04-21 15:16:35] WebSocket 广播消息成功发送到 1/1 个连接
[2025-04-21 15:16:45] WebSocket 广播消息成功发送到 1/1 个连接
[2025-04-21 15:16:55] WebSocket 广播消息成功发送到 1/1 个连接
[2025-04-21 15:17:00] WebSocket 广播消息成功发送到 1/1 个连接
[2025-04-21 15:17:05] WebSocket 广播消息成功发送到 1/1 个连接
[2025-04-21 15:17:15] WebSocket 广播消息成功发送到 1/1 个连接
[2025-04-21 15:17:25] WebSocket 广播消息成功发送到 1/1 个连接
[2025-04-21 15:17:35] WebSocket 广播消息成功发送到 1/1 个连接
[2025-04-21 15:17:45] WebSocket 广播消息成功发送到 1/1 个连接
[2025-04-21 15:17:55] WebSocket 广播消息成功发送到 1/1 个连接
[2025-04-21 15:18:05] WebSocket 广播消息成功发送到 1/1 个连接
[2025-04-21 15:18:15] WebSocket 广播消息成功发送到 1/1 个连接
[2025-04-21 15:18:25] WebSocket 广播消息成功发送到 1/1 个连接
[2025-04-21 15:18:35] WebSocket 广播消息成功发送到 1/1 个连接
[2025-04-21 15:18:45] WebSocket 广播消息成功发送到 1/1 个连接
[2025-04-21 15:18:50] WebSocket 连接已关闭
[2025-04-21 15:18:50] WebSocket 连接已移除，当前连接数: 0
[2025-04-21 15:18:50] WebSocket 连接已添加，当前连接数: 1
[2025-04-21 15:18:50] GET /api/finance/news/cls - 0ms
[2025-04-21 15:18:50] GET /api/finance/time - 0ms
[2025-04-21 15:18:50] GET /api/finance/quotes/all - 205ms
[2025-04-21 15:18:50] GET /api/finance/trade-calendar - 287ms
[2025-04-21 15:18:55] WebSocket 广播消息成功发送到 1/1 个连接
[2025-04-21 15:19:00] WebSocket 广播消息成功发送到 1/1 个连接
[2025-04-21 15:19:05] WebSocket 广播消息成功发送到 1/1 个连接
[2025-04-21 15:19:11] WebSocket 连接已关闭
[2025-04-21 15:19:11] WebSocket 连接已移除，当前连接数: 0
[2025-04-21 15:19:12] WebSocket 连接已添加，当前连接数: 1
[2025-04-21 15:19:12] GET /api/finance/news/cls - 1ms
[2025-04-21 15:19:12] GET /api/finance/time - 0ms
[2025-04-21 15:19:12] GET /api/finance/quotes/all - 272ms
[2025-04-21 15:19:12] GET /api/finance/trade-calendar - 357ms
[2025-04-21 15:19:15] WebSocket 广播消息成功发送到 1/1 个连接
[2025-04-21 15:19:25] WebSocket 广播消息成功发送到 1/1 个连接
[2025-04-21 15:19:35] WebSocket 广播消息成功发送到 1/1 个连接
[2025-04-21 15:19:45] WebSocket 广播消息成功发送到 1/1 个连接
[2025-04-21 15:19:55] WebSocket 广播消息成功发送到 1/1 个连接
[2025-04-21 15:20:05] WebSocket 广播消息成功发送到 1/1 个连接
[2025-04-21 15:20:15] WebSocket 广播消息成功发送到 1/1 个连接
[2025-04-21 15:20:25] WebSocket 广播消息成功发送到 1/1 个连接
[2025-04-21 15:20:38] WebSocket 广播消息成功发送到 1/1 个连接
[2025-04-21 15:20:45] WebSocket 广播消息成功发送到 1/1 个连接
[2025-04-21 15:20:55] WebSocket 广播消息成功发送到 1/1 个连接
[2025-04-21 15:21:05] WebSocket 广播消息成功发送到 1/1 个连接
[2025-04-21 15:21:15] WebSocket 广播消息成功发送到 1/1 个连接
[2025-04-21 15:21:25] WebSocket 广播消息成功发送到 1/1 个连接
[2025-04-21 15:21:35] WebSocket 广播消息成功发送到 1/1 个连接
[2025-04-21 15:21:45] WebSocket 广播消息成功发送到 1/1 个连接
[2025-04-21 15:21:55] WebSocket 广播消息成功发送到 1/1 个连接
[2025-04-21 15:22:05] WebSocket 广播消息成功发送到 1/1 个连接
[2025-04-21 15:22:15] WebSocket 广播消息成功发送到 1/1 个连接
[2025-04-21 15:22:25] WebSocket 连接已关闭
[2025-04-21 15:22:25] WebSocket 连接已移除，当前连接数: 0
[2025-04-21 15:22:25] WebSocket 广播消息成功发送到 0/0 个连接
[2025-04-21 15:22:25] WebSocket 连接已添加，当前连接数: 1
[2025-04-21 15:22:25] GET /api/finance/news/cls - 0ms
[2025-04-21 15:22:25] GET /api/finance/time - 0ms
[2025-04-21 15:22:25] GET /api/finance/quotes/all - 96ms
[2025-04-21 15:22:25] GET /api/finance/trade-calendar - 280ms
[2025-04-21 15:22:35] WebSocket 广播消息成功发送到 1/1 个连接
[2025-04-21 15:22:45] WebSocket 广播消息成功发送到 1/1 个连接
[2025-04-21 15:22:55] WebSocket 广播消息成功发送到 1/1 个连接
[2025-04-21 15:23:00] WebSocket 广播消息成功发送到 1/1 个连接
[2025-04-21 15:23:05] WebSocket 广播消息成功发送到 1/1 个连接
[2025-04-21 15:23:15] WebSocket 广播消息成功发送到 1/1 个连接
[2025-04-21 15:23:25] WebSocket 广播消息成功发送到 1/1 个连接
[2025-04-21 15:23:35] WebSocket 广播消息成功发送到 1/1 个连接
[2025-04-21 15:23:45] WebSocket 广播消息成功发送到 1/1 个连接
[2025-04-21 15:23:55] WebSocket 广播消息成功发送到 1/1 个连接
[2025-04-21 15:24:05] WebSocket 广播消息成功发送到 1/1 个连接
[2025-04-21 15:24:15] WebSocket 广播消息成功发送到 1/1 个连接
[2025-04-21 15:24:25] WebSocket 广播消息成功发送到 1/1 个连接
[2025-04-21 15:24:35] WebSocket 广播消息成功发送到 1/1 个连接
[2025-04-21 15:24:45] WebSocket 广播消息成功发送到 1/1 个连接
[2025-04-21 15:24:55] WebSocket 广播消息成功发送到 1/1 个连接
[2025-04-21 15:25:00] WebSocket 广播消息成功发送到 1/1 个连接
[2025-04-21 15:25:05] WebSocket 广播消息成功发送到 1/1 个连接
[2025-04-21 15:25:15] WebSocket 广播消息成功发送到 1/1 个连接
[2025-04-21 15:25:25] WebSocket 广播消息成功发送到 1/1 个连接
[2025-04-21 15:25:35] WebSocket 广播消息成功发送到 1/1 个连接
[2025-04-21 15:25:38] WebSocket 连接已关闭
[2025-04-21 15:25:38] WebSocket 连接已移除，当前连接数: 0
[2025-04-21 15:25:38] WebSocket 连接已添加，当前连接数: 1
[2025-04-21 15:25:38] GET /api/finance/news/cls - 0ms
[2025-04-21 15:25:38] GET /api/finance/time - 0ms
[2025-04-21 15:25:38] GET /api/finance/quotes/all - 233ms
[2025-04-21 15:25:38] GET /api/finance/trade-calendar - 314ms
[2025-04-21 15:25:43] WebSocket 连接已关闭
[2025-04-21 15:25:43] WebSocket 连接已移除，当前连接数: 0
[2025-04-21 15:25:43] WebSocket 连接已添加，当前连接数: 1
[2025-04-21 15:25:43] GET /api/finance/news/cls - 0ms
[2025-04-21 15:25:43] GET /api/finance/time - 0ms
[2025-04-21 15:25:43] GET /api/finance/quotes/all - 3ms
[2025-04-21 15:25:44] GET /api/finance/trade-calendar - 282ms
[2025-04-21 15:25:45] WebSocket 广播消息成功发送到 1/1 个连接
[2025-04-21 15:25:55] WebSocket 广播消息成功发送到 1/1 个连接
[2025-04-21 15:26:05] WebSocket 广播消息成功发送到 1/1 个连接
[2025-04-21 15:26:15] WebSocket 广播消息成功发送到 1/1 个连接
[2025-04-21 15:26:25] WebSocket 广播消息成功发送到 1/1 个连接
[2025-04-21 15:26:35] WebSocket 广播消息成功发送到 1/1 个连接
[2025-04-21 15:26:45] WebSocket 广播消息成功发送到 1/1 个连接
[2025-04-21 15:26:55] WebSocket 广播消息成功发送到 1/1 个连接
[2025-04-21 15:27:00] WebSocket 广播消息成功发送到 1/1 个连接
[2025-04-21 15:27:05] WebSocket 广播消息成功发送到 1/1 个连接
[2025-04-21 15:27:15] WebSocket 广播消息成功发送到 1/1 个连接
[2025-04-21 15:27:25] WebSocket 广播消息成功发送到 1/1 个连接
[2025-04-21 15:27:35] WebSocket 广播消息成功发送到 1/1 个连接
[2025-04-21 15:27:45] WebSocket 广播消息成功发送到 1/1 个连接
[2025-04-21 15:27:55] WebSocket 广播消息成功发送到 1/1 个连接
[2025-04-21 15:28:05] WebSocket 广播消息成功发送到 1/1 个连接
[2025-04-21 15:28:15] WebSocket 广播消息成功发送到 1/1 个连接
[2025-04-21 15:28:25] WebSocket 广播消息成功发送到 1/1 个连接
[2025-04-21 15:28:35] WebSocket 广播消息成功发送到 1/1 个连接
[2025-04-21 15:28:45] WebSocket 广播消息成功发送到 1/1 个连接
[2025-04-21 15:28:55] WebSocket 广播消息成功发送到 1/1 个连接
[2025-04-21 15:29:00] WebSocket 广播消息成功发送到 1/1 个连接
[2025-04-21 15:29:05] WebSocket 广播消息成功发送到 1/1 个连接
[2025-04-21 15:29:15] WebSocket 广播消息成功发送到 1/1 个连接
[2025-04-21 15:29:25] WebSocket 广播消息成功发送到 1/1 个连接
[2025-04-21 15:29:35] WebSocket 广播消息成功发送到 1/1 个连接
[2025-04-21 15:29:45] WebSocket 广播消息成功发送到 1/1 个连接
[2025-04-21 15:29:55] WebSocket 广播消息成功发送到 1/1 个连接
[2025-04-21 15:30:05] WebSocket 广播消息成功发送到 1/1 个连接
[2025-04-21 15:30:15] WebSocket 广播消息成功发送到 1/1 个连接
[2025-04-21 15:30:25] WebSocket 广播消息成功发送到 1/1 个连接
[2025-04-21 15:30:35] WebSocket 广播消息成功发送到 1/1 个连接
[2025-04-21 15:30:45] WebSocket 广播消息成功发送到 1/1 个连接
[2025-04-21 15:30:55] WebSocket 广播消息成功发送到 1/1 个连接
[2025-04-21 15:31:00] WebSocket 广播消息成功发送到 1/1 个连接
[2025-04-21 15:31:05] WebSocket 广播消息成功发送到 1/1 个连接
[2025-04-21 15:31:15] WebSocket 广播消息成功发送到 1/1 个连接
[2025-04-21 15:31:25] WebSocket 广播消息成功发送到 1/1 个连接
[2025-04-21 15:31:35] WebSocket 广播消息成功发送到 1/1 个连接
[2025-04-21 15:31:45] WebSocket 广播消息成功发送到 1/1 个连接
[2025-04-21 15:31:55] WebSocket 广播消息成功发送到 1/1 个连接
[2025-04-21 15:32:05] WebSocket 广播消息成功发送到 1/1 个连接
[2025-04-21 15:32:15] WebSocket 广播消息成功发送到 1/1 个连接
[2025-04-21 15:32:25] WebSocket 广播消息成功发送到 1/1 个连接
[2025-04-21 15:32:35] WebSocket 广播消息成功发送到 1/1 个连接
[2025-04-21 15:32:45] WebSocket 广播消息成功发送到 1/1 个连接
[2025-04-21 15:32:55] WebSocket 广播消息成功发送到 1/1 个连接
[2025-04-21 15:33:00] WebSocket 广播消息成功发送到 1/1 个连接
[2025-04-21 15:33:05] WebSocket 广播消息成功发送到 1/1 个连接
[2025-04-21 15:33:15] WebSocket 广播消息成功发送到 1/1 个连接
[2025-04-21 15:33:25] WebSocket 广播消息成功发送到 1/1 个连接
[2025-04-21 15:33:35] WebSocket 广播消息成功发送到 1/1 个连接
[2025-04-21 15:33:45] WebSocket 广播消息成功发送到 1/1 个连接
[2025-04-21 15:33:55] WebSocket 广播消息成功发送到 1/1 个连接
[2025-04-21 15:34:05] WebSocket 广播消息成功发送到 1/1 个连接
[2025-04-21 15:34:15] WebSocket 广播消息成功发送到 1/1 个连接
[2025-04-21 15:34:25] WebSocket 广播消息成功发送到 1/1 个连接
[2025-04-21 15:34:35] WebSocket 广播消息成功发送到 1/1 个连接
[2025-04-21 15:34:46] WebSocket 广播消息成功发送到 1/1 个连接
[2025-04-21 15:34:55] WebSocket 广播消息成功发送到 1/1 个连接
[2025-04-21 15:35:00] WebSocket 广播消息成功发送到 1/1 个连接
[2025-04-21 15:35:06] WebSocket 广播消息成功发送到 1/1 个连接
[2025-04-21 15:35:15] WebSocket 广播消息成功发送到 1/1 个连接
[2025-04-21 15:35:25] WebSocket 广播消息成功发送到 1/1 个连接
[2025-04-21 15:35:35] WebSocket 广播消息成功发送到 1/1 个连接
[2025-04-21 15:35:45] WebSocket 广播消息成功发送到 1/1 个连接
[2025-04-21 15:35:55] WebSocket 广播消息成功发送到 1/1 个连接
[2025-04-21 15:36:05] WebSocket 广播消息成功发送到 1/1 个连接
[2025-04-21 15:36:16] WebSocket 广播消息成功发送到 1/1 个连接
[2025-04-21 15:36:25] WebSocket 广播消息成功发送到 1/1 个连接
[2025-04-21 15:36:36] WebSocket 广播消息成功发送到 1/1 个连接
[2025-04-21 15:36:46] WebSocket 广播消息成功发送到 1/1 个连接
[2025-04-21 15:36:56] WebSocket 广播消息成功发送到 1/1 个连接
[2025-04-21 15:37:00] WebSocket 广播消息成功发送到 1/1 个连接
[2025-04-21 15:37:06] WebSocket 广播消息成功发送到 1/1 个连接
[2025-04-21 15:37:16] WebSocket 广播消息成功发送到 1/1 个连接
[2025-04-21 15:37:26] WebSocket 广播消息成功发送到 1/1 个连接
[2025-04-21 15:37:36] WebSocket 广播消息成功发送到 1/1 个连接
[2025-04-21 15:37:46] WebSocket 广播消息成功发送到 1/1 个连接
[2025-04-21 15:37:56] WebSocket 广播消息成功发送到 1/1 个连接
[2025-04-21 15:38:06] WebSocket 广播消息成功发送到 1/1 个连接
[2025-04-21 15:38:16] WebSocket 广播消息成功发送到 1/1 个连接
[2025-04-21 15:38:26] WebSocket 广播消息成功发送到 1/1 个连接
[2025-04-21 15:38:36] WebSocket 广播消息成功发送到 1/1 个连接
[2025-04-21 15:38:46] WebSocket 广播消息成功发送到 1/1 个连接
[2025-04-21 15:38:56] WebSocket 广播消息成功发送到 1/1 个连接
[2025-04-21 15:39:00] WebSocket 广播消息成功发送到 1/1 个连接
[2025-04-21 15:39:06] WebSocket 广播消息成功发送到 1/1 个连接
[2025-04-21 15:39:16] WebSocket 广播消息成功发送到 1/1 个连接
[2025-04-21 15:39:26] WebSocket 广播消息成功发送到 1/1 个连接
[2025-04-21 15:39:36] WebSocket 广播消息成功发送到 1/1 个连接
[2025-04-21 15:39:46] WebSocket 广播消息成功发送到 1/1 个连接
[2025-04-21 15:39:56] WebSocket 广播消息成功发送到 1/1 个连接
[2025-04-21 15:40:06] WebSocket 广播消息成功发送到 1/1 个连接
[2025-04-21 15:40:16] WebSocket 广播消息成功发送到 1/1 个连接
[2025-04-21 15:40:26] WebSocket 广播消息成功发送到 1/1 个连接
[2025-04-21 15:40:36] WebSocket 广播消息成功发送到 1/1 个连接
[2025-04-21 15:40:46] WebSocket 广播消息成功发送到 1/1 个连接
[2025-04-21 15:40:56] WebSocket 广播消息成功发送到 1/1 个连接
[2025-04-21 15:41:00] WebSocket 广播消息成功发送到 1/1 个连接
[2025-04-21 15:41:06] WebSocket 广播消息成功发送到 1/1 个连接
[2025-04-21 15:41:16] WebSocket 广播消息成功发送到 1/1 个连接
[2025-04-21 15:41:26] WebSocket 广播消息成功发送到 1/1 个连接
[2025-04-21 15:41:36] WebSocket 广播消息成功发送到 1/1 个连接
[2025-04-21 15:41:46] WebSocket 广播消息成功发送到 1/1 个连接
[2025-04-21 15:41:56] WebSocket 广播消息成功发送到 1/1 个连接
[2025-04-21 15:42:06] WebSocket 广播消息成功发送到 1/1 个连接
[2025-04-21 15:42:16] WebSocket 广播消息成功发送到 1/1 个连接
[2025-04-21 15:42:26] WebSocket 广播消息成功发送到 1/1 个连接
[2025-04-21 15:42:36] WebSocket 广播消息成功发送到 1/1 个连接
[2025-04-21 15:42:46] WebSocket 广播消息成功发送到 1/1 个连接
[2025-04-21 15:42:56] WebSocket 广播消息成功发送到 1/1 个连接
[2025-04-21 15:43:00] WebSocket 广播消息成功发送到 1/1 个连接
[2025-04-21 15:43:06] WebSocket 广播消息成功发送到 1/1 个连接
[2025-04-21 15:43:16] WebSocket 广播消息成功发送到 1/1 个连接
[2025-04-21 15:43:26] WebSocket 广播消息成功发送到 1/1 个连接
[2025-04-21 15:43:36] WebSocket 广播消息成功发送到 1/1 个连接
[2025-04-21 15:43:46] WebSocket 广播消息成功发送到 1/1 个连接
[2025-04-21 15:43:56] WebSocket 广播消息成功发送到 1/1 个连接
[2025-04-21 15:44:06] WebSocket 广播消息成功发送到 1/1 个连接
[2025-04-21 15:44:16] WebSocket 广播消息成功发送到 1/1 个连接
[2025-04-21 15:44:26] WebSocket 广播消息成功发送到 1/1 个连接
[2025-04-21 15:44:36] WebSocket 广播消息成功发送到 1/1 个连接
[2025-04-21 15:44:46] WebSocket 广播消息成功发送到 1/1 个连接
[2025-04-21 15:44:56] WebSocket 广播消息成功发送到 1/1 个连接
[2025-04-21 15:45:00] WebSocket 广播消息成功发送到 1/1 个连接
[2025-04-21 15:45:06] WebSocket 广播消息成功发送到 1/1 个连接
[2025-04-21 15:45:16] WebSocket 广播消息成功发送到 1/1 个连接
[2025-04-21 15:45:26] WebSocket 广播消息成功发送到 1/1 个连接
[2025-04-21 15:45:36] WebSocket 广播消息成功发送到 1/1 个连接
[2025-04-21 15:45:46] WebSocket 广播消息成功发送到 1/1 个连接
[2025-04-21 15:45:56] WebSocket 广播消息成功发送到 1/1 个连接
[2025-04-21 15:46:06] WebSocket 广播消息成功发送到 1/1 个连接
[2025-04-21 15:46:16] WebSocket 广播消息成功发送到 1/1 个连接
[2025-04-21 15:46:26] WebSocket 广播消息成功发送到 1/1 个连接
[2025-04-21 15:46:36] WebSocket 广播消息成功发送到 1/1 个连接
[2025-04-21 15:46:46] WebSocket 广播消息成功发送到 1/1 个连接
[2025-04-21 15:46:56] WebSocket 广播消息成功发送到 1/1 个连接
[2025-04-21 15:47:00] WebSocket 广播消息成功发送到 1/1 个连接
[2025-04-21 15:47:06] WebSocket 广播消息成功发送到 1/1 个连接
[2025-04-21 15:47:16] WebSocket 广播消息成功发送到 1/1 个连接
[2025-04-21 15:47:26] WebSocket 广播消息成功发送到 1/1 个连接
[2025-04-21 15:47:36] WebSocket 广播消息成功发送到 1/1 个连接
[2025-04-21 15:47:46] WebSocket 广播消息成功发送到 1/1 个连接
[2025-04-21 15:47:56] WebSocket 广播消息成功发送到 1/1 个连接
[2025-04-21 15:48:06] WebSocket 广播消息成功发送到 1/1 个连接
[2025-04-21 15:48:16] WebSocket 广播消息成功发送到 1/1 个连接
[2025-04-21 15:48:26] WebSocket 广播消息成功发送到 1/1 个连接
[2025-04-21 15:48:36] WebSocket 广播消息成功发送到 1/1 个连接
[2025-04-21 15:48:46] WebSocket 广播消息成功发送到 1/1 个连接
[2025-04-21 15:48:56] WebSocket 广播消息成功发送到 1/1 个连接
[2025-04-21 15:49:00] WebSocket 广播消息成功发送到 1/1 个连接
[2025-04-21 15:49:06] WebSocket 广播消息成功发送到 1/1 个连接
[2025-04-21 15:49:16] WebSocket 广播消息成功发送到 1/1 个连接
[2025-04-21 15:49:26] WebSocket 广播消息成功发送到 1/1 个连接
[2025-04-21 15:49:36] WebSocket 广播消息成功发送到 1/1 个连接
[2025-04-21 15:49:46] WebSocket 广播消息成功发送到 1/1 个连接
[2025-04-21 15:49:56] WebSocket 广播消息成功发送到 1/1 个连接
[2025-04-21 15:50:06] WebSocket 广播消息成功发送到 1/1 个连接
[2025-04-21 15:50:14] WebSocket 连接已关闭
[2025-04-21 15:50:14] WebSocket 连接已移除，当前连接数: 0
[2025-04-21 15:50:14] GET /api/finance/news/cls - 0ms
[2025-04-21 15:50:15] WebSocket 连接已添加，当前连接数: 1
[2025-04-21 15:50:15] GET /api/finance/news/cls - 0ms
[2025-04-21 15:50:15] GET /api/finance/time - 0ms
[2025-04-21 15:50:15] GET /api/finance/quotes/all - 131ms
[2025-04-21 15:50:15] GET /api/finance/trade-calendar - 286ms
[2025-04-21 15:50:16] WebSocket 广播消息成功发送到 1/1 个连接
[2025-04-21 15:50:26] WebSocket 广播消息成功发送到 1/1 个连接
[2025-04-21 15:50:27] WebSocket 连接已关闭
[2025-04-21 15:50:27] WebSocket 连接已移除，当前连接数: 0
[2025-04-21 15:50:27] WebSocket 连接已添加，当前连接数: 1
[2025-04-21 15:50:27] GET /api/finance/news/cls - 1ms
[2025-04-21 15:50:27] GET /api/finance/time - 0ms
[2025-04-21 15:50:27] GET /api/finance/quotes/all - 120ms
[2025-04-21 15:50:27] GET /api/finance/trade-calendar - 304ms
[2025-04-21 15:50:36] WebSocket 广播消息成功发送到 1/1 个连接
[2025-04-21 15:50:46] WebSocket 广播消息成功发送到 1/1 个连接
[2025-04-21 15:50:56] WebSocket 广播消息成功发送到 1/1 个连接
[2025-04-21 15:51:00] WebSocket 广播消息成功发送到 1/1 个连接
[2025-04-21 15:51:06] WebSocket 广播消息成功发送到 1/1 个连接
[2025-04-21 15:51:16] WebSocket 广播消息成功发送到 1/1 个连接
[2025-04-21 15:51:26] WebSocket 连接已关闭
[2025-04-21 15:51:26] WebSocket 连接已移除，当前连接数: 0
[2025-04-21 15:51:26] WebSocket 广播消息成功发送到 0/0 个连接
[2025-04-21 15:51:26] WebSocket 连接已添加，当前连接数: 1
[2025-04-21 15:51:26] GET /api/finance/news/cls - 0ms
[2025-04-21 15:51:26] GET /api/finance/time - 0ms
[2025-04-21 15:51:27] GET /api/finance/quotes/all - 97ms
[2025-04-21 15:51:27] GET /api/finance/trade-calendar - 265ms
[2025-04-21 15:51:36] WebSocket 广播消息成功发送到 1/1 个连接
[2025-04-21 15:51:46] WebSocket 广播消息成功发送到 1/1 个连接
[2025-04-21 15:51:56] WebSocket 广播消息成功发送到 1/1 个连接
[2025-04-21 15:52:06] WebSocket 广播消息成功发送到 1/1 个连接
[2025-04-21 15:52:16] WebSocket 广播消息成功发送到 1/1 个连接
[2025-04-21 15:52:26] WebSocket 广播消息成功发送到 1/1 个连接
[2025-04-21 15:52:36] WebSocket 广播消息成功发送到 1/1 个连接
[2025-04-21 15:52:46] WebSocket 广播消息成功发送到 1/1 个连接
[2025-04-21 15:52:56] WebSocket 广播消息成功发送到 1/1 个连接
[2025-04-21 15:53:06] WebSocket 广播消息成功发送到 1/1 个连接
[2025-04-21 15:53:16] WebSocket 广播消息成功发送到 1/1 个连接
[2025-04-21 15:53:26] WebSocket 广播消息成功发送到 1/1 个连接
[2025-04-21 15:53:36] WebSocket 广播消息成功发送到 1/1 个连接
[2025-04-21 15:53:46] WebSocket 广播消息成功发送到 1/1 个连接
[2025-04-21 15:53:56] WebSocket 广播消息成功发送到 1/1 个连接
[2025-04-21 15:54:06] WebSocket 广播消息成功发送到 1/1 个连接
[2025-04-21 15:54:16] WebSocket 广播消息成功发送到 1/1 个连接
[2025-04-21 15:54:26] WebSocket 广播消息成功发送到 1/1 个连接
[2025-04-21 15:54:36] WebSocket 广播消息成功发送到 1/1 个连接
[2025-04-21 15:54:46] WebSocket 广播消息成功发送到 1/1 个连接
[2025-04-21 15:54:56] WebSocket 广播消息成功发送到 1/1 个连接
[2025-04-21 15:55:00] WebSocket 广播消息成功发送到 1/1 个连接
[2025-04-21 15:55:06] WebSocket 广播消息成功发送到 1/1 个连接
[2025-04-21 15:55:16] WebSocket 广播消息成功发送到 1/1 个连接
[2025-04-21 15:55:26] WebSocket 广播消息成功发送到 1/1 个连接
[2025-04-21 15:55:36] WebSocket 广播消息成功发送到 1/1 个连接
[2025-04-21 15:55:46] WebSocket 广播消息成功发送到 1/1 个连接
[2025-04-21 15:55:57] WebSocket 广播消息成功发送到 1/1 个连接
[2025-04-21 15:56:06] WebSocket 广播消息成功发送到 1/1 个连接
[2025-04-21 15:56:17] WebSocket 广播消息成功发送到 1/1 个连接
[2025-04-21 15:56:27] WebSocket 广播消息成功发送到 1/1 个连接
[2025-04-21 15:56:37] WebSocket 广播消息成功发送到 1/1 个连接
[2025-04-21 15:56:46] WebSocket 广播消息成功发送到 1/1 个连接
[2025-04-21 15:56:57] WebSocket 广播消息成功发送到 1/1 个连接
[2025-04-21 15:57:00] WebSocket 广播消息成功发送到 1/1 个连接
[2025-04-21 15:57:07] WebSocket 广播消息成功发送到 1/1 个连接
[2025-04-21 15:57:17] WebSocket 广播消息成功发送到 1/1 个连接
[2025-04-21 15:57:27] WebSocket 广播消息成功发送到 1/1 个连接
[2025-04-21 15:57:37] WebSocket 广播消息成功发送到 1/1 个连接
[2025-04-21 15:57:47] WebSocket 广播消息成功发送到 1/1 个连接
[2025-04-21 15:57:57] WebSocket 广播消息成功发送到 1/1 个连接
[2025-04-21 15:58:07] WebSocket 广播消息成功发送到 1/1 个连接
[2025-04-21 15:58:17] WebSocket 广播消息成功发送到 1/1 个连接
[2025-04-21 15:58:27] WebSocket 广播消息成功发送到 1/1 个连接
[2025-04-21 15:58:37] WebSocket 广播消息成功发送到 1/1 个连接
[2025-04-21 15:58:47] WebSocket 广播消息成功发送到 1/1 个连接
[2025-04-21 15:58:57] WebSocket 广播消息成功发送到 1/1 个连接
[2025-04-21 15:59:00] WebSocket 广播消息成功发送到 1/1 个连接
[2025-04-21 15:59:07] WebSocket 广播消息成功发送到 1/1 个连接
[2025-04-21 15:59:17] WebSocket 广播消息成功发送到 1/1 个连接
[2025-04-21 15:59:27] WebSocket 广播消息成功发送到 1/1 个连接
[2025-04-21 15:59:37] WebSocket 广播消息成功发送到 1/1 个连接
[2025-04-21 15:59:47] WebSocket 广播消息成功发送到 1/1 个连接
[2025-04-21 15:59:57] WebSocket 广播消息成功发送到 1/1 个连接
[2025-04-21 16:00:07] WebSocket 广播消息成功发送到 1/1 个连接
[2025-04-21 16:00:17] WebSocket 广播消息成功发送到 1/1 个连接
[2025-04-21 16:00:27] WebSocket 广播消息成功发送到 1/1 个连接
[2025-04-21 16:00:37] WebSocket 广播消息成功发送到 1/1 个连接
[2025-04-21 16:00:47] WebSocket 广播消息成功发送到 1/1 个连接
[2025-04-21 16:00:57] WebSocket 广播消息成功发送到 1/1 个连接
[2025-04-21 16:01:00] WebSocket 广播消息成功发送到 1/1 个连接
[2025-04-21 16:01:07] WebSocket 广播消息成功发送到 1/1 个连接
[2025-04-21 16:01:17] WebSocket 广播消息成功发送到 1/1 个连接
[2025-04-21 16:01:27] WebSocket 广播消息成功发送到 1/1 个连接
[2025-04-21 16:01:33] WebSocket 连接已关闭
[2025-04-21 16:01:33] WebSocket 连接已移除，当前连接数: 0
