[2025-04-10 08:27:39] Koa 和 WebSocket 服务器已启动，监听端口 3300
[2025-04-10 08:27:39] WebSocket 广播消息成功发送到 0/0 个连接
[2025-04-10 08:28:15] GET /api/finance/news/cls - 2ms
[2025-04-10 08:28:15] WebSocket 连接已添加，当前连接数: 1
[2025-04-10 08:29:49] GET /api/finance/news/cls - 1ms
[2025-04-10 08:29:51] WebSocket 连接已关闭
[2025-04-10 08:29:51] WebSocket 连接已移除，当前连接数: 0
[2025-04-10 08:29:51] GET /api/finance/news/cls - 0ms
[2025-04-10 08:29:51] WebSocket 连接已添加，当前连接数: 1
[2025-04-10 08:31:39] WebSocket 广播消息成功发送到 1/1 个连接
[2025-04-10 08:35:39] WebSocket 广播消息成功发送到 1/1 个连接
[2025-04-10 08:43:39] WebSocket 广播消息成功发送到 1/1 个连接
[2025-04-10 08:49:40] WebSocket 广播消息成功发送到 1/1 个连接
[2025-04-10 08:52:19] GET /api/finance/news/cls - 0ms
[2025-04-10 08:53:40] WebSocket 广播消息成功发送到 1/1 个连接
[2025-04-10 08:57:40] WebSocket 广播消息成功发送到 1/1 个连接
[2025-04-10 09:01:40] WebSocket 广播消息成功发送到 1/1 个连接
[2025-04-10 09:03:40] WebSocket 广播消息成功发送到 1/1 个连接
[2025-04-10 09:05:40] WebSocket 广播消息成功发送到 1/1 个连接
[2025-04-10 09:09:40] WebSocket 广播消息成功发送到 1/1 个连接
[2025-04-10 09:11:40] WebSocket 广播消息成功发送到 1/1 个连接
[2025-04-10 09:13:40] WebSocket 广播消息成功发送到 1/1 个连接
[2025-04-10 09:15:40] WebSocket 广播消息成功发送到 1/1 个连接
[2025-04-10 09:17:40] WebSocket 广播消息成功发送到 1/1 个连接
[2025-04-10 09:19:40] WebSocket 广播消息成功发送到 1/1 个连接
[2025-04-10 09:21:40] WebSocket 广播消息成功发送到 1/1 个连接
[2025-04-10 09:25:40] WebSocket 广播消息成功发送到 1/1 个连接
[2025-04-10 09:27:40] WebSocket 广播消息成功发送到 1/1 个连接
[2025-04-10 09:29:22] GET /api/finance/news/cls - 0ms
[2025-04-10 09:29:40] WebSocket 广播消息成功发送到 1/1 个连接
[2025-04-10 09:31:40] WebSocket 广播消息成功发送到 1/1 个连接
[2025-04-10 09:35:40] WebSocket 广播消息成功发送到 1/1 个连接
[2025-04-10 09:37:40] WebSocket 广播消息成功发送到 1/1 个连接
[2025-04-10 09:41:40] WebSocket 广播消息成功发送到 1/1 个连接
[2025-04-10 09:43:40] WebSocket 广播消息成功发送到 1/1 个连接
[2025-04-10 09:44:58] GET /api/finance/news/cls - 0ms
[2025-04-10 09:45:40] WebSocket 广播消息成功发送到 1/1 个连接
[2025-04-10 09:47:40] WebSocket 广播消息成功发送到 1/1 个连接
[2025-04-10 09:49:40] WebSocket 广播消息成功发送到 1/1 个连接
[2025-04-10 09:51:12] GET /api/finance/news/cls - 0ms
[2025-04-10 09:51:40] WebSocket 广播消息成功发送到 1/1 个连接
[2025-04-10 09:53:40] WebSocket 广播消息成功发送到 1/1 个连接
[2025-04-10 09:55:40] WebSocket 广播消息成功发送到 1/1 个连接
[2025-04-10 09:57:41] WebSocket 广播消息成功发送到 1/1 个连接
[2025-04-10 09:59:40] WebSocket 广播消息成功发送到 1/1 个连接
[2025-04-10 10:01:40] WebSocket 广播消息成功发送到 1/1 个连接
[2025-04-10 10:03:40] WebSocket 广播消息成功发送到 1/1 个连接
[2025-04-10 10:05:40] WebSocket 广播消息成功发送到 1/1 个连接
[2025-04-10 10:09:40] WebSocket 广播消息成功发送到 1/1 个连接
[2025-04-10 10:11:40] WebSocket 广播消息成功发送到 1/1 个连接
[2025-04-10 10:13:42] WebSocket 广播消息成功发送到 1/1 个连接
[2025-04-10 10:17:18] GET /api/finance/news/cls - 0ms
[2025-04-10 10:17:40] WebSocket 广播消息成功发送到 1/1 个连接
[2025-04-10 10:17:42] GET /api/finance/news/cls - 0ms
[2025-04-10 10:25:40] WebSocket 广播消息成功发送到 1/1 个连接
[2025-04-10 10:26:01] GET /api/finance/news/cls - 0ms
[2025-04-10 10:27:16] GET /api/finance/news/cls - 0ms
[2025-04-10 10:27:40] WebSocket 广播消息成功发送到 1/1 个连接
[2025-04-10 10:35:40] WebSocket 广播消息成功发送到 1/1 个连接
[2025-04-10 10:41:40] WebSocket 广播消息成功发送到 1/1 个连接
[2025-04-10 10:43:40] WebSocket 广播消息成功发送到 1/1 个连接
[2025-04-10 10:45:40] WebSocket 广播消息成功发送到 1/1 个连接
[2025-04-10 10:47:40] WebSocket 广播消息成功发送到 1/1 个连接
[2025-04-10 10:49:40] WebSocket 广播消息成功发送到 1/1 个连接
[2025-04-10 10:51:40] WebSocket 广播消息成功发送到 1/1 个连接
[2025-04-10 10:55:40] WebSocket 广播消息成功发送到 1/1 个连接
[2025-04-10 10:57:40] WebSocket 广播消息成功发送到 1/1 个连接
[2025-04-10 10:58:09] GET /api/finance/news/cls - 0ms
[2025-04-10 10:59:42] WebSocket 广播消息成功发送到 1/1 个连接
[2025-04-10 11:01:40] WebSocket 广播消息成功发送到 1/1 个连接
[2025-04-10 11:03:40] WebSocket 广播消息成功发送到 1/1 个连接
[2025-04-10 11:09:40] WebSocket 广播消息成功发送到 1/1 个连接
[2025-04-10 11:11:40] WebSocket 广播消息成功发送到 1/1 个连接
[2025-04-10 11:13:40] WebSocket 广播消息成功发送到 1/1 个连接
[2025-04-10 11:15:40] WebSocket 广播消息成功发送到 1/1 个连接
[2025-04-10 11:17:40] WebSocket 广播消息成功发送到 1/1 个连接
[2025-04-10 11:19:40] WebSocket 广播消息成功发送到 1/1 个连接
[2025-04-10 11:21:40] WebSocket 广播消息成功发送到 1/1 个连接
[2025-04-10 11:23:40] WebSocket 广播消息成功发送到 1/1 个连接
[2025-04-10 11:25:40] WebSocket 广播消息成功发送到 1/1 个连接
[2025-04-10 11:25:41] GET /api/finance/news/cls - 0ms
[2025-04-10 11:27:40] WebSocket 广播消息成功发送到 1/1 个连接
[2025-04-10 11:27:42] GET /api/finance/news/cls - 0ms
[2025-04-10 11:31:40] WebSocket 广播消息成功发送到 1/1 个连接
[2025-04-10 11:33:40] WebSocket 广播消息成功发送到 1/1 个连接
[2025-04-10 11:37:40] WebSocket 广播消息成功发送到 1/1 个连接
[2025-04-10 11:39:40] WebSocket 广播消息成功发送到 1/1 个连接
[2025-04-10 11:45:40] WebSocket 广播消息成功发送到 1/1 个连接
[2025-04-10 11:47:40] WebSocket 广播消息成功发送到 1/1 个连接
[2025-04-10 11:53:40] WebSocket 广播消息成功发送到 1/1 个连接
[2025-04-10 12:01:40] WebSocket 广播消息成功发送到 1/1 个连接
[2025-04-10 12:05:40] WebSocket 广播消息成功发送到 1/1 个连接
[2025-04-10 12:09:40] WebSocket 广播消息成功发送到 1/1 个连接
[2025-04-10 12:13:40] WebSocket 广播消息成功发送到 1/1 个连接
[2025-04-10 12:17:40] WebSocket 广播消息成功发送到 1/1 个连接
[2025-04-10 12:19:40] WebSocket 广播消息成功发送到 1/1 个连接
[2025-04-10 12:21:40] WebSocket 广播消息成功发送到 1/1 个连接
[2025-04-10 12:23:40] WebSocket 广播消息成功发送到 1/1 个连接
[2025-04-10 12:25:40] WebSocket 广播消息成功发送到 1/1 个连接
[2025-04-10 12:29:40] WebSocket 广播消息成功发送到 1/1 个连接
[2025-04-10 12:31:40] WebSocket 广播消息成功发送到 1/1 个连接
[2025-04-10 12:37:40] WebSocket 广播消息成功发送到 1/1 个连接
[2025-04-10 12:39:40] WebSocket 广播消息成功发送到 1/1 个连接
[2025-04-10 12:41:40] WebSocket 广播消息成功发送到 1/1 个连接
[2025-04-10 12:49:40] WebSocket 广播消息成功发送到 1/1 个连接
[2025-04-10 12:53:40] WebSocket 广播消息成功发送到 1/1 个连接
[2025-04-10 12:57:40] WebSocket 广播消息成功发送到 1/1 个连接
[2025-04-10 13:01:40] WebSocket 广播消息成功发送到 1/1 个连接
[2025-04-10 13:11:40] WebSocket 广播消息成功发送到 1/1 个连接
[2025-04-10 13:13:40] WebSocket 广播消息成功发送到 1/1 个连接
[2025-04-10 13:17:41] WebSocket 广播消息成功发送到 1/1 个连接
[2025-04-10 13:19:41] WebSocket 广播消息成功发送到 1/1 个连接
[2025-04-10 13:21:41] WebSocket 广播消息成功发送到 1/1 个连接
[2025-04-10 13:23:41] WebSocket 广播消息成功发送到 1/1 个连接
[2025-04-10 13:27:41] WebSocket 广播消息成功发送到 1/1 个连接
[2025-04-10 13:29:41] WebSocket 广播消息成功发送到 1/1 个连接
[2025-04-10 13:31:41] WebSocket 广播消息成功发送到 1/1 个连接
[2025-04-10 13:33:41] WebSocket 广播消息成功发送到 1/1 个连接
[2025-04-10 13:34:29] GET /api/finance/news/cls - 0ms
[2025-04-10 13:34:38] GET /api/finance/news/cls - 0ms
[2025-04-10 13:35:41] WebSocket 广播消息成功发送到 1/1 个连接
[2025-04-10 13:37:41] WebSocket 广播消息成功发送到 1/1 个连接
[2025-04-10 13:39:41] WebSocket 广播消息成功发送到 1/1 个连接
[2025-04-10 13:41:41] WebSocket 广播消息成功发送到 1/1 个连接
[2025-04-10 13:45:41] WebSocket 广播消息成功发送到 1/1 个连接
[2025-04-10 13:46:16] GET /api/finance/news/cls - 0ms
[2025-04-10 13:51:41] WebSocket 广播消息成功发送到 1/1 个连接
[2025-04-10 13:53:41] WebSocket 广播消息成功发送到 1/1 个连接
[2025-04-10 13:55:41] WebSocket 广播消息成功发送到 1/1 个连接
[2025-04-10 13:57:41] WebSocket 广播消息成功发送到 1/1 个连接
[2025-04-10 13:59:41] WebSocket 广播消息成功发送到 1/1 个连接
[2025-04-10 14:01:41] WebSocket 广播消息成功发送到 1/1 个连接
[2025-04-10 14:05:41] WebSocket 广播消息成功发送到 1/1 个连接
[2025-04-10 14:07:41] WebSocket 广播消息成功发送到 1/1 个连接
[2025-04-10 14:09:41] WebSocket 广播消息成功发送到 1/1 个连接
[2025-04-10 14:15:41] WebSocket 广播消息成功发送到 1/1 个连接
[2025-04-10 14:21:41] WebSocket 广播消息成功发送到 1/1 个连接
[2025-04-10 14:25:41] WebSocket 广播消息成功发送到 1/1 个连接
[2025-04-10 14:27:41] WebSocket 广播消息成功发送到 1/1 个连接
[2025-04-10 14:29:41] WebSocket 广播消息成功发送到 1/1 个连接
[2025-04-10 14:31:41] WebSocket 广播消息成功发送到 1/1 个连接
[2025-04-10 14:33:43] WebSocket 广播消息成功发送到 1/1 个连接
[2025-04-10 14:35:41] WebSocket 广播消息成功发送到 1/1 个连接
[2025-04-10 14:37:41] WebSocket 广播消息成功发送到 1/1 个连接
[2025-04-10 14:39:41] WebSocket 广播消息成功发送到 1/1 个连接
[2025-04-10 14:41:41] WebSocket 广播消息成功发送到 1/1 个连接
[2025-04-10 14:43:41] WebSocket 广播消息成功发送到 1/1 个连接
[2025-04-10 14:45:41] WebSocket 广播消息成功发送到 1/1 个连接
[2025-04-10 14:45:57] GET /api/finance/news/cls - 0ms
[2025-04-10 14:47:41] WebSocket 广播消息成功发送到 1/1 个连接
[2025-04-10 14:48:08] GET /api/finance/news/cls - 0ms
[2025-04-10 14:51:41] WebSocket 广播消息成功发送到 1/1 个连接
[2025-04-10 14:53:41] WebSocket 广播消息成功发送到 1/1 个连接
[2025-04-10 14:55:41] WebSocket 广播消息成功发送到 1/1 个连接
[2025-04-10 14:57:00] GET /api/finance/news/cls - 0ms
[2025-04-10 14:59:41] WebSocket 广播消息成功发送到 1/1 个连接
[2025-04-10 15:01:41] WebSocket 广播消息成功发送到 1/1 个连接
[2025-04-10 15:03:41] WebSocket 广播消息成功发送到 1/1 个连接
[2025-04-10 15:09:41] WebSocket 广播消息成功发送到 1/1 个连接
[2025-04-10 15:10:20] GET /api/finance/news/cls - 0ms
[2025-04-10 15:11:41] WebSocket 广播消息成功发送到 1/1 个连接
[2025-04-10 15:15:41] WebSocket 广播消息成功发送到 1/1 个连接
[2025-04-10 15:17:41] WebSocket 广播消息成功发送到 1/1 个连接
[2025-04-10 15:19:41] WebSocket 广播消息成功发送到 1/1 个连接
[2025-04-10 15:21:41] WebSocket 广播消息成功发送到 1/1 个连接
[2025-04-10 15:23:41] WebSocket 广播消息成功发送到 1/1 个连接
[2025-04-10 15:25:41] WebSocket 广播消息成功发送到 1/1 个连接
[2025-04-10 15:27:41] WebSocket 广播消息成功发送到 1/1 个连接
[2025-04-10 15:31:41] WebSocket 广播消息成功发送到 1/1 个连接
[2025-04-10 15:33:39] GET /api/finance/news/cls - 0ms
[2025-04-10 15:33:41] WebSocket 广播消息成功发送到 1/1 个连接
[2025-04-10 15:35:41] WebSocket 广播消息成功发送到 1/1 个连接
[2025-04-10 15:37:41] WebSocket 广播消息成功发送到 1/1 个连接
[2025-04-10 15:41:41] WebSocket 广播消息成功发送到 1/1 个连接
[2025-04-10 15:43:41] WebSocket 广播消息成功发送到 1/1 个连接
[2025-04-10 15:44:25] GET /api/finance/news/cls - 0ms
[2025-04-10 15:45:41] WebSocket 广播消息成功发送到 1/1 个连接
[2025-04-10 15:49:41] WebSocket 广播消息成功发送到 1/1 个连接
[2025-04-10 15:51:41] WebSocket 广播消息成功发送到 1/1 个连接
[2025-04-10 15:53:41] WebSocket 广播消息成功发送到 1/1 个连接
[2025-04-10 15:55:41] WebSocket 广播消息成功发送到 1/1 个连接
[2025-04-10 15:56:40] GET /api/finance/news/cls - 0ms
[2025-04-10 15:57:41] WebSocket 广播消息成功发送到 1/1 个连接
[2025-04-10 16:01:41] WebSocket 广播消息成功发送到 1/1 个连接
[2025-04-10 16:03:29] GET /api/finance/news/cls - 0ms
[2025-04-10 16:03:41] WebSocket 广播消息成功发送到 1/1 个连接
[2025-04-10 16:05:41] WebSocket 广播消息成功发送到 1/1 个连接
[2025-04-10 16:07:41] WebSocket 广播消息成功发送到 1/1 个连接
[2025-04-10 16:11:41] WebSocket 广播消息成功发送到 1/1 个连接
[2025-04-10 16:15:41] WebSocket 广播消息成功发送到 1/1 个连接
[2025-04-10 16:17:41] WebSocket 广播消息成功发送到 1/1 个连接
[2025-04-10 16:19:41] WebSocket 广播消息成功发送到 1/1 个连接
[2025-04-10 16:21:41] WebSocket 广播消息成功发送到 1/1 个连接
[2025-04-10 16:23:41] WebSocket 广播消息成功发送到 1/1 个连接
[2025-04-10 16:25:19] GET /api/finance/news/cls - 0ms
[2025-04-10 16:25:26] GET /api/finance/news/cls - 0ms
[2025-04-10 16:25:41] WebSocket 广播消息成功发送到 1/1 个连接
[2025-04-10 16:27:41] WebSocket 广播消息成功发送到 1/1 个连接
[2025-04-10 16:29:41] WebSocket 广播消息成功发送到 1/1 个连接
[2025-04-10 16:31:41] WebSocket 广播消息成功发送到 1/1 个连接
[2025-04-10 16:33:41] WebSocket 广播消息成功发送到 1/1 个连接
[2025-04-10 16:35:41] WebSocket 广播消息成功发送到 1/1 个连接
[2025-04-10 16:37:41] WebSocket 广播消息成功发送到 1/1 个连接
[2025-04-10 16:39:41] WebSocket 广播消息成功发送到 1/1 个连接
[2025-04-10 16:41:41] WebSocket 广播消息成功发送到 1/1 个连接
[2025-04-10 16:45:41] WebSocket 广播消息成功发送到 1/1 个连接
[2025-04-10 16:46:40] GET /api/finance/news/cls - 0ms
[2025-04-10 16:47:41] WebSocket 广播消息成功发送到 1/1 个连接
[2025-04-10 16:49:10] GET /api/finance/news/cls - 0ms
[2025-04-10 16:55:41] WebSocket 广播消息成功发送到 1/1 个连接
[2025-04-10 16:57:41] WebSocket 广播消息成功发送到 1/1 个连接
[2025-04-10 16:59:41] WebSocket 广播消息成功发送到 1/1 个连接
[2025-04-10 17:01:41] WebSocket 广播消息成功发送到 1/1 个连接
[2025-04-10 17:03:41] WebSocket 广播消息成功发送到 1/1 个连接
[2025-04-10 17:07:41] WebSocket 广播消息成功发送到 1/1 个连接
[2025-04-10 17:09:41] WebSocket 广播消息成功发送到 1/1 个连接
[2025-04-10 17:11:41] WebSocket 广播消息成功发送到 1/1 个连接
[2025-04-10 17:12:15] GET /api/finance/news/cls - 0ms
[2025-04-10 17:15:41] WebSocket 广播消息成功发送到 1/1 个连接
[2025-04-10 17:17:41] WebSocket 广播消息成功发送到 1/1 个连接
[2025-04-10 17:19:42] WebSocket 广播消息成功发送到 1/1 个连接
[2025-04-10 17:21:42] WebSocket 广播消息成功发送到 1/1 个连接
