[2025-04-22 16:06:40] [GET /api/finance/news/sina] TypeError: getSina7x24Data is not a function
    at D:\KaKaRoot\kaka-koa-service\routes\route\Finance\index.js:57:22
    at dispatch (D:\KaKaRoot\kaka-koa-service\node_modules\koa-compose\index.js:42:32)
    at D:\KaKaRoot\kaka-koa-service\node_modules\koa-router\lib\router.js:261:18
    at dispatch (D:\KaKaRoot\kaka-koa-service\node_modules\koa-compose\index.js:42:32)
    at D:\KaKaRoot\kaka-koa-service\node_modules\koa-compose\index.js:34:12
    at dispatch (D:\KaKaRoot\kaka-koa-service\node_modules\koa-router\lib\router.js:266:33)
    at dispatch (D:\KaKaRoot\kaka-koa-service\node_modules\koa-compose\index.js:42:32)
    at D:\KaKaRoot\kaka-koa-service\app.js:25:11
    at dispatch (D:\KaKaRoot\kaka-koa-service\node_modules\koa-compose\index.js:42:32)
    at D:\KaKaRoot\kaka-koa-service\app.js:17:9
[2025-04-22 16:07:05] [GET /api/finance/news/sina] TypeError: getSina7x24Data is not a function
    at D:\KaKaRoot\kaka-koa-service\routes\route\Finance\index.js:57:22
    at dispatch (D:\KaKaRoot\kaka-koa-service\node_modules\koa-compose\index.js:42:32)
    at D:\KaKaRoot\kaka-koa-service\node_modules\koa-router\lib\router.js:261:18
    at dispatch (D:\KaKaRoot\kaka-koa-service\node_modules\koa-compose\index.js:42:32)
    at D:\KaKaRoot\kaka-koa-service\node_modules\koa-compose\index.js:34:12
    at dispatch (D:\KaKaRoot\kaka-koa-service\node_modules\koa-router\lib\router.js:266:33)
    at dispatch (D:\KaKaRoot\kaka-koa-service\node_modules\koa-compose\index.js:42:32)
    at D:\KaKaRoot\kaka-koa-service\app.js:25:11
    at dispatch (D:\KaKaRoot\kaka-koa-service\node_modules\koa-compose\index.js:42:32)
    at D:\KaKaRoot\kaka-koa-service\app.js:17:9
[2025-04-22 16:08:55] [GET /api/finance/news/sina] TypeError: getSina7x24Data is not a function
    at D:\KaKaRoot\kaka-koa-service\routes\route\Finance\index.js:57:22
    at dispatch (D:\KaKaRoot\kaka-koa-service\node_modules\koa-compose\index.js:42:32)
    at D:\KaKaRoot\kaka-koa-service\node_modules\koa-router\lib\router.js:261:18
    at dispatch (D:\KaKaRoot\kaka-koa-service\node_modules\koa-compose\index.js:42:32)
    at D:\KaKaRoot\kaka-koa-service\node_modules\koa-compose\index.js:34:12
    at dispatch (D:\KaKaRoot\kaka-koa-service\node_modules\koa-router\lib\router.js:266:33)
    at dispatch (D:\KaKaRoot\kaka-koa-service\node_modules\koa-compose\index.js:42:32)
    at D:\KaKaRoot\kaka-koa-service\app.js:25:11
    at dispatch (D:\KaKaRoot\kaka-koa-service\node_modules\koa-compose\index.js:42:32)
    at D:\KaKaRoot\kaka-koa-service\app.js:17:9
[2025-04-22 16:09:26] [GET /api/finance/news/sina] TypeError: getSina7x24Data is not a function
    at D:\KaKaRoot\kaka-koa-service\routes\route\Finance\index.js:57:22
    at dispatch (D:\KaKaRoot\kaka-koa-service\node_modules\koa-compose\index.js:42:32)
    at D:\KaKaRoot\kaka-koa-service\node_modules\koa-router\lib\router.js:261:18
    at dispatch (D:\KaKaRoot\kaka-koa-service\node_modules\koa-compose\index.js:42:32)
    at D:\KaKaRoot\kaka-koa-service\node_modules\koa-compose\index.js:34:12
    at dispatch (D:\KaKaRoot\kaka-koa-service\node_modules\koa-router\lib\router.js:266:33)
    at dispatch (D:\KaKaRoot\kaka-koa-service\node_modules\koa-compose\index.js:42:32)
    at D:\KaKaRoot\kaka-koa-service\app.js:25:11
    at dispatch (D:\KaKaRoot\kaka-koa-service\node_modules\koa-compose\index.js:42:32)
    at D:\KaKaRoot\kaka-koa-service\app.js:17:9
[2025-04-22 16:11:05] [GET /api/finance/news/sina] TypeError: getSina7x24Data is not a function
    at D:\KaKaRoot\kaka-koa-service\routes\route\Finance\index.js:57:22
    at dispatch (D:\KaKaRoot\kaka-koa-service\node_modules\koa-compose\index.js:42:32)
    at D:\KaKaRoot\kaka-koa-service\node_modules\koa-router\lib\router.js:261:18
    at dispatch (D:\KaKaRoot\kaka-koa-service\node_modules\koa-compose\index.js:42:32)
    at D:\KaKaRoot\kaka-koa-service\node_modules\koa-compose\index.js:34:12
    at dispatch (D:\KaKaRoot\kaka-koa-service\node_modules\koa-router\lib\router.js:266:33)
    at dispatch (D:\KaKaRoot\kaka-koa-service\node_modules\koa-compose\index.js:42:32)
    at D:\KaKaRoot\kaka-koa-service\app.js:25:11
    at dispatch (D:\KaKaRoot\kaka-koa-service\node_modules\koa-compose\index.js:42:32)
    at D:\KaKaRoot\kaka-koa-service\app.js:17:9
[2025-04-22 16:15:15] [GET /api/finance/news/sina] TypeError: getSina7x24Data is not a function
    at D:\KaKaRoot\kaka-koa-service\routes\route\Finance\index.js:57:22
    at dispatch (D:\KaKaRoot\kaka-koa-service\node_modules\koa-compose\index.js:42:32)
    at D:\KaKaRoot\kaka-koa-service\node_modules\koa-router\lib\router.js:261:18
    at dispatch (D:\KaKaRoot\kaka-koa-service\node_modules\koa-compose\index.js:42:32)
    at D:\KaKaRoot\kaka-koa-service\node_modules\koa-compose\index.js:34:12
    at dispatch (D:\KaKaRoot\kaka-koa-service\node_modules\koa-router\lib\router.js:266:33)
    at dispatch (D:\KaKaRoot\kaka-koa-service\node_modules\koa-compose\index.js:42:32)
    at D:\KaKaRoot\kaka-koa-service\app.js:25:11
    at dispatch (D:\KaKaRoot\kaka-koa-service\node_modules\koa-compose\index.js:42:32)
    at D:\KaKaRoot\kaka-koa-service\app.js:17:9
