[2025-04-24 10:01:48] Koa 和 WebSocket 服务器已启动，监听端口 3300
[2025-04-24 10:01:49] WebSocket 广播消息成功发送到 0/0 个连接
[2025-04-24 10:01:49] WebSocket 广播消息成功发送到 0/0 个连接
[2025-04-24 10:02:13] WebSocket 连接已添加，当前连接数: 1
[2025-04-24 10:02:13] GET /api/finance/news/cls - 2ms
[2025-04-24 10:02:13] GET /api/finance/time - 1ms
[2025-04-24 10:02:13] GET /api/finance/quotes/all - 315ms
[2025-04-24 10:02:13] GET /api/finance/trade-calendar - 445ms
[2025-04-24 10:02:14] WebSocket 广播消息成功发送到 1/1 个连接
[2025-04-24 10:02:14] Koa 和 WebSocket 服务器已启动，监听端口 3300
[2025-04-24 10:02:15] WebSocket 广播消息成功发送到 0/0 个连接
[2025-04-24 10:02:15] WebSocket 广播消息成功发送到 0/0 个连接
[2025-04-24 10:02:17] WebSocket 连接已添加，当前连接数: 1
[2025-04-24 10:02:20] WebSocket 广播消息成功发送到 1/1 个连接
[2025-04-24 10:02:25] WebSocket 广播消息成功发送到 1/1 个连接
[2025-04-24 10:02:30] WebSocket 广播消息成功发送到 1/1 个连接
[2025-04-24 10:02:31] GET /api/finance/news/sina - 2ms
[2025-04-24 10:02:33] GET /api/finance/news/cls - 1ms
[2025-04-24 10:02:35] WebSocket 广播消息成功发送到 1/1 个连接
[2025-04-24 10:02:40] WebSocket 广播消息成功发送到 1/1 个连接
[2025-04-24 10:02:41] GET /api/finance/news/cls - 0ms
[2025-04-24 10:02:42] GET /api/finance/news/sina - 0ms
[2025-04-24 10:02:45] WebSocket 广播消息成功发送到 1/1 个连接
[2025-04-24 10:02:50] WebSocket 广播消息成功发送到 1/1 个连接
[2025-04-24 10:02:55] WebSocket 广播消息成功发送到 1/1 个连接
[2025-04-24 10:03:00] WebSocket 广播消息成功发送到 1/1 个连接
[2025-04-24 10:03:00] GET /api/finance/news/cls - 0ms
[2025-04-24 10:03:02] GET /api/finance/news/sina - 0ms
[2025-04-24 10:03:05] WebSocket 广播消息成功发送到 1/1 个连接
[2025-04-24 10:03:10] WebSocket 广播消息成功发送到 1/1 个连接
[2025-04-24 10:03:15] WebSocket 广播消息成功发送到 1/1 个连接
[2025-04-24 10:03:20] WebSocket 广播消息成功发送到 1/1 个连接
[2025-04-24 10:03:25] WebSocket 广播消息成功发送到 1/1 个连接
[2025-04-24 10:03:30] WebSocket 广播消息成功发送到 1/1 个连接
[2025-04-24 10:03:35] WebSocket 广播消息成功发送到 1/1 个连接
[2025-04-24 10:03:38] GET /api/finance/news/cls - 0ms
[2025-04-24 10:03:40] WebSocket 广播消息成功发送到 1/1 个连接
[2025-04-24 10:03:41] GET /api/finance/news/sina - 0ms
[2025-04-24 10:03:42] GET /api/finance/news/cls - 0ms
[2025-04-24 10:03:45] WebSocket 广播消息成功发送到 1/1 个连接
[2025-04-24 10:03:50] WebSocket 广播消息成功发送到 1/1 个连接
[2025-04-24 10:03:55] WebSocket 广播消息成功发送到 1/1 个连接
[2025-04-24 10:04:00] WebSocket 广播消息成功发送到 1/1 个连接
[2025-04-24 10:04:05] WebSocket 广播消息成功发送到 1/1 个连接
[2025-04-24 10:04:10] GET /api/finance/news/sina - 0ms
[2025-04-24 10:04:10] WebSocket 广播消息成功发送到 1/1 个连接
[2025-04-24 10:04:11] GET /api/finance/news/cls - 1ms
[2025-04-24 10:04:13] GET /api/finance/news/cls - 0ms
[2025-04-24 10:04:13] GET /api/finance/news/sina - 0ms
[2025-04-24 10:04:14] GET /api/finance/news/sina - 0ms
[2025-04-24 10:04:15] WebSocket 广播消息成功发送到 1/1 个连接
[2025-04-24 10:04:15] WebSocket 广播消息成功发送到 1/1 个连接
[2025-04-24 10:04:15] WebSocket 广播消息成功发送到 1/1 个连接
[2025-04-24 10:04:20] WebSocket 广播消息成功发送到 1/1 个连接
[2025-04-24 10:04:24] GET /api/finance/news/cls - 0ms
[2025-04-24 10:04:24] GET /api/finance/news/sina - 0ms
[2025-04-24 10:04:25] WebSocket 广播消息成功发送到 1/1 个连接
[2025-04-24 10:04:26] GET /api/finance/news/cls - 1ms
[2025-04-24 10:04:30] WebSocket 广播消息成功发送到 1/1 个连接
[2025-04-24 10:04:35] WebSocket 广播消息成功发送到 1/1 个连接
[2025-04-24 10:04:40] GET /api/finance/news/sina - 0ms
[2025-04-24 10:04:40] WebSocket 广播消息成功发送到 1/1 个连接
[2025-04-24 10:04:45] WebSocket 广播消息成功发送到 1/1 个连接
[2025-04-24 10:04:50] WebSocket 广播消息成功发送到 1/1 个连接
[2025-04-24 10:04:55] WebSocket 广播消息成功发送到 1/1 个连接
[2025-04-24 10:05:00] WebSocket 广播消息成功发送到 1/1 个连接
[2025-04-24 10:05:05] WebSocket 广播消息成功发送到 1/1 个连接
[2025-04-24 10:05:10] WebSocket 广播消息成功发送到 1/1 个连接
[2025-04-24 10:05:15] WebSocket 广播消息成功发送到 1/1 个连接
[2025-04-24 10:05:20] WebSocket 广播消息成功发送到 1/1 个连接
[2025-04-24 10:05:25] WebSocket 广播消息成功发送到 1/1 个连接
[2025-04-24 10:05:27] GET /api/finance/news/cls - 0ms
[2025-04-24 10:05:28] GET /api/finance/news/sina - 0ms
[2025-04-24 10:05:30] WebSocket 广播消息成功发送到 1/1 个连接
[2025-04-24 10:05:35] WebSocket 广播消息成功发送到 1/1 个连接
[2025-04-24 10:05:40] WebSocket 广播消息成功发送到 1/1 个连接
[2025-04-24 10:05:45] WebSocket 广播消息成功发送到 1/1 个连接
[2025-04-24 10:05:50] WebSocket 广播消息成功发送到 1/1 个连接
[2025-04-24 10:05:55] WebSocket 广播消息成功发送到 1/1 个连接
[2025-04-24 10:06:00] WebSocket 广播消息成功发送到 1/1 个连接
[2025-04-24 10:06:05] WebSocket 广播消息成功发送到 1/1 个连接
[2025-04-24 10:06:10] WebSocket 广播消息成功发送到 1/1 个连接
[2025-04-24 10:06:15] WebSocket 广播消息成功发送到 1/1 个连接
[2025-04-24 10:06:15] WebSocket 广播消息成功发送到 1/1 个连接
[2025-04-24 10:06:20] WebSocket 广播消息成功发送到 1/1 个连接
[2025-04-24 10:06:25] WebSocket 广播消息成功发送到 1/1 个连接
[2025-04-24 10:06:27] GET /api/finance/news/cls - 0ms
[2025-04-24 10:06:28] GET /api/finance/news/sina - 0ms
[2025-04-24 10:06:30] WebSocket 广播消息成功发送到 1/1 个连接
[2025-04-24 10:06:35] WebSocket 广播消息成功发送到 1/1 个连接
[2025-04-24 10:06:40] WebSocket 广播消息成功发送到 1/1 个连接
[2025-04-24 10:06:45] WebSocket 广播消息成功发送到 1/1 个连接
[2025-04-24 10:06:50] WebSocket 广播消息成功发送到 1/1 个连接
[2025-04-24 10:06:55] WebSocket 广播消息成功发送到 1/1 个连接
[2025-04-24 10:07:00] WebSocket 广播消息成功发送到 1/1 个连接
[2025-04-24 10:07:05] WebSocket 广播消息成功发送到 1/1 个连接
[2025-04-24 10:07:10] WebSocket 广播消息成功发送到 1/1 个连接
[2025-04-24 10:07:15] WebSocket 广播消息成功发送到 1/1 个连接
[2025-04-24 10:07:20] WebSocket 广播消息成功发送到 1/1 个连接
[2025-04-24 10:07:25] WebSocket 广播消息成功发送到 1/1 个连接
[2025-04-24 10:07:30] WebSocket 广播消息成功发送到 1/1 个连接
[2025-04-24 10:07:35] WebSocket 广播消息成功发送到 1/1 个连接
[2025-04-24 10:07:40] WebSocket 广播消息成功发送到 1/1 个连接
[2025-04-24 10:07:45] WebSocket 广播消息成功发送到 1/1 个连接
[2025-04-24 10:07:50] WebSocket 广播消息成功发送到 1/1 个连接
[2025-04-24 10:07:55] WebSocket 广播消息成功发送到 1/1 个连接
[2025-04-24 10:08:00] WebSocket 广播消息成功发送到 1/1 个连接
[2025-04-24 10:08:05] WebSocket 广播消息成功发送到 1/1 个连接
[2025-04-24 10:08:10] WebSocket 广播消息成功发送到 1/1 个连接
[2025-04-24 10:08:15] WebSocket 广播消息成功发送到 1/1 个连接
[2025-04-24 10:08:15] WebSocket 广播消息成功发送到 1/1 个连接
[2025-04-24 10:08:15] WebSocket 广播消息成功发送到 1/1 个连接
[2025-04-24 10:08:20] WebSocket 广播消息成功发送到 1/1 个连接
[2025-04-24 10:08:25] WebSocket 广播消息成功发送到 1/1 个连接
[2025-04-24 10:08:30] WebSocket 广播消息成功发送到 1/1 个连接
[2025-04-24 10:08:35] WebSocket 广播消息成功发送到 1/1 个连接
[2025-04-24 10:08:40] WebSocket 广播消息成功发送到 1/1 个连接
[2025-04-24 10:08:45] WebSocket 广播消息成功发送到 1/1 个连接
[2025-04-24 10:08:50] WebSocket 广播消息成功发送到 1/1 个连接
[2025-04-24 10:08:55] WebSocket 广播消息成功发送到 1/1 个连接
[2025-04-24 10:09:00] WebSocket 广播消息成功发送到 1/1 个连接
[2025-04-24 10:09:05] WebSocket 广播消息成功发送到 1/1 个连接
[2025-04-24 10:09:10] WebSocket 广播消息成功发送到 1/1 个连接
[2025-04-24 10:09:15] WebSocket 广播消息成功发送到 1/1 个连接
[2025-04-24 10:09:20] WebSocket 广播消息成功发送到 1/1 个连接
[2025-04-24 10:09:25] WebSocket 广播消息成功发送到 1/1 个连接
[2025-04-24 10:09:30] WebSocket 广播消息成功发送到 1/1 个连接
[2025-04-24 10:09:36] WebSocket 广播消息成功发送到 1/1 个连接
[2025-04-24 10:09:40] WebSocket 广播消息成功发送到 1/1 个连接
[2025-04-24 10:09:45] WebSocket 广播消息成功发送到 1/1 个连接
[2025-04-24 10:09:50] WebSocket 广播消息成功发送到 1/1 个连接
[2025-04-24 10:09:52] WebSocket 连接已关闭
[2025-04-24 10:09:52] WebSocket 连接已移除，当前连接数: 0
[2025-04-24 10:09:52] WebSocket 连接已添加，当前连接数: 1
[2025-04-24 10:09:52] GET /api/finance/news/cls - 0ms
[2025-04-24 10:09:52] GET /api/finance/time - 1ms
[2025-04-24 10:09:52] GET /api/finance/quotes/all - 169ms
[2025-04-24 10:09:53] GET /api/finance/trade-calendar - 514ms
[2025-04-24 10:09:54] WebSocket 广播消息成功发送到 1/1 个连接
[2025-04-24 10:09:54] Koa 和 WebSocket 服务器已启动，监听端口 3300
[2025-04-24 10:09:54] WebSocket 广播消息成功发送到 0/0 个连接
[2025-04-24 10:09:54] WebSocket 广播消息成功发送到 0/0 个连接
[2025-04-24 10:09:56] WebSocket 连接已添加，当前连接数: 1
[2025-04-24 10:09:59] WebSocket 广播消息成功发送到 1/1 个连接
[2025-04-24 10:10:04] WebSocket 广播消息成功发送到 1/1 个连接
[2025-04-24 10:10:09] WebSocket 广播消息成功发送到 1/1 个连接
[2025-04-24 10:10:14] WebSocket 广播消息成功发送到 1/1 个连接
[2025-04-24 10:10:19] WebSocket 广播消息成功发送到 1/1 个连接
[2025-04-24 10:10:24] WebSocket 广播消息成功发送到 1/1 个连接
[2025-04-24 10:10:29] WebSocket 广播消息成功发送到 1/1 个连接
[2025-04-24 10:10:34] WebSocket 广播消息成功发送到 1/1 个连接
[2025-04-24 10:10:39] WebSocket 广播消息成功发送到 1/1 个连接
[2025-04-24 10:10:44] WebSocket 广播消息成功发送到 1/1 个连接
[2025-04-24 10:10:49] WebSocket 广播消息成功发送到 1/1 个连接
[2025-04-24 10:10:54] WebSocket 广播消息成功发送到 1/1 个连接
[2025-04-24 10:10:59] WebSocket 广播消息成功发送到 1/1 个连接
[2025-04-24 10:11:04] WebSocket 广播消息成功发送到 1/1 个连接
[2025-04-24 10:11:09] WebSocket 广播消息成功发送到 1/1 个连接
[2025-04-24 10:11:14] WebSocket 广播消息成功发送到 1/1 个连接
[2025-04-24 10:11:15] GET /api/finance/news/sina - 3ms
[2025-04-24 10:11:20] WebSocket 广播消息成功发送到 1/1 个连接
[2025-04-24 10:11:22] GET /api/finance/news/sina - 0ms
[2025-04-24 10:11:24] WebSocket 广播消息成功发送到 1/1 个连接
[2025-04-24 10:11:29] WebSocket 广播消息成功发送到 1/1 个连接
[2025-04-24 10:11:35] WebSocket 广播消息成功发送到 1/1 个连接
[2025-04-24 10:11:39] WebSocket 广播消息成功发送到 1/1 个连接
[2025-04-24 10:11:44] WebSocket 广播消息成功发送到 1/1 个连接
[2025-04-24 10:11:50] WebSocket 广播消息成功发送到 1/1 个连接
[2025-04-24 10:11:54] WebSocket 广播消息成功发送到 1/1 个连接
[2025-04-24 10:11:54] WebSocket 广播消息成功发送到 1/1 个连接
[2025-04-24 10:11:55] WebSocket 广播消息成功发送到 1/1 个连接
[2025-04-24 10:12:00] WebSocket 广播消息成功发送到 1/1 个连接
[2025-04-24 10:12:05] WebSocket 广播消息成功发送到 1/1 个连接
[2025-04-24 10:12:09] WebSocket 广播消息成功发送到 1/1 个连接
[2025-04-24 10:12:14] WebSocket 广播消息成功发送到 1/1 个连接
[2025-04-24 10:12:20] WebSocket 广播消息成功发送到 1/1 个连接
[2025-04-24 10:12:24] WebSocket 广播消息成功发送到 1/1 个连接
[2025-04-24 10:12:29] WebSocket 广播消息成功发送到 1/1 个连接
[2025-04-24 10:12:35] WebSocket 广播消息成功发送到 1/1 个连接
[2025-04-24 10:12:40] WebSocket 广播消息成功发送到 1/1 个连接
[2025-04-24 10:12:45] WebSocket 广播消息成功发送到 1/1 个连接
[2025-04-24 10:12:50] WebSocket 广播消息成功发送到 1/1 个连接
[2025-04-24 10:12:55] WebSocket 广播消息成功发送到 1/1 个连接
[2025-04-24 10:13:00] WebSocket 广播消息成功发送到 1/1 个连接
[2025-04-24 10:13:05] WebSocket 广播消息成功发送到 1/1 个连接
[2025-04-24 10:13:06] WebSocket 连接已关闭
[2025-04-24 10:13:06] WebSocket 连接已移除，当前连接数: 0
[2025-04-24 10:13:07] WebSocket 连接已添加，当前连接数: 1
[2025-04-24 10:13:07] GET /api/finance/news/cls - 0ms
[2025-04-24 10:13:07] GET /api/finance/time - 0ms
[2025-04-24 10:13:07] GET /api/finance/quotes/all - 129ms
[2025-04-24 10:13:09] GET /api/finance/trade-calendar - 2001ms
[2025-04-24 10:13:10] WebSocket 广播消息成功发送到 1/1 个连接
[2025-04-24 10:13:10] WebSocket 广播消息成功发送到 1/1 个连接
[2025-04-24 10:13:10] Koa 和 WebSocket 服务器已启动，监听端口 3300
[2025-04-24 10:13:10] WebSocket 广播消息成功发送到 0/0 个连接
[2025-04-24 10:13:11] WebSocket 广播消息成功发送到 0/0 个连接
[2025-04-24 10:13:13] WebSocket 连接已添加，当前连接数: 1
[2025-04-24 10:13:15] WebSocket 广播消息成功发送到 1/1 个连接
[2025-04-24 10:13:20] WebSocket 广播消息成功发送到 1/1 个连接
[2025-04-24 10:13:25] WebSocket 广播消息成功发送到 1/1 个连接
[2025-04-24 10:13:30] WebSocket 广播消息成功发送到 1/1 个连接
[2025-04-24 10:13:36] WebSocket 广播消息成功发送到 1/1 个连接
[2025-04-24 10:13:40] WebSocket 广播消息成功发送到 1/1 个连接
[2025-04-24 10:13:45] WebSocket 广播消息成功发送到 1/1 个连接
[2025-04-24 10:13:51] WebSocket 广播消息成功发送到 1/1 个连接
[2025-04-24 10:13:56] WebSocket 广播消息成功发送到 1/1 个连接
[2025-04-24 10:14:01] WebSocket 广播消息成功发送到 1/1 个连接
[2025-04-24 10:14:06] WebSocket 广播消息成功发送到 1/1 个连接
[2025-04-24 10:14:11] WebSocket 广播消息成功发送到 1/1 个连接
[2025-04-24 10:14:16] WebSocket 广播消息成功发送到 1/1 个连接
[2025-04-24 10:14:21] WebSocket 广播消息成功发送到 1/1 个连接
[2025-04-24 10:14:26] WebSocket 广播消息成功发送到 1/1 个连接
[2025-04-24 10:14:31] WebSocket 广播消息成功发送到 1/1 个连接
[2025-04-24 10:14:36] WebSocket 广播消息成功发送到 1/1 个连接
[2025-04-24 10:14:41] WebSocket 广播消息成功发送到 1/1 个连接
[2025-04-24 10:14:46] WebSocket 广播消息成功发送到 1/1 个连接
[2025-04-24 10:14:51] WebSocket 广播消息成功发送到 1/1 个连接
[2025-04-24 10:14:56] WebSocket 广播消息成功发送到 1/1 个连接
[2025-04-24 10:15:01] WebSocket 广播消息成功发送到 1/1 个连接
[2025-04-24 10:15:06] WebSocket 广播消息成功发送到 1/1 个连接
[2025-04-24 10:15:10] WebSocket 广播消息成功发送到 1/1 个连接
[2025-04-24 10:15:11] WebSocket 广播消息成功发送到 1/1 个连接
[2025-04-24 10:15:11] WebSocket 广播消息成功发送到 1/1 个连接
[2025-04-24 10:15:16] WebSocket 广播消息成功发送到 1/1 个连接
[2025-04-24 10:15:21] WebSocket 广播消息成功发送到 1/1 个连接
[2025-04-24 10:15:26] WebSocket 广播消息成功发送到 1/1 个连接
[2025-04-24 10:15:31] WebSocket 广播消息成功发送到 1/1 个连接
[2025-04-24 10:15:36] WebSocket 广播消息成功发送到 1/1 个连接
[2025-04-24 10:15:41] WebSocket 广播消息成功发送到 1/1 个连接
[2025-04-24 10:15:46] WebSocket 广播消息成功发送到 1/1 个连接
[2025-04-24 10:15:51] WebSocket 广播消息成功发送到 1/1 个连接
[2025-04-24 10:15:56] WebSocket 广播消息成功发送到 1/1 个连接
[2025-04-24 10:16:01] WebSocket 广播消息成功发送到 1/1 个连接
[2025-04-24 10:16:06] WebSocket 广播消息成功发送到 1/1 个连接
[2025-04-24 10:16:11] WebSocket 广播消息成功发送到 1/1 个连接
[2025-04-24 10:16:15] GET /api/finance/news/sina - 3ms
[2025-04-24 10:16:16] WebSocket 广播消息成功发送到 1/1 个连接
[2025-04-24 10:16:21] WebSocket 广播消息成功发送到 1/1 个连接
[2025-04-24 10:16:26] WebSocket 广播消息成功发送到 1/1 个连接
[2025-04-24 10:16:31] WebSocket 广播消息成功发送到 1/1 个连接
[2025-04-24 10:16:36] WebSocket 广播消息成功发送到 1/1 个连接
[2025-04-24 10:16:41] WebSocket 广播消息成功发送到 1/1 个连接
[2025-04-24 10:16:46] WebSocket 广播消息成功发送到 1/1 个连接
[2025-04-24 10:16:51] WebSocket 广播消息成功发送到 1/1 个连接
[2025-04-24 10:16:56] WebSocket 广播消息成功发送到 1/1 个连接
[2025-04-24 10:17:01] WebSocket 广播消息成功发送到 1/1 个连接
[2025-04-24 10:17:06] WebSocket 广播消息成功发送到 1/1 个连接
[2025-04-24 10:17:10] WebSocket 广播消息成功发送到 1/1 个连接
[2025-04-24 10:17:11] WebSocket 广播消息成功发送到 1/1 个连接
[2025-04-24 10:17:11] WebSocket 广播消息成功发送到 1/1 个连接
[2025-04-24 10:17:16] WebSocket 广播消息成功发送到 1/1 个连接
[2025-04-24 10:17:21] WebSocket 广播消息成功发送到 1/1 个连接
[2025-04-24 10:17:26] WebSocket 广播消息成功发送到 1/1 个连接
[2025-04-24 10:17:31] WebSocket 广播消息成功发送到 1/1 个连接
[2025-04-24 10:17:36] WebSocket 广播消息成功发送到 1/1 个连接
[2025-04-24 10:17:41] WebSocket 广播消息成功发送到 1/1 个连接
[2025-04-24 10:17:46] WebSocket 广播消息成功发送到 1/1 个连接
[2025-04-24 10:17:51] WebSocket 广播消息成功发送到 1/1 个连接
[2025-04-24 10:17:56] WebSocket 广播消息成功发送到 1/1 个连接
[2025-04-24 10:18:02] WebSocket 广播消息成功发送到 1/1 个连接
[2025-04-24 10:18:06] WebSocket 广播消息成功发送到 1/1 个连接
[2025-04-24 10:18:11] WebSocket 广播消息成功发送到 1/1 个连接
[2025-04-24 10:18:16] WebSocket 广播消息成功发送到 1/1 个连接
[2025-04-24 10:18:21] WebSocket 广播消息成功发送到 1/1 个连接
[2025-04-24 10:18:26] WebSocket 广播消息成功发送到 1/1 个连接
[2025-04-24 10:18:31] WebSocket 广播消息成功发送到 1/1 个连接
[2025-04-24 10:18:36] WebSocket 广播消息成功发送到 1/1 个连接
[2025-04-24 10:18:41] WebSocket 广播消息成功发送到 1/1 个连接
[2025-04-24 10:18:46] WebSocket 广播消息成功发送到 1/1 个连接
[2025-04-24 10:18:51] WebSocket 广播消息成功发送到 1/1 个连接
[2025-04-24 10:18:56] WebSocket 广播消息成功发送到 1/1 个连接
[2025-04-24 10:19:01] WebSocket 广播消息成功发送到 1/1 个连接
[2025-04-24 10:19:06] WebSocket 广播消息成功发送到 1/1 个连接
[2025-04-24 10:19:10] WebSocket 广播消息成功发送到 1/1 个连接
[2025-04-24 10:19:11] WebSocket 广播消息成功发送到 1/1 个连接
[2025-04-24 10:19:11] WebSocket 广播消息成功发送到 1/1 个连接
[2025-04-24 10:19:16] WebSocket 广播消息成功发送到 1/1 个连接
[2025-04-24 10:19:21] WebSocket 广播消息成功发送到 1/1 个连接
[2025-04-24 10:19:26] WebSocket 广播消息成功发送到 1/1 个连接
[2025-04-24 10:19:31] WebSocket 广播消息成功发送到 1/1 个连接
[2025-04-24 10:19:36] WebSocket 广播消息成功发送到 1/1 个连接
[2025-04-24 10:19:38] GET /api/finance/news/sina - 1ms
[2025-04-24 10:19:41] WebSocket 广播消息成功发送到 1/1 个连接
[2025-04-24 10:19:41] GET /api/finance/news/cls - 1ms
[2025-04-24 10:19:46] WebSocket 广播消息成功发送到 1/1 个连接
[2025-04-24 10:19:50] GET /api/finance/news/sina - 0ms
[2025-04-24 10:19:51] WebSocket 广播消息成功发送到 1/1 个连接
[2025-04-24 10:19:56] WebSocket 广播消息成功发送到 1/1 个连接
[2025-04-24 10:20:01] WebSocket 广播消息成功发送到 1/1 个连接
[2025-04-24 10:20:06] WebSocket 广播消息成功发送到 1/1 个连接
[2025-04-24 10:20:11] WebSocket 广播消息成功发送到 1/1 个连接
[2025-04-24 10:20:16] WebSocket 广播消息成功发送到 1/1 个连接
[2025-04-24 10:20:21] WebSocket 广播消息成功发送到 1/1 个连接
[2025-04-24 10:20:26] WebSocket 广播消息成功发送到 1/1 个连接
[2025-04-24 10:20:31] WebSocket 广播消息成功发送到 1/1 个连接
[2025-04-24 10:20:36] WebSocket 广播消息成功发送到 1/1 个连接
[2025-04-24 10:20:41] WebSocket 广播消息成功发送到 1/1 个连接
[2025-04-24 10:20:46] WebSocket 广播消息成功发送到 1/1 个连接
[2025-04-24 10:20:51] WebSocket 广播消息成功发送到 1/1 个连接
[2025-04-24 10:20:56] WebSocket 广播消息成功发送到 1/1 个连接
[2025-04-24 10:21:01] WebSocket 广播消息成功发送到 1/1 个连接
[2025-04-24 10:21:06] WebSocket 广播消息成功发送到 1/1 个连接
[2025-04-24 10:21:10] WebSocket 广播消息成功发送到 1/1 个连接
[2025-04-24 10:21:11] WebSocket 广播消息成功发送到 1/1 个连接
[2025-04-24 10:21:11] WebSocket 广播消息成功发送到 1/1 个连接
[2025-04-24 10:21:16] WebSocket 广播消息成功发送到 1/1 个连接
[2025-04-24 10:21:21] WebSocket 广播消息成功发送到 1/1 个连接
[2025-04-24 10:21:26] WebSocket 广播消息成功发送到 1/1 个连接
[2025-04-24 10:21:31] WebSocket 广播消息成功发送到 1/1 个连接
[2025-04-24 10:21:36] WebSocket 广播消息成功发送到 1/1 个连接
[2025-04-24 10:21:41] WebSocket 广播消息成功发送到 1/1 个连接
[2025-04-24 10:21:46] WebSocket 广播消息成功发送到 1/1 个连接
[2025-04-24 10:21:51] WebSocket 广播消息成功发送到 1/1 个连接
[2025-04-24 10:21:56] WebSocket 广播消息成功发送到 1/1 个连接
[2025-04-24 10:22:01] WebSocket 广播消息成功发送到 1/1 个连接
[2025-04-24 10:22:06] WebSocket 广播消息成功发送到 1/1 个连接
[2025-04-24 10:22:11] WebSocket 广播消息成功发送到 1/1 个连接
[2025-04-24 10:22:16] WebSocket 广播消息成功发送到 1/1 个连接
[2025-04-24 10:22:21] WebSocket 广播消息成功发送到 1/1 个连接
[2025-04-24 10:22:26] WebSocket 广播消息成功发送到 1/1 个连接
[2025-04-24 10:22:31] WebSocket 广播消息成功发送到 1/1 个连接
[2025-04-24 10:22:36] WebSocket 广播消息成功发送到 1/1 个连接
[2025-04-24 10:22:41] WebSocket 广播消息成功发送到 1/1 个连接
[2025-04-24 10:22:46] WebSocket 广播消息成功发送到 1/1 个连接
[2025-04-24 10:22:51] GET /api/finance/news/sina - 0ms
[2025-04-24 10:22:51] WebSocket 广播消息成功发送到 1/1 个连接
[2025-04-24 10:22:56] WebSocket 广播消息成功发送到 1/1 个连接
[2025-04-24 10:23:01] WebSocket 广播消息成功发送到 1/1 个连接
[2025-04-24 10:23:06] WebSocket 广播消息成功发送到 1/1 个连接
[2025-04-24 10:23:11] WebSocket 广播消息成功发送到 1/1 个连接
[2025-04-24 10:23:11] WebSocket 广播消息成功发送到 1/1 个连接
[2025-04-24 10:23:16] WebSocket 广播消息成功发送到 1/1 个连接
[2025-04-24 10:23:21] WebSocket 广播消息成功发送到 1/1 个连接
[2025-04-24 10:23:26] WebSocket 广播消息成功发送到 1/1 个连接
[2025-04-24 10:23:31] WebSocket 广播消息成功发送到 1/1 个连接
[2025-04-24 10:23:36] WebSocket 广播消息成功发送到 1/1 个连接
[2025-04-24 10:23:41] WebSocket 广播消息成功发送到 1/1 个连接
[2025-04-24 10:23:46] WebSocket 广播消息成功发送到 1/1 个连接
[2025-04-24 10:23:51] WebSocket 广播消息成功发送到 1/1 个连接
[2025-04-24 10:23:56] WebSocket 广播消息成功发送到 1/1 个连接
[2025-04-24 10:24:01] WebSocket 广播消息成功发送到 1/1 个连接
[2025-04-24 10:24:06] WebSocket 广播消息成功发送到 1/1 个连接
[2025-04-24 10:24:11] WebSocket 广播消息成功发送到 1/1 个连接
[2025-04-24 10:24:16] WebSocket 广播消息成功发送到 1/1 个连接
[2025-04-24 10:24:21] WebSocket 广播消息成功发送到 1/1 个连接
[2025-04-24 10:24:27] WebSocket 广播消息成功发送到 1/1 个连接
[2025-04-24 10:24:31] WebSocket 广播消息成功发送到 1/1 个连接
[2025-04-24 10:24:36] WebSocket 广播消息成功发送到 1/1 个连接
[2025-04-24 10:24:37] WebSocket 连接已关闭
[2025-04-24 10:24:37] WebSocket 连接已移除，当前连接数: 0
[2025-04-24 10:24:38] WebSocket 连接已添加，当前连接数: 1
[2025-04-24 10:24:38] GET /api/finance/time - 1ms
[2025-04-24 10:24:38] GET /api/finance/news/cls - 0ms
[2025-04-24 10:24:38] GET /api/finance/quotes/all - 189ms
[2025-04-24 10:24:38] GET /api/finance/trade-calendar - 431ms
[2025-04-24 10:24:40] WebSocket 广播消息成功发送到 1/1 个连接
[2025-04-24 10:24:40] Koa 和 WebSocket 服务器已启动，监听端口 3300
[2025-04-24 10:24:40] WebSocket 广播消息成功发送到 0/0 个连接
[2025-04-24 10:24:40] WebSocket 广播消息成功发送到 0/0 个连接
[2025-04-24 10:24:43] WebSocket 连接已添加，当前连接数: 1
[2025-04-24 10:24:45] WebSocket 广播消息成功发送到 1/1 个连接
[2025-04-24 10:24:50] WebSocket 广播消息成功发送到 1/1 个连接
[2025-04-24 10:24:55] WebSocket 连接已关闭
[2025-04-24 10:24:55] WebSocket 连接已移除，当前连接数: 0
[2025-04-24 10:24:55] WebSocket 连接已添加，当前连接数: 1
[2025-04-24 10:24:55] GET /api/finance/time - 3ms
[2025-04-24 10:24:55] GET /api/finance/news/cls - 1ms
[2025-04-24 10:24:55] WebSocket 广播消息成功发送到 1/1 个连接
[2025-04-24 10:24:56] GET /api/finance/quotes/all - 253ms
[2025-04-24 10:24:56] GET /api/finance/trade-calendar - 491ms
[2025-04-24 10:24:57] WebSocket 广播消息成功发送到 1/1 个连接
[2025-04-24 10:24:57] Koa 和 WebSocket 服务器已启动，监听端口 3300
[2025-04-24 10:24:57] WebSocket 广播消息成功发送到 0/0 个连接
[2025-04-24 10:24:58] WebSocket 广播消息成功发送到 0/0 个连接
[2025-04-24 10:25:00] WebSocket 连接已添加，当前连接数: 1
[2025-04-24 10:25:02] WebSocket 广播消息成功发送到 1/1 个连接
[2025-04-24 10:25:07] WebSocket 广播消息成功发送到 1/1 个连接
[2025-04-24 10:25:12] WebSocket 广播消息成功发送到 1/1 个连接
[2025-04-24 10:25:17] WebSocket 广播消息成功发送到 1/1 个连接
[2025-04-24 10:25:22] WebSocket 广播消息成功发送到 1/1 个连接
[2025-04-24 10:25:28] WebSocket 广播消息成功发送到 1/1 个连接
[2025-04-24 10:25:32] GET /api/finance/news/sina - 1ms
[2025-04-24 10:25:32] GET /api/finance/news/cls - 1ms
[2025-04-24 10:25:32] WebSocket 广播消息成功发送到 1/1 个连接
[2025-04-24 10:25:37] WebSocket 广播消息成功发送到 1/1 个连接
[2025-04-24 10:25:43] WebSocket 广播消息成功发送到 1/1 个连接
[2025-04-24 10:25:48] WebSocket 广播消息成功发送到 1/1 个连接
[2025-04-24 10:25:52] WebSocket 广播消息成功发送到 1/1 个连接
[2025-04-24 10:25:54] GET /api/finance/news/sina - 0ms
[2025-04-24 10:25:54] GET /api/finance/news/cls - 0ms
[2025-04-24 10:25:58] WebSocket 广播消息成功发送到 1/1 个连接
[2025-04-24 10:26:03] WebSocket 广播消息成功发送到 1/1 个连接
[2025-04-24 10:26:08] WebSocket 广播消息成功发送到 1/1 个连接
[2025-04-24 10:26:13] WebSocket 广播消息成功发送到 1/1 个连接
[2025-04-24 10:26:18] WebSocket 广播消息成功发送到 1/1 个连接
[2025-04-24 10:26:23] WebSocket 广播消息成功发送到 1/1 个连接
[2025-04-24 10:26:28] WebSocket 广播消息成功发送到 1/1 个连接
[2025-04-24 10:26:33] WebSocket 广播消息成功发送到 1/1 个连接
[2025-04-24 10:26:38] WebSocket 广播消息成功发送到 1/1 个连接
[2025-04-24 10:26:43] WebSocket 广播消息成功发送到 1/1 个连接
[2025-04-24 10:26:45] WebSocket 连接已关闭
[2025-04-24 10:26:45] WebSocket 连接已移除，当前连接数: 0
[2025-04-24 10:26:45] WebSocket 连接已添加，当前连接数: 1
[2025-04-24 10:26:45] GET /api/finance/time - 0ms
[2025-04-24 10:26:45] GET /api/finance/news/cls - 0ms
[2025-04-24 10:26:46] GET /api/finance/quotes/all - 288ms
[2025-04-24 10:26:46] GET /api/finance/trade-calendar - 452ms
[2025-04-24 10:26:48] WebSocket 广播消息成功发送到 1/1 个连接
[2025-04-24 10:26:48] WebSocket 广播消息成功发送到 1/1 个连接
[2025-04-24 10:26:48] Koa 和 WebSocket 服务器已启动，监听端口 3300
[2025-04-24 10:26:48] WebSocket 广播消息成功发送到 0/0 个连接
[2025-04-24 10:26:48] WebSocket 广播消息成功发送到 0/0 个连接
[2025-04-24 10:26:51] WebSocket 连接已添加，当前连接数: 1
[2025-04-24 10:26:53] WebSocket 广播消息成功发送到 1/1 个连接
[2025-04-24 10:26:58] WebSocket 广播消息成功发送到 1/1 个连接
[2025-04-24 10:27:03] WebSocket 广播消息成功发送到 1/1 个连接
[2025-04-24 10:27:07] WebSocket 连接已关闭
[2025-04-24 10:27:07] WebSocket 连接已移除，当前连接数: 0
[2025-04-24 10:27:08] WebSocket 连接已添加，当前连接数: 1
[2025-04-24 10:27:08] GET /api/finance/time - 2ms
[2025-04-24 10:27:08] GET /api/finance/news/cls - 0ms
[2025-04-24 10:27:08] GET /api/finance/quotes/all - 195ms
[2025-04-24 10:27:08] WebSocket 广播消息成功发送到 1/1 个连接
[2025-04-24 10:27:09] GET /api/finance/trade-calendar - 464ms
[2025-04-24 10:27:10] WebSocket 广播消息成功发送到 1/1 个连接
[2025-04-24 10:27:10] Koa 和 WebSocket 服务器已启动，监听端口 3300
[2025-04-24 10:27:10] WebSocket 广播消息成功发送到 0/0 个连接
[2025-04-24 10:27:10] WebSocket 广播消息成功发送到 0/0 个连接
[2025-04-24 10:27:12] WebSocket 连接已添加，当前连接数: 1
[2025-04-24 10:27:15] WebSocket 广播消息成功发送到 1/1 个连接
[2025-04-24 10:27:20] WebSocket 广播消息成功发送到 1/1 个连接
[2025-04-24 10:27:25] WebSocket 广播消息成功发送到 1/1 个连接
[2025-04-24 10:27:30] WebSocket 广播消息成功发送到 1/1 个连接
[2025-04-24 10:27:35] WebSocket 广播消息成功发送到 1/1 个连接
[2025-04-24 10:27:41] WebSocket 广播消息成功发送到 1/1 个连接
[2025-04-24 10:27:46] WebSocket 广播消息成功发送到 1/1 个连接
[2025-04-24 10:27:50] WebSocket 广播消息成功发送到 1/1 个连接
[2025-04-24 10:27:55] WebSocket 广播消息成功发送到 1/1 个连接
[2025-04-24 10:28:01] WebSocket 广播消息成功发送到 1/1 个连接
[2025-04-24 10:28:06] WebSocket 广播消息成功发送到 1/1 个连接
[2025-04-24 10:28:11] WebSocket 广播消息成功发送到 1/1 个连接
[2025-04-24 10:28:15] WebSocket 广播消息成功发送到 1/1 个连接
[2025-04-24 10:28:21] WebSocket 广播消息成功发送到 1/1 个连接
[2025-04-24 10:28:25] WebSocket 广播消息成功发送到 1/1 个连接
[2025-04-24 10:28:30] WebSocket 广播消息成功发送到 1/1 个连接
[2025-04-24 10:28:36] WebSocket 广播消息成功发送到 1/1 个连接
[2025-04-24 10:28:41] WebSocket 广播消息成功发送到 1/1 个连接
[2025-04-24 10:28:46] WebSocket 广播消息成功发送到 1/1 个连接
[2025-04-24 10:28:47] WebSocket 连接已关闭
[2025-04-24 10:28:47] WebSocket 连接已移除，当前连接数: 0
[2025-04-24 10:28:48] WebSocket 连接已添加，当前连接数: 1
[2025-04-24 10:28:48] GET /api/finance/time - 2ms
[2025-04-24 10:28:48] GET /api/finance/news/cls - 1ms
[2025-04-24 10:28:48] GET /api/finance/quotes/all - 261ms
[2025-04-24 10:28:49] GET /api/finance/trade-calendar - 491ms
[2025-04-24 10:28:50] WebSocket 广播消息成功发送到 1/1 个连接
[2025-04-24 10:28:50] Koa 和 WebSocket 服务器已启动，监听端口 3300
[2025-04-24 10:28:51] WebSocket 广播消息成功发送到 0/0 个连接
[2025-04-24 10:28:51] WebSocket 广播消息成功发送到 0/0 个连接
[2025-04-24 10:28:53] WebSocket 连接已添加，当前连接数: 1
[2025-04-24 10:28:56] WebSocket 广播消息成功发送到 1/1 个连接
[2025-04-24 10:29:01] WebSocket 广播消息成功发送到 1/1 个连接
[2025-04-24 10:29:06] WebSocket 广播消息成功发送到 1/1 个连接
[2025-04-24 10:29:11] WebSocket 广播消息成功发送到 1/1 个连接
[2025-04-24 10:29:16] WebSocket 广播消息成功发送到 1/1 个连接
[2025-04-24 10:29:21] WebSocket 广播消息成功发送到 1/1 个连接
[2025-04-24 10:29:21] WebSocket 连接已关闭
[2025-04-24 10:29:21] WebSocket 连接已移除，当前连接数: 0
[2025-04-24 10:29:21] WebSocket 连接已添加，当前连接数: 1
[2025-04-24 10:29:21] GET /api/finance/time - 2ms
[2025-04-24 10:29:21] GET /api/finance/news/cls - 0ms
[2025-04-24 10:29:22] GET /api/finance/quotes/all - 199ms
[2025-04-24 10:29:22] GET /api/finance/trade-calendar - 599ms
[2025-04-24 10:29:24] WebSocket 广播消息成功发送到 1/1 个连接
[2025-04-24 10:29:24] Koa 和 WebSocket 服务器已启动，监听端口 3300
[2025-04-24 10:29:24] WebSocket 广播消息成功发送到 0/0 个连接
[2025-04-24 10:29:25] WebSocket 广播消息成功发送到 0/0 个连接
[2025-04-24 10:29:27] WebSocket 连接已添加，当前连接数: 1
[2025-04-24 10:29:29] WebSocket 广播消息成功发送到 1/1 个连接
[2025-04-24 10:29:34] WebSocket 广播消息成功发送到 1/1 个连接
[2025-04-24 10:29:40] WebSocket 广播消息成功发送到 1/1 个连接
[2025-04-24 10:29:44] WebSocket 广播消息成功发送到 1/1 个连接
[2025-04-24 10:29:50] WebSocket 广播消息成功发送到 1/1 个连接
[2025-04-24 10:29:54] WebSocket 广播消息成功发送到 1/1 个连接
[2025-04-24 10:30:00] WebSocket 广播消息成功发送到 1/1 个连接
[2025-04-24 10:30:05] WebSocket 广播消息成功发送到 1/1 个连接
[2025-04-24 10:30:10] WebSocket 广播消息成功发送到 1/1 个连接
[2025-04-24 10:30:14] WebSocket 广播消息成功发送到 1/1 个连接
[2025-04-24 10:30:20] WebSocket 广播消息成功发送到 1/1 个连接
[2025-04-24 10:30:24] WebSocket 广播消息成功发送到 1/1 个连接
[2025-04-24 10:30:30] WebSocket 广播消息成功发送到 1/1 个连接
[2025-04-24 10:30:35] WebSocket 广播消息成功发送到 1/1 个连接
[2025-04-24 10:30:40] WebSocket 广播消息成功发送到 1/1 个连接
[2025-04-24 10:30:45] WebSocket 广播消息成功发送到 1/1 个连接
[2025-04-24 10:30:45] GET /api/finance/news/sina - 2ms
[2025-04-24 10:30:50] WebSocket 广播消息成功发送到 1/1 个连接
[2025-04-24 10:30:53] GET /api/finance/news/cls - 1ms
[2025-04-24 10:30:55] WebSocket 广播消息成功发送到 1/1 个连接
[2025-04-24 10:30:55] GET /api/finance/news/sina - 1ms
[2025-04-24 10:31:00] WebSocket 广播消息成功发送到 1/1 个连接
[2025-04-24 10:31:05] WebSocket 广播消息成功发送到 1/1 个连接
[2025-04-24 10:31:10] WebSocket 广播消息成功发送到 1/1 个连接
[2025-04-24 10:31:15] WebSocket 广播消息成功发送到 1/1 个连接
[2025-04-24 10:31:20] WebSocket 广播消息成功发送到 1/1 个连接
[2025-04-24 10:31:24] WebSocket 广播消息成功发送到 1/1 个连接
[2025-04-24 10:31:24] WebSocket 广播消息成功发送到 1/1 个连接
[2025-04-24 10:31:25] WebSocket 广播消息成功发送到 1/1 个连接
[2025-04-24 10:31:30] WebSocket 广播消息成功发送到 1/1 个连接
[2025-04-24 10:31:35] WebSocket 广播消息成功发送到 1/1 个连接
[2025-04-24 10:31:40] WebSocket 广播消息成功发送到 1/1 个连接
[2025-04-24 10:31:45] WebSocket 广播消息成功发送到 1/1 个连接
[2025-04-24 10:31:50] WebSocket 广播消息成功发送到 1/1 个连接
[2025-04-24 10:31:55] WebSocket 广播消息成功发送到 1/1 个连接
[2025-04-24 10:32:00] WebSocket 广播消息成功发送到 1/1 个连接
[2025-04-24 10:32:05] WebSocket 广播消息成功发送到 1/1 个连接
[2025-04-24 10:32:10] WebSocket 广播消息成功发送到 1/1 个连接
[2025-04-24 10:32:15] WebSocket 广播消息成功发送到 1/1 个连接
[2025-04-24 10:32:20] WebSocket 广播消息成功发送到 1/1 个连接
[2025-04-24 10:32:25] WebSocket 广播消息成功发送到 1/1 个连接
[2025-04-24 10:32:30] WebSocket 广播消息成功发送到 1/1 个连接
[2025-04-24 10:32:35] WebSocket 广播消息成功发送到 1/1 个连接
[2025-04-24 10:32:40] WebSocket 广播消息成功发送到 1/1 个连接
[2025-04-24 10:32:45] WebSocket 广播消息成功发送到 1/1 个连接
[2025-04-24 10:32:50] WebSocket 广播消息成功发送到 1/1 个连接
[2025-04-24 10:32:51] WebSocket 连接已关闭
[2025-04-24 10:32:51] WebSocket 连接已移除，当前连接数: 0
[2025-04-24 10:32:52] WebSocket 连接已添加，当前连接数: 1
[2025-04-24 10:32:52] GET /api/finance/time - 1ms
[2025-04-24 10:32:52] GET /api/finance/news/cls - 1ms
[2025-04-24 10:32:52] GET /api/finance/quotes/all - 163ms
[2025-04-24 10:32:52] GET /api/finance/trade-calendar - 445ms
[2025-04-24 10:32:54] WebSocket 广播消息成功发送到 1/1 个连接
[2025-04-24 10:32:54] Koa 和 WebSocket 服务器已启动，监听端口 3300
[2025-04-24 10:32:55] WebSocket 广播消息成功发送到 0/0 个连接
[2025-04-24 10:32:55] WebSocket 广播消息成功发送到 0/0 个连接
[2025-04-24 10:32:56] WebSocket 连接已添加，当前连接数: 1
[2025-04-24 10:32:59] WebSocket 广播消息成功发送到 1/1 个连接
[2025-04-24 10:33:04] WebSocket 广播消息成功发送到 1/1 个连接
[2025-04-24 10:33:09] WebSocket 广播消息成功发送到 1/1 个连接
[2025-04-24 10:33:15] WebSocket 广播消息成功发送到 1/1 个连接
[2025-04-24 10:33:20] WebSocket 广播消息成功发送到 1/1 个连接
[2025-04-24 10:33:24] WebSocket 广播消息成功发送到 1/1 个连接
[2025-04-24 10:33:30] WebSocket 广播消息成功发送到 1/1 个连接
[2025-04-24 10:33:35] WebSocket 广播消息成功发送到 1/1 个连接
[2025-04-24 10:33:36] GET /api/finance/news/sina - 2ms
[2025-04-24 10:33:40] WebSocket 广播消息成功发送到 1/1 个连接
[2025-04-24 10:33:45] WebSocket 广播消息成功发送到 1/1 个连接
[2025-04-24 10:33:50] WebSocket 广播消息成功发送到 1/1 个连接
[2025-04-24 10:33:55] WebSocket 广播消息成功发送到 1/1 个连接
[2025-04-24 10:34:00] WebSocket 广播消息成功发送到 1/1 个连接
[2025-04-24 10:34:04] WebSocket 连接已关闭
[2025-04-24 10:34:04] WebSocket 连接已移除，当前连接数: 0
[2025-04-24 10:34:05] WebSocket 广播消息成功发送到 0/0 个连接
[2025-04-24 10:34:05] WebSocket 连接已添加，当前连接数: 1
[2025-04-24 10:34:05] GET /api/finance/time - 0ms
[2025-04-24 10:34:05] GET /api/finance/news/cls - 0ms
[2025-04-24 10:34:05] GET /api/finance/quotes/all - 170ms
[2025-04-24 10:34:05] GET /api/finance/trade-calendar - 532ms
[2025-04-24 10:34:06] WebSocket 广播消息成功发送到 1/1 个连接
[2025-04-24 10:34:07] Koa 和 WebSocket 服务器已启动，监听端口 3300
[2025-04-24 10:34:07] WebSocket 广播消息成功发送到 0/0 个连接
[2025-04-24 10:34:07] GET /api/finance/news/sina - 2ms
[2025-04-24 10:34:07] WebSocket 广播消息成功发送到 0/0 个连接
[2025-04-24 10:34:09] WebSocket 连接已添加，当前连接数: 1
[2025-04-24 10:34:12] WebSocket 广播消息成功发送到 1/1 个连接
[2025-04-24 10:34:17] WebSocket 广播消息成功发送到 1/1 个连接
[2025-04-24 10:34:22] WebSocket 广播消息成功发送到 1/1 个连接
[2025-04-24 10:34:27] WebSocket 广播消息成功发送到 1/1 个连接
[2025-04-24 10:34:32] WebSocket 广播消息成功发送到 1/1 个连接
[2025-04-24 10:34:37] WebSocket 广播消息成功发送到 1/1 个连接
[2025-04-24 10:34:42] WebSocket 广播消息成功发送到 1/1 个连接
[2025-04-24 10:34:42] GET /api/finance/news/cls - 1ms
[2025-04-24 10:34:47] WebSocket 广播消息成功发送到 1/1 个连接
[2025-04-24 10:34:52] WebSocket 广播消息成功发送到 1/1 个连接
[2025-04-24 10:34:52] GET /api/finance/news/sina - 0ms
[2025-04-24 10:34:57] WebSocket 广播消息成功发送到 1/1 个连接
[2025-04-24 10:35:02] WebSocket 广播消息成功发送到 1/1 个连接
[2025-04-24 10:35:07] WebSocket 广播消息成功发送到 1/1 个连接
[2025-04-24 10:35:12] WebSocket 广播消息成功发送到 1/1 个连接
[2025-04-24 10:35:17] WebSocket 广播消息成功发送到 1/1 个连接
[2025-04-24 10:35:22] WebSocket 广播消息成功发送到 1/1 个连接
[2025-04-24 10:35:27] WebSocket 广播消息成功发送到 1/1 个连接
[2025-04-24 10:35:32] WebSocket 广播消息成功发送到 1/1 个连接
[2025-04-24 10:35:37] WebSocket 广播消息成功发送到 1/1 个连接
[2025-04-24 10:35:42] WebSocket 广播消息成功发送到 1/1 个连接
[2025-04-24 10:35:47] WebSocket 广播消息成功发送到 1/1 个连接
[2025-04-24 10:35:52] WebSocket 广播消息成功发送到 1/1 个连接
[2025-04-24 10:35:57] WebSocket 广播消息成功发送到 1/1 个连接
[2025-04-24 10:36:02] WebSocket 广播消息成功发送到 1/1 个连接
[2025-04-24 10:36:07] WebSocket 广播消息成功发送到 1/1 个连接
[2025-04-24 10:36:12] WebSocket 广播消息成功发送到 1/1 个连接
[2025-04-24 10:36:17] WebSocket 广播消息成功发送到 1/1 个连接
[2025-04-24 10:36:22] WebSocket 广播消息成功发送到 1/1 个连接
[2025-04-24 10:36:27] WebSocket 广播消息成功发送到 1/1 个连接
[2025-04-24 10:36:32] WebSocket 广播消息成功发送到 1/1 个连接
[2025-04-24 10:36:37] WebSocket 广播消息成功发送到 1/1 个连接
[2025-04-24 10:36:42] WebSocket 广播消息成功发送到 1/1 个连接
[2025-04-24 10:36:47] WebSocket 广播消息成功发送到 1/1 个连接
[2025-04-24 10:36:52] WebSocket 广播消息成功发送到 1/1 个连接
[2025-04-24 10:36:57] WebSocket 广播消息成功发送到 1/1 个连接
[2025-04-24 10:37:02] WebSocket 广播消息成功发送到 1/1 个连接
[2025-04-24 10:37:07] WebSocket 广播消息成功发送到 1/1 个连接
[2025-04-24 10:37:12] WebSocket 广播消息成功发送到 1/1 个连接
[2025-04-24 10:37:17] WebSocket 广播消息成功发送到 1/1 个连接
[2025-04-24 10:37:22] WebSocket 广播消息成功发送到 1/1 个连接
[2025-04-24 10:37:27] WebSocket 广播消息成功发送到 1/1 个连接
[2025-04-24 10:37:28] WebSocket 连接已关闭
[2025-04-24 10:37:28] WebSocket 连接已移除，当前连接数: 0
[2025-04-24 10:37:29] WebSocket 连接已添加，当前连接数: 1
[2025-04-24 10:37:29] GET /api/finance/time - 1ms
[2025-04-24 10:37:29] GET /api/finance/news/cls - 0ms
[2025-04-24 10:37:29] GET /api/finance/quotes/all - 169ms
[2025-04-24 10:37:30] GET /api/finance/trade-calendar - 481ms
[2025-04-24 10:37:31] WebSocket 广播消息成功发送到 1/1 个连接
[2025-04-24 10:37:31] Koa 和 WebSocket 服务器已启动，监听端口 3300
[2025-04-24 10:37:31] WebSocket 广播消息成功发送到 0/0 个连接
[2025-04-24 10:37:31] WebSocket 广播消息成功发送到 0/0 个连接
[2025-04-24 10:37:34] WebSocket 连接已添加，当前连接数: 1
[2025-04-24 10:37:36] WebSocket 广播消息成功发送到 1/1 个连接
[2025-04-24 10:37:41] WebSocket 广播消息成功发送到 1/1 个连接
[2025-04-24 10:37:46] WebSocket 广播消息成功发送到 1/1 个连接
[2025-04-24 10:37:51] WebSocket 广播消息成功发送到 1/1 个连接
[2025-04-24 10:37:56] WebSocket 广播消息成功发送到 1/1 个连接
[2025-04-24 10:38:01] WebSocket 广播消息成功发送到 1/1 个连接
[2025-04-24 10:38:03] GET /api/finance/news/sina - 2ms
[2025-04-24 10:38:06] WebSocket 广播消息成功发送到 1/1 个连接
[2025-04-24 10:38:07] GET /api/finance/news/sina - 0ms
[2025-04-24 10:38:09] WebSocket 连接已关闭
[2025-04-24 10:38:09] WebSocket 连接已移除，当前连接数: 0
[2025-04-24 10:38:10] WebSocket 连接已添加，当前连接数: 1
[2025-04-24 10:38:10] GET /api/finance/time - 1ms
[2025-04-24 10:38:10] GET /api/finance/news/cls - 0ms
[2025-04-24 10:38:10] GET /api/finance/quotes/all - 141ms
[2025-04-24 10:38:11] GET /api/finance/trade-calendar - 424ms
[2025-04-24 10:38:11] WebSocket 广播消息成功发送到 1/1 个连接
[2025-04-24 10:38:12] WebSocket 广播消息成功发送到 1/1 个连接
[2025-04-24 10:38:12] Koa 和 WebSocket 服务器已启动，监听端口 3300
[2025-04-24 10:38:12] WebSocket 广播消息成功发送到 0/0 个连接
[2025-04-24 10:38:12] WebSocket 广播消息成功发送到 0/0 个连接
[2025-04-24 10:38:15] WebSocket 连接已添加，当前连接数: 1
[2025-04-24 10:38:17] WebSocket 广播消息成功发送到 1/1 个连接
[2025-04-24 10:38:22] WebSocket 广播消息成功发送到 1/1 个连接
[2025-04-24 10:38:27] WebSocket 广播消息成功发送到 1/1 个连接
[2025-04-24 10:38:32] WebSocket 广播消息成功发送到 1/1 个连接
[2025-04-24 10:38:37] WebSocket 广播消息成功发送到 1/1 个连接
[2025-04-24 10:38:42] WebSocket 广播消息成功发送到 1/1 个连接
[2025-04-24 10:38:47] WebSocket 广播消息成功发送到 1/1 个连接
[2025-04-24 10:38:52] WebSocket 广播消息成功发送到 1/1 个连接
[2025-04-24 10:38:58] WebSocket 广播消息成功发送到 1/1 个连接
[2025-04-24 10:39:03] WebSocket 广播消息成功发送到 1/1 个连接
[2025-04-24 10:39:08] WebSocket 广播消息成功发送到 1/1 个连接
[2025-04-24 10:39:12] WebSocket 广播消息成功发送到 1/1 个连接
[2025-04-24 10:39:17] WebSocket 广播消息成功发送到 1/1 个连接
[2025-04-24 10:39:22] WebSocket 广播消息成功发送到 1/1 个连接
[2025-04-24 10:39:27] WebSocket 广播消息成功发送到 1/1 个连接
[2025-04-24 10:39:33] WebSocket 广播消息成功发送到 1/1 个连接
[2025-04-24 10:39:38] WebSocket 广播消息成功发送到 1/1 个连接
[2025-04-24 10:39:42] WebSocket 广播消息成功发送到 1/1 个连接
[2025-04-24 10:39:48] WebSocket 广播消息成功发送到 1/1 个连接
[2025-04-24 10:39:53] WebSocket 广播消息成功发送到 1/1 个连接
[2025-04-24 10:39:58] WebSocket 广播消息成功发送到 1/1 个连接
[2025-04-24 10:40:03] WebSocket 广播消息成功发送到 1/1 个连接
[2025-04-24 10:40:08] WebSocket 广播消息成功发送到 1/1 个连接
[2025-04-24 10:40:12] WebSocket 广播消息成功发送到 1/1 个连接
[2025-04-24 10:40:12] WebSocket 广播消息成功发送到 1/1 个连接
[2025-04-24 10:40:13] WebSocket 广播消息成功发送到 1/1 个连接
[2025-04-24 10:40:18] WebSocket 广播消息成功发送到 1/1 个连接
[2025-04-24 10:40:23] WebSocket 广播消息成功发送到 1/1 个连接
[2025-04-24 10:40:28] WebSocket 广播消息成功发送到 1/1 个连接
[2025-04-24 10:40:33] WebSocket 广播消息成功发送到 1/1 个连接
[2025-04-24 10:40:38] WebSocket 广播消息成功发送到 1/1 个连接
[2025-04-24 10:40:43] WebSocket 广播消息成功发送到 1/1 个连接
[2025-04-24 10:40:48] WebSocket 广播消息成功发送到 1/1 个连接
[2025-04-24 10:40:53] WebSocket 广播消息成功发送到 1/1 个连接
[2025-04-24 10:40:58] WebSocket 广播消息成功发送到 1/1 个连接
[2025-04-24 10:41:03] WebSocket 广播消息成功发送到 1/1 个连接
[2025-04-24 10:41:08] WebSocket 广播消息成功发送到 1/1 个连接
[2025-04-24 10:41:13] WebSocket 广播消息成功发送到 1/1 个连接
[2025-04-24 10:41:18] WebSocket 广播消息成功发送到 1/1 个连接
[2025-04-24 10:41:23] WebSocket 广播消息成功发送到 1/1 个连接
[2025-04-24 10:41:28] WebSocket 广播消息成功发送到 1/1 个连接
[2025-04-24 10:41:33] WebSocket 广播消息成功发送到 1/1 个连接
[2025-04-24 10:41:38] WebSocket 广播消息成功发送到 1/1 个连接
[2025-04-24 10:41:43] WebSocket 广播消息成功发送到 1/1 个连接
[2025-04-24 10:41:48] WebSocket 广播消息成功发送到 1/1 个连接
[2025-04-24 10:41:53] WebSocket 广播消息成功发送到 1/1 个连接
[2025-04-24 10:41:58] WebSocket 广播消息成功发送到 1/1 个连接
[2025-04-24 10:42:03] WebSocket 广播消息成功发送到 1/1 个连接
[2025-04-24 10:42:08] WebSocket 广播消息成功发送到 1/1 个连接
[2025-04-24 10:42:12] WebSocket 广播消息成功发送到 1/1 个连接
[2025-04-24 10:42:13] WebSocket 广播消息成功发送到 1/1 个连接
[2025-04-24 10:42:18] WebSocket 广播消息成功发送到 1/1 个连接
[2025-04-24 10:42:23] WebSocket 广播消息成功发送到 1/1 个连接
[2025-04-24 10:42:28] WebSocket 广播消息成功发送到 1/1 个连接
[2025-04-24 10:42:33] WebSocket 广播消息成功发送到 1/1 个连接
[2025-04-24 10:42:38] WebSocket 广播消息成功发送到 1/1 个连接
[2025-04-24 10:42:43] WebSocket 广播消息成功发送到 1/1 个连接
[2025-04-24 10:42:48] WebSocket 广播消息成功发送到 1/1 个连接
[2025-04-24 10:42:53] WebSocket 广播消息成功发送到 1/1 个连接
[2025-04-24 10:42:58] WebSocket 广播消息成功发送到 1/1 个连接
[2025-04-24 10:43:03] WebSocket 广播消息成功发送到 1/1 个连接
[2025-04-24 10:43:08] WebSocket 广播消息成功发送到 1/1 个连接
[2025-04-24 10:43:13] WebSocket 广播消息成功发送到 1/1 个连接
[2025-04-24 10:43:18] WebSocket 广播消息成功发送到 1/1 个连接
[2025-04-24 10:43:23] WebSocket 广播消息成功发送到 1/1 个连接
[2025-04-24 10:43:28] WebSocket 广播消息成功发送到 1/1 个连接
[2025-04-24 10:43:33] WebSocket 广播消息成功发送到 1/1 个连接
[2025-04-24 10:43:38] WebSocket 广播消息成功发送到 1/1 个连接
[2025-04-24 10:43:43] WebSocket 广播消息成功发送到 1/1 个连接
[2025-04-24 10:43:48] WebSocket 广播消息成功发送到 1/1 个连接
[2025-04-24 10:43:53] WebSocket 广播消息成功发送到 1/1 个连接
[2025-04-24 10:43:58] WebSocket 广播消息成功发送到 1/1 个连接
[2025-04-24 10:44:03] WebSocket 广播消息成功发送到 1/1 个连接
[2025-04-24 10:44:08] WebSocket 广播消息成功发送到 1/1 个连接
[2025-04-24 10:44:12] WebSocket 广播消息成功发送到 1/1 个连接
[2025-04-24 10:44:13] WebSocket 广播消息成功发送到 1/1 个连接
[2025-04-24 10:44:18] WebSocket 广播消息成功发送到 1/1 个连接
[2025-04-24 10:44:23] WebSocket 广播消息成功发送到 1/1 个连接
[2025-04-24 10:44:28] WebSocket 广播消息成功发送到 1/1 个连接
[2025-04-24 10:44:33] WebSocket 广播消息成功发送到 1/1 个连接
[2025-04-24 10:44:38] WebSocket 广播消息成功发送到 1/1 个连接
[2025-04-24 10:44:41] WebSocket 连接已关闭
[2025-04-24 10:44:41] WebSocket 连接已移除，当前连接数: 0
[2025-04-24 10:44:42] WebSocket 连接已添加，当前连接数: 1
[2025-04-24 10:44:42] GET /api/finance/time - 1ms
[2025-04-24 10:44:42] GET /api/finance/news/cls - 1ms
[2025-04-24 10:44:42] GET /api/finance/quotes/all - 125ms
[2025-04-24 10:44:43] GET /api/finance/trade-calendar - 457ms
[2025-04-24 10:44:43] WebSocket 广播消息成功发送到 1/1 个连接
[2025-04-24 10:44:44] WebSocket 广播消息成功发送到 1/1 个连接
[2025-04-24 10:44:44] Koa 和 WebSocket 服务器已启动，监听端口 3300
[2025-04-24 10:44:44] WebSocket 广播消息成功发送到 0/0 个连接
[2025-04-24 10:44:45] WebSocket 广播消息成功发送到 0/0 个连接
[2025-04-24 10:44:47] WebSocket 连接已添加，当前连接数: 1
[2025-04-24 10:44:49] WebSocket 广播消息成功发送到 1/1 个连接
[2025-04-24 10:44:54] WebSocket 广播消息成功发送到 1/1 个连接
[2025-04-24 10:45:00] WebSocket 广播消息成功发送到 1/1 个连接
[2025-04-24 10:45:04] WebSocket 广播消息成功发送到 1/1 个连接
[2025-04-24 10:45:09] WebSocket 广播消息成功发送到 1/1 个连接
[2025-04-24 10:45:14] WebSocket 广播消息成功发送到 1/1 个连接
[2025-04-24 10:45:19] WebSocket 广播消息成功发送到 1/1 个连接
[2025-04-24 10:45:24] WebSocket 广播消息成功发送到 1/1 个连接
[2025-04-24 10:45:29] WebSocket 广播消息成功发送到 1/1 个连接
[2025-04-24 10:45:34] WebSocket 广播消息成功发送到 1/1 个连接
[2025-04-24 10:45:39] WebSocket 广播消息成功发送到 1/1 个连接
[2025-04-24 10:45:44] WebSocket 广播消息成功发送到 1/1 个连接
[2025-04-24 10:45:49] WebSocket 广播消息成功发送到 1/1 个连接
[2025-04-24 10:45:54] WebSocket 广播消息成功发送到 1/1 个连接
[2025-04-24 10:45:59] WebSocket 广播消息成功发送到 1/1 个连接
[2025-04-24 10:46:04] WebSocket 广播消息成功发送到 1/1 个连接
[2025-04-24 10:46:09] WebSocket 广播消息成功发送到 1/1 个连接
[2025-04-24 10:46:14] WebSocket 广播消息成功发送到 1/1 个连接
[2025-04-24 10:46:19] WebSocket 广播消息成功发送到 1/1 个连接
[2025-04-24 10:46:24] WebSocket 广播消息成功发送到 1/1 个连接
[2025-04-24 10:46:29] WebSocket 广播消息成功发送到 1/1 个连接
[2025-04-24 10:46:34] WebSocket 广播消息成功发送到 1/1 个连接
[2025-04-24 10:46:39] WebSocket 广播消息成功发送到 1/1 个连接
[2025-04-24 10:46:44] WebSocket 广播消息成功发送到 1/1 个连接
[2025-04-24 10:46:44] WebSocket 广播消息成功发送到 1/1 个连接
[2025-04-24 10:46:45] WebSocket 广播消息成功发送到 1/1 个连接
[2025-04-24 10:46:49] WebSocket 广播消息成功发送到 1/1 个连接
[2025-04-24 10:46:55] WebSocket 广播消息成功发送到 1/1 个连接
[2025-04-24 10:47:00] WebSocket 广播消息成功发送到 1/1 个连接
[2025-04-24 10:47:04] WebSocket 广播消息成功发送到 1/1 个连接
[2025-04-24 10:47:10] WebSocket 广播消息成功发送到 1/1 个连接
[2025-04-24 10:47:15] WebSocket 广播消息成功发送到 1/1 个连接
[2025-04-24 10:47:20] WebSocket 广播消息成功发送到 1/1 个连接
[2025-04-24 10:47:25] WebSocket 广播消息成功发送到 1/1 个连接
[2025-04-24 10:47:30] WebSocket 广播消息成功发送到 1/1 个连接
[2025-04-24 10:47:35] WebSocket 广播消息成功发送到 1/1 个连接
[2025-04-24 10:47:40] WebSocket 广播消息成功发送到 1/1 个连接
[2025-04-24 10:47:45] WebSocket 广播消息成功发送到 1/1 个连接
[2025-04-24 10:47:49] WebSocket 连接已关闭
[2025-04-24 10:47:49] WebSocket 连接已移除，当前连接数: 0
[2025-04-24 10:47:50] WebSocket 广播消息成功发送到 0/0 个连接
[2025-04-24 10:47:50] WebSocket 连接已添加，当前连接数: 1
[2025-04-24 10:47:50] GET /api/finance/time - 2ms
[2025-04-24 10:47:50] GET /api/finance/news/cls - 0ms
[2025-04-24 10:47:50] GET /api/finance/quotes/all - 204ms
[2025-04-24 10:47:51] GET /api/finance/trade-calendar - 398ms
[2025-04-24 10:47:52] WebSocket 广播消息成功发送到 1/1 个连接
[2025-04-24 10:47:52] Koa 和 WebSocket 服务器已启动，监听端口 3300
[2025-04-24 10:47:52] WebSocket 广播消息成功发送到 0/0 个连接
[2025-04-24 10:47:52] WebSocket 广播消息成功发送到 0/0 个连接
[2025-04-24 10:47:55] WebSocket 连接已添加，当前连接数: 1
[2025-04-24 10:47:57] WebSocket 广播消息成功发送到 1/1 个连接
[2025-04-24 10:48:02] WebSocket 广播消息成功发送到 1/1 个连接
[2025-04-24 10:48:07] WebSocket 广播消息成功发送到 1/1 个连接
[2025-04-24 10:48:12] WebSocket 广播消息成功发送到 1/1 个连接
[2025-04-24 10:48:18] WebSocket 广播消息成功发送到 1/1 个连接
[2025-04-24 10:48:22] WebSocket 广播消息成功发送到 1/1 个连接
[2025-04-24 10:48:28] WebSocket 广播消息成功发送到 1/1 个连接
[2025-04-24 10:48:33] WebSocket 广播消息成功发送到 1/1 个连接
[2025-04-24 10:48:38] WebSocket 广播消息成功发送到 1/1 个连接
[2025-04-24 10:48:43] WebSocket 广播消息成功发送到 1/1 个连接
[2025-04-24 10:48:48] WebSocket 广播消息成功发送到 1/1 个连接
[2025-04-24 10:48:53] WebSocket 广播消息成功发送到 1/1 个连接
[2025-04-24 10:48:58] WebSocket 广播消息成功发送到 1/1 个连接
[2025-04-24 10:49:01] WebSocket 连接已关闭
[2025-04-24 10:49:01] WebSocket 连接已移除，当前连接数: 0
[2025-04-24 10:49:01] WebSocket 连接已添加，当前连接数: 1
[2025-04-24 10:49:01] GET /api/finance/time - 2ms
[2025-04-24 10:49:01] GET /api/finance/news/cls - 1ms
[2025-04-24 10:49:02] GET /api/finance/quotes/all - 264ms
[2025-04-24 10:49:02] GET /api/finance/trade-calendar - 423ms
[2025-04-24 10:49:03] WebSocket 广播消息成功发送到 1/1 个连接
[2025-04-24 10:49:04] WebSocket 广播消息成功发送到 1/1 个连接
[2025-04-24 10:49:04] Koa 和 WebSocket 服务器已启动，监听端口 3300
[2025-04-24 10:49:05] WebSocket 广播消息成功发送到 0/0 个连接
[2025-04-24 10:49:05] WebSocket 广播消息成功发送到 0/0 个连接
[2025-04-24 10:49:07] WebSocket 连接已添加，当前连接数: 1
[2025-04-24 10:49:09] WebSocket 广播消息成功发送到 1/1 个连接
[2025-04-24 10:49:14] WebSocket 广播消息成功发送到 1/1 个连接
[2025-04-24 10:49:19] WebSocket 广播消息成功发送到 1/1 个连接
[2025-04-24 10:49:24] WebSocket 广播消息成功发送到 1/1 个连接
[2025-04-24 10:49:29] WebSocket 广播消息成功发送到 1/1 个连接
[2025-04-24 10:49:34] WebSocket 广播消息成功发送到 1/1 个连接
[2025-04-24 10:49:39] WebSocket 广播消息成功发送到 1/1 个连接
[2025-04-24 10:49:44] WebSocket 广播消息成功发送到 1/1 个连接
[2025-04-24 10:49:49] WebSocket 广播消息成功发送到 1/1 个连接
[2025-04-24 10:49:54] WebSocket 广播消息成功发送到 1/1 个连接
[2025-04-24 10:49:59] WebSocket 广播消息成功发送到 1/1 个连接
[2025-04-24 10:50:04] WebSocket 广播消息成功发送到 1/1 个连接
[2025-04-24 10:50:09] WebSocket 广播消息成功发送到 1/1 个连接
[2025-04-24 10:50:14] GET /api/finance/news/sina - 2ms
[2025-04-24 10:50:14] WebSocket 广播消息成功发送到 1/1 个连接
[2025-04-24 10:50:19] GET /api/finance/news/sina - 0ms
[2025-04-24 10:50:19] WebSocket 广播消息成功发送到 1/1 个连接
[2025-04-24 10:50:24] WebSocket 广播消息成功发送到 1/1 个连接
[2025-04-24 10:50:29] WebSocket 广播消息成功发送到 1/1 个连接
[2025-04-24 10:50:35] WebSocket 广播消息成功发送到 1/1 个连接
[2025-04-24 10:50:40] WebSocket 广播消息成功发送到 1/1 个连接
[2025-04-24 10:50:44] WebSocket 广播消息成功发送到 1/1 个连接
[2025-04-24 10:50:50] WebSocket 广播消息成功发送到 1/1 个连接
[2025-04-24 10:50:55] WebSocket 广播消息成功发送到 1/1 个连接
[2025-04-24 10:51:00] WebSocket 广播消息成功发送到 1/1 个连接
[2025-04-24 10:51:04] WebSocket 广播消息成功发送到 1/1 个连接
[2025-04-24 10:51:05] WebSocket 广播消息成功发送到 1/1 个连接
[2025-04-24 10:51:10] WebSocket 广播消息成功发送到 1/1 个连接
[2025-04-24 10:51:15] WebSocket 广播消息成功发送到 1/1 个连接
[2025-04-24 10:51:20] WebSocket 广播消息成功发送到 1/1 个连接
[2025-04-24 10:51:25] WebSocket 广播消息成功发送到 1/1 个连接
[2025-04-24 10:51:30] WebSocket 广播消息成功发送到 1/1 个连接
[2025-04-24 10:51:35] WebSocket 广播消息成功发送到 1/1 个连接
[2025-04-24 10:51:40] WebSocket 广播消息成功发送到 1/1 个连接
[2025-04-24 10:51:45] WebSocket 广播消息成功发送到 1/1 个连接
[2025-04-24 10:51:50] WebSocket 广播消息成功发送到 1/1 个连接
[2025-04-24 10:51:55] WebSocket 广播消息成功发送到 1/1 个连接
[2025-04-24 10:52:00] WebSocket 广播消息成功发送到 1/1 个连接
[2025-04-24 10:52:05] WebSocket 广播消息成功发送到 1/1 个连接
[2025-04-24 10:52:10] WebSocket 广播消息成功发送到 1/1 个连接
[2025-04-24 10:52:15] WebSocket 广播消息成功发送到 1/1 个连接
[2025-04-24 10:52:20] WebSocket 广播消息成功发送到 1/1 个连接
[2025-04-24 10:52:25] WebSocket 广播消息成功发送到 1/1 个连接
[2025-04-24 10:52:30] WebSocket 广播消息成功发送到 1/1 个连接
[2025-04-24 10:52:35] WebSocket 广播消息成功发送到 1/1 个连接
[2025-04-24 10:52:40] WebSocket 广播消息成功发送到 1/1 个连接
[2025-04-24 10:52:45] WebSocket 广播消息成功发送到 1/1 个连接
[2025-04-24 10:52:50] WebSocket 广播消息成功发送到 1/1 个连接
[2025-04-24 10:52:55] WebSocket 广播消息成功发送到 1/1 个连接
[2025-04-24 10:53:00] WebSocket 广播消息成功发送到 1/1 个连接
[2025-04-24 10:53:04] WebSocket 广播消息成功发送到 1/1 个连接
[2025-04-24 10:53:05] WebSocket 广播消息成功发送到 1/1 个连接
[2025-04-24 10:53:10] WebSocket 广播消息成功发送到 1/1 个连接
[2025-04-24 10:53:15] WebSocket 广播消息成功发送到 1/1 个连接
[2025-04-24 10:53:20] WebSocket 广播消息成功发送到 1/1 个连接
[2025-04-24 10:53:25] WebSocket 广播消息成功发送到 1/1 个连接
[2025-04-24 10:53:30] WebSocket 广播消息成功发送到 1/1 个连接
[2025-04-24 10:53:35] WebSocket 广播消息成功发送到 1/1 个连接
[2025-04-24 10:53:40] WebSocket 广播消息成功发送到 1/1 个连接
[2025-04-24 10:53:45] WebSocket 广播消息成功发送到 1/1 个连接
[2025-04-24 10:53:50] WebSocket 广播消息成功发送到 1/1 个连接
[2025-04-24 10:53:55] WebSocket 广播消息成功发送到 1/1 个连接
[2025-04-24 10:54:00] WebSocket 广播消息成功发送到 1/1 个连接
[2025-04-24 10:54:05] WebSocket 广播消息成功发送到 1/1 个连接
[2025-04-24 10:54:10] WebSocket 广播消息成功发送到 1/1 个连接
[2025-04-24 10:54:15] WebSocket 广播消息成功发送到 1/1 个连接
[2025-04-24 10:54:20] WebSocket 广播消息成功发送到 1/1 个连接
[2025-04-24 10:54:25] WebSocket 广播消息成功发送到 1/1 个连接
[2025-04-24 10:54:30] WebSocket 广播消息成功发送到 1/1 个连接
[2025-04-24 10:54:35] WebSocket 广播消息成功发送到 1/1 个连接
[2025-04-24 10:54:40] WebSocket 广播消息成功发送到 1/1 个连接
[2025-04-24 10:54:45] WebSocket 广播消息成功发送到 1/1 个连接
[2025-04-24 10:54:50] WebSocket 广播消息成功发送到 1/1 个连接
[2025-04-24 10:54:55] WebSocket 广播消息成功发送到 1/1 个连接
[2025-04-24 10:55:00] WebSocket 广播消息成功发送到 1/1 个连接
[2025-04-24 10:55:04] WebSocket 广播消息成功发送到 1/1 个连接
[2025-04-24 10:55:05] WebSocket 广播消息成功发送到 1/1 个连接
[2025-04-24 10:55:10] WebSocket 广播消息成功发送到 1/1 个连接
[2025-04-24 10:55:15] WebSocket 广播消息成功发送到 1/1 个连接
[2025-04-24 10:55:20] WebSocket 广播消息成功发送到 1/1 个连接
[2025-04-24 10:55:25] WebSocket 广播消息成功发送到 1/1 个连接
[2025-04-24 10:55:30] WebSocket 广播消息成功发送到 1/1 个连接
[2025-04-24 10:55:35] WebSocket 广播消息成功发送到 1/1 个连接
[2025-04-24 10:55:40] WebSocket 广播消息成功发送到 1/1 个连接
[2025-04-24 10:55:45] WebSocket 广播消息成功发送到 1/1 个连接
[2025-04-24 10:55:50] WebSocket 广播消息成功发送到 1/1 个连接
[2025-04-24 10:55:55] WebSocket 广播消息成功发送到 1/1 个连接
[2025-04-24 10:56:00] WebSocket 广播消息成功发送到 1/1 个连接
[2025-04-24 10:56:03] WebSocket 连接已关闭
[2025-04-24 10:56:03] WebSocket 连接已移除，当前连接数: 0
[2025-04-24 10:56:03] WebSocket 连接已添加，当前连接数: 1
[2025-04-24 10:56:03] GET /api/finance/time - 0ms
[2025-04-24 10:56:03] GET /api/finance/quotes/all - 139ms
[2025-04-24 10:56:04] GET /api/finance/trade-calendar - 399ms
[2025-04-24 10:56:05] WebSocket 广播消息成功发送到 1/1 个连接
[2025-04-24 10:56:05] Koa 和 WebSocket 服务器已启动，监听端口 3300
[2025-04-24 10:56:05] WebSocket 广播消息成功发送到 0/0 个连接
[2025-04-24 10:56:05] WebSocket 广播消息成功发送到 0/0 个连接
[2025-04-24 10:56:08] WebSocket 连接已添加，当前连接数: 1
[2025-04-24 10:56:10] WebSocket 广播消息成功发送到 1/1 个连接
[2025-04-24 10:56:16] WebSocket 广播消息成功发送到 1/1 个连接
[2025-04-24 10:56:21] WebSocket 广播消息成功发送到 1/1 个连接
[2025-04-24 10:56:25] WebSocket 广播消息成功发送到 1/1 个连接
[2025-04-24 10:56:31] WebSocket 广播消息成功发送到 1/1 个连接
[2025-04-24 10:56:36] WebSocket 广播消息成功发送到 1/1 个连接
[2025-04-24 10:56:41] WebSocket 广播消息成功发送到 1/1 个连接
[2025-04-24 10:56:46] WebSocket 广播消息成功发送到 1/1 个连接
[2025-04-24 10:56:51] WebSocket 广播消息成功发送到 1/1 个连接
[2025-04-24 10:56:56] WebSocket 广播消息成功发送到 1/1 个连接
[2025-04-24 10:56:56] WebSocket 连接已关闭
[2025-04-24 10:56:56] WebSocket 连接已移除，当前连接数: 0
[2025-04-24 10:56:57] WebSocket 连接已添加，当前连接数: 1
[2025-04-24 10:56:57] GET /api/finance/time - 2ms
[2025-04-24 10:56:57] GET /api/finance/quotes/all - 260ms
[2025-04-24 10:56:57] GET /api/finance/trade-calendar - 411ms
[2025-04-24 10:56:59] WebSocket 广播消息成功发送到 1/1 个连接
[2025-04-24 10:56:59] Koa 和 WebSocket 服务器已启动，监听端口 3300
[2025-04-24 10:56:59] WebSocket 广播消息成功发送到 0/0 个连接
[2025-04-24 10:57:00] WebSocket 广播消息成功发送到 0/0 个连接
[2025-04-24 10:57:02] WebSocket 连接已添加，当前连接数: 1
[2025-04-24 10:57:05] WebSocket 广播消息成功发送到 1/1 个连接
[2025-04-24 10:57:10] WebSocket 广播消息成功发送到 1/1 个连接
[2025-04-24 10:57:15] WebSocket 广播消息成功发送到 1/1 个连接
[2025-04-24 10:57:20] WebSocket 广播消息成功发送到 1/1 个连接
[2025-04-24 10:57:25] WebSocket 广播消息成功发送到 1/1 个连接
[2025-04-24 10:57:30] WebSocket 广播消息成功发送到 1/1 个连接
[2025-04-24 10:57:35] WebSocket 广播消息成功发送到 1/1 个连接
[2025-04-24 10:57:40] WebSocket 广播消息成功发送到 1/1 个连接
[2025-04-24 10:57:45] WebSocket 广播消息成功发送到 1/1 个连接
[2025-04-24 10:57:50] WebSocket 广播消息成功发送到 1/1 个连接
[2025-04-24 10:57:55] WebSocket 广播消息成功发送到 1/1 个连接
[2025-04-24 10:58:00] WebSocket 广播消息成功发送到 1/1 个连接
[2025-04-24 10:58:05] WebSocket 广播消息成功发送到 1/1 个连接
[2025-04-24 10:58:05] WebSocket 连接已关闭
[2025-04-24 10:58:05] WebSocket 连接已移除，当前连接数: 0
[2025-04-24 10:58:06] WebSocket 连接已添加，当前连接数: 1
[2025-04-24 10:58:06] GET /api/finance/time - 1ms
[2025-04-24 10:58:06] GET /api/finance/news/cls - 1ms
[2025-04-24 10:58:06] GET /api/finance/quotes/all - 225ms
[2025-04-24 10:58:06] GET /api/finance/trade-calendar - 399ms
[2025-04-24 10:58:08] WebSocket 广播消息成功发送到 1/1 个连接
[2025-04-24 10:58:08] Koa 和 WebSocket 服务器已启动，监听端口 3300
[2025-04-24 10:58:08] WebSocket 广播消息成功发送到 0/0 个连接
[2025-04-24 10:58:08] WebSocket 广播消息成功发送到 0/0 个连接
[2025-04-24 10:58:11] WebSocket 连接已添加，当前连接数: 1
[2025-04-24 10:58:13] WebSocket 广播消息成功发送到 1/1 个连接
[2025-04-24 10:58:18] WebSocket 广播消息成功发送到 1/1 个连接
[2025-04-24 10:58:23] WebSocket 广播消息成功发送到 1/1 个连接
[2025-04-24 10:58:28] WebSocket 广播消息成功发送到 1/1 个连接
[2025-04-24 10:58:30] GET /api/finance/news/cls - 1ms
[2025-04-24 10:58:32] GET /api/finance/news/sina - 0ms
[2025-04-24 10:58:33] WebSocket 广播消息成功发送到 1/1 个连接
[2025-04-24 10:58:33] GET /api/finance/news/cls - 0ms
[2025-04-24 10:58:38] WebSocket 广播消息成功发送到 1/1 个连接
[2025-04-24 10:58:43] WebSocket 广播消息成功发送到 1/1 个连接
[2025-04-24 10:58:48] WebSocket 广播消息成功发送到 1/1 个连接
[2025-04-24 10:58:53] WebSocket 广播消息成功发送到 1/1 个连接
[2025-04-24 10:58:58] WebSocket 广播消息成功发送到 1/1 个连接
[2025-04-24 10:59:03] WebSocket 广播消息成功发送到 1/1 个连接
[2025-04-24 10:59:08] WebSocket 广播消息成功发送到 1/1 个连接
[2025-04-24 10:59:13] WebSocket 广播消息成功发送到 1/1 个连接
[2025-04-24 10:59:18] WebSocket 广播消息成功发送到 1/1 个连接
[2025-04-24 10:59:23] WebSocket 广播消息成功发送到 1/1 个连接
[2025-04-24 10:59:28] WebSocket 广播消息成功发送到 1/1 个连接
[2025-04-24 10:59:33] WebSocket 广播消息成功发送到 1/1 个连接
[2025-04-24 10:59:37] GET /api/finance/news/cls - 1ms
[2025-04-24 10:59:38] WebSocket 广播消息成功发送到 1/1 个连接
[2025-04-24 10:59:43] WebSocket 广播消息成功发送到 1/1 个连接
[2025-04-24 10:59:45] GET /api/finance/news/cls - 0ms
[2025-04-24 10:59:48] WebSocket 广播消息成功发送到 1/1 个连接
[2025-04-24 10:59:53] WebSocket 广播消息成功发送到 1/1 个连接
[2025-04-24 10:59:54] GET /api/finance/news/cls - 0ms
[2025-04-24 10:59:58] WebSocket 广播消息成功发送到 1/1 个连接
[2025-04-24 11:00:03] WebSocket 广播消息成功发送到 1/1 个连接
[2025-04-24 11:00:08] WebSocket 广播消息成功发送到 1/1 个连接
[2025-04-24 11:00:08] WebSocket 广播消息成功发送到 1/1 个连接
[2025-04-24 11:00:08] WebSocket 广播消息成功发送到 1/1 个连接
[2025-04-24 11:00:13] WebSocket 广播消息成功发送到 1/1 个连接
[2025-04-24 11:00:18] WebSocket 广播消息成功发送到 1/1 个连接
[2025-04-24 11:00:23] WebSocket 广播消息成功发送到 1/1 个连接
[2025-04-24 11:00:28] WebSocket 广播消息成功发送到 1/1 个连接
[2025-04-24 11:00:34] WebSocket 广播消息成功发送到 1/1 个连接
[2025-04-24 11:00:39] WebSocket 广播消息成功发送到 1/1 个连接
[2025-04-24 11:00:44] WebSocket 广播消息成功发送到 1/1 个连接
[2025-04-24 11:00:48] WebSocket 广播消息成功发送到 1/1 个连接
[2025-04-24 11:00:54] WebSocket 广播消息成功发送到 1/1 个连接
[2025-04-24 11:00:59] WebSocket 广播消息成功发送到 1/1 个连接
[2025-04-24 11:01:04] WebSocket 广播消息成功发送到 1/1 个连接
[2025-04-24 11:01:09] WebSocket 广播消息成功发送到 1/1 个连接
[2025-04-24 11:01:14] WebSocket 广播消息成功发送到 1/1 个连接
[2025-04-24 11:01:18] WebSocket 广播消息成功发送到 1/1 个连接
[2025-04-24 11:01:24] WebSocket 广播消息成功发送到 1/1 个连接
[2025-04-24 11:01:29] WebSocket 广播消息成功发送到 1/1 个连接
[2025-04-24 11:01:34] WebSocket 广播消息成功发送到 1/1 个连接
[2025-04-24 11:01:39] WebSocket 广播消息成功发送到 1/1 个连接
[2025-04-24 11:01:44] WebSocket 广播消息成功发送到 1/1 个连接
[2025-04-24 11:01:49] WebSocket 广播消息成功发送到 1/1 个连接
[2025-04-24 11:01:54] WebSocket 广播消息成功发送到 1/1 个连接
[2025-04-24 11:01:59] WebSocket 广播消息成功发送到 1/1 个连接
[2025-04-24 11:02:04] WebSocket 广播消息成功发送到 1/1 个连接
[2025-04-24 11:02:08] WebSocket 广播消息成功发送到 1/1 个连接
[2025-04-24 11:02:08] WebSocket 广播消息成功发送到 1/1 个连接
[2025-04-24 11:02:09] WebSocket 广播消息成功发送到 1/1 个连接
[2025-04-24 11:02:14] WebSocket 广播消息成功发送到 1/1 个连接
[2025-04-24 11:02:19] WebSocket 广播消息成功发送到 1/1 个连接
[2025-04-24 11:02:24] WebSocket 广播消息成功发送到 1/1 个连接
[2025-04-24 11:02:29] WebSocket 广播消息成功发送到 1/1 个连接
[2025-04-24 11:02:34] WebSocket 广播消息成功发送到 1/1 个连接
[2025-04-24 11:02:39] WebSocket 广播消息成功发送到 1/1 个连接
[2025-04-24 11:02:44] WebSocket 广播消息成功发送到 1/1 个连接
[2025-04-24 11:02:49] WebSocket 广播消息成功发送到 1/1 个连接
[2025-04-24 11:02:54] WebSocket 广播消息成功发送到 1/1 个连接
[2025-04-24 11:02:59] WebSocket 广播消息成功发送到 1/1 个连接
[2025-04-24 11:03:04] WebSocket 广播消息成功发送到 1/1 个连接
[2025-04-24 11:03:09] WebSocket 广播消息成功发送到 1/1 个连接
[2025-04-24 11:03:14] WebSocket 广播消息成功发送到 1/1 个连接
[2025-04-24 11:03:19] WebSocket 广播消息成功发送到 1/1 个连接
[2025-04-24 11:03:24] WebSocket 广播消息成功发送到 1/1 个连接
[2025-04-24 11:03:29] WebSocket 广播消息成功发送到 1/1 个连接
[2025-04-24 11:03:34] WebSocket 广播消息成功发送到 1/1 个连接
[2025-04-24 11:03:39] WebSocket 广播消息成功发送到 1/1 个连接
[2025-04-24 11:03:44] WebSocket 广播消息成功发送到 1/1 个连接
[2025-04-24 11:03:49] WebSocket 广播消息成功发送到 1/1 个连接
[2025-04-24 11:03:54] WebSocket 广播消息成功发送到 1/1 个连接
[2025-04-24 11:03:59] WebSocket 广播消息成功发送到 1/1 个连接
[2025-04-24 11:04:04] WebSocket 广播消息成功发送到 1/1 个连接
[2025-04-24 11:04:08] WebSocket 广播消息成功发送到 1/1 个连接
[2025-04-24 11:04:08] WebSocket 广播消息成功发送到 1/1 个连接
[2025-04-24 11:04:09] WebSocket 广播消息成功发送到 1/1 个连接
[2025-04-24 11:04:14] WebSocket 广播消息成功发送到 1/1 个连接
[2025-04-24 11:04:19] WebSocket 广播消息成功发送到 1/1 个连接
[2025-04-24 11:04:24] WebSocket 广播消息成功发送到 1/1 个连接
[2025-04-24 11:04:29] WebSocket 广播消息成功发送到 1/1 个连接
[2025-04-24 11:04:34] WebSocket 广播消息成功发送到 1/1 个连接
[2025-04-24 11:04:39] WebSocket 广播消息成功发送到 1/1 个连接
[2025-04-24 11:04:44] WebSocket 广播消息成功发送到 1/1 个连接
[2025-04-24 11:04:49] WebSocket 广播消息成功发送到 1/1 个连接
[2025-04-24 11:04:54] WebSocket 广播消息成功发送到 1/1 个连接
[2025-04-24 11:04:59] WebSocket 广播消息成功发送到 1/1 个连接
[2025-04-24 11:05:04] WebSocket 广播消息成功发送到 1/1 个连接
[2025-04-24 11:05:09] WebSocket 广播消息成功发送到 1/1 个连接
[2025-04-24 11:05:14] WebSocket 广播消息成功发送到 1/1 个连接
[2025-04-24 11:05:19] WebSocket 广播消息成功发送到 1/1 个连接
[2025-04-24 11:05:24] WebSocket 广播消息成功发送到 1/1 个连接
[2025-04-24 11:05:29] WebSocket 广播消息成功发送到 1/1 个连接
[2025-04-24 11:05:34] WebSocket 广播消息成功发送到 1/1 个连接
[2025-04-24 11:05:39] WebSocket 广播消息成功发送到 1/1 个连接
[2025-04-24 11:05:44] WebSocket 广播消息成功发送到 1/1 个连接
[2025-04-24 11:05:49] WebSocket 广播消息成功发送到 1/1 个连接
[2025-04-24 11:05:54] WebSocket 广播消息成功发送到 1/1 个连接
[2025-04-24 11:05:59] WebSocket 广播消息成功发送到 1/1 个连接
[2025-04-24 11:06:04] WebSocket 广播消息成功发送到 1/1 个连接
[2025-04-24 11:06:08] WebSocket 广播消息成功发送到 1/1 个连接
[2025-04-24 11:06:08] WebSocket 广播消息成功发送到 1/1 个连接
[2025-04-24 11:06:09] WebSocket 广播消息成功发送到 1/1 个连接
[2025-04-24 11:06:14] WebSocket 广播消息成功发送到 1/1 个连接
[2025-04-24 11:06:19] WebSocket 广播消息成功发送到 1/1 个连接
[2025-04-24 11:06:24] WebSocket 广播消息成功发送到 1/1 个连接
[2025-04-24 11:06:29] WebSocket 广播消息成功发送到 1/1 个连接
[2025-04-24 11:06:34] WebSocket 广播消息成功发送到 1/1 个连接
[2025-04-24 11:06:39] WebSocket 广播消息成功发送到 1/1 个连接
[2025-04-24 11:06:44] WebSocket 广播消息成功发送到 1/1 个连接
[2025-04-24 11:06:49] WebSocket 广播消息成功发送到 1/1 个连接
[2025-04-24 11:06:54] WebSocket 广播消息成功发送到 1/1 个连接
[2025-04-24 11:06:59] WebSocket 广播消息成功发送到 1/1 个连接
[2025-04-24 11:07:04] WebSocket 广播消息成功发送到 1/1 个连接
[2025-04-24 11:07:09] WebSocket 广播消息成功发送到 1/1 个连接
[2025-04-24 11:07:14] WebSocket 广播消息成功发送到 1/1 个连接
[2025-04-24 11:07:19] WebSocket 广播消息成功发送到 1/1 个连接
[2025-04-24 11:07:24] WebSocket 广播消息成功发送到 1/1 个连接
[2025-04-24 11:07:29] WebSocket 广播消息成功发送到 1/1 个连接
[2025-04-24 11:07:34] WebSocket 广播消息成功发送到 1/1 个连接
[2025-04-24 11:07:39] WebSocket 广播消息成功发送到 1/1 个连接
[2025-04-24 11:07:44] WebSocket 广播消息成功发送到 1/1 个连接
[2025-04-24 11:07:49] WebSocket 广播消息成功发送到 1/1 个连接
[2025-04-24 11:07:54] WebSocket 广播消息成功发送到 1/1 个连接
[2025-04-24 11:07:59] WebSocket 广播消息成功发送到 1/1 个连接
[2025-04-24 11:08:04] WebSocket 广播消息成功发送到 1/1 个连接
[2025-04-24 11:08:08] WebSocket 广播消息成功发送到 1/1 个连接
[2025-04-24 11:08:08] WebSocket 广播消息成功发送到 1/1 个连接
[2025-04-24 11:08:09] WebSocket 广播消息成功发送到 1/1 个连接
[2025-04-24 11:08:14] WebSocket 广播消息成功发送到 1/1 个连接
[2025-04-24 11:08:19] WebSocket 广播消息成功发送到 1/1 个连接
[2025-04-24 11:08:24] WebSocket 广播消息成功发送到 1/1 个连接
[2025-04-24 11:08:29] WebSocket 广播消息成功发送到 1/1 个连接
[2025-04-24 11:08:34] WebSocket 广播消息成功发送到 1/1 个连接
[2025-04-24 11:08:39] WebSocket 广播消息成功发送到 1/1 个连接
[2025-04-24 11:08:44] WebSocket 广播消息成功发送到 1/1 个连接
[2025-04-24 11:08:49] WebSocket 广播消息成功发送到 1/1 个连接
[2025-04-24 11:08:54] WebSocket 广播消息成功发送到 1/1 个连接
[2025-04-24 11:08:59] WebSocket 广播消息成功发送到 1/1 个连接
[2025-04-24 11:09:04] WebSocket 广播消息成功发送到 1/1 个连接
[2025-04-24 11:09:09] WebSocket 广播消息成功发送到 1/1 个连接
[2025-04-24 11:09:14] WebSocket 广播消息成功发送到 1/1 个连接
[2025-04-24 11:09:19] WebSocket 广播消息成功发送到 1/1 个连接
[2025-04-24 11:09:24] WebSocket 广播消息成功发送到 1/1 个连接
[2025-04-24 11:09:29] WebSocket 广播消息成功发送到 1/1 个连接
[2025-04-24 11:09:34] WebSocket 广播消息成功发送到 1/1 个连接
[2025-04-24 11:09:39] WebSocket 广播消息成功发送到 1/1 个连接
[2025-04-24 11:09:44] WebSocket 广播消息成功发送到 1/1 个连接
[2025-04-24 11:09:49] WebSocket 广播消息成功发送到 1/1 个连接
[2025-04-24 11:09:54] WebSocket 广播消息成功发送到 1/1 个连接
[2025-04-24 11:09:59] WebSocket 广播消息成功发送到 1/1 个连接
[2025-04-24 11:10:04] WebSocket 广播消息成功发送到 1/1 个连接
[2025-04-24 11:10:08] WebSocket 广播消息成功发送到 1/1 个连接
[2025-04-24 11:10:08] WebSocket 广播消息成功发送到 1/1 个连接
[2025-04-24 11:10:10] WebSocket 广播消息成功发送到 1/1 个连接
[2025-04-24 11:10:14] WebSocket 广播消息成功发送到 1/1 个连接
[2025-04-24 11:10:19] WebSocket 广播消息成功发送到 1/1 个连接
[2025-04-24 11:10:24] WebSocket 广播消息成功发送到 1/1 个连接
[2025-04-24 11:10:29] WebSocket 广播消息成功发送到 1/1 个连接
[2025-04-24 11:10:34] WebSocket 广播消息成功发送到 1/1 个连接
[2025-04-24 11:10:39] WebSocket 广播消息成功发送到 1/1 个连接
[2025-04-24 11:10:44] WebSocket 广播消息成功发送到 1/1 个连接
[2025-04-24 11:10:49] WebSocket 广播消息成功发送到 1/1 个连接
[2025-04-24 11:10:54] WebSocket 广播消息成功发送到 1/1 个连接
[2025-04-24 11:11:00] WebSocket 广播消息成功发送到 1/1 个连接
[2025-04-24 11:11:05] WebSocket 广播消息成功发送到 1/1 个连接
[2025-04-24 11:11:10] WebSocket 广播消息成功发送到 1/1 个连接
[2025-04-24 11:11:15] WebSocket 广播消息成功发送到 1/1 个连接
[2025-04-24 11:11:20] WebSocket 广播消息成功发送到 1/1 个连接
[2025-04-24 11:11:25] WebSocket 广播消息成功发送到 1/1 个连接
[2025-04-24 11:11:30] WebSocket 广播消息成功发送到 1/1 个连接
[2025-04-24 11:11:35] WebSocket 广播消息成功发送到 1/1 个连接
[2025-04-24 11:11:40] WebSocket 广播消息成功发送到 1/1 个连接
[2025-04-24 11:11:45] WebSocket 广播消息成功发送到 1/1 个连接
[2025-04-24 11:11:50] WebSocket 广播消息成功发送到 1/1 个连接
[2025-04-24 11:11:55] WebSocket 广播消息成功发送到 1/1 个连接
[2025-04-24 11:12:00] WebSocket 广播消息成功发送到 1/1 个连接
[2025-04-24 11:12:05] WebSocket 广播消息成功发送到 1/1 个连接
[2025-04-24 11:12:08] WebSocket 广播消息成功发送到 1/1 个连接
[2025-04-24 11:12:08] WebSocket 广播消息成功发送到 1/1 个连接
[2025-04-24 11:12:10] WebSocket 广播消息成功发送到 1/1 个连接
[2025-04-24 11:12:15] WebSocket 广播消息成功发送到 1/1 个连接
[2025-04-24 11:12:20] WebSocket 广播消息成功发送到 1/1 个连接
[2025-04-24 11:12:25] WebSocket 广播消息成功发送到 1/1 个连接
[2025-04-24 11:12:30] WebSocket 广播消息成功发送到 1/1 个连接
[2025-04-24 11:12:35] WebSocket 广播消息成功发送到 1/1 个连接
[2025-04-24 11:12:40] WebSocket 广播消息成功发送到 1/1 个连接
[2025-04-24 11:12:45] WebSocket 广播消息成功发送到 1/1 个连接
[2025-04-24 11:12:49] WebSocket 连接已关闭
[2025-04-24 11:12:49] WebSocket 连接已移除，当前连接数: 0
[2025-04-24 11:13:18] WebSocket 广播消息成功发送到 0/0 个连接
[2025-04-24 11:13:21] WebSocket 连接已添加，当前连接数: 1
[2025-04-24 11:13:22] GET /api/finance/time - 0ms
[2025-04-24 11:13:22] GET /api/finance/news/cls - 0ms
[2025-04-24 11:13:22] GET /api/finance/quotes/all - 229ms
[2025-04-24 11:13:22] GET /api/finance/trade-calendar - 610ms
[2025-04-24 11:13:23] WebSocket 广播消息成功发送到 1/1 个连接
[2025-04-24 11:13:24] WebSocket 广播消息成功发送到 1/1 个连接
[2025-04-24 11:13:25] Koa 和 WebSocket 服务器已启动，监听端口 3300
[2025-04-24 11:13:25] WebSocket 广播消息成功发送到 0/0 个连接
[2025-04-24 11:13:25] WebSocket 广播消息成功发送到 0/0 个连接
[2025-04-24 11:13:26] WebSocket 连接已添加，当前连接数: 1
[2025-04-24 11:13:30] WebSocket 广播消息成功发送到 1/1 个连接
[2025-04-24 11:13:35] WebSocket 广播消息成功发送到 1/1 个连接
[2025-04-24 11:13:40] WebSocket 广播消息成功发送到 1/1 个连接
[2025-04-24 11:13:45] WebSocket 广播消息成功发送到 1/1 个连接
[2025-04-24 11:13:50] WebSocket 广播消息成功发送到 1/1 个连接
[2025-04-24 11:13:55] WebSocket 广播消息成功发送到 1/1 个连接
[2025-04-24 11:14:00] WebSocket 广播消息成功发送到 1/1 个连接
[2025-04-24 11:14:05] WebSocket 广播消息成功发送到 1/1 个连接
[2025-04-24 11:14:10] WebSocket 广播消息成功发送到 1/1 个连接
[2025-04-24 11:14:15] WebSocket 广播消息成功发送到 1/1 个连接
[2025-04-24 11:14:20] WebSocket 广播消息成功发送到 1/1 个连接
[2025-04-24 11:14:25] WebSocket 广播消息成功发送到 1/1 个连接
[2025-04-24 11:14:30] WebSocket 广播消息成功发送到 1/1 个连接
[2025-04-24 11:14:35] WebSocket 广播消息成功发送到 1/1 个连接
[2025-04-24 11:14:40] WebSocket 广播消息成功发送到 1/1 个连接
[2025-04-24 11:14:45] WebSocket 广播消息成功发送到 1/1 个连接
[2025-04-24 11:14:50] WebSocket 广播消息成功发送到 1/1 个连接
[2025-04-24 11:14:55] WebSocket 广播消息成功发送到 1/1 个连接
[2025-04-24 11:15:00] WebSocket 广播消息成功发送到 1/1 个连接
[2025-04-24 11:15:05] WebSocket 广播消息成功发送到 1/1 个连接
[2025-04-24 11:15:10] WebSocket 广播消息成功发送到 1/1 个连接
[2025-04-24 11:15:15] WebSocket 广播消息成功发送到 1/1 个连接
[2025-04-24 11:15:20] WebSocket 广播消息成功发送到 1/1 个连接
[2025-04-24 11:15:25] WebSocket 广播消息成功发送到 1/1 个连接
[2025-04-24 11:15:25] WebSocket 广播消息成功发送到 1/1 个连接
[2025-04-24 11:15:25] WebSocket 广播消息成功发送到 1/1 个连接
[2025-04-24 11:15:30] WebSocket 广播消息成功发送到 1/1 个连接
[2025-04-24 11:15:35] WebSocket 广播消息成功发送到 1/1 个连接
[2025-04-24 11:15:40] WebSocket 广播消息成功发送到 1/1 个连接
[2025-04-24 11:15:45] WebSocket 广播消息成功发送到 1/1 个连接
[2025-04-24 11:15:50] WebSocket 广播消息成功发送到 1/1 个连接
[2025-04-24 11:15:55] WebSocket 广播消息成功发送到 1/1 个连接
[2025-04-24 11:16:00] WebSocket 广播消息成功发送到 1/1 个连接
[2025-04-24 11:16:05] WebSocket 广播消息成功发送到 1/1 个连接
[2025-04-24 11:16:10] WebSocket 广播消息成功发送到 1/1 个连接
[2025-04-24 11:16:15] WebSocket 广播消息成功发送到 1/1 个连接
[2025-04-24 11:16:20] WebSocket 广播消息成功发送到 1/1 个连接
[2025-04-24 11:16:25] WebSocket 广播消息成功发送到 1/1 个连接
[2025-04-24 11:16:30] WebSocket 广播消息成功发送到 1/1 个连接
[2025-04-24 11:16:35] WebSocket 广播消息成功发送到 1/1 个连接
[2025-04-24 11:16:40] WebSocket 广播消息成功发送到 1/1 个连接
[2025-04-24 11:16:45] WebSocket 广播消息成功发送到 1/1 个连接
[2025-04-24 11:16:50] WebSocket 广播消息成功发送到 1/1 个连接
[2025-04-24 11:16:55] WebSocket 广播消息成功发送到 1/1 个连接
[2025-04-24 11:16:59] GET /api/finance/news/cls - 2ms
[2025-04-24 11:17:00] WebSocket 广播消息成功发送到 1/1 个连接
[2025-04-24 11:17:05] WebSocket 广播消息成功发送到 1/1 个连接
[2025-04-24 11:17:10] WebSocket 广播消息成功发送到 1/1 个连接
[2025-04-24 11:17:15] WebSocket 广播消息成功发送到 1/1 个连接
[2025-04-24 11:17:20] WebSocket 广播消息成功发送到 1/1 个连接
[2025-04-24 11:17:25] WebSocket 广播消息成功发送到 1/1 个连接
[2025-04-24 11:17:25] WebSocket 广播消息成功发送到 1/1 个连接
[2025-04-24 11:17:25] WebSocket 广播消息成功发送到 1/1 个连接
[2025-04-24 11:17:30] WebSocket 广播消息成功发送到 1/1 个连接
[2025-04-24 11:17:35] WebSocket 广播消息成功发送到 1/1 个连接
[2025-04-24 11:17:40] WebSocket 广播消息成功发送到 1/1 个连接
[2025-04-24 11:17:45] WebSocket 广播消息成功发送到 1/1 个连接
[2025-04-24 11:17:50] WebSocket 广播消息成功发送到 1/1 个连接
[2025-04-24 11:17:55] WebSocket 广播消息成功发送到 1/1 个连接
[2025-04-24 11:18:00] WebSocket 广播消息成功发送到 1/1 个连接
[2025-04-24 11:18:05] WebSocket 广播消息成功发送到 1/1 个连接
[2025-04-24 11:18:10] WebSocket 广播消息成功发送到 1/1 个连接
[2025-04-24 11:18:15] WebSocket 广播消息成功发送到 1/1 个连接
[2025-04-24 11:18:20] WebSocket 广播消息成功发送到 1/1 个连接
[2025-04-24 11:18:25] WebSocket 广播消息成功发送到 1/1 个连接
[2025-04-24 11:18:30] WebSocket 广播消息成功发送到 1/1 个连接
[2025-04-24 11:18:35] WebSocket 广播消息成功发送到 1/1 个连接
[2025-04-24 11:18:40] WebSocket 广播消息成功发送到 1/1 个连接
[2025-04-24 11:18:45] WebSocket 广播消息成功发送到 1/1 个连接
[2025-04-24 11:18:50] WebSocket 广播消息成功发送到 1/1 个连接
[2025-04-24 11:18:55] WebSocket 广播消息成功发送到 1/1 个连接
[2025-04-24 11:19:00] WebSocket 广播消息成功发送到 1/1 个连接
[2025-04-24 11:19:05] WebSocket 广播消息成功发送到 1/1 个连接
[2025-04-24 11:19:10] WebSocket 广播消息成功发送到 1/1 个连接
[2025-04-24 11:19:15] WebSocket 广播消息成功发送到 1/1 个连接
[2025-04-24 11:19:20] WebSocket 广播消息成功发送到 1/1 个连接
[2025-04-24 11:19:25] WebSocket 广播消息成功发送到 1/1 个连接
[2025-04-24 11:19:25] WebSocket 广播消息成功发送到 1/1 个连接
[2025-04-24 11:19:33] WebSocket 广播消息成功发送到 1/1 个连接
[2025-04-24 11:19:35] WebSocket 广播消息成功发送到 1/1 个连接
[2025-04-24 11:19:40] WebSocket 广播消息成功发送到 1/1 个连接
[2025-04-24 11:19:45] WebSocket 广播消息成功发送到 1/1 个连接
[2025-04-24 11:19:50] WebSocket 广播消息成功发送到 1/1 个连接
[2025-04-24 11:19:55] WebSocket 广播消息成功发送到 1/1 个连接
[2025-04-24 11:20:00] WebSocket 广播消息成功发送到 1/1 个连接
[2025-04-24 11:20:05] WebSocket 广播消息成功发送到 1/1 个连接
[2025-04-24 11:20:10] WebSocket 广播消息成功发送到 1/1 个连接
[2025-04-24 11:20:15] WebSocket 广播消息成功发送到 1/1 个连接
[2025-04-24 11:20:20] WebSocket 广播消息成功发送到 1/1 个连接
[2025-04-24 11:20:25] WebSocket 广播消息成功发送到 1/1 个连接
[2025-04-24 11:20:30] WebSocket 广播消息成功发送到 1/1 个连接
[2025-04-24 11:20:35] WebSocket 广播消息成功发送到 1/1 个连接
[2025-04-24 11:20:40] WebSocket 广播消息成功发送到 1/1 个连接
[2025-04-24 11:20:45] WebSocket 广播消息成功发送到 1/1 个连接
[2025-04-24 11:20:50] WebSocket 广播消息成功发送到 1/1 个连接
[2025-04-24 11:20:55] WebSocket 广播消息成功发送到 1/1 个连接
[2025-04-24 11:21:00] WebSocket 广播消息成功发送到 1/1 个连接
[2025-04-24 11:21:05] WebSocket 广播消息成功发送到 1/1 个连接
[2025-04-24 11:21:10] WebSocket 广播消息成功发送到 1/1 个连接
[2025-04-24 11:21:15] WebSocket 广播消息成功发送到 1/1 个连接
[2025-04-24 11:21:20] WebSocket 广播消息成功发送到 1/1 个连接
[2025-04-24 11:21:25] WebSocket 广播消息成功发送到 1/1 个连接
[2025-04-24 11:21:26] WebSocket 广播消息成功发送到 1/1 个连接
[2025-04-24 11:21:31] WebSocket 广播消息成功发送到 1/1 个连接
[2025-04-24 11:21:32] Koa 和 WebSocket 服务器已启动，监听端口 3300
[2025-04-24 11:21:32] WebSocket 广播消息成功发送到 0/0 个连接
[2025-04-24 11:21:32] WebSocket 广播消息成功发送到 0/0 个连接
[2025-04-24 11:21:34] WebSocket 连接已添加，当前连接数: 1
[2025-04-24 11:21:37] WebSocket 广播消息成功发送到 1/1 个连接
[2025-04-24 11:21:42] WebSocket 广播消息成功发送到 1/1 个连接
[2025-04-24 11:21:47] WebSocket 广播消息成功发送到 1/1 个连接
[2025-04-24 11:21:52] WebSocket 广播消息成功发送到 1/1 个连接
[2025-04-24 11:21:57] WebSocket 广播消息成功发送到 1/1 个连接
[2025-04-24 11:22:02] WebSocket 广播消息成功发送到 1/1 个连接
[2025-04-24 11:22:07] WebSocket 广播消息成功发送到 1/1 个连接
[2025-04-24 11:22:12] WebSocket 广播消息成功发送到 1/1 个连接
[2025-04-24 11:22:17] WebSocket 广播消息成功发送到 1/1 个连接
[2025-04-24 11:22:22] WebSocket 广播消息成功发送到 1/1 个连接
[2025-04-24 11:22:27] WebSocket 广播消息成功发送到 1/1 个连接
[2025-04-24 11:22:32] WebSocket 广播消息成功发送到 1/1 个连接
[2025-04-24 11:22:37] WebSocket 广播消息成功发送到 1/1 个连接
[2025-04-24 11:22:42] WebSocket 广播消息成功发送到 1/1 个连接
[2025-04-24 11:22:45] Koa 和 WebSocket 服务器已启动，监听端口 3300
[2025-04-24 11:22:45] WebSocket 广播消息成功发送到 0/0 个连接
[2025-04-24 11:22:45] WebSocket 广播消息成功发送到 0/0 个连接
[2025-04-24 11:22:48] WebSocket 连接已添加，当前连接数: 1
[2025-04-24 11:22:50] WebSocket 广播消息成功发送到 1/1 个连接
[2025-04-24 11:22:55] WebSocket 广播消息成功发送到 1/1 个连接
[2025-04-24 11:23:00] WebSocket 广播消息成功发送到 1/1 个连接
[2025-04-24 11:23:05] WebSocket 广播消息成功发送到 1/1 个连接
[2025-04-24 11:23:10] WebSocket 广播消息成功发送到 1/1 个连接
[2025-04-24 11:23:15] WebSocket 广播消息成功发送到 1/1 个连接
[2025-04-24 11:23:20] WebSocket 广播消息成功发送到 1/1 个连接
[2025-04-24 11:23:25] WebSocket 广播消息成功发送到 1/1 个连接
[2025-04-24 11:23:30] WebSocket 广播消息成功发送到 1/1 个连接
[2025-04-24 11:23:35] WebSocket 广播消息成功发送到 1/1 个连接
[2025-04-24 11:23:40] WebSocket 广播消息成功发送到 1/1 个连接
[2025-04-24 11:23:45] WebSocket 广播消息成功发送到 1/1 个连接
[2025-04-24 11:23:50] WebSocket 广播消息成功发送到 1/1 个连接
[2025-04-24 11:23:55] WebSocket 广播消息成功发送到 1/1 个连接
[2025-04-24 11:24:00] WebSocket 广播消息成功发送到 1/1 个连接
[2025-04-24 11:24:05] WebSocket 广播消息成功发送到 1/1 个连接
[2025-04-24 11:24:08] Koa 和 WebSocket 服务器已启动，监听端口 3300
[2025-04-24 11:24:08] WebSocket 广播消息成功发送到 0/0 个连接
[2025-04-24 11:24:08] WebSocket 广播消息成功发送到 0/0 个连接
[2025-04-24 11:24:10] WebSocket 连接已添加，当前连接数: 1
[2025-04-24 11:24:13] WebSocket 广播消息成功发送到 1/1 个连接
[2025-04-24 11:24:18] WebSocket 广播消息成功发送到 1/1 个连接
[2025-04-24 11:24:22] Koa 和 WebSocket 服务器已启动，监听端口 3300
[2025-04-24 11:24:22] WebSocket 广播消息成功发送到 0/0 个连接
[2025-04-24 11:24:22] WebSocket 广播消息成功发送到 0/0 个连接
[2025-04-24 11:24:24] Koa 和 WebSocket 服务器已启动，监听端口 3300
[2025-04-24 11:24:24] WebSocket 广播消息成功发送到 0/0 个连接
[2025-04-24 11:24:24] WebSocket 广播消息成功发送到 0/0 个连接
[2025-04-24 11:24:25] WebSocket 连接已添加，当前连接数: 1
[2025-04-24 11:24:27] Koa 和 WebSocket 服务器已启动，监听端口 3300
[2025-04-24 11:24:27] WebSocket 广播消息成功发送到 0/0 个连接
[2025-04-24 11:24:27] WebSocket 广播消息成功发送到 0/0 个连接
[2025-04-24 11:24:30] WebSocket 连接已添加，当前连接数: 1
[2025-04-24 11:24:32] WebSocket 广播消息成功发送到 1/1 个连接
[2025-04-24 11:24:37] WebSocket 广播消息成功发送到 1/1 个连接
[2025-04-24 11:24:42] WebSocket 广播消息成功发送到 1/1 个连接
[2025-04-24 11:24:43] Koa 和 WebSocket 服务器已启动，监听端口 3300
[2025-04-24 11:24:43] WebSocket 广播消息成功发送到 0/0 个连接
[2025-04-24 11:24:43] WebSocket 广播消息成功发送到 0/0 个连接
[2025-04-24 11:24:46] WebSocket 连接已添加，当前连接数: 1
[2025-04-24 11:24:48] WebSocket 广播消息成功发送到 1/1 个连接
[2025-04-24 11:24:53] WebSocket 广播消息成功发送到 1/1 个连接
[2025-04-24 11:24:58] WebSocket 广播消息成功发送到 1/1 个连接
[2025-04-24 11:25:03] WebSocket 广播消息成功发送到 1/1 个连接
[2025-04-24 11:25:08] WebSocket 广播消息成功发送到 1/1 个连接
[2025-04-24 11:25:13] WebSocket 广播消息成功发送到 1/1 个连接
[2025-04-24 11:25:18] WebSocket 广播消息成功发送到 1/1 个连接
[2025-04-24 11:25:23] WebSocket 广播消息成功发送到 1/1 个连接
[2025-04-24 11:25:28] WebSocket 广播消息成功发送到 1/1 个连接
[2025-04-24 11:25:33] WebSocket 广播消息成功发送到 1/1 个连接
[2025-04-24 11:25:38] WebSocket 广播消息成功发送到 1/1 个连接
[2025-04-24 11:25:43] WebSocket 广播消息成功发送到 1/1 个连接
[2025-04-24 11:25:48] WebSocket 广播消息成功发送到 1/1 个连接
[2025-04-24 11:25:53] WebSocket 广播消息成功发送到 1/1 个连接
[2025-04-24 11:25:58] WebSocket 广播消息成功发送到 1/1 个连接
[2025-04-24 11:26:03] WebSocket 广播消息成功发送到 1/1 个连接
[2025-04-24 11:26:08] WebSocket 广播消息成功发送到 1/1 个连接
[2025-04-24 11:26:13] WebSocket 广播消息成功发送到 1/1 个连接
[2025-04-24 11:26:18] WebSocket 广播消息成功发送到 1/1 个连接
[2025-04-24 11:26:23] WebSocket 广播消息成功发送到 1/1 个连接
[2025-04-24 11:26:28] WebSocket 广播消息成功发送到 1/1 个连接
[2025-04-24 11:26:33] WebSocket 广播消息成功发送到 1/1 个连接
[2025-04-24 11:26:38] WebSocket 广播消息成功发送到 1/1 个连接
[2025-04-24 11:26:43] WebSocket 广播消息成功发送到 1/1 个连接
[2025-04-24 11:26:43] WebSocket 广播消息成功发送到 1/1 个连接
[2025-04-24 11:26:43] WebSocket 广播消息成功发送到 1/1 个连接
[2025-04-24 11:26:48] WebSocket 广播消息成功发送到 1/1 个连接
[2025-04-24 11:26:53] WebSocket 广播消息成功发送到 1/1 个连接
[2025-04-24 11:26:58] WebSocket 广播消息成功发送到 1/1 个连接
[2025-04-24 11:27:03] WebSocket 广播消息成功发送到 1/1 个连接
[2025-04-24 11:27:08] WebSocket 广播消息成功发送到 1/1 个连接
[2025-04-24 11:27:13] WebSocket 广播消息成功发送到 1/1 个连接
[2025-04-24 11:27:18] WebSocket 广播消息成功发送到 1/1 个连接
[2025-04-24 11:27:23] WebSocket 广播消息成功发送到 1/1 个连接
[2025-04-24 11:27:28] WebSocket 广播消息成功发送到 1/1 个连接
[2025-04-24 11:27:33] WebSocket 广播消息成功发送到 1/1 个连接
[2025-04-24 11:27:38] WebSocket 广播消息成功发送到 1/1 个连接
[2025-04-24 11:27:43] WebSocket 广播消息成功发送到 1/1 个连接
[2025-04-24 11:27:48] WebSocket 广播消息成功发送到 1/1 个连接
[2025-04-24 11:27:53] WebSocket 广播消息成功发送到 1/1 个连接
[2025-04-24 11:27:58] WebSocket 广播消息成功发送到 1/1 个连接
[2025-04-24 11:28:03] WebSocket 广播消息成功发送到 1/1 个连接
[2025-04-24 11:28:08] WebSocket 广播消息成功发送到 1/1 个连接
[2025-04-24 11:28:13] WebSocket 广播消息成功发送到 1/1 个连接
[2025-04-24 11:28:18] WebSocket 广播消息成功发送到 1/1 个连接
[2025-04-24 11:28:24] WebSocket 广播消息成功发送到 1/1 个连接
[2025-04-24 11:28:28] WebSocket 广播消息成功发送到 1/1 个连接
[2025-04-24 11:28:33] WebSocket 广播消息成功发送到 1/1 个连接
[2025-04-24 11:28:39] WebSocket 广播消息成功发送到 1/1 个连接
[2025-04-24 11:28:43] WebSocket 广播消息成功发送到 1/1 个连接
[2025-04-24 11:28:43] WebSocket 广播消息成功发送到 1/1 个连接
[2025-04-24 11:28:44] WebSocket 广播消息成功发送到 1/1 个连接
[2025-04-24 11:28:49] WebSocket 广播消息成功发送到 1/1 个连接
[2025-04-24 11:28:54] WebSocket 广播消息成功发送到 1/1 个连接
[2025-04-24 11:28:59] WebSocket 广播消息成功发送到 1/1 个连接
[2025-04-24 11:29:04] WebSocket 广播消息成功发送到 1/1 个连接
[2025-04-24 11:29:09] WebSocket 广播消息成功发送到 1/1 个连接
[2025-04-24 11:29:14] WebSocket 广播消息成功发送到 1/1 个连接
[2025-04-24 11:29:19] WebSocket 广播消息成功发送到 1/1 个连接
[2025-04-24 11:29:24] WebSocket 广播消息成功发送到 1/1 个连接
[2025-04-24 11:29:29] WebSocket 广播消息成功发送到 1/1 个连接
[2025-04-24 11:29:34] WebSocket 广播消息成功发送到 1/1 个连接
[2025-04-24 11:29:34] GET /api/finance/news/cls - 2ms
[2025-04-24 11:29:39] WebSocket 广播消息成功发送到 1/1 个连接
[2025-04-24 11:29:44] WebSocket 广播消息成功发送到 1/1 个连接
[2025-04-24 11:29:49] WebSocket 广播消息成功发送到 1/1 个连接
[2025-04-24 11:29:54] WebSocket 广播消息成功发送到 1/1 个连接
[2025-04-24 11:29:59] WebSocket 广播消息成功发送到 1/1 个连接
[2025-04-24 11:30:04] WebSocket 广播消息成功发送到 1/1 个连接
[2025-04-24 11:30:09] WebSocket 广播消息成功发送到 1/1 个连接
[2025-04-24 11:30:14] WebSocket 广播消息成功发送到 1/1 个连接
[2025-04-24 11:30:19] WebSocket 广播消息成功发送到 1/1 个连接
[2025-04-24 11:30:24] WebSocket 广播消息成功发送到 1/1 个连接
[2025-04-24 11:30:29] WebSocket 广播消息成功发送到 1/1 个连接
[2025-04-24 11:30:34] WebSocket 广播消息成功发送到 1/1 个连接
[2025-04-24 11:30:39] WebSocket 广播消息成功发送到 1/1 个连接
[2025-04-24 11:30:43] WebSocket 广播消息成功发送到 1/1 个连接
[2025-04-24 11:30:43] WebSocket 广播消息成功发送到 1/1 个连接
[2025-04-24 11:30:44] WebSocket 广播消息成功发送到 1/1 个连接
[2025-04-24 11:30:49] WebSocket 广播消息成功发送到 1/1 个连接
[2025-04-24 11:30:54] WebSocket 广播消息成功发送到 1/1 个连接
[2025-04-24 11:30:59] WebSocket 广播消息成功发送到 1/1 个连接
[2025-04-24 11:31:04] WebSocket 广播消息成功发送到 1/1 个连接
[2025-04-24 11:31:09] WebSocket 广播消息成功发送到 1/1 个连接
[2025-04-24 11:31:14] WebSocket 广播消息成功发送到 1/1 个连接
[2025-04-24 11:31:19] WebSocket 广播消息成功发送到 1/1 个连接
[2025-04-24 11:31:24] WebSocket 广播消息成功发送到 1/1 个连接
[2025-04-24 11:31:29] WebSocket 广播消息成功发送到 1/1 个连接
[2025-04-24 11:31:34] WebSocket 广播消息成功发送到 1/1 个连接
[2025-04-24 11:31:39] WebSocket 广播消息成功发送到 1/1 个连接
[2025-04-24 11:31:44] WebSocket 广播消息成功发送到 1/1 个连接
[2025-04-24 11:31:49] WebSocket 广播消息成功发送到 1/1 个连接
[2025-04-24 11:31:54] WebSocket 广播消息成功发送到 1/1 个连接
[2025-04-24 11:31:59] WebSocket 广播消息成功发送到 1/1 个连接
[2025-04-24 11:32:04] WebSocket 广播消息成功发送到 1/1 个连接
[2025-04-24 11:32:09] WebSocket 广播消息成功发送到 1/1 个连接
[2025-04-24 11:32:14] WebSocket 广播消息成功发送到 1/1 个连接
[2025-04-24 11:32:19] WebSocket 广播消息成功发送到 1/1 个连接
[2025-04-24 11:32:24] WebSocket 广播消息成功发送到 1/1 个连接
[2025-04-24 11:32:29] WebSocket 广播消息成功发送到 1/1 个连接
[2025-04-24 11:32:34] WebSocket 广播消息成功发送到 1/1 个连接
[2025-04-24 11:32:39] WebSocket 广播消息成功发送到 1/1 个连接
[2025-04-24 11:32:43] WebSocket 广播消息成功发送到 1/1 个连接
[2025-04-24 11:32:43] WebSocket 广播消息成功发送到 1/1 个连接
[2025-04-24 11:32:44] WebSocket 广播消息成功发送到 1/1 个连接
[2025-04-24 11:32:49] WebSocket 广播消息成功发送到 1/1 个连接
[2025-04-24 11:32:54] WebSocket 广播消息成功发送到 1/1 个连接
[2025-04-24 11:32:59] WebSocket 广播消息成功发送到 1/1 个连接
[2025-04-24 11:33:04] WebSocket 广播消息成功发送到 1/1 个连接
[2025-04-24 11:33:09] WebSocket 广播消息成功发送到 1/1 个连接
[2025-04-24 11:33:14] WebSocket 广播消息成功发送到 1/1 个连接
[2025-04-24 11:33:19] WebSocket 广播消息成功发送到 1/1 个连接
[2025-04-24 11:33:24] WebSocket 广播消息成功发送到 1/1 个连接
[2025-04-24 11:33:29] WebSocket 广播消息成功发送到 1/1 个连接
[2025-04-24 11:33:34] WebSocket 广播消息成功发送到 1/1 个连接
[2025-04-24 11:33:39] WebSocket 广播消息成功发送到 1/1 个连接
[2025-04-24 11:33:44] WebSocket 广播消息成功发送到 1/1 个连接
[2025-04-24 11:33:49] WebSocket 广播消息成功发送到 1/1 个连接
[2025-04-24 11:33:54] WebSocket 广播消息成功发送到 1/1 个连接
[2025-04-24 11:33:59] WebSocket 广播消息成功发送到 1/1 个连接
[2025-04-24 11:34:04] WebSocket 广播消息成功发送到 1/1 个连接
[2025-04-24 11:34:09] WebSocket 广播消息成功发送到 1/1 个连接
[2025-04-24 11:34:14] WebSocket 广播消息成功发送到 1/1 个连接
[2025-04-24 11:34:19] WebSocket 广播消息成功发送到 1/1 个连接
[2025-04-24 11:34:24] WebSocket 广播消息成功发送到 1/1 个连接
[2025-04-24 11:34:29] WebSocket 广播消息成功发送到 1/1 个连接
[2025-04-24 11:34:34] WebSocket 广播消息成功发送到 1/1 个连接
[2025-04-24 11:34:39] WebSocket 广播消息成功发送到 1/1 个连接
[2025-04-24 11:34:43] WebSocket 广播消息成功发送到 1/1 个连接
[2025-04-24 11:34:43] WebSocket 广播消息成功发送到 1/1 个连接
[2025-04-24 11:34:44] WebSocket 广播消息成功发送到 1/1 个连接
[2025-04-24 11:34:49] WebSocket 广播消息成功发送到 1/1 个连接
[2025-04-24 11:34:54] WebSocket 广播消息成功发送到 1/1 个连接
[2025-04-24 11:34:59] WebSocket 广播消息成功发送到 1/1 个连接
[2025-04-24 11:35:04] WebSocket 广播消息成功发送到 1/1 个连接
[2025-04-24 11:35:09] WebSocket 广播消息成功发送到 1/1 个连接
[2025-04-24 11:35:14] WebSocket 广播消息成功发送到 1/1 个连接
[2025-04-24 11:35:19] WebSocket 广播消息成功发送到 1/1 个连接
[2025-04-24 11:35:24] WebSocket 广播消息成功发送到 1/1 个连接
[2025-04-24 11:35:29] WebSocket 广播消息成功发送到 1/1 个连接
[2025-04-24 11:35:34] WebSocket 广播消息成功发送到 1/1 个连接
[2025-04-24 11:35:39] WebSocket 广播消息成功发送到 1/1 个连接
[2025-04-24 11:35:44] WebSocket 广播消息成功发送到 1/1 个连接
[2025-04-24 11:35:49] WebSocket 广播消息成功发送到 1/1 个连接
[2025-04-24 11:35:54] WebSocket 广播消息成功发送到 1/1 个连接
[2025-04-24 11:35:59] WebSocket 广播消息成功发送到 1/1 个连接
[2025-04-24 11:36:04] WebSocket 广播消息成功发送到 1/1 个连接
[2025-04-24 11:36:09] WebSocket 广播消息成功发送到 1/1 个连接
[2025-04-24 11:36:14] WebSocket 广播消息成功发送到 1/1 个连接
[2025-04-24 11:36:19] WebSocket 广播消息成功发送到 1/1 个连接
[2025-04-24 11:36:24] WebSocket 广播消息成功发送到 1/1 个连接
[2025-04-24 11:36:29] WebSocket 广播消息成功发送到 1/1 个连接
[2025-04-24 11:36:34] WebSocket 广播消息成功发送到 1/1 个连接
[2025-04-24 11:36:39] WebSocket 广播消息成功发送到 1/1 个连接
[2025-04-24 11:36:43] WebSocket 广播消息成功发送到 1/1 个连接
[2025-04-24 11:36:43] WebSocket 广播消息成功发送到 1/1 个连接
[2025-04-24 11:36:44] WebSocket 广播消息成功发送到 1/1 个连接
[2025-04-24 11:36:49] WebSocket 广播消息成功发送到 1/1 个连接
[2025-04-24 11:36:54] WebSocket 广播消息成功发送到 1/1 个连接
[2025-04-24 11:36:59] WebSocket 广播消息成功发送到 1/1 个连接
[2025-04-24 11:37:04] WebSocket 广播消息成功发送到 1/1 个连接
[2025-04-24 11:37:09] WebSocket 广播消息成功发送到 1/1 个连接
[2025-04-24 11:37:14] WebSocket 广播消息成功发送到 1/1 个连接
[2025-04-24 11:37:19] WebSocket 广播消息成功发送到 1/1 个连接
[2025-04-24 11:37:24] WebSocket 广播消息成功发送到 1/1 个连接
[2025-04-24 11:37:29] WebSocket 广播消息成功发送到 1/1 个连接
[2025-04-24 11:37:34] WebSocket 广播消息成功发送到 1/1 个连接
[2025-04-24 11:37:39] WebSocket 广播消息成功发送到 1/1 个连接
[2025-04-24 11:37:44] WebSocket 广播消息成功发送到 1/1 个连接
[2025-04-24 11:37:50] WebSocket 广播消息成功发送到 1/1 个连接
[2025-04-24 11:37:55] WebSocket 广播消息成功发送到 1/1 个连接
[2025-04-24 11:38:00] WebSocket 广播消息成功发送到 1/1 个连接
[2025-04-24 11:38:05] WebSocket 广播消息成功发送到 1/1 个连接
[2025-04-24 11:38:09] WebSocket 广播消息成功发送到 1/1 个连接
[2025-04-24 11:38:14] WebSocket 广播消息成功发送到 1/1 个连接
[2025-04-24 11:38:20] WebSocket 广播消息成功发送到 1/1 个连接
[2025-04-24 11:38:25] WebSocket 广播消息成功发送到 1/1 个连接
[2025-04-24 11:38:30] WebSocket 广播消息成功发送到 1/1 个连接
[2025-04-24 11:38:35] WebSocket 广播消息成功发送到 1/1 个连接
[2025-04-24 11:38:40] WebSocket 广播消息成功发送到 1/1 个连接
[2025-04-24 11:38:43] WebSocket 广播消息成功发送到 1/1 个连接
[2025-04-24 11:38:43] WebSocket 广播消息成功发送到 1/1 个连接
[2025-04-24 11:38:45] WebSocket 广播消息成功发送到 1/1 个连接
[2025-04-24 11:38:50] WebSocket 广播消息成功发送到 1/1 个连接
[2025-04-24 11:38:55] WebSocket 广播消息成功发送到 1/1 个连接
[2025-04-24 11:39:00] WebSocket 广播消息成功发送到 1/1 个连接
[2025-04-24 11:39:05] WebSocket 广播消息成功发送到 1/1 个连接
[2025-04-24 11:39:10] WebSocket 广播消息成功发送到 1/1 个连接
[2025-04-24 11:39:15] WebSocket 广播消息成功发送到 1/1 个连接
[2025-04-24 11:39:20] WebSocket 广播消息成功发送到 1/1 个连接
[2025-04-24 11:39:25] WebSocket 广播消息成功发送到 1/1 个连接
[2025-04-24 11:39:30] WebSocket 广播消息成功发送到 1/1 个连接
[2025-04-24 11:39:35] WebSocket 广播消息成功发送到 1/1 个连接
[2025-04-24 11:39:40] WebSocket 广播消息成功发送到 1/1 个连接
[2025-04-24 11:39:45] WebSocket 广播消息成功发送到 1/1 个连接
[2025-04-24 11:39:50] WebSocket 广播消息成功发送到 1/1 个连接
[2025-04-24 11:39:55] WebSocket 广播消息成功发送到 1/1 个连接
[2025-04-24 11:40:00] WebSocket 广播消息成功发送到 1/1 个连接
[2025-04-24 11:40:05] WebSocket 广播消息成功发送到 1/1 个连接
[2025-04-24 11:40:10] WebSocket 广播消息成功发送到 1/1 个连接
[2025-04-24 11:40:15] WebSocket 广播消息成功发送到 1/1 个连接
[2025-04-24 11:40:20] WebSocket 广播消息成功发送到 1/1 个连接
[2025-04-24 11:40:25] WebSocket 广播消息成功发送到 1/1 个连接
[2025-04-24 11:40:30] WebSocket 广播消息成功发送到 1/1 个连接
[2025-04-24 11:40:35] WebSocket 广播消息成功发送到 1/1 个连接
[2025-04-24 11:40:40] WebSocket 广播消息成功发送到 1/1 个连接
[2025-04-24 11:40:43] WebSocket 广播消息成功发送到 1/1 个连接
[2025-04-24 11:40:45] WebSocket 广播消息成功发送到 1/1 个连接
[2025-04-24 11:40:50] WebSocket 广播消息成功发送到 1/1 个连接
[2025-04-24 11:40:55] WebSocket 广播消息成功发送到 1/1 个连接
[2025-04-24 11:41:00] WebSocket 广播消息成功发送到 1/1 个连接
[2025-04-24 11:41:05] WebSocket 广播消息成功发送到 1/1 个连接
[2025-04-24 11:41:10] WebSocket 广播消息成功发送到 1/1 个连接
[2025-04-24 11:41:15] WebSocket 广播消息成功发送到 1/1 个连接
[2025-04-24 11:41:20] WebSocket 广播消息成功发送到 1/1 个连接
[2025-04-24 11:41:25] WebSocket 广播消息成功发送到 1/1 个连接
[2025-04-24 11:41:30] WebSocket 广播消息成功发送到 1/1 个连接
[2025-04-24 11:41:35] WebSocket 广播消息成功发送到 1/1 个连接
[2025-04-24 11:41:40] WebSocket 广播消息成功发送到 1/1 个连接
[2025-04-24 11:41:45] WebSocket 广播消息成功发送到 1/1 个连接
[2025-04-24 11:41:50] WebSocket 广播消息成功发送到 1/1 个连接
[2025-04-24 11:41:55] WebSocket 广播消息成功发送到 1/1 个连接
[2025-04-24 11:42:00] WebSocket 广播消息成功发送到 1/1 个连接
[2025-04-24 11:42:05] WebSocket 广播消息成功发送到 1/1 个连接
[2025-04-24 11:42:10] WebSocket 广播消息成功发送到 1/1 个连接
[2025-04-24 11:42:15] WebSocket 广播消息成功发送到 1/1 个连接
[2025-04-24 11:42:20] WebSocket 广播消息成功发送到 1/1 个连接
[2025-04-24 11:42:25] WebSocket 广播消息成功发送到 1/1 个连接
[2025-04-24 11:42:25] WebSocket 连接已关闭
[2025-04-24 11:42:25] WebSocket 连接已移除，当前连接数: 0
[2025-04-24 11:42:26] WebSocket 连接已添加，当前连接数: 1
[2025-04-24 11:42:26] GET /api/finance/time - 0ms
[2025-04-24 11:42:26] GET /api/finance/news/cls - 0ms
[2025-04-24 11:42:26] GET /api/finance/quotes/all - 180ms
[2025-04-24 11:42:27] GET /api/finance/trade-calendar - 495ms
[2025-04-24 11:42:28] Koa 和 WebSocket 服务器已启动，监听端口 3300
[2025-04-24 11:42:28] WebSocket 广播消息成功发送到 0/0 个连接
[2025-04-24 11:42:28] WebSocket 广播消息成功发送到 0/0 个连接
[2025-04-24 11:42:31] WebSocket 连接已添加，当前连接数: 1
[2025-04-24 11:44:27] WebSocket 连接已关闭
[2025-04-24 11:44:27] WebSocket 连接已移除，当前连接数: 0
[2025-04-24 11:44:28] WebSocket 连接已添加，当前连接数: 1
[2025-04-24 11:44:28] GET /api/finance/time - 1ms
[2025-04-24 11:44:28] GET /api/finance/news/cls - 1ms
[2025-04-24 11:44:28] GET /api/finance/quotes/all - 210ms
[2025-04-24 11:44:28] GET /api/finance/trade-calendar - 496ms
[2025-04-24 11:44:28] WebSocket 广播消息成功发送到 1/1 个连接
[2025-04-24 11:44:30] Koa 和 WebSocket 服务器已启动，监听端口 3300
[2025-04-24 11:44:30] WebSocket 广播消息成功发送到 0/0 个连接
[2025-04-24 11:44:31] WebSocket 广播消息成功发送到 0/0 个连接
[2025-04-24 11:44:32] WebSocket 连接已添加，当前连接数: 1
[2025-04-24 11:46:30] WebSocket 广播消息成功发送到 1/1 个连接
[2025-04-24 11:48:30] WebSocket 广播消息成功发送到 1/1 个连接
[2025-04-24 11:50:30] WebSocket 广播消息成功发送到 1/1 个连接
[2025-04-24 11:51:49] WebSocket 连接已关闭
[2025-04-24 11:51:49] WebSocket 连接已移除，当前连接数: 0
[2025-04-24 11:52:31] WebSocket 广播消息成功发送到 0/0 个连接
[2025-04-24 11:52:31] WebSocket 广播消息成功发送到 0/0 个连接
[2025-04-24 11:52:31] WebSocket 连接已添加，当前连接数: 1
[2025-04-24 11:52:31] GET /api/finance/time - 2ms
[2025-04-24 11:52:31] GET /api/finance/news/cls - 1ms
[2025-04-24 11:52:31] GET /api/finance/quotes/all - 236ms
[2025-04-24 11:52:31] GET /api/finance/trade-calendar - 428ms
[2025-04-24 11:52:33] Koa 和 WebSocket 服务器已启动，监听端口 3300
[2025-04-24 11:52:34] WebSocket 广播消息成功发送到 0/0 个连接
[2025-04-24 11:52:34] WebSocket 广播消息成功发送到 0/0 个连接
[2025-04-24 11:52:35] WebSocket 连接已添加，当前连接数: 1
