[2025-04-22 14:55:54] Koa 和 WebSocket 服务器已启动，监听端口 3300
[2025-04-22 14:55:56] WebSocket 广播消息成功发送到 0/0 个连接
[2025-04-22 14:56:24] WebSocket 连接已添加，当前连接数: 1
[2025-04-22 14:56:24] GET /api/finance/news/cls - 1ms
[2025-04-22 14:56:24] GET /api/finance/time - 0ms
[2025-04-22 14:56:24] GET /api/finance/quotes/all - 467ms
[2025-04-22 14:56:26] GET /api/finance/trade-calendar - 2470ms
[2025-04-22 14:58:44] Koa 和 WebSocket 服务器已启动，监听端口 3300
[2025-04-22 14:58:44] WebSocket 广播消息成功发送到 0/0 个连接
[2025-04-22 14:58:59] WebSocket 连接已添加，当前连接数: 1
[2025-04-22 14:58:59] GET /api/finance/news/cls - 1ms
[2025-04-22 14:58:59] GET /api/finance/time - 0ms
[2025-04-22 14:59:00] GET /api/finance/quotes/all - 638ms
[2025-04-22 14:59:01] GET /api/finance/trade-calendar - 1767ms
[2025-04-22 15:00:44] WebSocket 广播消息成功发送到 1/1 个连接
[2025-04-22 15:02:44] WebSocket 广播消息成功发送到 1/1 个连接
[2025-04-22 15:04:44] WebSocket 广播消息成功发送到 1/1 个连接
[2025-04-22 15:06:44] WebSocket 广播消息成功发送到 1/1 个连接
[2025-04-22 15:07:31] GET /api/finance/news/cls - 0ms
[2025-04-22 15:08:44] WebSocket 广播消息成功发送到 1/1 个连接
[2025-04-22 15:13:42] Koa 和 WebSocket 服务器已启动，监听端口 3300
[2025-04-22 15:13:42] WebSocket 广播消息成功发送到 0/0 个连接
[2025-04-22 15:13:44] WebSocket 连接已添加，当前连接数: 1
[2025-04-22 15:14:11] Koa 和 WebSocket 服务器已启动，监听端口 3300
[2025-04-22 15:14:11] WebSocket 广播消息成功发送到 0/0 个连接
[2025-04-22 15:14:13] WebSocket 连接已添加，当前连接数: 1
[2025-04-22 15:14:43] Koa 和 WebSocket 服务器已启动，监听端口 3300
[2025-04-22 15:14:43] WebSocket 广播消息成功发送到 0/0 个连接
[2025-04-22 15:14:46] WebSocket 连接已添加，当前连接数: 1
[2025-04-22 15:15:03] Koa 和 WebSocket 服务器已启动，监听端口 3300
[2025-04-22 15:15:04] WebSocket 广播消息成功发送到 0/0 个连接
[2025-04-22 15:15:05] WebSocket 连接已添加，当前连接数: 1
[2025-04-22 15:15:24] Koa 和 WebSocket 服务器已启动，监听端口 3300
[2025-04-22 15:15:24] WebSocket 广播消息成功发送到 0/0 个连接
[2025-04-22 15:15:26] WebSocket 连接已添加，当前连接数: 1
[2025-04-22 15:15:34] Koa 和 WebSocket 服务器已启动，监听端口 3300
[2025-04-22 15:15:34] WebSocket 广播消息成功发送到 0/0 个连接
[2025-04-22 15:15:36] WebSocket 连接已添加，当前连接数: 1
[2025-04-22 15:16:05] Koa 和 WebSocket 服务器已启动，监听端口 3300
[2025-04-22 15:16:05] WebSocket 广播消息成功发送到 0/0 个连接
[2025-04-22 15:16:08] WebSocket 连接已添加，当前连接数: 1
[2025-04-22 15:17:00] Koa 和 WebSocket 服务器已启动，监听端口 3300
[2025-04-22 15:17:00] WebSocket 广播消息成功发送到 0/0 个连接
[2025-04-22 15:17:02] WebSocket 连接已添加，当前连接数: 1
[2025-04-22 15:19:00] WebSocket 广播消息成功发送到 1/1 个连接
[2025-04-22 15:21:00] WebSocket 广播消息成功发送到 1/1 个连接
[2025-04-22 15:21:25] WebSocket 连接已关闭
[2025-04-22 15:21:25] WebSocket 连接已移除，当前连接数: 0
[2025-04-22 15:24:05] WebSocket 广播消息成功发送到 0/0 个连接
[2025-04-22 15:24:06] WebSocket 连接已添加，当前连接数: 1
[2025-04-22 15:26:05] WebSocket 广播消息成功发送到 1/1 个连接
[2025-04-22 15:28:05] WebSocket 广播消息成功发送到 1/1 个连接
[2025-04-22 15:28:11] Koa 和 WebSocket 服务器已启动，监听端口 3300
[2025-04-22 15:28:11] WebSocket 广播消息成功发送到 0/0 个连接
[2025-04-22 15:28:14] WebSocket 连接已添加，当前连接数: 1
[2025-04-22 15:30:11] WebSocket 广播消息成功发送到 1/1 个连接
[2025-04-22 15:32:11] WebSocket 广播消息成功发送到 1/1 个连接
[2025-04-22 15:36:11] WebSocket 广播消息成功发送到 1/1 个连接
[2025-04-22 15:38:11] WebSocket 广播消息成功发送到 1/1 个连接
[2025-04-22 15:40:12] WebSocket 广播消息成功发送到 1/1 个连接
[2025-04-22 15:42:12] WebSocket 广播消息成功发送到 1/1 个连接
[2025-04-22 15:44:12] WebSocket 广播消息成功发送到 1/1 个连接
[2025-04-22 15:45:30] WebSocket 连接已关闭
[2025-04-22 15:45:30] WebSocket 连接已移除，当前连接数: 0
[2025-04-22 15:45:30] WebSocket 连接已添加，当前连接数: 1
[2025-04-22 15:45:30] GET /api/finance/news/cls - 2ms
[2025-04-22 15:45:30] GET /api/finance/time - 0ms
[2025-04-22 15:45:31] GET /api/finance/quotes/all - 343ms
[2025-04-22 15:45:31] GET /api/finance/trade-calendar - 524ms
[2025-04-22 15:48:12] GET /api/finance/news/cls - 0ms
[2025-04-22 15:48:12] WebSocket 广播消息成功发送到 1/1 个连接
[2025-04-22 15:50:12] WebSocket 广播消息成功发送到 1/1 个连接
[2025-04-22 15:52:12] WebSocket 广播消息成功发送到 1/1 个连接
[2025-04-22 15:53:45] Koa 和 WebSocket 服务器已启动，监听端口 3300
[2025-04-22 15:53:45] WebSocket 广播消息成功发送到 0/0 个连接
[2025-04-22 15:53:47] WebSocket 连接已添加，当前连接数: 1
[2025-04-22 15:54:25] Koa 和 WebSocket 服务器已启动，监听端口 3300
[2025-04-22 15:54:26] WebSocket 广播消息成功发送到 0/0 个连接
[2025-04-22 15:54:28] WebSocket 连接已添加，当前连接数: 1
[2025-04-22 15:54:35] Koa 和 WebSocket 服务器已启动，监听端口 3300
[2025-04-22 15:54:36] WebSocket 广播消息成功发送到 0/0 个连接
[2025-04-22 15:54:37] WebSocket 连接已添加，当前连接数: 1
[2025-04-22 15:54:55] Koa 和 WebSocket 服务器已启动，监听端口 3300
[2025-04-22 15:54:56] WebSocket 广播消息成功发送到 0/0 个连接
[2025-04-22 15:54:58] WebSocket 连接已添加，当前连接数: 1
[2025-04-22 15:56:59] Koa 和 WebSocket 服务器已启动，监听端口 3300
[2025-04-22 15:56:59] WebSocket 广播消息成功发送到 0/0 个连接
[2025-04-22 15:57:01] WebSocket 连接已添加，当前连接数: 1
[2025-04-22 15:57:16] Koa 和 WebSocket 服务器已启动，监听端口 3300
[2025-04-22 15:57:17] WebSocket 广播消息成功发送到 0/0 个连接
[2025-04-22 15:57:18] WebSocket 连接已添加，当前连接数: 1
[2025-04-22 15:57:28] Koa 和 WebSocket 服务器已启动，监听端口 3300
[2025-04-22 15:57:29] WebSocket 广播消息成功发送到 0/0 个连接
[2025-04-22 15:57:31] WebSocket 连接已添加，当前连接数: 1
[2025-04-22 15:58:43] WebSocket 连接已关闭
[2025-04-22 15:58:43] WebSocket 连接已移除，当前连接数: 0
[2025-04-22 15:58:43] WebSocket 连接已添加，当前连接数: 1
[2025-04-22 15:58:43] GET /api/finance/news/cls - 1ms
[2025-04-22 15:58:43] GET /api/finance/time - 1ms
[2025-04-22 15:58:43] GET /api/finance/quotes/all - 257ms
[2025-04-22 15:58:44] GET /api/finance/trade-calendar - 460ms
[2025-04-22 15:58:47] WebSocket 连接已关闭
[2025-04-22 15:58:47] WebSocket 连接已移除，当前连接数: 0
[2025-04-22 15:58:48] WebSocket 连接已添加，当前连接数: 1
[2025-04-22 15:58:48] GET /api/finance/news/cls - 0ms
[2025-04-22 15:58:48] GET /api/finance/time - 0ms
[2025-04-22 15:58:48] GET /api/finance/quotes/all - 182ms
[2025-04-22 15:58:48] GET /api/finance/trade-calendar - 366ms
[2025-04-22 15:59:02] WebSocket 连接已关闭
[2025-04-22 15:59:02] WebSocket 连接已移除，当前连接数: 0
[2025-04-22 15:59:03] WebSocket 连接已添加，当前连接数: 1
[2025-04-22 15:59:03] GET /api/finance/news/cls - 0ms
[2025-04-22 15:59:03] GET /api/finance/time - 0ms
[2025-04-22 15:59:03] GET /api/finance/quotes/all - 257ms
[2025-04-22 15:59:03] GET /api/finance/trade-calendar - 460ms
[2025-04-22 15:59:13] WebSocket 连接已关闭
[2025-04-22 15:59:13] WebSocket 连接已移除，当前连接数: 0
[2025-04-22 15:59:13] WebSocket 连接已添加，当前连接数: 1
[2025-04-22 15:59:13] GET /api/finance/news/cls - 0ms
[2025-04-22 15:59:13] GET /api/finance/time - 0ms
[2025-04-22 15:59:13] GET /api/finance/quotes/all - 222ms
[2025-04-22 15:59:13] GET /api/finance/trade-calendar - 507ms
[2025-04-22 15:59:24] GET /api/finance/news/cls - 0ms
[2025-04-22 15:59:24] WebSocket 连接已关闭
[2025-04-22 15:59:24] WebSocket 连接已移除，当前连接数: 0
[2025-04-22 15:59:24] GET /api/finance/quotes/all - 204ms
[2025-04-22 15:59:24] WebSocket 连接已添加，当前连接数: 1
[2025-04-22 15:59:24] GET /api/finance/news/cls - 0ms
[2025-04-22 15:59:24] GET /api/finance/time - 0ms
[2025-04-22 15:59:24] GET /api/finance/quotes/all - 147ms
[2025-04-22 15:59:25] GET /api/finance/trade-calendar - 443ms
[2025-04-22 15:59:28] WebSocket 广播消息成功发送到 1/1 个连接
[2025-04-22 16:03:29] WebSocket 广播消息成功发送到 1/1 个连接
[2025-04-22 16:04:35] WebSocket 连接已关闭
[2025-04-22 16:04:35] WebSocket 连接已移除，当前连接数: 0
[2025-04-22 16:04:35] WebSocket 连接已添加，当前连接数: 1
[2025-04-22 16:04:35] GET /api/finance/news/cls - 0ms
[2025-04-22 16:04:35] GET /api/finance/time - 0ms
[2025-04-22 16:04:35] GET /api/finance/quotes/all - 186ms
[2025-04-22 16:04:35] GET /api/finance/trade-calendar - 398ms
[2025-04-22 16:04:59] WebSocket 连接已关闭
[2025-04-22 16:04:59] WebSocket 连接已移除，当前连接数: 0
[2025-04-22 16:05:00] WebSocket 连接已添加，当前连接数: 1
[2025-04-22 16:05:00] GET /api/finance/news/cls - 0ms
[2025-04-22 16:05:00] GET /api/finance/time - 0ms
[2025-04-22 16:05:00] GET /api/finance/quotes/all - 167ms
[2025-04-22 16:05:00] GET /api/finance/trade-calendar - 440ms
[2025-04-22 16:05:11] WebSocket 连接已关闭
[2025-04-22 16:05:11] WebSocket 连接已移除，当前连接数: 0
[2025-04-22 16:05:11] WebSocket 连接已添加，当前连接数: 1
[2025-04-22 16:05:11] GET /api/finance/news/cls - 0ms
[2025-04-22 16:05:11] GET /api/finance/time - 0ms
[2025-04-22 16:05:12] GET /api/finance/quotes/all - 229ms
[2025-04-22 16:05:12] GET /api/finance/trade-calendar - 479ms
[2025-04-22 16:05:29] WebSocket 广播消息成功发送到 1/1 个连接
[2025-04-22 16:05:31] WebSocket 连接已关闭
[2025-04-22 16:05:31] WebSocket 连接已移除，当前连接数: 0
[2025-04-22 16:05:32] WebSocket 连接已添加，当前连接数: 1
[2025-04-22 16:05:32] GET /api/finance/news/cls - 0ms
[2025-04-22 16:05:32] GET /api/finance/time - 0ms
[2025-04-22 16:05:32] GET /api/finance/quotes/all - 242ms
[2025-04-22 16:05:32] GET /api/finance/trade-calendar - 399ms
[2025-04-22 16:05:40] WebSocket 连接已关闭
[2025-04-22 16:05:40] WebSocket 连接已移除，当前连接数: 0
[2025-04-22 16:05:41] WebSocket 连接已添加，当前连接数: 1
[2025-04-22 16:05:41] GET /api/finance/news/cls - 0ms
[2025-04-22 16:05:41] GET /api/finance/time - 0ms
[2025-04-22 16:05:41] GET /api/finance/quotes/all - 279ms
[2025-04-22 16:05:41] GET /api/finance/trade-calendar - 466ms
[2025-04-22 16:06:15] WebSocket 连接已关闭
[2025-04-22 16:06:15] WebSocket 连接已移除，当前连接数: 0
[2025-04-22 16:06:16] WebSocket 连接已添加，当前连接数: 1
[2025-04-22 16:06:16] GET /api/finance/news/cls - 0ms
[2025-04-22 16:06:16] GET /api/finance/time - 0ms
[2025-04-22 16:06:16] GET /api/finance/quotes/all - 288ms
[2025-04-22 16:06:16] GET /api/finance/trade-calendar - 371ms
[2025-04-22 16:06:36] WebSocket 连接已关闭
[2025-04-22 16:06:36] WebSocket 连接已移除，当前连接数: 0
[2025-04-22 16:06:37] WebSocket 连接已添加，当前连接数: 1
[2025-04-22 16:06:37] GET /api/finance/news/cls - 0ms
[2025-04-22 16:06:37] GET /api/finance/time - 0ms
[2025-04-22 16:06:37] GET /api/finance/quotes/all - 183ms
[2025-04-22 16:06:38] WebSocket 连接已关闭
[2025-04-22 16:06:38] WebSocket 连接已移除，当前连接数: 0
[2025-04-22 16:06:38] GET /api/finance/trade-calendar - 493ms
[2025-04-22 16:06:38] WebSocket 连接已添加，当前连接数: 1
[2025-04-22 16:06:38] GET /api/finance/news/cls - 0ms
[2025-04-22 16:06:38] GET /api/finance/time - 0ms
[2025-04-22 16:06:38] GET /api/finance/quotes/all - 193ms
[2025-04-22 16:06:39] GET /api/finance/trade-calendar - 393ms
[2025-04-22 16:06:40] GET /api/finance/news/sina - 1ms
[2025-04-22 16:06:52] WebSocket 连接已关闭
[2025-04-22 16:06:52] WebSocket 连接已移除，当前连接数: 0
[2025-04-22 16:06:52] WebSocket 连接已添加，当前连接数: 1
[2025-04-22 16:06:52] GET /api/finance/news/cls - 0ms
[2025-04-22 16:06:52] GET /api/finance/time - 0ms
[2025-04-22 16:06:53] GET /api/finance/quotes/all - 193ms
[2025-04-22 16:06:53] GET /api/finance/trade-calendar - 449ms
[2025-04-22 16:06:56] WebSocket 连接已关闭
[2025-04-22 16:06:56] WebSocket 连接已移除，当前连接数: 0
[2025-04-22 16:06:57] WebSocket 连接已添加，当前连接数: 1
[2025-04-22 16:06:57] GET /api/finance/news/cls - 0ms
[2025-04-22 16:06:57] GET /api/finance/time - 0ms
[2025-04-22 16:06:57] GET /api/finance/quotes/all - 148ms
[2025-04-22 16:06:57] GET /api/finance/trade-calendar - 403ms
[2025-04-22 16:07:05] GET /api/finance/news/sina - 1ms
[2025-04-22 16:07:28] WebSocket 广播消息成功发送到 1/1 个连接
[2025-04-22 16:08:47] WebSocket 连接已关闭
[2025-04-22 16:08:47] WebSocket 连接已移除，当前连接数: 0
[2025-04-22 16:08:47] WebSocket 连接已添加，当前连接数: 1
[2025-04-22 16:08:47] GET /api/finance/news/cls - 0ms
[2025-04-22 16:08:47] GET /api/finance/time - 0ms
[2025-04-22 16:08:47] GET /api/finance/quotes/all - 202ms
[2025-04-22 16:08:48] GET /api/finance/trade-calendar - 537ms
[2025-04-22 16:08:48] WebSocket 连接已关闭
[2025-04-22 16:08:48] WebSocket 连接已移除，当前连接数: 0
[2025-04-22 16:08:49] WebSocket 连接已添加，当前连接数: 1
[2025-04-22 16:08:49] GET /api/finance/news/cls - 0ms
[2025-04-22 16:08:49] GET /api/finance/time - 0ms
[2025-04-22 16:08:49] GET /api/finance/quotes/all - 316ms
[2025-04-22 16:08:50] GET /api/finance/trade-calendar - 487ms
[2025-04-22 16:08:50] WebSocket 连接已关闭
[2025-04-22 16:08:50] WebSocket 连接已移除，当前连接数: 0
[2025-04-22 16:08:51] WebSocket 连接已添加，当前连接数: 1
[2025-04-22 16:08:51] GET /api/finance/news/cls - 0ms
[2025-04-22 16:08:51] GET /api/finance/time - 0ms
[2025-04-22 16:08:51] GET /api/finance/quotes/all - 182ms
[2025-04-22 16:08:51] GET /api/finance/trade-calendar - 258ms
[2025-04-22 16:08:55] GET /api/finance/news/sina - 0ms
[2025-04-22 16:09:21] Koa 和 WebSocket 服务器已启动，监听端口 3300
[2025-04-22 16:09:22] WebSocket 广播消息成功发送到 0/0 个连接
[2025-04-22 16:09:23] WebSocket 连接已添加，当前连接数: 1
[2025-04-22 16:09:26] GET /api/finance/news/cls - 2ms
[2025-04-22 16:09:26] GET /api/finance/news/sina - 2ms
[2025-04-22 16:09:57] WebSocket 连接已关闭
[2025-04-22 16:09:57] WebSocket 连接已移除，当前连接数: 0
[2025-04-22 16:10:07] WebSocket 连接已添加，当前连接数: 1
[2025-04-22 16:10:07] GET /api/finance/news/cls - 0ms
[2025-04-22 16:10:07] GET /api/finance/time - 1ms
[2025-04-22 16:10:08] GET /api/finance/quotes/all - 200ms
[2025-04-22 16:10:08] GET /api/finance/trade-calendar - 505ms
[2025-04-22 16:11:00] WebSocket 连接已关闭
[2025-04-22 16:11:00] WebSocket 连接已移除，当前连接数: 0
[2025-04-22 16:11:02] WebSocket 连接已添加，当前连接数: 1
[2025-04-22 16:11:02] GET /api/finance/news/cls - 1ms
[2025-04-22 16:11:02] GET /api/finance/time - 0ms
[2025-04-22 16:11:02] GET /api/finance/quotes/all - 195ms
[2025-04-22 16:11:02] GET /api/finance/trade-calendar - 451ms
[2025-04-22 16:11:05] GET /api/finance/news/sina - 1ms
[2025-04-22 16:11:15] WebSocket 连接已关闭
[2025-04-22 16:11:15] WebSocket 连接已移除，当前连接数: 0
[2025-04-22 16:11:15] WebSocket 连接已添加，当前连接数: 1
[2025-04-22 16:11:15] GET /api/finance/news/cls - 0ms
[2025-04-22 16:11:15] GET /api/finance/time - 0ms
[2025-04-22 16:11:15] GET /api/finance/quotes/all - 204ms
[2025-04-22 16:11:16] GET /api/finance/trade-calendar - 527ms
[2025-04-22 16:11:22] WebSocket 广播消息成功发送到 1/1 个连接
[2025-04-22 16:13:22] WebSocket 广播消息成功发送到 1/1 个连接
[2025-04-22 16:15:06] WebSocket 连接已关闭
[2025-04-22 16:15:06] WebSocket 连接已移除，当前连接数: 0
[2025-04-22 16:15:07] WebSocket 连接已添加，当前连接数: 1
[2025-04-22 16:15:07] GET /api/finance/news/cls - 0ms
[2025-04-22 16:15:07] GET /api/finance/time - 0ms
[2025-04-22 16:15:07] GET /api/finance/quotes/all - 254ms
[2025-04-22 16:15:07] GET /api/finance/trade-calendar - 432ms
[2025-04-22 16:15:15] GET /api/finance/news/sina - 1ms
[2025-04-22 16:16:06] Koa 和 WebSocket 服务器已启动，监听端口 3300
[2025-04-22 16:16:06] WebSocket 广播消息成功发送到 0/0 个连接
[2025-04-22 16:16:06] WebSocket 连接已添加，当前连接数: 1
[2025-04-22 16:16:14] WebSocket 连接已关闭
[2025-04-22 16:16:14] WebSocket 连接已移除，当前连接数: 0
[2025-04-22 16:16:14] WebSocket 连接已添加，当前连接数: 1
[2025-04-22 16:16:14] GET /api/finance/news/cls - 2ms
[2025-04-22 16:16:14] GET /api/finance/time - 0ms
[2025-04-22 16:16:14] GET /api/finance/quotes/all - 209ms
[2025-04-22 16:16:15] GET /api/finance/trade-calendar - 431ms
[2025-04-22 16:16:17] GET /api/finance/news/sina - 1ms
[2025-04-22 16:17:00] Koa 和 WebSocket 服务器已启动，监听端口 3300
[2025-04-22 16:17:01] WebSocket 广播消息成功发送到 0/0 个连接
[2025-04-22 16:17:02] WebSocket 连接已添加，当前连接数: 1
[2025-04-22 16:17:06] Koa 和 WebSocket 服务器已启动，监听端口 3300
[2025-04-22 16:17:07] WebSocket 广播消息成功发送到 0/0 个连接
[2025-04-22 16:17:08] WebSocket 连接已添加，当前连接数: 1
[2025-04-22 16:17:12] GET /api/finance/news/cls - 2ms
[2025-04-22 16:17:26] GET /api/finance/news/sina - 12560ms
[2025-04-22 16:17:51] Koa 和 WebSocket 服务器已启动，监听端口 3300
[2025-04-22 16:17:52] WebSocket 广播消息成功发送到 0/0 个连接
[2025-04-22 16:17:54] WebSocket 连接已添加，当前连接数: 1
[2025-04-22 16:18:04] GET /api/finance/news/cls - 1ms
[2025-04-22 16:18:05] GET /api/finance/news/sina - 173ms
[2025-04-22 16:19:52] WebSocket 广播消息成功发送到 1/1 个连接
[2025-04-22 16:23:52] WebSocket 广播消息成功发送到 1/1 个连接
[2025-04-22 16:24:17] WebSocket 连接已关闭
[2025-04-22 16:24:17] WebSocket 连接已移除，当前连接数: 0
[2025-04-22 16:32:45] WebSocket 广播消息成功发送到 0/0 个连接
[2025-04-22 16:32:46] WebSocket 连接已添加，当前连接数: 1
[2025-04-22 16:32:47] WebSocket 连接已关闭
[2025-04-22 16:32:47] WebSocket 连接已移除，当前连接数: 0
[2025-04-22 16:32:48] WebSocket 连接已添加，当前连接数: 1
[2025-04-22 16:32:48] GET /api/finance/news/cls - 0ms
[2025-04-22 16:32:48] GET /api/finance/time - 0ms
[2025-04-22 16:32:48] GET /api/finance/quotes/all - 147ms
[2025-04-22 16:32:49] GET /api/finance/trade-calendar - 492ms
[2025-04-22 22:40:16] Koa 和 WebSocket 服务器已启动，监听端口 3300
[2025-04-22 22:40:17] WebSocket 广播消息成功发送到 0/0 个连接
[2025-04-22 22:40:36] WebSocket 连接已添加，当前连接数: 1
[2025-04-22 22:40:36] GET /api/finance/news/cls - 1ms
[2025-04-22 22:40:36] GET /api/finance/time - 0ms
[2025-04-22 22:40:36] GET /api/finance/quotes/all - 186ms
[2025-04-22 22:40:36] GET /api/finance/trade-calendar - 369ms
[2025-04-22 22:42:04] GET /api/finance/news/cls - 0ms
[2025-04-22 22:42:08] GET /api/finance/news/sina - 168ms
[2025-04-22 22:42:17] WebSocket 广播消息成功发送到 1/1 个连接
[2025-04-22 22:43:11] WebSocket 连接已关闭
[2025-04-22 22:43:11] WebSocket 连接已移除，当前连接数: 0
[2025-04-22 22:43:11] WebSocket 连接已添加，当前连接数: 1
[2025-04-22 22:43:11] GET /api/finance/news/cls - 0ms
[2025-04-22 22:43:11] GET /api/finance/time - 0ms
[2025-04-22 22:43:11] GET /api/finance/quotes/all - 137ms
[2025-04-22 22:43:12] GET /api/finance/trade-calendar - 282ms
[2025-04-22 22:43:27] WebSocket 连接已关闭
[2025-04-22 22:43:27] WebSocket 连接已移除，当前连接数: 0
[2025-04-22 22:43:27] WebSocket 连接已添加，当前连接数: 1
[2025-04-22 22:43:27] GET /api/finance/news/cls - 0ms
[2025-04-22 22:43:27] GET /api/finance/time - 0ms
[2025-04-22 22:43:27] GET /api/finance/quotes/all - 212ms
[2025-04-22 22:43:28] GET /api/finance/trade-calendar - 295ms
[2025-04-22 22:43:39] WebSocket 连接已关闭
[2025-04-22 22:43:39] WebSocket 连接已移除，当前连接数: 0
[2025-04-22 22:43:40] WebSocket 连接已添加，当前连接数: 1
[2025-04-22 22:43:40] GET /api/finance/news/cls - 0ms
[2025-04-22 22:43:40] GET /api/finance/time - 0ms
[2025-04-22 22:43:40] GET /api/finance/quotes/all - 205ms
[2025-04-22 22:43:40] GET /api/finance/trade-calendar - 289ms
[2025-04-22 22:43:56] WebSocket 连接已关闭
[2025-04-22 22:43:56] WebSocket 连接已移除，当前连接数: 0
[2025-04-22 22:43:56] WebSocket 连接已添加，当前连接数: 1
[2025-04-22 22:43:56] GET /api/finance/news/cls - 0ms
[2025-04-22 22:43:56] GET /api/finance/time - 0ms
[2025-04-22 22:43:56] GET /api/finance/quotes/all - 190ms
[2025-04-22 22:43:56] GET /api/finance/trade-calendar - 267ms
[2025-04-22 22:43:57] WebSocket 连接已关闭
[2025-04-22 22:43:57] WebSocket 连接已移除，当前连接数: 0
[2025-04-22 22:43:58] WebSocket 连接已添加，当前连接数: 1
[2025-04-22 22:43:58] GET /api/finance/news/cls - 0ms
[2025-04-22 22:43:58] GET /api/finance/time - 0ms
[2025-04-22 22:43:58] GET /api/finance/quotes/all - 180ms
[2025-04-22 22:43:58] GET /api/finance/trade-calendar - 254ms
[2025-04-22 22:44:07] WebSocket 连接已关闭
[2025-04-22 22:44:07] WebSocket 连接已移除，当前连接数: 0
[2025-04-22 22:44:08] WebSocket 连接已添加，当前连接数: 1
[2025-04-22 22:44:08] GET /api/finance/news/cls - 0ms
[2025-04-22 22:44:08] GET /api/finance/time - 0ms
[2025-04-22 22:44:08] GET /api/finance/quotes/all - 184ms
[2025-04-22 22:44:08] GET /api/finance/trade-calendar - 297ms
[2025-04-22 22:44:17] WebSocket 广播消息成功发送到 1/1 个连接
[2025-04-22 22:44:19] WebSocket 连接已关闭
[2025-04-22 22:44:19] WebSocket 连接已移除，当前连接数: 0
[2025-04-22 22:44:20] WebSocket 连接已添加，当前连接数: 1
[2025-04-22 22:44:20] GET /api/finance/news/cls - 1ms
[2025-04-22 22:44:20] GET /api/finance/time - 0ms
[2025-04-22 22:44:20] GET /api/finance/quotes/all - 211ms
[2025-04-22 22:44:20] GET /api/finance/trade-calendar - 341ms
[2025-04-22 22:44:26] WebSocket 连接已关闭
[2025-04-22 22:44:26] WebSocket 连接已移除，当前连接数: 0
[2025-04-22 22:44:27] WebSocket 连接已添加，当前连接数: 1
[2025-04-22 22:44:27] GET /api/finance/news/cls - 1ms
[2025-04-22 22:44:27] GET /api/finance/time - 0ms
[2025-04-22 22:44:27] GET /api/finance/quotes/all - 149ms
[2025-04-22 22:44:27] GET /api/finance/trade-calendar - 288ms
[2025-04-22 22:44:28] WebSocket 连接已关闭
[2025-04-22 22:44:28] WebSocket 连接已移除，当前连接数: 0
[2025-04-22 22:44:29] WebSocket 连接已添加，当前连接数: 1
[2025-04-22 22:44:29] GET /api/finance/news/cls - 0ms
[2025-04-22 22:44:29] GET /api/finance/time - 0ms
[2025-04-22 22:44:29] GET /api/finance/quotes/all - 95ms
[2025-04-22 22:44:29] GET /api/finance/trade-calendar - 238ms
[2025-04-22 22:44:48] WebSocket 连接已关闭
[2025-04-22 22:44:48] WebSocket 连接已移除，当前连接数: 0
[2025-04-22 22:44:48] WebSocket 连接已添加，当前连接数: 1
[2025-04-22 22:44:48] GET /api/finance/news/cls - 0ms
[2025-04-22 22:44:48] GET /api/finance/time - 0ms
[2025-04-22 22:44:49] GET /api/finance/quotes/all - 214ms
[2025-04-22 22:44:49] GET /api/finance/trade-calendar - 299ms
[2025-04-22 22:45:06] WebSocket 连接已关闭
[2025-04-22 22:45:06] WebSocket 连接已移除，当前连接数: 0
[2025-04-22 22:45:07] WebSocket 连接已添加，当前连接数: 1
[2025-04-22 22:45:07] GET /api/finance/news/cls - 0ms
[2025-04-22 22:45:07] GET /api/finance/time - 0ms
[2025-04-22 22:45:07] GET /api/finance/quotes/all - 157ms
[2025-04-22 22:45:07] GET /api/finance/trade-calendar - 293ms
[2025-04-22 22:45:18] WebSocket 连接已关闭
[2025-04-22 22:45:18] WebSocket 连接已移除，当前连接数: 0
[2025-04-22 22:45:18] WebSocket 连接已添加，当前连接数: 1
[2025-04-22 22:45:18] GET /api/finance/news/cls - 0ms
[2025-04-22 22:45:18] GET /api/finance/time - 0ms
[2025-04-22 22:45:18] GET /api/finance/quotes/all - 223ms
[2025-04-22 22:45:18] GET /api/finance/trade-calendar - 279ms
[2025-04-22 22:45:42] WebSocket 连接已关闭
[2025-04-22 22:45:42] WebSocket 连接已移除，当前连接数: 0
[2025-04-22 22:45:43] WebSocket 连接已添加，当前连接数: 1
[2025-04-22 22:45:43] GET /api/finance/news/cls - 0ms
[2025-04-22 22:45:43] GET /api/finance/time - 0ms
[2025-04-22 22:45:43] GET /api/finance/quotes/all - 221ms
[2025-04-22 22:45:43] GET /api/finance/trade-calendar - 291ms
[2025-04-22 22:45:55] GET /api/finance/news/sina - 131ms
[2025-04-22 22:46:14] WebSocket 连接已关闭
[2025-04-22 22:46:14] WebSocket 连接已移除，当前连接数: 0
[2025-04-22 22:46:15] WebSocket 连接已添加，当前连接数: 1
[2025-04-22 22:46:15] GET /api/finance/news/cls - 0ms
[2025-04-22 22:46:15] GET /api/finance/time - 0ms
[2025-04-22 22:46:15] GET /api/finance/quotes/all - 219ms
[2025-04-22 22:46:15] GET /api/finance/trade-calendar - 302ms
[2025-04-22 22:46:18] GET /api/finance/news/sina - 73ms
[2025-04-22 22:46:21] GET /api/finance/news/cls - 0ms
[2025-04-22 22:46:22] GET /api/finance/news/sina - 68ms
[2025-04-22 22:46:26] GET /api/finance/news/cls - 0ms
[2025-04-22 22:46:32] GET /api/finance/news/sina - 123ms
[2025-04-22 22:46:52] GET /api/finance/news/cls - 0ms
[2025-04-22 22:47:00] GET /api/finance/news/sina - 93ms
[2025-04-22 22:48:13] GET /api/finance/news/cls - 0ms
[2025-04-22 22:48:16] GET /api/finance/news/cls - 0ms
[2025-04-22 22:49:52] GET /api/finance/news/sina - 109ms
[2025-04-22 22:50:10] WebSocket 连接已关闭
[2025-04-22 22:50:10] WebSocket 连接已移除，当前连接数: 0
[2025-04-22 22:50:11] WebSocket 连接已添加，当前连接数: 1
[2025-04-22 22:50:11] GET /api/finance/news/cls - 0ms
[2025-04-22 22:50:11] GET /api/finance/time - 0ms
[2025-04-22 22:50:11] GET /api/finance/quotes/all - 229ms
[2025-04-22 22:50:11] GET /api/finance/trade-calendar - 314ms
[2025-04-22 22:50:13] WebSocket 连接已关闭
[2025-04-22 22:50:13] WebSocket 连接已移除，当前连接数: 0
[2025-04-22 22:50:13] WebSocket 连接已添加，当前连接数: 1
[2025-04-22 22:50:13] GET /api/finance/news/cls - 0ms
[2025-04-22 22:50:13] GET /api/finance/time - 0ms
[2025-04-22 22:50:14] GET /api/finance/quotes/all - 183ms
[2025-04-22 22:50:14] GET /api/finance/trade-calendar - 275ms
[2025-04-22 22:50:19] WebSocket 连接已关闭
[2025-04-22 22:50:19] WebSocket 连接已移除，当前连接数: 0
[2025-04-22 22:50:19] WebSocket 连接已添加，当前连接数: 1
[2025-04-22 22:50:19] GET /api/finance/news/cls - 0ms
[2025-04-22 22:50:19] GET /api/finance/time - 0ms
[2025-04-22 22:50:19] GET /api/finance/quotes/all - 140ms
[2025-04-22 22:50:20] GET /api/finance/trade-calendar - 277ms
[2025-04-22 22:50:41] WebSocket 连接已关闭
[2025-04-22 22:50:41] WebSocket 连接已移除，当前连接数: 0
[2025-04-22 22:50:41] WebSocket 连接已添加，当前连接数: 1
[2025-04-22 22:50:41] GET /api/finance/news/cls - 0ms
[2025-04-22 22:50:41] GET /api/finance/time - 0ms
[2025-04-22 22:50:42] GET /api/finance/quotes/all - 192ms
[2025-04-22 22:50:42] GET /api/finance/trade-calendar - 280ms
[2025-04-22 22:50:46] WebSocket 连接已关闭
[2025-04-22 22:50:46] WebSocket 连接已移除，当前连接数: 0
[2025-04-22 22:50:46] WebSocket 连接已添加，当前连接数: 1
[2025-04-22 22:50:46] GET /api/finance/news/cls - 0ms
[2025-04-22 22:50:46] GET /api/finance/time - 0ms
[2025-04-22 22:50:46] GET /api/finance/quotes/all - 143ms
[2025-04-22 22:50:47] GET /api/finance/trade-calendar - 253ms
[2025-04-22 22:50:47] WebSocket 连接已关闭
[2025-04-22 22:50:47] WebSocket 连接已移除，当前连接数: 0
[2025-04-22 22:50:48] WebSocket 连接已添加，当前连接数: 1
[2025-04-22 22:50:48] GET /api/finance/news/cls - 0ms
[2025-04-22 22:50:48] GET /api/finance/time - 0ms
[2025-04-22 22:50:48] GET /api/finance/quotes/all - 136ms
[2025-04-22 22:50:48] GET /api/finance/trade-calendar - 209ms
[2025-04-22 22:50:52] GET /api/finance/news/sina - 108ms
[2025-04-22 22:51:03] WebSocket 连接已关闭
[2025-04-22 22:51:03] WebSocket 连接已移除，当前连接数: 0
[2025-04-22 22:51:03] WebSocket 连接已添加，当前连接数: 1
[2025-04-22 22:51:03] GET /api/finance/news/cls - 0ms
[2025-04-22 22:51:03] GET /api/finance/time - 0ms
[2025-04-22 22:51:03] GET /api/finance/quotes/all - 232ms
[2025-04-22 22:51:03] GET /api/finance/trade-calendar - 317ms
[2025-04-22 22:51:05] GET /api/finance/news/sina - 66ms
[2025-04-22 22:51:06] GET /api/finance/news/sina - 69ms
[2025-04-22 22:52:37] WebSocket 连接已关闭
[2025-04-22 22:52:37] WebSocket 连接已移除，当前连接数: 0
[2025-04-22 22:52:37] WebSocket 连接已添加，当前连接数: 1
[2025-04-22 22:52:37] GET /api/finance/news/cls - 0ms
[2025-04-22 22:52:37] GET /api/finance/time - 0ms
[2025-04-22 22:52:38] GET /api/finance/quotes/all - 207ms
[2025-04-22 22:52:38] GET /api/finance/trade-calendar - 306ms
[2025-04-22 22:52:56] WebSocket 连接已关闭
[2025-04-22 22:52:56] WebSocket 连接已移除，当前连接数: 0
[2025-04-22 22:52:56] WebSocket 连接已添加，当前连接数: 1
[2025-04-22 22:52:56] GET /api/finance/news/cls - 0ms
[2025-04-22 22:52:56] GET /api/finance/time - 0ms
[2025-04-22 22:52:56] GET /api/finance/quotes/all - 147ms
[2025-04-22 22:52:56] GET /api/finance/trade-calendar - 285ms
[2025-04-22 22:53:38] WebSocket 连接已关闭
[2025-04-22 22:53:38] WebSocket 连接已移除，当前连接数: 0
[2025-04-22 22:53:38] WebSocket 连接已添加，当前连接数: 1
[2025-04-22 22:53:38] GET /api/finance/news/cls - 0ms
[2025-04-22 22:53:38] GET /api/finance/time - 0ms
[2025-04-22 22:53:38] GET /api/finance/quotes/all - 205ms
[2025-04-22 22:53:38] GET /api/finance/trade-calendar - 307ms
[2025-04-22 22:54:35] GET /api/finance/news/cls - 0ms
[2025-04-22 22:54:35] WebSocket 连接已关闭
[2025-04-22 22:54:35] WebSocket 连接已移除，当前连接数: 0
[2025-04-22 22:54:36] WebSocket 连接已添加，当前连接数: 1
[2025-04-22 22:54:36] GET /api/finance/news/cls - 0ms
[2025-04-22 22:54:36] GET /api/finance/time - 0ms
[2025-04-22 22:54:36] GET /api/finance/quotes/all - 125ms
[2025-04-22 22:54:36] GET /api/finance/trade-calendar - 296ms
[2025-04-22 22:54:50] GET /api/finance/news/cls - 0ms
[2025-04-22 22:54:50] WebSocket 连接已关闭
[2025-04-22 22:54:50] WebSocket 连接已移除，当前连接数: 0
[2025-04-22 22:54:51] WebSocket 连接已添加，当前连接数: 1
[2025-04-22 22:54:51] GET /api/finance/news/cls - 0ms
[2025-04-22 22:54:51] GET /api/finance/time - 0ms
[2025-04-22 22:54:51] GET /api/finance/quotes/all - 119ms
[2025-04-22 22:54:51] GET /api/finance/trade-calendar - 270ms
[2025-04-22 22:55:05] WebSocket 连接已关闭
[2025-04-22 22:55:05] WebSocket 连接已移除，当前连接数: 0
[2025-04-22 22:55:05] WebSocket 连接已添加，当前连接数: 1
[2025-04-22 22:55:05] GET /api/finance/news/cls - 0ms
[2025-04-22 22:55:05] GET /api/finance/time - 0ms
[2025-04-22 22:55:05] GET /api/finance/quotes/all - 131ms
[2025-04-22 22:55:06] GET /api/finance/trade-calendar - 305ms
[2025-04-22 22:56:17] WebSocket 广播消息成功发送到 1/1 个连接
[2025-04-22 22:59:16] WebSocket 连接已关闭
[2025-04-22 22:59:16] WebSocket 连接已移除，当前连接数: 0
[2025-04-22 22:59:16] WebSocket 连接已添加，当前连接数: 1
[2025-04-22 22:59:16] GET /api/finance/news/cls - 0ms
[2025-04-22 22:59:16] GET /api/finance/time - 0ms
[2025-04-22 22:59:16] GET /api/finance/quotes/all - 194ms
[2025-04-22 22:59:16] GET /api/finance/trade-calendar - 278ms
[2025-04-22 22:59:23] WebSocket 连接已关闭
[2025-04-22 22:59:23] WebSocket 连接已移除，当前连接数: 0
[2025-04-22 22:59:24] WebSocket 连接已添加，当前连接数: 1
[2025-04-22 22:59:24] GET /api/finance/news/cls - 0ms
[2025-04-22 22:59:24] GET /api/finance/time - 0ms
[2025-04-22 22:59:24] GET /api/finance/quotes/all - 169ms
[2025-04-22 22:59:24] GET /api/finance/trade-calendar - 354ms
[2025-04-22 22:59:26] GET /api/finance/news/sina - 76ms
[2025-04-22 23:01:42] GET /api/finance/news/cls - 1ms
[2025-04-22 23:01:48] GET /api/finance/news/sina - 110ms
[2025-04-22 23:01:54] GET /api/finance/news/sina - 92ms
[2025-04-22 23:01:56] GET /api/finance/news/sina - 82ms
[2025-04-22 23:02:00] GET /api/finance/news/cls - 0ms
[2025-04-22 23:02:01] GET /api/finance/news/sina - 95ms
[2025-04-22 23:02:17] WebSocket 广播消息成功发送到 1/1 个连接
[2025-04-22 23:02:20] GET /api/finance/news/sina - 137ms
[2025-04-22 23:02:23] GET /api/finance/news/cls - 0ms
[2025-04-22 23:02:34] GET /api/finance/news/sina - 107ms
[2025-04-22 23:02:35] GET /api/finance/news/cls - 0ms
[2025-04-22 23:02:48] GET /api/finance/news/sina - 143ms
[2025-04-22 23:02:53] GET /api/finance/news/sina - 152ms
[2025-04-22 23:02:54] GET /api/finance/news/cls - 0ms
[2025-04-22 23:04:12] GET /api/finance/news/cls - 0ms
[2025-04-22 23:04:14] GET /api/finance/news/sina - 145ms
[2025-04-22 23:04:17] WebSocket 广播消息成功发送到 1/1 个连接
[2025-04-22 23:04:26] GET /api/finance/quotes/all - 218ms
[2025-04-22 23:04:29] GET /api/finance/quotes/all - 241ms
[2025-04-22 23:04:38] GET /api/finance/news/sina - 90ms
